




<!DOCTYPE html>
<html>
<head>
	<meta charset='UTF-8' /> 
	<meta name='description' content='' />
	<meta name='robots' content='noodp, noydir' />
	<meta name='viewport' content='width=device-width, initial-scale=1' />
	<meta id="timeStampFormat" name="timeStampFormat" content='MMM d, yyyy hh:mm:ss a'/>
	
        <link href='http://fonts.googleapis.com/css?family=Source+Sans+Pro:400,600' rel='stylesheet' type='text/css' />
        <link href="http://fonts.googleapis.com/icon?family=Material+Icons" rel="stylesheet" />
        <link href='http://cdn.jsdelivr.net/gh/extent-framework/extent-github-cdn@ff53917fbbdb5ef820abbbe4d199a6942dc771ff/v3html/css/extent.css' type='text/css' rel='stylesheet' />
	
	<title></title>

	<style type='text/css'>
		/* json-tree */
		.jstBracket,.jstComma,.jstValue{white-space:pre-wrap}.jstValue{font-size:10px;font-weight:400;font-family:"Lucida Console",Monaco,monospace}.jstProperty{color:#666;word-wrap:break-word}.jstBool{color:#2525CC}.jstNum{color:#D036D0}.jstNull{color:gray}.jstStr{color:#2DB669}.jstFold:after{content:' -';cursor:pointer}.jstExpand{white-space:normal}.jstExpand:after{content:' +';cursor:pointer}.jstFolded{white-space:normal!important}.jstHiddenBlock{display:none}
			
	</style>
	
	<script type="text/javascript">
		/*! json-tree - v0.2.2 - 2017-09-25, MIT LICENSE */
		var JSONTree=function(){var n={"&":"&amp;","<":"&lt;",">":"&gt;",'"':"&quot;","'":"&#x27;","/":"&#x2F;"},t=0,r=0;this.create=function(n,t){return r+=1,N(u(n,0,!1),{class:"jstValue"})};var e=function(t){return t.replace(/[&<>'"]/g,function(t){return n[t]})},s=function(){return r+"_"+t++},u=function(n,t,r){if(null===n)return f(r?t:0);switch(typeof n){case"boolean":return l(n,r?t:0);case"number":return i(n,r?t:0);case"string":return o(n,r?t:0);default:return n instanceof Array?a(n,t,r):c(n,t,r)}},c=function(n,t,r){var e=s(),u=Object.keys(n).map(function(r){return j(r,n[r],t+1,!0)}).join(m()),c=[g("{",r?t:0,e),N(u,{id:e}),p("}",t)].join("\n");return N(c,{})},a=function(n,t,r){var e=s(),c=n.map(function(n){return u(n,t+1,!0)}).join(m());return[g("[",r?t:0,e),N(c,{id:e}),p("]",t)].join("\n")},o=function(n,t){var r=e(JSON.stringify(n));return N(v(r,t),{class:"jstStr"})},i=function(n,t){return N(v(n,t),{class:"jstNum"})},l=function(n,t){return N(v(n,t),{class:"jstBool"})},f=function(n){return N(v("null",n),{class:"jstNull"})},j=function(n,t,r){var s=v(e(JSON.stringify(n))+": ",r),c=N(u(t,r,!1),{});return N(s+c,{class:"jstProperty"})},m=function(){return N(",\n",{class:"jstComma"})},N=function(n,t){return d("span",t,n)},d=function(n,t,r){return"<"+n+Object.keys(t).map(function(n){return" "+n+'="'+t[n]+'"'}).join("")+">"+r+"</"+n+">"},g=function(n,t,r){return N(v(n,t),{class:"jstBracket"})+N("",{class:"jstFold",onclick:"JSONTree.toggle('"+r+"')"})};this.toggle=function(n){var t=document.getElementById(n),r=t.parentNode,e=t.previousElementSibling;""===t.className?(t.className="jstHiddenBlock",r.className="jstFolded",e.className="jstExpand"):(t.className="",r.className="",e.className="jstFold")};var p=function(n,t){return N(v(n,t),{})},v=function(n,t){return Array(2*t+1).join(" ")+n};return this}();
	</script>
</head>
	<body class='extent standard default hide-overflow bdd-report'>
		<div id='theme-selector' alt='Click to toggle theme. To enable by default, use theme configuration.' title='Click to toggle theme. To enable by default, use theme configuration.'>
			<span><i class='material-icons'>desktop_windows</i></span>
		</div>
<nav>
	<div class="nav-wrapper">
        <a href="#!" class="brand-logo black"><img src="http://cdn.jsdelivr.net/gh/extent-framework/extent-github-cdn@ff53917fbbdb5ef820abbbe4d199a6942dc771ff/commons/img/logo.png"></a>
		<!-- slideout menu -->
		<ul id='slide-out' class='side-nav fixed hide-on-med-and-down'>
			<li class='waves-effect active'><a href='#!' view='test-view' onclick="configureView(0);chartsView('test');"><i class='material-icons'>dashboard</i></a></li>
			<li class='waves-effect'><a href='#!' view='category-view' onclick="configureView(1)"><i class='material-icons'>label_outline</i></a></li>
			<li class='waves-effect'><a href='#!' view='exception-view' onclick="configureView(2)"><i class='material-icons'>bug_report</i></a></li>
			<li class='waves-effect'><a href='#!' onclick="configureView(-1);chartsView('dashboard');" view='dashboard-view'><i class='material-icons'>track_changes</i></a></li>
		</ul>
		<!-- report name -->
		<span class='report-name'></span>
		<!-- report headline -->
		<span class='report-headline'></span>
		<!-- nav-right -->
		<ul id='nav-mobile' class='right hide-on-med-and-down nav-right'>
			<a href='#!'>
			<span class='label blue darken-3 suite-start-time'>Apr 2, 2024 05:02:59 pm</span>
			</a>
		</ul>
	</div>
</nav>		<!-- container -->
		<div class='container'>
<div id='test-view' class='view'>
	<section id='controls'>
		<div class='controls grey lighten-4'>
			<!-- test toggle -->
			<div class='chip transparent'>
				<a class='dropdown-button tests-toggle' data-activates='tests-toggle' data-constrainwidth='true' data-beloworigin='true' data-hover='true' href='#'>
				<i class='material-icons'>warning</i> Status
				</a>
				<ul id='tests-toggle' class='dropdown-content'>
										<li status='fail'><a href='#!'>Fail <i class='material-icons red-text'>cancel</i></a></li>
					<li class='divider'></li>
					<li status='clear' clear='true'><a href='#!'>Clear Filters <i class='material-icons'>clear</i></a></li>
				</ul>
			</div>
			<!-- test toggle -->
			<!-- category toggle -->
			<div class='chip transparent'>
				<a class='dropdown-button category-toggle' data-activates='category-toggle' data-constrainwidth='false' data-beloworigin='true' data-hover='true' href='#'>
				<i class='material-icons'>local_offer</i> Category
				</a>
				<ul id='category-toggle' class='dropdown-content'>
					<li><a href='#'>@tag3</a></li>
					<li><a href='#'>@UI</a></li>
					<li><a href='#'>@tag1</a></li>
					<li><a href='#'>@tag2</a></li>
					<li class='divider'></li>
					<li class='clear'><a href='#!' clear='true'>Clear Filters</a></li>
				</ul>
			</div>
			<!-- category toggle -->
			<!-- clear filters -->
			<div class='chip transparent hide'>
				<a class='' id='clear-filters' alt='Clear Filters' title='Clear Filters'>
				<i class='material-icons'>close</i> Clear
				</a>
			</div>
			<!-- clear filters -->
			<!-- enable dashboard -->
			<div id='toggle-test-view-charts' class='chip transparent'>
				<a class='pink-text' id='enable-dashboard' alt='Enable Dashboard' title='Enable Dashboard'>
				<i class='material-icons'>track_changes</i> Dashboard
				</a>
			</div>
			<!-- enable dashboard -->
			<!-- search -->
			<div class='chip transparent' alt='Search Tests' title='Search Tests'>
				<a href="#" class='search-div'>
				<i class='material-icons'>search</i> Search
				</a>
				<div class='input-field left hide'>
					<input id='search-tests' type='text' class='validate browser-default' placeholder='Search Tests...'>
				</div>
			</div>
			<!-- search -->
		</div>
	</section>

<div id='test-view-charts' class='subview-full'>
    <div id='charts-row' class='row nm-v nm-h'>
        <div class='col s12 m4 l4 np-h'>
            <div class='card-panel nm-v'>
                <div class='left panel-name'>Features</div>
                <div class='chart-box' style="max-height:94px;">
                    <canvas id='parent-analysis' width='90' height='70'></canvas>
                </div>
                <div class='block text-small'>
                    <span class='tooltipped' data-position='top' data-tooltip='$0%'>
                    <span class='strong'>0</span> features passed</span>
                </div>
                <div class='block text-small'>
                    <span class='strong tooltipped' data-position='top' data-tooltip='100%'>
                    1</span> features failed, 
                    <span class='strong tooltipped' data-position='top' data-tooltip='0%'>
                    0</span> skipped
                </div>
            </div>
        </div>
        <div class='col s12 m4 l4 np-h'>
            <div class='card-panel nm-v'>
                <div class='left panel-name'>Scenarios</div>
                <div class='chart-box' style="max-height:94px;">
                    <canvas id='child-analysis' width='90' height='70'></canvas>
                </div>
                <div class='block text-small'>
                    <span class='tooltipped' data-position='top' data-tooltip='27%'>
                    <span class='strong'>3</span> scenarios passed</span>
                </div>
                <div class='block text-small'>
                    <span class='strong tooltipped' data-position='top' data-tooltip='72%'>
                    8</span> scenarios failed, 
                    <span class='strong tooltipped' data-position='top' data-tooltip='0%'>
                    0</span> skipped, 
                    <span class='strong tooltipped' data-position='top' data-tooltip='0%'>
                    0</span> others
                </div>
            </div>
        </div>
        <div class='col s12 m4 l4 np-h'>
            <div class='card-panel nm-v'>
                <div class='left panel-name'>Steps</div>
                <div class='chart-box' style="max-height:94px;">
                    <canvas id='grandchild-analysis' width='90' height='70'></canvas>
                </div>
                <div class='block text-small'>
                    <span class='tooltipped' data-position='top' data-tooltip='39%'>
                    <span class='strong'>21</span> steps passed</span>
                </div>
                <div class='block text-small'>
                    <span class='strong tooltipped' data-position='top' data-tooltip='15%'>
                    8</span> steps failed, 
                    <span class='strong tooltipped' data-position='top' data-tooltip='45%'>
                    24</span> skipped, 
                    <span class='strong tooltipped' data-position='top' data-tooltip='0%'>
                    0</span> others
                </div>
            </div>
        </div>
    </div>
    <div id="timeline-chart" class="row nm-v nm-h">
        <div class="col s12 m12 l12 np-h">
            <div class="card-panel">
                <div class='left panel-name'>Timeline (seconds)</div>
                <div class="chart-box" style="width:98%;max-height:145px;">
                    <canvas id="timeline" height="120"></canvas>
                </div>
            </div>
        </div>
    </div>
</div>	
	<div class='subview-left left'>
		<div class='view-summary'>
			<ul id='test-collection' class='test-collection'>
				<li class='test displayed active has-leaf fail' status='fail' bdd='true' test-id='1'>
					<div class='test-heading'>
						<span class='test-name'>Login feature</span>
						<span class='test-time'>Apr 2, 2024 05:03:00 pm</span>
						<span class='test-status right fail'>Fail</span>
					</div>
					<div class='test-content hide'>
<div class="sr-filters bdd-filters">
	<a class="btn-floating waves-effect waves-light pass green" title="pass"><i class='material-icons'>check_circle</i></a>
	<a class="btn-floating waves-effect waves-light fail red" title="fail"><i class='material-icons'>cancel</i></a>
	<a class="btn-floating waves-effect waves-light skip blue" title="skip"><i class='material-icons'>redo</i></a>
	<a class="btn-floating waves-effect waves-light clear grey" title="clear"><i class='material-icons'>clear</i></a>
</div>

<div class='scenario node' test-id='2' status='fail'>

	<span class='duration right label'>00 00 21.530</span>
	<div class="bdd-test">
		<div class="scenario-name"><span class='status fail' title='Fail'><i class='material-icons'>cancel</i></span> Scenario: Logging in to the system scenrio two</div>
	</div>
	
	
		<div class='category-list'>
				<span class='category label'>@tag1</span>
				<span class='category label'>@tag2</span>
				<span class='category label'>@UI</span>
		</div>
	
	<ul class='steps'>
		<li test-id='39' class='node given Fail' status='Fail'>
			<div class="step-name" title="(com.app.stepDefs.LoginPageStepDef.userIsOnLoginPage(java.lang.String))"><span class='status fail' title='Fail'><i class='material-icons'>cancel</i></span>Given user is on app login page "https://www.way2automation.com/angularjs-protractor/banking/#/login"</div>


					<textarea disabled class="code-block">org.openqa.selenium.NoSuchElementException: no such element: element not found
  (Session info: chrome=123.0.6312.86)
For documentation on this error, please visit: https://www.selenium.dev/documentation/webdriver/troubleshooting/errors#no-such-element-exception
Build info: version: '4.17.0', revision: 'e52b1be057*'
System info: os.name: 'Windows 11', os.arch: 'amd64', os.version: '10.0', java.version: '17.0.9'
Driver info: org.openqa.selenium.chrome.ChromeDriver
Command: [568903681d396dc08c180a20dbad00cf, executeScript {args=[{element-6066-11e4-a52e-4f735466cecf=f.AF0C58B1B71D8DB30E21A6FB8447CA73.d.616C5DEF0C083EF46187023D9D6B6062.e.2}], script=arguments[0].scrollIntoView(true);}]
Capabilities {acceptInsecureCerts: false, browserName: chrome, browserVersion: 123.0.6312.86, chrome: {chromedriverVersion: 123.0.6312.86 (9b72c47a0536..., userDataDir: C:\Users\HAMID_~1\AppData\L...}, fedcm:accounts: true, goog:chromeOptions: {debuggerAddress: localhost:56388}, networkConnectionEnabled: false, pageLoadStrategy: normal, platformName: windows, proxy: Proxy(), se:cdp: ws://localhost:56388/devtoo..., se:cdpVersion: 123.0.6312.86, setWindowRect: true, strictFileInteractability: false, timeouts: {implicit: 0, pageLoad: 300000, script: 30000}, unhandledPromptBehavior: dismiss and notify, webauthn:extension:credBlob: true, webauthn:extension:largeBlob: true, webauthn:extension:minPinLength: true, webauthn:extension:prf: true, webauthn:virtualAuthenticators: true}
Session ID: 568903681d396dc08c180a20dbad00cf
	at java.base/jdk.internal.reflect.NativeConstructorAccessorImpl.newInstance0(Native Method)
	at java.base/jdk.internal.reflect.NativeConstructorAccessorImpl.newInstance(NativeConstructorAccessorImpl.java:77)
	at java.base/jdk.internal.reflect.DelegatingConstructorAccessorImpl.newInstance(DelegatingConstructorAccessorImpl.java:45)
	at java.base/java.lang.reflect.Constructor.newInstanceWithCaller(Constructor.java:499)
	at java.base/java.lang.reflect.Constructor.newInstance(Constructor.java:480)
	at org.openqa.selenium.remote.codec.w3c.W3CHttpResponseCodec.createException(W3CHttpResponseCodec.java:185)
	at org.openqa.selenium.remote.codec.w3c.W3CHttpResponseCodec.decode(W3CHttpResponseCodec.java:134)
	at org.openqa.selenium.remote.codec.w3c.W3CHttpResponseCodec.decode(W3CHttpResponseCodec.java:51)
	at org.openqa.selenium.remote.HttpCommandExecutor.execute(HttpCommandExecutor.java:190)
	at org.openqa.selenium.remote.service.DriverCommandExecutor.invokeExecute(DriverCommandExecutor.java:216)
	at org.openqa.selenium.remote.service.DriverCommandExecutor.execute(DriverCommandExecutor.java:174)
	at org.openqa.selenium.remote.RemoteWebDriver.execute(RemoteWebDriver.java:519)
	at org.openqa.selenium.remote.RemoteWebDriver.executeScript(RemoteWebDriver.java:464)
	at com.app.utils.Utilities.clickToElelement(Utilities.java:139)
	at com.app.stepDefs.LoginPageStepDef.userIsOnLoginPage(LoginPageStepDef.java:34)
	at ?.user is on app login page "https://www.way2automation.com/angularjs-protractor/banking/#/login"(file:///C:/GitClones/CucuTestNGReportingProProject/NewProject/src/test/resources/features/LoginPage.feature:4)
</textarea>
		</li>
		<li test-id='101' class='node then Skip' status='Skip'>
			<div class="step-name" title="(com.app.stepDefs.LoginPageStepDef.userLogsIntoSystem())"><span class='status skip' title='Skip'><i class='material-icons'>redo</i></span>Then User logs into the system</div>


					<div class="node-step">Step skipped</div>
		</li>
		<li test-id='104' class='node then Skip' status='Skip'>
			<div class="step-name" title="(com.app.stepDefs.LoginPageStepDef.userLogsOutTheSystem())"><span class='status skip' title='Skip'><i class='material-icons'>redo</i></span>Then User logs out the system</div>


					<div class="node-step">Step skipped</div>
		</li>
		<li test-id='107' class='node then Skip' status='Skip'>
			<div class="step-name" title="(com.app.stepDefs.LoginPageStepDef.userNavigatesToPage(java.lang.String))"><span class='status skip' title='Skip'><i class='material-icons'>redo</i></span>Then user navigates to "https://yahoo.com"</div>


					<div class="node-step">Step skipped</div>
		</li>
		<li test-id='108' class='node * Pass' status='Pass'>
			<div class="step-name" title="(AFTER)"><span class='status pass' title='Pass'><i class='material-icons'>check_circle</i></span>com.app.Hooks.ApplicationHooks.After_UI(io.cucumber.java.Scenario)</div>


					<div class='screenshots'>
						<img width='80' height='40' onerror='this.style.display="none"' data-featherlight='./Screenshots/embedded6.png' src='./Screenshots/embedded6.png'>
					</div>
		</li>
	</ul>
</div>
<div class='scenario node' test-id='3' status='fail'>

	<span class='duration right label'>00 00 22.467</span>
	<div class="bdd-test">
		<div class="scenario-name"><span class='status fail' title='Fail'><i class='material-icons'>cancel</i></span> Scenario: Logging in to the system scenrio two</div>
	</div>
	
	
		<div class='category-list'>
				<span class='category label'>@tag1</span>
				<span class='category label'>@tag2</span>
				<span class='category label'>@UI</span>
		</div>
	
	<ul class='steps'>
		<li test-id='24' class='node given Fail' status='Fail'>
			<div class="step-name" title="(com.app.stepDefs.LoginPageStepDef.userIsOnLoginPage(java.lang.String))"><span class='status fail' title='Fail'><i class='material-icons'>cancel</i></span>Given user is on app login page "https://www.way2automation.com/angularjs-protractor/banking/#/login"</div>


					<textarea disabled class="code-block">org.openqa.selenium.NoSuchElementException: no such element: element not found
  (Session info: chrome=123.0.6312.86)
For documentation on this error, please visit: https://www.selenium.dev/documentation/webdriver/troubleshooting/errors#no-such-element-exception
Build info: version: '4.17.0', revision: 'e52b1be057*'
System info: os.name: 'Windows 11', os.arch: 'amd64', os.version: '10.0', java.version: '17.0.9'
Driver info: org.openqa.selenium.chrome.ChromeDriver
Command: [24365312023be3c7e58ffb1fd2776aa3, executeScript {args=[{element-6066-11e4-a52e-4f735466cecf=f.EE9C50D464B43C40F4A5647C1A96D549.d.8ED0E3FE57BC17A178E75FA78BABCBF0.e.3}], script=arguments[0].scrollIntoView(true);}]
Capabilities {acceptInsecureCerts: false, browserName: chrome, browserVersion: 123.0.6312.86, chrome: {chromedriverVersion: 123.0.6312.86 (9b72c47a0536..., userDataDir: C:\Users\HAMID_~1\AppData\L...}, fedcm:accounts: true, goog:chromeOptions: {debuggerAddress: localhost:56324}, networkConnectionEnabled: false, pageLoadStrategy: normal, platformName: windows, proxy: Proxy(), se:cdp: ws://localhost:56324/devtoo..., se:cdpVersion: 123.0.6312.86, setWindowRect: true, strictFileInteractability: false, timeouts: {implicit: 0, pageLoad: 300000, script: 30000}, unhandledPromptBehavior: dismiss and notify, webauthn:extension:credBlob: true, webauthn:extension:largeBlob: true, webauthn:extension:minPinLength: true, webauthn:extension:prf: true, webauthn:virtualAuthenticators: true}
Session ID: 24365312023be3c7e58ffb1fd2776aa3
	at java.base/jdk.internal.reflect.NativeConstructorAccessorImpl.newInstance0(Native Method)
	at java.base/jdk.internal.reflect.NativeConstructorAccessorImpl.newInstance(NativeConstructorAccessorImpl.java:77)
	at java.base/jdk.internal.reflect.DelegatingConstructorAccessorImpl.newInstance(DelegatingConstructorAccessorImpl.java:45)
	at java.base/java.lang.reflect.Constructor.newInstanceWithCaller(Constructor.java:499)
	at java.base/java.lang.reflect.Constructor.newInstance(Constructor.java:480)
	at org.openqa.selenium.remote.codec.w3c.W3CHttpResponseCodec.createException(W3CHttpResponseCodec.java:185)
	at org.openqa.selenium.remote.codec.w3c.W3CHttpResponseCodec.decode(W3CHttpResponseCodec.java:134)
	at org.openqa.selenium.remote.codec.w3c.W3CHttpResponseCodec.decode(W3CHttpResponseCodec.java:51)
	at org.openqa.selenium.remote.HttpCommandExecutor.execute(HttpCommandExecutor.java:190)
	at org.openqa.selenium.remote.service.DriverCommandExecutor.invokeExecute(DriverCommandExecutor.java:216)
	at org.openqa.selenium.remote.service.DriverCommandExecutor.execute(DriverCommandExecutor.java:174)
	at org.openqa.selenium.remote.RemoteWebDriver.execute(RemoteWebDriver.java:519)
	at org.openqa.selenium.remote.RemoteWebDriver.executeScript(RemoteWebDriver.java:464)
	at com.app.utils.Utilities.clickToElelement(Utilities.java:139)
	at com.app.stepDefs.LoginPageStepDef.userIsOnLoginPage(LoginPageStepDef.java:34)
	at ?.user is on app login page "https://www.way2automation.com/angularjs-protractor/banking/#/login"(file:///C:/GitClones/CucuTestNGReportingProProject/NewProject/src/test/resources/features/LoginPage.feature:4)
</textarea>
		</li>
		<li test-id='51' class='node then Skip' status='Skip'>
			<div class="step-name" title="(com.app.stepDefs.LoginPageStepDef.userLogsIntoSystem())"><span class='status skip' title='Skip'><i class='material-icons'>redo</i></span>Then User logs into the system</div>


					<div class="node-step">Step skipped</div>
		</li>
		<li test-id='54' class='node then Skip' status='Skip'>
			<div class="step-name" title="(com.app.stepDefs.LoginPageStepDef.userLogsOutTheSystem())"><span class='status skip' title='Skip'><i class='material-icons'>redo</i></span>Then User logs out the system</div>


					<div class="node-step">Step skipped</div>
		</li>
		<li test-id='57' class='node then Skip' status='Skip'>
			<div class="step-name" title="(com.app.stepDefs.LoginPageStepDef.userNavigatesToPage(java.lang.String))"><span class='status skip' title='Skip'><i class='material-icons'>redo</i></span>Then user navigates to "https://yahoo.com"</div>


					<div class="node-step">Step skipped</div>
		</li>
		<li test-id='58' class='node * Pass' status='Pass'>
			<div class="step-name" title="(AFTER)"><span class='status pass' title='Pass'><i class='material-icons'>check_circle</i></span>com.app.Hooks.ApplicationHooks.After_UI(io.cucumber.java.Scenario)</div>


					<div class='screenshots'>
						<img width='80' height='40' onerror='this.style.display="none"' data-featherlight='./Screenshots/embedded1.png' src='./Screenshots/embedded1.png'>
					</div>
		</li>
	</ul>
</div>
<div class='scenario node' test-id='4' status='fail'>

	<span class='duration right label'>00 00 22.483</span>
	<div class="bdd-test">
		<div class="scenario-name"><span class='status fail' title='Fail'><i class='material-icons'>cancel</i></span> Scenario: Logging in to the system scenrio two</div>
	</div>
	
	
		<div class='category-list'>
				<span class='category label'>@tag1</span>
				<span class='category label'>@tag2</span>
				<span class='category label'>@UI</span>
		</div>
	
	<ul class='steps'>
		<li test-id='36' class='node given Fail' status='Fail'>
			<div class="step-name" title="(com.app.stepDefs.LoginPageStepDef.userIsOnLoginPage(java.lang.String))"><span class='status fail' title='Fail'><i class='material-icons'>cancel</i></span>Given user is on app login page "https://www.way2automation.com/angularjs-protractor/banking/#/login"</div>


					<textarea disabled class="code-block">org.openqa.selenium.NoSuchElementException: no such element: element not found
  (Session info: chrome=123.0.6312.86)
For documentation on this error, please visit: https://www.selenium.dev/documentation/webdriver/troubleshooting/errors#no-such-element-exception
Build info: version: '4.17.0', revision: 'e52b1be057*'
System info: os.name: 'Windows 11', os.arch: 'amd64', os.version: '10.0', java.version: '17.0.9'
Driver info: org.openqa.selenium.chrome.ChromeDriver
Command: [e854ad120caa62ef5c6353b4a2572ddf, executeScript {args=[{element-6066-11e4-a52e-4f735466cecf=f.AF0C58B1B71D8DB30E21A6FB8447CA73.d.616C5DEF0C083EF46187023D9D6B6062.e.2}], script=arguments[0].scrollIntoView(true);}]
Capabilities {acceptInsecureCerts: false, browserName: chrome, browserVersion: 123.0.6312.86, chrome: {chromedriverVersion: 123.0.6312.86 (9b72c47a0536..., userDataDir: C:\Users\HAMID_~1\AppData\L...}, fedcm:accounts: true, goog:chromeOptions: {debuggerAddress: localhost:56309}, networkConnectionEnabled: false, pageLoadStrategy: normal, platformName: windows, proxy: Proxy(), se:cdp: ws://localhost:56309/devtoo..., se:cdpVersion: 123.0.6312.86, setWindowRect: true, strictFileInteractability: false, timeouts: {implicit: 0, pageLoad: 300000, script: 30000}, unhandledPromptBehavior: dismiss and notify, webauthn:extension:credBlob: true, webauthn:extension:largeBlob: true, webauthn:extension:minPinLength: true, webauthn:extension:prf: true, webauthn:virtualAuthenticators: true}
Session ID: e854ad120caa62ef5c6353b4a2572ddf
	at java.base/jdk.internal.reflect.NativeConstructorAccessorImpl.newInstance0(Native Method)
	at java.base/jdk.internal.reflect.NativeConstructorAccessorImpl.newInstance(NativeConstructorAccessorImpl.java:77)
	at java.base/jdk.internal.reflect.DelegatingConstructorAccessorImpl.newInstance(DelegatingConstructorAccessorImpl.java:45)
	at java.base/java.lang.reflect.Constructor.newInstanceWithCaller(Constructor.java:499)
	at java.base/java.lang.reflect.Constructor.newInstance(Constructor.java:480)
	at org.openqa.selenium.remote.codec.w3c.W3CHttpResponseCodec.createException(W3CHttpResponseCodec.java:185)
	at org.openqa.selenium.remote.codec.w3c.W3CHttpResponseCodec.decode(W3CHttpResponseCodec.java:134)
	at org.openqa.selenium.remote.codec.w3c.W3CHttpResponseCodec.decode(W3CHttpResponseCodec.java:51)
	at org.openqa.selenium.remote.HttpCommandExecutor.execute(HttpCommandExecutor.java:190)
	at org.openqa.selenium.remote.service.DriverCommandExecutor.invokeExecute(DriverCommandExecutor.java:216)
	at org.openqa.selenium.remote.service.DriverCommandExecutor.execute(DriverCommandExecutor.java:174)
	at org.openqa.selenium.remote.RemoteWebDriver.execute(RemoteWebDriver.java:519)
	at org.openqa.selenium.remote.RemoteWebDriver.executeScript(RemoteWebDriver.java:464)
	at com.app.utils.Utilities.clickToElelement(Utilities.java:139)
	at com.app.stepDefs.LoginPageStepDef.userIsOnLoginPage(LoginPageStepDef.java:34)
	at ?.user is on app login page "https://www.way2automation.com/angularjs-protractor/banking/#/login"(file:///C:/GitClones/CucuTestNGReportingProProject/NewProject/src/test/resources/features/LoginPage.feature:4)
</textarea>
		</li>
		<li test-id='81' class='node then Skip' status='Skip'>
			<div class="step-name" title="(com.app.stepDefs.LoginPageStepDef.userLogsIntoSystem())"><span class='status skip' title='Skip'><i class='material-icons'>redo</i></span>Then User logs into the system</div>


					<div class="node-step">Step skipped</div>
		</li>
		<li test-id='84' class='node then Skip' status='Skip'>
			<div class="step-name" title="(com.app.stepDefs.LoginPageStepDef.userLogsOutTheSystem())"><span class='status skip' title='Skip'><i class='material-icons'>redo</i></span>Then User logs out the system</div>


					<div class="node-step">Step skipped</div>
		</li>
		<li test-id='87' class='node then Skip' status='Skip'>
			<div class="step-name" title="(com.app.stepDefs.LoginPageStepDef.userNavigatesToPage(java.lang.String))"><span class='status skip' title='Skip'><i class='material-icons'>redo</i></span>Then user navigates to "https://yahoo.com"</div>


					<div class="node-step">Step skipped</div>
		</li>
		<li test-id='88' class='node * Pass' status='Pass'>
			<div class="step-name" title="(AFTER)"><span class='status pass' title='Pass'><i class='material-icons'>check_circle</i></span>com.app.Hooks.ApplicationHooks.After_UI(io.cucumber.java.Scenario)</div>


					<div class='screenshots'>
						<img width='80' height='40' onerror='this.style.display="none"' data-featherlight='./Screenshots/embedded4.png' src='./Screenshots/embedded4.png'>
					</div>
		</li>
	</ul>
</div>
<div class='scenario node' test-id='5' status='pass'>

	<span class='duration right label'>00 00 28.921</span>
	<div class="bdd-test">
		<div class="scenario-name"><span class='status pass' title='Pass'><i class='material-icons'>check_circle</i></span> Scenario: Logging in to the system scenrio two</div>
	</div>
	
	
		<div class='category-list'>
				<span class='category label'>@tag1</span>
				<span class='category label'>@tag2</span>
				<span class='category label'>@UI</span>
		</div>
	
	<ul class='steps'>
		<li test-id='48' class='node given Pass' status='Pass'>
			<div class="step-name" title="(com.app.stepDefs.LoginPageStepDef.userIsOnLoginPage(java.lang.String))"><span class='status pass' title='Pass'><i class='material-icons'>check_circle</i></span>Given user is on app login page "https://www.way2automation.com/angularjs-protractor/banking/#/login"</div>


		</li>
		<li test-id='136' class='node then Pass' status='Pass'>
			<div class="step-name" title="(com.app.stepDefs.LoginPageStepDef.userLogsIntoSystem())"><span class='status pass' title='Pass'><i class='material-icons'>check_circle</i></span>Then User logs into the system</div>


					<div class="node-step">Step in report using ExtentCucumberAdapter.addTestStepLog</div>
		</li>
		<li test-id='139' class='node then Pass' status='Pass'>
			<div class="step-name" title="(com.app.stepDefs.LoginPageStepDef.userLogsOutTheSystem())"><span class='status pass' title='Pass'><i class='material-icons'>check_circle</i></span>Then User logs out the system</div>


		</li>
		<li test-id='142' class='node then Pass' status='Pass'>
			<div class="step-name" title="(com.app.stepDefs.LoginPageStepDef.userNavigatesToPage(java.lang.String))"><span class='status pass' title='Pass'><i class='material-icons'>check_circle</i></span>Then user navigates to "https://yahoo.com"</div>


					<div class='screenshots'>
						<img width='80' height='40' onerror='this.style.display="none"' data-featherlight='./Screenshots/embedded9.png' src='./Screenshots/embedded9.png'>
					</div>
		</li>
	</ul>
</div>
<div class='scenario node' test-id='6' status='fail'>

	<span class='duration right label'>00 00 22.373</span>
	<div class="bdd-test">
		<div class="scenario-name"><span class='status fail' title='Fail'><i class='material-icons'>cancel</i></span> Scenario: Logging in to the system scenrio two</div>
	</div>
	
	
		<div class='category-list'>
				<span class='category label'>@tag1</span>
				<span class='category label'>@tag2</span>
				<span class='category label'>@UI</span>
		</div>
	
	<ul class='steps'>
		<li test-id='42' class='node given Fail' status='Fail'>
			<div class="step-name" title="(com.app.stepDefs.LoginPageStepDef.userIsOnLoginPage(java.lang.String))"><span class='status fail' title='Fail'><i class='material-icons'>cancel</i></span>Given user is on app login page "https://www.way2automation.com/angularjs-protractor/banking/#/login"</div>


					<textarea disabled class="code-block">org.openqa.selenium.NoSuchElementException: no such element: element not found
  (Session info: chrome=123.0.6312.86)
For documentation on this error, please visit: https://www.selenium.dev/documentation/webdriver/troubleshooting/errors#no-such-element-exception
Build info: version: '4.17.0', revision: 'e52b1be057*'
System info: os.name: 'Windows 11', os.arch: 'amd64', os.version: '10.0', java.version: '17.0.9'
Driver info: org.openqa.selenium.chrome.ChromeDriver
Command: [bb7f13373bd2a4c69ee9b896c117ce31, executeScript {args=[{element-6066-11e4-a52e-4f735466cecf=f.AF0C58B1B71D8DB30E21A6FB8447CA73.d.616C5DEF0C083EF46187023D9D6B6062.e.2}], script=arguments[0].scrollIntoView(true);}]
Capabilities {acceptInsecureCerts: false, browserName: chrome, browserVersion: 123.0.6312.86, chrome: {chromedriverVersion: 123.0.6312.86 (9b72c47a0536..., userDataDir: C:\Users\HAMID_~1\AppData\L...}, fedcm:accounts: true, goog:chromeOptions: {debuggerAddress: localhost:56414}, networkConnectionEnabled: false, pageLoadStrategy: normal, platformName: windows, proxy: Proxy(), se:cdp: ws://localhost:56414/devtoo..., se:cdpVersion: 123.0.6312.86, setWindowRect: true, strictFileInteractability: false, timeouts: {implicit: 0, pageLoad: 300000, script: 30000}, unhandledPromptBehavior: dismiss and notify, webauthn:extension:credBlob: true, webauthn:extension:largeBlob: true, webauthn:extension:minPinLength: true, webauthn:extension:prf: true, webauthn:virtualAuthenticators: true}
Session ID: bb7f13373bd2a4c69ee9b896c117ce31
	at java.base/jdk.internal.reflect.NativeConstructorAccessorImpl.newInstance0(Native Method)
	at java.base/jdk.internal.reflect.NativeConstructorAccessorImpl.newInstance(NativeConstructorAccessorImpl.java:77)
	at java.base/jdk.internal.reflect.DelegatingConstructorAccessorImpl.newInstance(DelegatingConstructorAccessorImpl.java:45)
	at java.base/java.lang.reflect.Constructor.newInstanceWithCaller(Constructor.java:499)
	at java.base/java.lang.reflect.Constructor.newInstance(Constructor.java:480)
	at org.openqa.selenium.remote.codec.w3c.W3CHttpResponseCodec.createException(W3CHttpResponseCodec.java:185)
	at org.openqa.selenium.remote.codec.w3c.W3CHttpResponseCodec.decode(W3CHttpResponseCodec.java:134)
	at org.openqa.selenium.remote.codec.w3c.W3CHttpResponseCodec.decode(W3CHttpResponseCodec.java:51)
	at org.openqa.selenium.remote.HttpCommandExecutor.execute(HttpCommandExecutor.java:190)
	at org.openqa.selenium.remote.service.DriverCommandExecutor.invokeExecute(DriverCommandExecutor.java:216)
	at org.openqa.selenium.remote.service.DriverCommandExecutor.execute(DriverCommandExecutor.java:174)
	at org.openqa.selenium.remote.RemoteWebDriver.execute(RemoteWebDriver.java:519)
	at org.openqa.selenium.remote.RemoteWebDriver.executeScript(RemoteWebDriver.java:464)
	at com.app.utils.Utilities.clickToElelement(Utilities.java:139)
	at com.app.stepDefs.LoginPageStepDef.userIsOnLoginPage(LoginPageStepDef.java:34)
	at ?.user is on app login page "https://www.way2automation.com/angularjs-protractor/banking/#/login"(file:///C:/GitClones/CucuTestNGReportingProProject/NewProject/src/test/resources/features/LoginPage.feature:4)
</textarea>
		</li>
		<li test-id='91' class='node then Skip' status='Skip'>
			<div class="step-name" title="(com.app.stepDefs.LoginPageStepDef.userLogsIntoSystem())"><span class='status skip' title='Skip'><i class='material-icons'>redo</i></span>Then User logs into the system</div>


					<div class="node-step">Step skipped</div>
		</li>
		<li test-id='94' class='node then Skip' status='Skip'>
			<div class="step-name" title="(com.app.stepDefs.LoginPageStepDef.userLogsOutTheSystem())"><span class='status skip' title='Skip'><i class='material-icons'>redo</i></span>Then User logs out the system</div>


					<div class="node-step">Step skipped</div>
		</li>
		<li test-id='97' class='node then Skip' status='Skip'>
			<div class="step-name" title="(com.app.stepDefs.LoginPageStepDef.userNavigatesToPage(java.lang.String))"><span class='status skip' title='Skip'><i class='material-icons'>redo</i></span>Then user navigates to "https://yahoo.com"</div>


					<div class="node-step">Step skipped</div>
		</li>
		<li test-id='98' class='node * Pass' status='Pass'>
			<div class="step-name" title="(AFTER)"><span class='status pass' title='Pass'><i class='material-icons'>check_circle</i></span>com.app.Hooks.ApplicationHooks.After_UI(io.cucumber.java.Scenario)</div>


					<div class='screenshots'>
						<img width='80' height='40' onerror='this.style.display="none"' data-featherlight='./Screenshots/embedded5.png' src='./Screenshots/embedded5.png'>
					</div>
		</li>
	</ul>
</div>
<div class='scenario node' test-id='7' status='fail'>

	<span class='duration right label'>00 00 23.476</span>
	<div class="bdd-test">
		<div class="scenario-name"><span class='status fail' title='Fail'><i class='material-icons'>cancel</i></span> Scenario: Logging in to the system scenrio two</div>
	</div>
	
	
		<div class='category-list'>
				<span class='category label'>@tag1</span>
				<span class='category label'>@tag2</span>
				<span class='category label'>@UI</span>
		</div>
	
	<ul class='steps'>
		<li test-id='27' class='node given Fail' status='Fail'>
			<div class="step-name" title="(com.app.stepDefs.LoginPageStepDef.userIsOnLoginPage(java.lang.String))"><span class='status fail' title='Fail'><i class='material-icons'>cancel</i></span>Given user is on app login page "https://www.way2automation.com/angularjs-protractor/banking/#/login"</div>


					<textarea disabled class="code-block">org.openqa.selenium.NoSuchElementException: no such element: element not found
  (Session info: chrome=123.0.6312.86)
For documentation on this error, please visit: https://www.selenium.dev/documentation/webdriver/troubleshooting/errors#no-such-element-exception
Build info: version: '4.17.0', revision: 'e52b1be057*'
System info: os.name: 'Windows 11', os.arch: 'amd64', os.version: '10.0', java.version: '17.0.9'
Driver info: org.openqa.selenium.chrome.ChromeDriver
Command: [88f6d86815bcea08688a0f7b4dc87710, executeScript {args=[{element-6066-11e4-a52e-4f735466cecf=f.EE9C50D464B43C40F4A5647C1A96D549.d.8ED0E3FE57BC17A178E75FA78BABCBF0.e.3}], script=arguments[0].scrollIntoView(true);}]
Capabilities {acceptInsecureCerts: false, browserName: chrome, browserVersion: 123.0.6312.86, chrome: {chromedriverVersion: 123.0.6312.86 (9b72c47a0536..., userDataDir: C:\Users\HAMID_~1\AppData\L...}, fedcm:accounts: true, goog:chromeOptions: {debuggerAddress: localhost:56336}, networkConnectionEnabled: false, pageLoadStrategy: normal, platformName: windows, proxy: Proxy(), se:cdp: ws://localhost:56336/devtoo..., se:cdpVersion: 123.0.6312.86, setWindowRect: true, strictFileInteractability: false, timeouts: {implicit: 0, pageLoad: 300000, script: 30000}, unhandledPromptBehavior: dismiss and notify, webauthn:extension:credBlob: true, webauthn:extension:largeBlob: true, webauthn:extension:minPinLength: true, webauthn:extension:prf: true, webauthn:virtualAuthenticators: true}
Session ID: 88f6d86815bcea08688a0f7b4dc87710
	at java.base/jdk.internal.reflect.NativeConstructorAccessorImpl.newInstance0(Native Method)
	at java.base/jdk.internal.reflect.NativeConstructorAccessorImpl.newInstance(NativeConstructorAccessorImpl.java:77)
	at java.base/jdk.internal.reflect.DelegatingConstructorAccessorImpl.newInstance(DelegatingConstructorAccessorImpl.java:45)
	at java.base/java.lang.reflect.Constructor.newInstanceWithCaller(Constructor.java:499)
	at java.base/java.lang.reflect.Constructor.newInstance(Constructor.java:480)
	at org.openqa.selenium.remote.codec.w3c.W3CHttpResponseCodec.createException(W3CHttpResponseCodec.java:185)
	at org.openqa.selenium.remote.codec.w3c.W3CHttpResponseCodec.decode(W3CHttpResponseCodec.java:134)
	at org.openqa.selenium.remote.codec.w3c.W3CHttpResponseCodec.decode(W3CHttpResponseCodec.java:51)
	at org.openqa.selenium.remote.HttpCommandExecutor.execute(HttpCommandExecutor.java:190)
	at org.openqa.selenium.remote.service.DriverCommandExecutor.invokeExecute(DriverCommandExecutor.java:216)
	at org.openqa.selenium.remote.service.DriverCommandExecutor.execute(DriverCommandExecutor.java:174)
	at org.openqa.selenium.remote.RemoteWebDriver.execute(RemoteWebDriver.java:519)
	at org.openqa.selenium.remote.RemoteWebDriver.executeScript(RemoteWebDriver.java:464)
	at com.app.utils.Utilities.clickToElelement(Utilities.java:139)
	at com.app.stepDefs.LoginPageStepDef.userIsOnLoginPage(LoginPageStepDef.java:34)
	at ?.user is on app login page "https://www.way2automation.com/angularjs-protractor/banking/#/login"(file:///C:/GitClones/CucuTestNGReportingProProject/NewProject/src/test/resources/features/LoginPage.feature:4)
</textarea>
		</li>
		<li test-id='71' class='node then Skip' status='Skip'>
			<div class="step-name" title="(com.app.stepDefs.LoginPageStepDef.userLogsIntoSystem())"><span class='status skip' title='Skip'><i class='material-icons'>redo</i></span>Then User logs into the system</div>


					<div class="node-step">Step skipped</div>
		</li>
		<li test-id='74' class='node then Skip' status='Skip'>
			<div class="step-name" title="(com.app.stepDefs.LoginPageStepDef.userLogsOutTheSystem())"><span class='status skip' title='Skip'><i class='material-icons'>redo</i></span>Then User logs out the system</div>


					<div class="node-step">Step skipped</div>
		</li>
		<li test-id='77' class='node then Skip' status='Skip'>
			<div class="step-name" title="(com.app.stepDefs.LoginPageStepDef.userNavigatesToPage(java.lang.String))"><span class='status skip' title='Skip'><i class='material-icons'>redo</i></span>Then user navigates to "https://yahoo.com"</div>


					<div class="node-step">Step skipped</div>
		</li>
		<li test-id='78' class='node * Pass' status='Pass'>
			<div class="step-name" title="(AFTER)"><span class='status pass' title='Pass'><i class='material-icons'>check_circle</i></span>com.app.Hooks.ApplicationHooks.After_UI(io.cucumber.java.Scenario)</div>


					<div class='screenshots'>
						<img width='80' height='40' onerror='this.style.display="none"' data-featherlight='./Screenshots/embedded2.png' src='./Screenshots/embedded2.png'>
					</div>
		</li>
	</ul>
</div>
<div class='scenario node' test-id='9' status='fail'>

	<span class='duration right label'>00 00 21.994</span>
	<div class="bdd-test">
		<div class="scenario-name"><span class='status fail' title='Fail'><i class='material-icons'>cancel</i></span> Scenario: Logging in to the system scenrio two</div>
	</div>
	
	
		<div class='category-list'>
				<span class='category label'>@tag1</span>
				<span class='category label'>@tag2</span>
				<span class='category label'>@UI</span>
		</div>
	
	<ul class='steps'>
		<li test-id='30' class='node given Fail' status='Fail'>
			<div class="step-name" title="(com.app.stepDefs.LoginPageStepDef.userIsOnLoginPage(java.lang.String))"><span class='status fail' title='Fail'><i class='material-icons'>cancel</i></span>Given user is on app login page "https://www.way2automation.com/angularjs-protractor/banking/#/login"</div>


					<textarea disabled class="code-block">org.openqa.selenium.NoSuchElementException: no such element: element not found
  (Session info: chrome=123.0.6312.86)
For documentation on this error, please visit: https://www.selenium.dev/documentation/webdriver/troubleshooting/errors#no-such-element-exception
Build info: version: '4.17.0', revision: 'e52b1be057*'
System info: os.name: 'Windows 11', os.arch: 'amd64', os.version: '10.0', java.version: '17.0.9'
Driver info: org.openqa.selenium.chrome.ChromeDriver
Command: [edb9fe0e99ebfc63d45777c0cff9f106, executeScript {args=[{element-6066-11e4-a52e-4f735466cecf=f.AF0C58B1B71D8DB30E21A6FB8447CA73.d.616C5DEF0C083EF46187023D9D6B6062.e.2}], script=arguments[0].scrollIntoView(true);}]
Capabilities {acceptInsecureCerts: false, browserName: chrome, browserVersion: 123.0.6312.86, chrome: {chromedriverVersion: 123.0.6312.86 (9b72c47a0536..., userDataDir: C:\Users\HAMID_~1\AppData\L...}, fedcm:accounts: true, goog:chromeOptions: {debuggerAddress: localhost:56303}, networkConnectionEnabled: false, pageLoadStrategy: normal, platformName: windows, proxy: Proxy(), se:cdp: ws://localhost:56303/devtoo..., se:cdpVersion: 123.0.6312.86, setWindowRect: true, strictFileInteractability: false, timeouts: {implicit: 0, pageLoad: 300000, script: 30000}, unhandledPromptBehavior: dismiss and notify, webauthn:extension:credBlob: true, webauthn:extension:largeBlob: true, webauthn:extension:minPinLength: true, webauthn:extension:prf: true, webauthn:virtualAuthenticators: true}
Session ID: edb9fe0e99ebfc63d45777c0cff9f106
	at java.base/jdk.internal.reflect.NativeConstructorAccessorImpl.newInstance0(Native Method)
	at java.base/jdk.internal.reflect.NativeConstructorAccessorImpl.newInstance(NativeConstructorAccessorImpl.java:77)
	at java.base/jdk.internal.reflect.DelegatingConstructorAccessorImpl.newInstance(DelegatingConstructorAccessorImpl.java:45)
	at java.base/java.lang.reflect.Constructor.newInstanceWithCaller(Constructor.java:499)
	at java.base/java.lang.reflect.Constructor.newInstance(Constructor.java:480)
	at org.openqa.selenium.remote.codec.w3c.W3CHttpResponseCodec.createException(W3CHttpResponseCodec.java:185)
	at org.openqa.selenium.remote.codec.w3c.W3CHttpResponseCodec.decode(W3CHttpResponseCodec.java:134)
	at org.openqa.selenium.remote.codec.w3c.W3CHttpResponseCodec.decode(W3CHttpResponseCodec.java:51)
	at org.openqa.selenium.remote.HttpCommandExecutor.execute(HttpCommandExecutor.java:190)
	at org.openqa.selenium.remote.service.DriverCommandExecutor.invokeExecute(DriverCommandExecutor.java:216)
	at org.openqa.selenium.remote.service.DriverCommandExecutor.execute(DriverCommandExecutor.java:174)
	at org.openqa.selenium.remote.RemoteWebDriver.execute(RemoteWebDriver.java:519)
	at org.openqa.selenium.remote.RemoteWebDriver.executeScript(RemoteWebDriver.java:464)
	at com.app.utils.Utilities.clickToElelement(Utilities.java:139)
	at com.app.stepDefs.LoginPageStepDef.userIsOnLoginPage(LoginPageStepDef.java:34)
	at ?.user is on app login page "https://www.way2automation.com/angularjs-protractor/banking/#/login"(file:///C:/GitClones/CucuTestNGReportingProProject/NewProject/src/test/resources/features/LoginPage.feature:4)
</textarea>
		</li>
		<li test-id='61' class='node then Skip' status='Skip'>
			<div class="step-name" title="(com.app.stepDefs.LoginPageStepDef.userLogsIntoSystem())"><span class='status skip' title='Skip'><i class='material-icons'>redo</i></span>Then User logs into the system</div>


					<div class="node-step">Step skipped</div>
		</li>
		<li test-id='64' class='node then Skip' status='Skip'>
			<div class="step-name" title="(com.app.stepDefs.LoginPageStepDef.userLogsOutTheSystem())"><span class='status skip' title='Skip'><i class='material-icons'>redo</i></span>Then User logs out the system</div>


					<div class="node-step">Step skipped</div>
		</li>
		<li test-id='67' class='node then Skip' status='Skip'>
			<div class="step-name" title="(com.app.stepDefs.LoginPageStepDef.userNavigatesToPage(java.lang.String))"><span class='status skip' title='Skip'><i class='material-icons'>redo</i></span>Then user navigates to "https://yahoo.com"</div>


					<div class="node-step">Step skipped</div>
		</li>
		<li test-id='68' class='node * Pass' status='Pass'>
			<div class="step-name" title="(AFTER)"><span class='status pass' title='Pass'><i class='material-icons'>check_circle</i></span>com.app.Hooks.ApplicationHooks.After_UI(io.cucumber.java.Scenario)</div>


					<div class='screenshots'>
						<img width='80' height='40' onerror='this.style.display="none"' data-featherlight='./Screenshots/embedded3.png' src='./Screenshots/embedded3.png'>
					</div>
		</li>
	</ul>
</div>
<div class='scenario node' test-id='10' status='fail'>

	<span class='duration right label'>00 00 21.704</span>
	<div class="bdd-test">
		<div class="scenario-name"><span class='status fail' title='Fail'><i class='material-icons'>cancel</i></span> Scenario: Logging in to the system scenrio two</div>
	</div>
	
	
		<div class='category-list'>
				<span class='category label'>@tag1</span>
				<span class='category label'>@tag2</span>
				<span class='category label'>@UI</span>
		</div>
	
	<ul class='steps'>
		<li test-id='33' class='node given Fail' status='Fail'>
			<div class="step-name" title="(com.app.stepDefs.LoginPageStepDef.userIsOnLoginPage(java.lang.String))"><span class='status fail' title='Fail'><i class='material-icons'>cancel</i></span>Given user is on app login page "https://www.way2automation.com/angularjs-protractor/banking/#/login"</div>


					<textarea disabled class="code-block">org.openqa.selenium.NoSuchElementException: no such element: element not found
  (Session info: chrome=123.0.6312.86)
For documentation on this error, please visit: https://www.selenium.dev/documentation/webdriver/troubleshooting/errors#no-such-element-exception
Build info: version: '4.17.0', revision: 'e52b1be057*'
System info: os.name: 'Windows 11', os.arch: 'amd64', os.version: '10.0', java.version: '17.0.9'
Driver info: org.openqa.selenium.chrome.ChromeDriver
Command: [2dbe932371af54e85aa3acc6319f0092, executeScript {args=[{element-6066-11e4-a52e-4f735466cecf=f.AF0C58B1B71D8DB30E21A6FB8447CA73.d.616C5DEF0C083EF46187023D9D6B6062.e.2}], script=arguments[0].scrollIntoView(true);}]
Capabilities {acceptInsecureCerts: false, browserName: chrome, browserVersion: 123.0.6312.86, chrome: {chromedriverVersion: 123.0.6312.86 (9b72c47a0536..., userDataDir: C:\Users\HAMID_~1\AppData\L...}, fedcm:accounts: true, goog:chromeOptions: {debuggerAddress: localhost:56354}, networkConnectionEnabled: false, pageLoadStrategy: normal, platformName: windows, proxy: Proxy(), se:cdp: ws://localhost:56354/devtoo..., se:cdpVersion: 123.0.6312.86, setWindowRect: true, strictFileInteractability: false, timeouts: {implicit: 0, pageLoad: 300000, script: 30000}, unhandledPromptBehavior: dismiss and notify, webauthn:extension:credBlob: true, webauthn:extension:largeBlob: true, webauthn:extension:minPinLength: true, webauthn:extension:prf: true, webauthn:virtualAuthenticators: true}
Session ID: 2dbe932371af54e85aa3acc6319f0092
	at java.base/jdk.internal.reflect.NativeConstructorAccessorImpl.newInstance0(Native Method)
	at java.base/jdk.internal.reflect.NativeConstructorAccessorImpl.newInstance(NativeConstructorAccessorImpl.java:77)
	at java.base/jdk.internal.reflect.DelegatingConstructorAccessorImpl.newInstance(DelegatingConstructorAccessorImpl.java:45)
	at java.base/java.lang.reflect.Constructor.newInstanceWithCaller(Constructor.java:499)
	at java.base/java.lang.reflect.Constructor.newInstance(Constructor.java:480)
	at org.openqa.selenium.remote.codec.w3c.W3CHttpResponseCodec.createException(W3CHttpResponseCodec.java:185)
	at org.openqa.selenium.remote.codec.w3c.W3CHttpResponseCodec.decode(W3CHttpResponseCodec.java:134)
	at org.openqa.selenium.remote.codec.w3c.W3CHttpResponseCodec.decode(W3CHttpResponseCodec.java:51)
	at org.openqa.selenium.remote.HttpCommandExecutor.execute(HttpCommandExecutor.java:190)
	at org.openqa.selenium.remote.service.DriverCommandExecutor.invokeExecute(DriverCommandExecutor.java:216)
	at org.openqa.selenium.remote.service.DriverCommandExecutor.execute(DriverCommandExecutor.java:174)
	at org.openqa.selenium.remote.RemoteWebDriver.execute(RemoteWebDriver.java:519)
	at org.openqa.selenium.remote.RemoteWebDriver.executeScript(RemoteWebDriver.java:464)
	at com.app.utils.Utilities.clickToElelement(Utilities.java:139)
	at com.app.stepDefs.LoginPageStepDef.userIsOnLoginPage(LoginPageStepDef.java:34)
	at ?.user is on app login page "https://www.way2automation.com/angularjs-protractor/banking/#/login"(file:///C:/GitClones/CucuTestNGReportingProProject/NewProject/src/test/resources/features/LoginPage.feature:4)
</textarea>
		</li>
		<li test-id='111' class='node then Skip' status='Skip'>
			<div class="step-name" title="(com.app.stepDefs.LoginPageStepDef.userLogsIntoSystem())"><span class='status skip' title='Skip'><i class='material-icons'>redo</i></span>Then User logs into the system</div>


					<div class="node-step">Step skipped</div>
		</li>
		<li test-id='114' class='node then Skip' status='Skip'>
			<div class="step-name" title="(com.app.stepDefs.LoginPageStepDef.userLogsOutTheSystem())"><span class='status skip' title='Skip'><i class='material-icons'>redo</i></span>Then User logs out the system</div>


					<div class="node-step">Step skipped</div>
		</li>
		<li test-id='117' class='node then Skip' status='Skip'>
			<div class="step-name" title="(com.app.stepDefs.LoginPageStepDef.userNavigatesToPage(java.lang.String))"><span class='status skip' title='Skip'><i class='material-icons'>redo</i></span>Then user navigates to "https://yahoo.com"</div>


					<div class="node-step">Step skipped</div>
		</li>
		<li test-id='118' class='node * Pass' status='Pass'>
			<div class="step-name" title="(AFTER)"><span class='status pass' title='Pass'><i class='material-icons'>check_circle</i></span>com.app.Hooks.ApplicationHooks.After_UI(io.cucumber.java.Scenario)</div>


					<div class='screenshots'>
						<img width='80' height='40' onerror='this.style.display="none"' data-featherlight='./Screenshots/embedded7.png' src='./Screenshots/embedded7.png'>
					</div>
		</li>
	</ul>
</div>
<div class='scenario node' test-id='11' status='pass'>

	<span class='duration right label'>00 00 34.034</span>
	<div class="bdd-test">
		<div class="scenario-name"><span class='status pass' title='Pass'><i class='material-icons'>check_circle</i></span> Scenario: Logging in to the system scenrio one</div>
	</div>
	
	
		<div class='category-list'>
				<span class='category label'>@tag1</span>
				<span class='category label'>@UI</span>
		</div>
	
	<ul class='steps'>
		<li test-id='131' class='node given Pass' status='Pass'>
			<div class="step-name" title="(com.app.stepDefs.LoginPageStepDef.userIsOnLoginPage(java.lang.String))"><span class='status pass' title='Pass'><i class='material-icons'>check_circle</i></span>Given user is on app login page "https://www.way2automation.com/angularjs-protractor/banking/#/login"</div>


		</li>
		<li test-id='148' class='node then Pass' status='Pass'>
			<div class="step-name" title="(com.app.stepDefs.LoginPageStepDef.userLogsIntoSystem())"><span class='status pass' title='Pass'><i class='material-icons'>check_circle</i></span>Then User logs into the system</div>


					<div class="node-step">Step in report using ExtentCucumberAdapter.addTestStepLog</div>
		</li>
		<li test-id='151' class='node then Pass' status='Pass'>
			<div class="step-name" title="(com.app.stepDefs.LoginPageStepDef.userLogsOutTheSystem())"><span class='status pass' title='Pass'><i class='material-icons'>check_circle</i></span>Then User logs out the system</div>


		</li>
		<li test-id='154' class='node then Pass' status='Pass'>
			<div class="step-name" title="(com.app.stepDefs.LoginPageStepDef.userNavigatesToPage(java.lang.String))"><span class='status pass' title='Pass'><i class='material-icons'>check_circle</i></span>Then user navigates to "https://cucumber.io/"</div>


					<div class='screenshots'>
						<img width='80' height='40' onerror='this.style.display="none"' data-featherlight='./Screenshots/embedded10.png' src='./Screenshots/embedded10.png'>
					</div>
		</li>
	</ul>
</div>
<div class='scenario node' test-id='16' status='fail'>

	<span class='duration right label'>00 00 22.363</span>
	<div class="bdd-test">
		<div class="scenario-name"><span class='status fail' title='Fail'><i class='material-icons'>cancel</i></span> Scenario: Logging in to the system scenrio two</div>
	</div>
	
	
		<div class='category-list'>
				<span class='category label'>@tag1</span>
				<span class='category label'>@tag2</span>
				<span class='category label'>@UI</span>
		</div>
	
	<ul class='steps'>
		<li test-id='45' class='node given Fail' status='Fail'>
			<div class="step-name" title="(com.app.stepDefs.LoginPageStepDef.userIsOnLoginPage(java.lang.String))"><span class='status fail' title='Fail'><i class='material-icons'>cancel</i></span>Given user is on app login page "https://www.way2automation.com/angularjs-protractor/banking/#/login"</div>


					<textarea disabled class="code-block">org.openqa.selenium.NoSuchElementException: no such element: element not found
  (Session info: chrome=123.0.6312.86)
For documentation on this error, please visit: https://www.selenium.dev/documentation/webdriver/troubleshooting/errors#no-such-element-exception
Build info: version: '4.17.0', revision: 'e52b1be057*'
System info: os.name: 'Windows 11', os.arch: 'amd64', os.version: '10.0', java.version: '17.0.9'
Driver info: org.openqa.selenium.chrome.ChromeDriver
Command: [dbe9dfa1cc91cb1412328903c8596b5c, executeScript {args=[{element-6066-11e4-a52e-4f735466cecf=f.AF0C58B1B71D8DB30E21A6FB8447CA73.d.616C5DEF0C083EF46187023D9D6B6062.e.2}], script=arguments[0].scrollIntoView(true);}]
Capabilities {acceptInsecureCerts: false, browserName: chrome, browserVersion: 123.0.6312.86, chrome: {chromedriverVersion: 123.0.6312.86 (9b72c47a0536..., userDataDir: C:\Users\HAMID_~1\AppData\L...}, fedcm:accounts: true, goog:chromeOptions: {debuggerAddress: localhost:56433}, networkConnectionEnabled: false, pageLoadStrategy: normal, platformName: windows, proxy: Proxy(), se:cdp: ws://localhost:56433/devtoo..., se:cdpVersion: 123.0.6312.86, setWindowRect: true, strictFileInteractability: false, timeouts: {implicit: 0, pageLoad: 300000, script: 30000}, unhandledPromptBehavior: dismiss and notify, webauthn:extension:credBlob: true, webauthn:extension:largeBlob: true, webauthn:extension:minPinLength: true, webauthn:extension:prf: true, webauthn:virtualAuthenticators: true}
Session ID: dbe9dfa1cc91cb1412328903c8596b5c
	at java.base/jdk.internal.reflect.NativeConstructorAccessorImpl.newInstance0(Native Method)
	at java.base/jdk.internal.reflect.NativeConstructorAccessorImpl.newInstance(NativeConstructorAccessorImpl.java:77)
	at java.base/jdk.internal.reflect.DelegatingConstructorAccessorImpl.newInstance(DelegatingConstructorAccessorImpl.java:45)
	at java.base/java.lang.reflect.Constructor.newInstanceWithCaller(Constructor.java:499)
	at java.base/java.lang.reflect.Constructor.newInstance(Constructor.java:480)
	at org.openqa.selenium.remote.codec.w3c.W3CHttpResponseCodec.createException(W3CHttpResponseCodec.java:185)
	at org.openqa.selenium.remote.codec.w3c.W3CHttpResponseCodec.decode(W3CHttpResponseCodec.java:134)
	at org.openqa.selenium.remote.codec.w3c.W3CHttpResponseCodec.decode(W3CHttpResponseCodec.java:51)
	at org.openqa.selenium.remote.HttpCommandExecutor.execute(HttpCommandExecutor.java:190)
	at org.openqa.selenium.remote.service.DriverCommandExecutor.invokeExecute(DriverCommandExecutor.java:216)
	at org.openqa.selenium.remote.service.DriverCommandExecutor.execute(DriverCommandExecutor.java:174)
	at org.openqa.selenium.remote.RemoteWebDriver.execute(RemoteWebDriver.java:519)
	at org.openqa.selenium.remote.RemoteWebDriver.executeScript(RemoteWebDriver.java:464)
	at com.app.utils.Utilities.clickToElelement(Utilities.java:139)
	at com.app.stepDefs.LoginPageStepDef.userIsOnLoginPage(LoginPageStepDef.java:34)
	at ?.user is on app login page "https://www.way2automation.com/angularjs-protractor/banking/#/login"(file:///C:/GitClones/CucuTestNGReportingProProject/NewProject/src/test/resources/features/LoginPage.feature:4)
</textarea>
		</li>
		<li test-id='121' class='node then Skip' status='Skip'>
			<div class="step-name" title="(com.app.stepDefs.LoginPageStepDef.userLogsIntoSystem())"><span class='status skip' title='Skip'><i class='material-icons'>redo</i></span>Then User logs into the system</div>


					<div class="node-step">Step skipped</div>
		</li>
		<li test-id='124' class='node then Skip' status='Skip'>
			<div class="step-name" title="(com.app.stepDefs.LoginPageStepDef.userLogsOutTheSystem())"><span class='status skip' title='Skip'><i class='material-icons'>redo</i></span>Then User logs out the system</div>


					<div class="node-step">Step skipped</div>
		</li>
		<li test-id='127' class='node then Skip' status='Skip'>
			<div class="step-name" title="(com.app.stepDefs.LoginPageStepDef.userNavigatesToPage(java.lang.String))"><span class='status skip' title='Skip'><i class='material-icons'>redo</i></span>Then user navigates to "https://yahoo.com"</div>


					<div class="node-step">Step skipped</div>
		</li>
		<li test-id='128' class='node * Pass' status='Pass'>
			<div class="step-name" title="(AFTER)"><span class='status pass' title='Pass'><i class='material-icons'>check_circle</i></span>com.app.Hooks.ApplicationHooks.After_UI(io.cucumber.java.Scenario)</div>


					<div class='screenshots'>
						<img width='80' height='40' onerror='this.style.display="none"' data-featherlight='./Screenshots/embedded8.png' src='./Screenshots/embedded8.png'>
					</div>
		</li>
	</ul>
</div>
<div class='scenario node' test-id='132' status='pass'>

	<span class='duration right label'>00 01 08.462</span>
	<div class="bdd-test">
		<div class="scenario-name"><span class='status pass' title='Pass'><i class='material-icons'>check_circle</i></span> Scenario: Logging in to the system scenrio three</div>
	</div>
	
	
		<div class='category-list'>
				<span class='category label'>@tag3</span>
				<span class='category label'>@tag1</span>
				<span class='category label'>@tag2</span>
				<span class='category label'>@UI</span>
		</div>
	
	<ul class='steps'>
		<li test-id='145' class='node given Pass' status='Pass'>
			<div class="step-name" title="(com.app.stepDefs.LoginPageStepDef.userIsOnLoginPage(java.lang.String))"><span class='status pass' title='Pass'><i class='material-icons'>check_circle</i></span>Given user is on app login page "https://www.way2automation.com/angularjs-protractor/banking/#/login"</div>


		</li>
		<li test-id='158' class='node then Pass' status='Pass'>
			<div class="step-name" title="(com.app.stepDefs.LoginPageStepDef.userNavigatesToPage(java.lang.String))"><span class='status pass' title='Pass'><i class='material-icons'>check_circle</i></span>Then user navigates to "https://youtube.com"</div>


					<div class='screenshots'>
						<img width='80' height='40' onerror='this.style.display="none"' data-featherlight='./Screenshots/embedded11.png' src='./Screenshots/embedded11.png'>
					</div>
		</li>
		<li test-id='162' class='node then Pass' status='Pass'>
			<div class="step-name" title="(com.app.stepDefs.MoneyCtrlPageStepDef.userNavigatesToPage(java.lang.String,java.lang.String))"><span class='status pass' title='Pass'><i class='material-icons'>check_circle</i></span>Then fetch "% Gain" for company "ONGC"</div>


					<div class="node-step">Value of <b>% Gain</b> for company <b>ONGC</b> is <b>0.96</b></div>
					<div class='screenshots'>
						<img width='80' height='40' onerror='this.style.display="none"' data-featherlight='./Screenshots/embedded12.png' src='./Screenshots/embedded12.png'>
					</div>
		</li>
		<li test-id='165' class='node then Pass' status='Pass'>
			<div class="step-name" title="(com.app.stepDefs.MoneyCtrlPageStepDef.userNavigatesToPage(java.lang.String,java.lang.String))"><span class='status pass' title='Pass'><i class='material-icons'>check_circle</i></span>Then fetch "High" for company "Nestle"</div>


					<div class="node-step">Value of <b>High</b> for company <b>Nestle</b> is <b>2,630.00</b></div>
					<div class='screenshots'>
						<img width='80' height='40' onerror='this.style.display="none"' data-featherlight='./Screenshots/embedded13.png' src='./Screenshots/embedded13.png'>
					</div>
		</li>
		<li test-id='168' class='node then Pass' status='Pass'>
			<div class="step-name" title="(com.app.stepDefs.MoneyCtrlPageStepDef.userNavigatesToPage(java.lang.String,java.lang.String))"><span class='status pass' title='Pass'><i class='material-icons'>check_circle</i></span>Then fetch "Low" for company "Nestle"</div>


					<div class="node-step">Value of <b>Low</b> for company <b>Nestle</b> is <b>2,583.00</b></div>
					<div class='screenshots'>
						<img width='80' height='40' onerror='this.style.display="none"' data-featherlight='./Screenshots/embedded14.png' src='./Screenshots/embedded14.png'>
					</div>
		</li>
	</ul>
</div>
					</div>
				</li>
			</ul>
		</div>
	</div>
	
	
	<!-- subview left -->
	<div class='subview-right left'>
		<div class='view-summary'>
			<div id='step-filters' class="right sr-filters">
				<a class="btn-floating waves-effect waves-light green" status="pass" alt="pass" title="pass"><i class="material-icons">check_circle</i></a>
				<a class="btn-floating waves-effect waves-light red" status="fail" alt="fail" title="fail"><i class="material-icons">cancel</i></a>
				<a class="btn-floating waves-effect waves-light red darken-4" status="fatal" alt="fatal" title="fatal"><i class="material-icons">cancel</i></a>
				<a class="btn-floating waves-effect waves-light pink text-lighten-1" status="error" alt="error" title="error"><i class="material-icons">error</i></a>
				<a class="btn-floating waves-effect waves-light orange" alt="warning" status="warning" title="warning"><i class="material-icons">warning</i></a>
				<a class="btn-floating waves-effect waves-light teal" status="skip" alt="skip" title="skip"><i class="material-icons">redo</i></a>
				<a class="btn-floating waves-effect waves-light grey" status="clear" alt="Clear filters" title="Clear filters"><i class="material-icons">clear</i></a>
			</div>
			<h5 class='test-name'></h5>
		</div>
	</div>
	<!-- subview right -->
</div>
<!-- test view --><div id='category-view' class='view hide'>
	<section id='controls'>
		<div class='controls grey lighten-4'>
			<!-- search -->
			<div class='chip transparent' alt='Search Tests' title='Search Tests'>
				<a href="#" class='search-div'>
				<i class='material-icons'>search</i> Search
				</a>
				<div class='input-field left hide'>
					<input id='search-tests' type='text' class='validate browser-default' placeholder='Search Tests...'>
				</div>
			</div>
			<!-- search -->
		</div>
	</section>
	<div class='subview-left left'>
		<div class='view-summary'>
			<ul id='category-collection' class='category-collection'>
				<li class='category displayed active'>
					<div class='category-heading'>
						<span class='category-name'>@tag3</span>
						<span class='category-status right'>
						<span class='label pass'>1</span>
						</span>
					</div>
					<div class='category-content hide'>
						<div class='category-status-counts'>
							<span status="pass" class='label green accent-4 white-text'>Passed: 1</span>
							
							
						</div>
						<div class='category-tests'>
							<table class='bordered table-results'>
								<thead>
									<tr>
										<th>Timestamp</th>
										<th>TestName</th>
										<th>Status</th>
									</tr>
								</thead>
								<tbody>
									<tr>
										<td>Apr 2, 2024 05:03:22 pm</td>
										<td class='linked' test-id='132'>Logging in to the system scenrio three</td>
										<td><span class='test-status Pass'>Pass</span></td>
									</tr>
								</tbody>
							</table>
						</div>
					</div>
				</li>
				<li class='category displayed active'>
					<div class='category-heading'>
						<span class='category-name'>@UI</span>
						<span class='category-status right'>
						<span class='label pass'>3</span>
						<span class='label fail'>8</span>
						</span>
					</div>
					<div class='category-content hide'>
						<div class='category-status-counts'>
							<span status="pass" class='label green accent-4 white-text'>Passed: 3</span>
							<span status="fail" class='label red lighten-1 white-text'>Failed: 8</span>
							
						</div>
						<div class='category-tests'>
							<table class='bordered table-results'>
								<thead>
									<tr>
										<th>Timestamp</th>
										<th>TestName</th>
										<th>Status</th>
									</tr>
								</thead>
								<tbody>
									<tr>
										<td>Apr 2, 2024 05:03:00 pm</td>
										<td class='linked' test-id='2'>Logging in to the system scenrio two</td>
										<td><span class='test-status Fail'>Fail</span></td>
									</tr>
									<tr>
										<td>Apr 2, 2024 05:03:00 pm</td>
										<td class='linked' test-id='3'>Logging in to the system scenrio two</td>
										<td><span class='test-status Fail'>Fail</span></td>
									</tr>
									<tr>
										<td>Apr 2, 2024 05:03:00 pm</td>
										<td class='linked' test-id='4'>Logging in to the system scenrio two</td>
										<td><span class='test-status Fail'>Fail</span></td>
									</tr>
									<tr>
										<td>Apr 2, 2024 05:03:00 pm</td>
										<td class='linked' test-id='5'>Logging in to the system scenrio two</td>
										<td><span class='test-status Pass'>Pass</span></td>
									</tr>
									<tr>
										<td>Apr 2, 2024 05:03:00 pm</td>
										<td class='linked' test-id='6'>Logging in to the system scenrio two</td>
										<td><span class='test-status Fail'>Fail</span></td>
									</tr>
									<tr>
										<td>Apr 2, 2024 05:03:00 pm</td>
										<td class='linked' test-id='7'>Logging in to the system scenrio two</td>
										<td><span class='test-status Fail'>Fail</span></td>
									</tr>
									<tr>
										<td>Apr 2, 2024 05:03:00 pm</td>
										<td class='linked' test-id='9'>Logging in to the system scenrio two</td>
										<td><span class='test-status Fail'>Fail</span></td>
									</tr>
									<tr>
										<td>Apr 2, 2024 05:03:00 pm</td>
										<td class='linked' test-id='10'>Logging in to the system scenrio two</td>
										<td><span class='test-status Fail'>Fail</span></td>
									</tr>
									<tr>
										<td>Apr 2, 2024 05:03:00 pm</td>
										<td class='linked' test-id='11'>Logging in to the system scenrio one</td>
										<td><span class='test-status Pass'>Pass</span></td>
									</tr>
									<tr>
										<td>Apr 2, 2024 05:03:00 pm</td>
										<td class='linked' test-id='16'>Logging in to the system scenrio two</td>
										<td><span class='test-status Fail'>Fail</span></td>
									</tr>
									<tr>
										<td>Apr 2, 2024 05:03:22 pm</td>
										<td class='linked' test-id='132'>Logging in to the system scenrio three</td>
										<td><span class='test-status Pass'>Pass</span></td>
									</tr>
								</tbody>
							</table>
						</div>
					</div>
				</li>
				<li class='category displayed active'>
					<div class='category-heading'>
						<span class='category-name'>@tag1</span>
						<span class='category-status right'>
						<span class='label pass'>3</span>
						<span class='label fail'>8</span>
						</span>
					</div>
					<div class='category-content hide'>
						<div class='category-status-counts'>
							<span status="pass" class='label green accent-4 white-text'>Passed: 3</span>
							<span status="fail" class='label red lighten-1 white-text'>Failed: 8</span>
							
						</div>
						<div class='category-tests'>
							<table class='bordered table-results'>
								<thead>
									<tr>
										<th>Timestamp</th>
										<th>TestName</th>
										<th>Status</th>
									</tr>
								</thead>
								<tbody>
									<tr>
										<td>Apr 2, 2024 05:03:00 pm</td>
										<td class='linked' test-id='2'>Logging in to the system scenrio two</td>
										<td><span class='test-status Fail'>Fail</span></td>
									</tr>
									<tr>
										<td>Apr 2, 2024 05:03:00 pm</td>
										<td class='linked' test-id='3'>Logging in to the system scenrio two</td>
										<td><span class='test-status Fail'>Fail</span></td>
									</tr>
									<tr>
										<td>Apr 2, 2024 05:03:00 pm</td>
										<td class='linked' test-id='4'>Logging in to the system scenrio two</td>
										<td><span class='test-status Fail'>Fail</span></td>
									</tr>
									<tr>
										<td>Apr 2, 2024 05:03:00 pm</td>
										<td class='linked' test-id='5'>Logging in to the system scenrio two</td>
										<td><span class='test-status Pass'>Pass</span></td>
									</tr>
									<tr>
										<td>Apr 2, 2024 05:03:00 pm</td>
										<td class='linked' test-id='6'>Logging in to the system scenrio two</td>
										<td><span class='test-status Fail'>Fail</span></td>
									</tr>
									<tr>
										<td>Apr 2, 2024 05:03:00 pm</td>
										<td class='linked' test-id='7'>Logging in to the system scenrio two</td>
										<td><span class='test-status Fail'>Fail</span></td>
									</tr>
									<tr>
										<td>Apr 2, 2024 05:03:00 pm</td>
										<td class='linked' test-id='9'>Logging in to the system scenrio two</td>
										<td><span class='test-status Fail'>Fail</span></td>
									</tr>
									<tr>
										<td>Apr 2, 2024 05:03:00 pm</td>
										<td class='linked' test-id='10'>Logging in to the system scenrio two</td>
										<td><span class='test-status Fail'>Fail</span></td>
									</tr>
									<tr>
										<td>Apr 2, 2024 05:03:00 pm</td>
										<td class='linked' test-id='11'>Logging in to the system scenrio one</td>
										<td><span class='test-status Pass'>Pass</span></td>
									</tr>
									<tr>
										<td>Apr 2, 2024 05:03:00 pm</td>
										<td class='linked' test-id='16'>Logging in to the system scenrio two</td>
										<td><span class='test-status Fail'>Fail</span></td>
									</tr>
									<tr>
										<td>Apr 2, 2024 05:03:22 pm</td>
										<td class='linked' test-id='132'>Logging in to the system scenrio three</td>
										<td><span class='test-status Pass'>Pass</span></td>
									</tr>
								</tbody>
							</table>
						</div>
					</div>
				</li>
				<li class='category displayed active'>
					<div class='category-heading'>
						<span class='category-name'>@tag2</span>
						<span class='category-status right'>
						<span class='label pass'>2</span>
						<span class='label fail'>8</span>
						</span>
					</div>
					<div class='category-content hide'>
						<div class='category-status-counts'>
							<span status="pass" class='label green accent-4 white-text'>Passed: 2</span>
							<span status="fail" class='label red lighten-1 white-text'>Failed: 8</span>
							
						</div>
						<div class='category-tests'>
							<table class='bordered table-results'>
								<thead>
									<tr>
										<th>Timestamp</th>
										<th>TestName</th>
										<th>Status</th>
									</tr>
								</thead>
								<tbody>
									<tr>
										<td>Apr 2, 2024 05:03:00 pm</td>
										<td class='linked' test-id='2'>Logging in to the system scenrio two</td>
										<td><span class='test-status Fail'>Fail</span></td>
									</tr>
									<tr>
										<td>Apr 2, 2024 05:03:00 pm</td>
										<td class='linked' test-id='3'>Logging in to the system scenrio two</td>
										<td><span class='test-status Fail'>Fail</span></td>
									</tr>
									<tr>
										<td>Apr 2, 2024 05:03:00 pm</td>
										<td class='linked' test-id='4'>Logging in to the system scenrio two</td>
										<td><span class='test-status Fail'>Fail</span></td>
									</tr>
									<tr>
										<td>Apr 2, 2024 05:03:00 pm</td>
										<td class='linked' test-id='5'>Logging in to the system scenrio two</td>
										<td><span class='test-status Pass'>Pass</span></td>
									</tr>
									<tr>
										<td>Apr 2, 2024 05:03:00 pm</td>
										<td class='linked' test-id='6'>Logging in to the system scenrio two</td>
										<td><span class='test-status Fail'>Fail</span></td>
									</tr>
									<tr>
										<td>Apr 2, 2024 05:03:00 pm</td>
										<td class='linked' test-id='7'>Logging in to the system scenrio two</td>
										<td><span class='test-status Fail'>Fail</span></td>
									</tr>
									<tr>
										<td>Apr 2, 2024 05:03:00 pm</td>
										<td class='linked' test-id='9'>Logging in to the system scenrio two</td>
										<td><span class='test-status Fail'>Fail</span></td>
									</tr>
									<tr>
										<td>Apr 2, 2024 05:03:00 pm</td>
										<td class='linked' test-id='10'>Logging in to the system scenrio two</td>
										<td><span class='test-status Fail'>Fail</span></td>
									</tr>
									<tr>
										<td>Apr 2, 2024 05:03:00 pm</td>
										<td class='linked' test-id='16'>Logging in to the system scenrio two</td>
										<td><span class='test-status Fail'>Fail</span></td>
									</tr>
									<tr>
										<td>Apr 2, 2024 05:03:22 pm</td>
										<td class='linked' test-id='132'>Logging in to the system scenrio three</td>
										<td><span class='test-status Pass'>Pass</span></td>
									</tr>
								</tbody>
							</table>
						</div>
					</div>
				</li>
			</ul>
		</div>
	</div>
	<div class='subview-right left'>
		<div class='view-summary'>
			<h5 class='category-name'></h5>
		</div>
	</div>
</div>
<!-- category view --><div id='exception-view' class='view hide'>
	<section id='controls'>
		<div class='controls grey lighten-4'>
			<!-- search -->
			<div class='chip transparent' alt='Search Tests' title='Search Tests'>
				<a href="#" class='search-div'>
				<i class='material-icons'>search</i> Search
				</a>
				<div class='input-field left hide'>
					<input id='search-tests' type='text' class='validate browser-default' placeholder='Search Tests...'>
				</div>
			</div>
			<!-- search -->
		</div>
	</section>
	<div class='subview-left left'>
		<div class='view-summary'>
			<ul id='exception-collection' class='exception-collection'>
				<li class='exception displayed active'>
					<div class='exception-heading'>
						<span class='exception-name'>org.openqa.selenium.NoSuchElementException</span>
						<span class='exception-count right'><span class='label red lighten-1 white-text'>8</span></span>
					</div>
					<div class='exception-content hide'>
						<div class='exception-tests'>
							<table class='bordered table-results'>
								<thead>
									<tr>
										<th>Timestamp</th>
										<th>TestName</th>
										<th>StackTrace</th>
									</tr>
								</thead>
								<tbody>
									<tr>
										<td>Apr 2, 2024 05:03:09 pm</td>
										<td class='linked' test-id='24'>Given user is on app login page "https://www.way2automation.com/angularjs-protractor/banking/#/login"</td>
										<td>
											<textarea disabled class="code-block">org.openqa.selenium.NoSuchElementException: no such element: element not found
  (Session info: chrome=123.0.6312.86)
For documentation on this error, please visit: https://www.selenium.dev/documentation/webdriver/troubleshooting/errors#no-such-element-exception
Build info: version: '4.17.0', revision: 'e52b1be057*'
System info: os.name: 'Windows 11', os.arch: 'amd64', os.version: '10.0', java.version: '17.0.9'
Driver info: org.openqa.selenium.chrome.ChromeDriver
Command: [24365312023be3c7e58ffb1fd2776aa3, executeScript {args=[{element-6066-11e4-a52e-4f735466cecf=f.EE9C50D464B43C40F4A5647C1A96D549.d.8ED0E3FE57BC17A178E75FA78BABCBF0.e.3}], script=arguments[0].scrollIntoView(true);}]
Capabilities {acceptInsecureCerts: false, browserName: chrome, browserVersion: 123.0.6312.86, chrome: {chromedriverVersion: 123.0.6312.86 (9b72c47a0536..., userDataDir: C:\Users\HAMID_~1\AppData\L...}, fedcm:accounts: true, goog:chromeOptions: {debuggerAddress: localhost:56324}, networkConnectionEnabled: false, pageLoadStrategy: normal, platformName: windows, proxy: Proxy(), se:cdp: ws://localhost:56324/devtoo..., se:cdpVersion: 123.0.6312.86, setWindowRect: true, strictFileInteractability: false, timeouts: {implicit: 0, pageLoad: 300000, script: 30000}, unhandledPromptBehavior: dismiss and notify, webauthn:extension:credBlob: true, webauthn:extension:largeBlob: true, webauthn:extension:minPinLength: true, webauthn:extension:prf: true, webauthn:virtualAuthenticators: true}
Session ID: 24365312023be3c7e58ffb1fd2776aa3
	at java.base/jdk.internal.reflect.NativeConstructorAccessorImpl.newInstance0(Native Method)
	at java.base/jdk.internal.reflect.NativeConstructorAccessorImpl.newInstance(NativeConstructorAccessorImpl.java:77)
	at java.base/jdk.internal.reflect.DelegatingConstructorAccessorImpl.newInstance(DelegatingConstructorAccessorImpl.java:45)
	at java.base/java.lang.reflect.Constructor.newInstanceWithCaller(Constructor.java:499)
	at java.base/java.lang.reflect.Constructor.newInstance(Constructor.java:480)
	at org.openqa.selenium.remote.codec.w3c.W3CHttpResponseCodec.createException(W3CHttpResponseCodec.java:185)
	at org.openqa.selenium.remote.codec.w3c.W3CHttpResponseCodec.decode(W3CHttpResponseCodec.java:134)
	at org.openqa.selenium.remote.codec.w3c.W3CHttpResponseCodec.decode(W3CHttpResponseCodec.java:51)
	at org.openqa.selenium.remote.HttpCommandExecutor.execute(HttpCommandExecutor.java:190)
	at org.openqa.selenium.remote.service.DriverCommandExecutor.invokeExecute(DriverCommandExecutor.java:216)
	at org.openqa.selenium.remote.service.DriverCommandExecutor.execute(DriverCommandExecutor.java:174)
	at org.openqa.selenium.remote.RemoteWebDriver.execute(RemoteWebDriver.java:519)
	at org.openqa.selenium.remote.RemoteWebDriver.executeScript(RemoteWebDriver.java:464)
	at com.app.utils.Utilities.clickToElelement(Utilities.java:139)
	at com.app.stepDefs.LoginPageStepDef.userIsOnLoginPage(LoginPageStepDef.java:34)
	at ?.user is on app login page "https://www.way2automation.com/angularjs-protractor/banking/#/login"(file:///C:/GitClones/CucuTestNGReportingProProject/NewProject/src/test/resources/features/LoginPage.feature:4)
</textarea>
										</td>
									</tr>
									<tr>
										<td>Apr 2, 2024 05:03:10 pm</td>
										<td class='linked' test-id='30'>Given user is on app login page "https://www.way2automation.com/angularjs-protractor/banking/#/login"</td>
										<td>
											<textarea disabled class="code-block">org.openqa.selenium.NoSuchElementException: no such element: element not found
  (Session info: chrome=123.0.6312.86)
For documentation on this error, please visit: https://www.selenium.dev/documentation/webdriver/troubleshooting/errors#no-such-element-exception
Build info: version: '4.17.0', revision: 'e52b1be057*'
System info: os.name: 'Windows 11', os.arch: 'amd64', os.version: '10.0', java.version: '17.0.9'
Driver info: org.openqa.selenium.chrome.ChromeDriver
Command: [24365312023be3c7e58ffb1fd2776aa3, executeScript {args=[{element-6066-11e4-a52e-4f735466cecf=f.EE9C50D464B43C40F4A5647C1A96D549.d.8ED0E3FE57BC17A178E75FA78BABCBF0.e.3}], script=arguments[0].scrollIntoView(true);}]
Capabilities {acceptInsecureCerts: false, browserName: chrome, browserVersion: 123.0.6312.86, chrome: {chromedriverVersion: 123.0.6312.86 (9b72c47a0536..., userDataDir: C:\Users\HAMID_~1\AppData\L...}, fedcm:accounts: true, goog:chromeOptions: {debuggerAddress: localhost:56324}, networkConnectionEnabled: false, pageLoadStrategy: normal, platformName: windows, proxy: Proxy(), se:cdp: ws://localhost:56324/devtoo..., se:cdpVersion: 123.0.6312.86, setWindowRect: true, strictFileInteractability: false, timeouts: {implicit: 0, pageLoad: 300000, script: 30000}, unhandledPromptBehavior: dismiss and notify, webauthn:extension:credBlob: true, webauthn:extension:largeBlob: true, webauthn:extension:minPinLength: true, webauthn:extension:prf: true, webauthn:virtualAuthenticators: true}
Session ID: 24365312023be3c7e58ffb1fd2776aa3
	at java.base/jdk.internal.reflect.NativeConstructorAccessorImpl.newInstance0(Native Method)
	at java.base/jdk.internal.reflect.NativeConstructorAccessorImpl.newInstance(NativeConstructorAccessorImpl.java:77)
	at java.base/jdk.internal.reflect.DelegatingConstructorAccessorImpl.newInstance(DelegatingConstructorAccessorImpl.java:45)
	at java.base/java.lang.reflect.Constructor.newInstanceWithCaller(Constructor.java:499)
	at java.base/java.lang.reflect.Constructor.newInstance(Constructor.java:480)
	at org.openqa.selenium.remote.codec.w3c.W3CHttpResponseCodec.createException(W3CHttpResponseCodec.java:185)
	at org.openqa.selenium.remote.codec.w3c.W3CHttpResponseCodec.decode(W3CHttpResponseCodec.java:134)
	at org.openqa.selenium.remote.codec.w3c.W3CHttpResponseCodec.decode(W3CHttpResponseCodec.java:51)
	at org.openqa.selenium.remote.HttpCommandExecutor.execute(HttpCommandExecutor.java:190)
	at org.openqa.selenium.remote.service.DriverCommandExecutor.invokeExecute(DriverCommandExecutor.java:216)
	at org.openqa.selenium.remote.service.DriverCommandExecutor.execute(DriverCommandExecutor.java:174)
	at org.openqa.selenium.remote.RemoteWebDriver.execute(RemoteWebDriver.java:519)
	at org.openqa.selenium.remote.RemoteWebDriver.executeScript(RemoteWebDriver.java:464)
	at com.app.utils.Utilities.clickToElelement(Utilities.java:139)
	at com.app.stepDefs.LoginPageStepDef.userIsOnLoginPage(LoginPageStepDef.java:34)
	at ?.user is on app login page "https://www.way2automation.com/angularjs-protractor/banking/#/login"(file:///C:/GitClones/CucuTestNGReportingProProject/NewProject/src/test/resources/features/LoginPage.feature:4)
</textarea>
										</td>
									</tr>
									<tr>
										<td>Apr 2, 2024 05:03:09 pm</td>
										<td class='linked' test-id='27'>Given user is on app login page "https://www.way2automation.com/angularjs-protractor/banking/#/login"</td>
										<td>
											<textarea disabled class="code-block">org.openqa.selenium.NoSuchElementException: no such element: element not found
  (Session info: chrome=123.0.6312.86)
For documentation on this error, please visit: https://www.selenium.dev/documentation/webdriver/troubleshooting/errors#no-such-element-exception
Build info: version: '4.17.0', revision: 'e52b1be057*'
System info: os.name: 'Windows 11', os.arch: 'amd64', os.version: '10.0', java.version: '17.0.9'
Driver info: org.openqa.selenium.chrome.ChromeDriver
Command: [24365312023be3c7e58ffb1fd2776aa3, executeScript {args=[{element-6066-11e4-a52e-4f735466cecf=f.EE9C50D464B43C40F4A5647C1A96D549.d.8ED0E3FE57BC17A178E75FA78BABCBF0.e.3}], script=arguments[0].scrollIntoView(true);}]
Capabilities {acceptInsecureCerts: false, browserName: chrome, browserVersion: 123.0.6312.86, chrome: {chromedriverVersion: 123.0.6312.86 (9b72c47a0536..., userDataDir: C:\Users\HAMID_~1\AppData\L...}, fedcm:accounts: true, goog:chromeOptions: {debuggerAddress: localhost:56324}, networkConnectionEnabled: false, pageLoadStrategy: normal, platformName: windows, proxy: Proxy(), se:cdp: ws://localhost:56324/devtoo..., se:cdpVersion: 123.0.6312.86, setWindowRect: true, strictFileInteractability: false, timeouts: {implicit: 0, pageLoad: 300000, script: 30000}, unhandledPromptBehavior: dismiss and notify, webauthn:extension:credBlob: true, webauthn:extension:largeBlob: true, webauthn:extension:minPinLength: true, webauthn:extension:prf: true, webauthn:virtualAuthenticators: true}
Session ID: 24365312023be3c7e58ffb1fd2776aa3
	at java.base/jdk.internal.reflect.NativeConstructorAccessorImpl.newInstance0(Native Method)
	at java.base/jdk.internal.reflect.NativeConstructorAccessorImpl.newInstance(NativeConstructorAccessorImpl.java:77)
	at java.base/jdk.internal.reflect.DelegatingConstructorAccessorImpl.newInstance(DelegatingConstructorAccessorImpl.java:45)
	at java.base/java.lang.reflect.Constructor.newInstanceWithCaller(Constructor.java:499)
	at java.base/java.lang.reflect.Constructor.newInstance(Constructor.java:480)
	at org.openqa.selenium.remote.codec.w3c.W3CHttpResponseCodec.createException(W3CHttpResponseCodec.java:185)
	at org.openqa.selenium.remote.codec.w3c.W3CHttpResponseCodec.decode(W3CHttpResponseCodec.java:134)
	at org.openqa.selenium.remote.codec.w3c.W3CHttpResponseCodec.decode(W3CHttpResponseCodec.java:51)
	at org.openqa.selenium.remote.HttpCommandExecutor.execute(HttpCommandExecutor.java:190)
	at org.openqa.selenium.remote.service.DriverCommandExecutor.invokeExecute(DriverCommandExecutor.java:216)
	at org.openqa.selenium.remote.service.DriverCommandExecutor.execute(DriverCommandExecutor.java:174)
	at org.openqa.selenium.remote.RemoteWebDriver.execute(RemoteWebDriver.java:519)
	at org.openqa.selenium.remote.RemoteWebDriver.executeScript(RemoteWebDriver.java:464)
	at com.app.utils.Utilities.clickToElelement(Utilities.java:139)
	at com.app.stepDefs.LoginPageStepDef.userIsOnLoginPage(LoginPageStepDef.java:34)
	at ?.user is on app login page "https://www.way2automation.com/angularjs-protractor/banking/#/login"(file:///C:/GitClones/CucuTestNGReportingProProject/NewProject/src/test/resources/features/LoginPage.feature:4)
</textarea>
										</td>
									</tr>
									<tr>
										<td>Apr 2, 2024 05:03:10 pm</td>
										<td class='linked' test-id='36'>Given user is on app login page "https://www.way2automation.com/angularjs-protractor/banking/#/login"</td>
										<td>
											<textarea disabled class="code-block">org.openqa.selenium.NoSuchElementException: no such element: element not found
  (Session info: chrome=123.0.6312.86)
For documentation on this error, please visit: https://www.selenium.dev/documentation/webdriver/troubleshooting/errors#no-such-element-exception
Build info: version: '4.17.0', revision: 'e52b1be057*'
System info: os.name: 'Windows 11', os.arch: 'amd64', os.version: '10.0', java.version: '17.0.9'
Driver info: org.openqa.selenium.chrome.ChromeDriver
Command: [24365312023be3c7e58ffb1fd2776aa3, executeScript {args=[{element-6066-11e4-a52e-4f735466cecf=f.EE9C50D464B43C40F4A5647C1A96D549.d.8ED0E3FE57BC17A178E75FA78BABCBF0.e.3}], script=arguments[0].scrollIntoView(true);}]
Capabilities {acceptInsecureCerts: false, browserName: chrome, browserVersion: 123.0.6312.86, chrome: {chromedriverVersion: 123.0.6312.86 (9b72c47a0536..., userDataDir: C:\Users\HAMID_~1\AppData\L...}, fedcm:accounts: true, goog:chromeOptions: {debuggerAddress: localhost:56324}, networkConnectionEnabled: false, pageLoadStrategy: normal, platformName: windows, proxy: Proxy(), se:cdp: ws://localhost:56324/devtoo..., se:cdpVersion: 123.0.6312.86, setWindowRect: true, strictFileInteractability: false, timeouts: {implicit: 0, pageLoad: 300000, script: 30000}, unhandledPromptBehavior: dismiss and notify, webauthn:extension:credBlob: true, webauthn:extension:largeBlob: true, webauthn:extension:minPinLength: true, webauthn:extension:prf: true, webauthn:virtualAuthenticators: true}
Session ID: 24365312023be3c7e58ffb1fd2776aa3
	at java.base/jdk.internal.reflect.NativeConstructorAccessorImpl.newInstance0(Native Method)
	at java.base/jdk.internal.reflect.NativeConstructorAccessorImpl.newInstance(NativeConstructorAccessorImpl.java:77)
	at java.base/jdk.internal.reflect.DelegatingConstructorAccessorImpl.newInstance(DelegatingConstructorAccessorImpl.java:45)
	at java.base/java.lang.reflect.Constructor.newInstanceWithCaller(Constructor.java:499)
	at java.base/java.lang.reflect.Constructor.newInstance(Constructor.java:480)
	at org.openqa.selenium.remote.codec.w3c.W3CHttpResponseCodec.createException(W3CHttpResponseCodec.java:185)
	at org.openqa.selenium.remote.codec.w3c.W3CHttpResponseCodec.decode(W3CHttpResponseCodec.java:134)
	at org.openqa.selenium.remote.codec.w3c.W3CHttpResponseCodec.decode(W3CHttpResponseCodec.java:51)
	at org.openqa.selenium.remote.HttpCommandExecutor.execute(HttpCommandExecutor.java:190)
	at org.openqa.selenium.remote.service.DriverCommandExecutor.invokeExecute(DriverCommandExecutor.java:216)
	at org.openqa.selenium.remote.service.DriverCommandExecutor.execute(DriverCommandExecutor.java:174)
	at org.openqa.selenium.remote.RemoteWebDriver.execute(RemoteWebDriver.java:519)
	at org.openqa.selenium.remote.RemoteWebDriver.executeScript(RemoteWebDriver.java:464)
	at com.app.utils.Utilities.clickToElelement(Utilities.java:139)
	at com.app.stepDefs.LoginPageStepDef.userIsOnLoginPage(LoginPageStepDef.java:34)
	at ?.user is on app login page "https://www.way2automation.com/angularjs-protractor/banking/#/login"(file:///C:/GitClones/CucuTestNGReportingProProject/NewProject/src/test/resources/features/LoginPage.feature:4)
</textarea>
										</td>
									</tr>
									<tr>
										<td>Apr 2, 2024 05:03:13 pm</td>
										<td class='linked' test-id='42'>Given user is on app login page "https://www.way2automation.com/angularjs-protractor/banking/#/login"</td>
										<td>
											<textarea disabled class="code-block">org.openqa.selenium.NoSuchElementException: no such element: element not found
  (Session info: chrome=123.0.6312.86)
For documentation on this error, please visit: https://www.selenium.dev/documentation/webdriver/troubleshooting/errors#no-such-element-exception
Build info: version: '4.17.0', revision: 'e52b1be057*'
System info: os.name: 'Windows 11', os.arch: 'amd64', os.version: '10.0', java.version: '17.0.9'
Driver info: org.openqa.selenium.chrome.ChromeDriver
Command: [24365312023be3c7e58ffb1fd2776aa3, executeScript {args=[{element-6066-11e4-a52e-4f735466cecf=f.EE9C50D464B43C40F4A5647C1A96D549.d.8ED0E3FE57BC17A178E75FA78BABCBF0.e.3}], script=arguments[0].scrollIntoView(true);}]
Capabilities {acceptInsecureCerts: false, browserName: chrome, browserVersion: 123.0.6312.86, chrome: {chromedriverVersion: 123.0.6312.86 (9b72c47a0536..., userDataDir: C:\Users\HAMID_~1\AppData\L...}, fedcm:accounts: true, goog:chromeOptions: {debuggerAddress: localhost:56324}, networkConnectionEnabled: false, pageLoadStrategy: normal, platformName: windows, proxy: Proxy(), se:cdp: ws://localhost:56324/devtoo..., se:cdpVersion: 123.0.6312.86, setWindowRect: true, strictFileInteractability: false, timeouts: {implicit: 0, pageLoad: 300000, script: 30000}, unhandledPromptBehavior: dismiss and notify, webauthn:extension:credBlob: true, webauthn:extension:largeBlob: true, webauthn:extension:minPinLength: true, webauthn:extension:prf: true, webauthn:virtualAuthenticators: true}
Session ID: 24365312023be3c7e58ffb1fd2776aa3
	at java.base/jdk.internal.reflect.NativeConstructorAccessorImpl.newInstance0(Native Method)
	at java.base/jdk.internal.reflect.NativeConstructorAccessorImpl.newInstance(NativeConstructorAccessorImpl.java:77)
	at java.base/jdk.internal.reflect.DelegatingConstructorAccessorImpl.newInstance(DelegatingConstructorAccessorImpl.java:45)
	at java.base/java.lang.reflect.Constructor.newInstanceWithCaller(Constructor.java:499)
	at java.base/java.lang.reflect.Constructor.newInstance(Constructor.java:480)
	at org.openqa.selenium.remote.codec.w3c.W3CHttpResponseCodec.createException(W3CHttpResponseCodec.java:185)
	at org.openqa.selenium.remote.codec.w3c.W3CHttpResponseCodec.decode(W3CHttpResponseCodec.java:134)
	at org.openqa.selenium.remote.codec.w3c.W3CHttpResponseCodec.decode(W3CHttpResponseCodec.java:51)
	at org.openqa.selenium.remote.HttpCommandExecutor.execute(HttpCommandExecutor.java:190)
	at org.openqa.selenium.remote.service.DriverCommandExecutor.invokeExecute(DriverCommandExecutor.java:216)
	at org.openqa.selenium.remote.service.DriverCommandExecutor.execute(DriverCommandExecutor.java:174)
	at org.openqa.selenium.remote.RemoteWebDriver.execute(RemoteWebDriver.java:519)
	at org.openqa.selenium.remote.RemoteWebDriver.executeScript(RemoteWebDriver.java:464)
	at com.app.utils.Utilities.clickToElelement(Utilities.java:139)
	at com.app.stepDefs.LoginPageStepDef.userIsOnLoginPage(LoginPageStepDef.java:34)
	at ?.user is on app login page "https://www.way2automation.com/angularjs-protractor/banking/#/login"(file:///C:/GitClones/CucuTestNGReportingProProject/NewProject/src/test/resources/features/LoginPage.feature:4)
</textarea>
										</td>
									</tr>
									<tr>
										<td>Apr 2, 2024 05:03:13 pm</td>
										<td class='linked' test-id='39'>Given user is on app login page "https://www.way2automation.com/angularjs-protractor/banking/#/login"</td>
										<td>
											<textarea disabled class="code-block">org.openqa.selenium.NoSuchElementException: no such element: element not found
  (Session info: chrome=123.0.6312.86)
For documentation on this error, please visit: https://www.selenium.dev/documentation/webdriver/troubleshooting/errors#no-such-element-exception
Build info: version: '4.17.0', revision: 'e52b1be057*'
System info: os.name: 'Windows 11', os.arch: 'amd64', os.version: '10.0', java.version: '17.0.9'
Driver info: org.openqa.selenium.chrome.ChromeDriver
Command: [24365312023be3c7e58ffb1fd2776aa3, executeScript {args=[{element-6066-11e4-a52e-4f735466cecf=f.EE9C50D464B43C40F4A5647C1A96D549.d.8ED0E3FE57BC17A178E75FA78BABCBF0.e.3}], script=arguments[0].scrollIntoView(true);}]
Capabilities {acceptInsecureCerts: false, browserName: chrome, browserVersion: 123.0.6312.86, chrome: {chromedriverVersion: 123.0.6312.86 (9b72c47a0536..., userDataDir: C:\Users\HAMID_~1\AppData\L...}, fedcm:accounts: true, goog:chromeOptions: {debuggerAddress: localhost:56324}, networkConnectionEnabled: false, pageLoadStrategy: normal, platformName: windows, proxy: Proxy(), se:cdp: ws://localhost:56324/devtoo..., se:cdpVersion: 123.0.6312.86, setWindowRect: true, strictFileInteractability: false, timeouts: {implicit: 0, pageLoad: 300000, script: 30000}, unhandledPromptBehavior: dismiss and notify, webauthn:extension:credBlob: true, webauthn:extension:largeBlob: true, webauthn:extension:minPinLength: true, webauthn:extension:prf: true, webauthn:virtualAuthenticators: true}
Session ID: 24365312023be3c7e58ffb1fd2776aa3
	at java.base/jdk.internal.reflect.NativeConstructorAccessorImpl.newInstance0(Native Method)
	at java.base/jdk.internal.reflect.NativeConstructorAccessorImpl.newInstance(NativeConstructorAccessorImpl.java:77)
	at java.base/jdk.internal.reflect.DelegatingConstructorAccessorImpl.newInstance(DelegatingConstructorAccessorImpl.java:45)
	at java.base/java.lang.reflect.Constructor.newInstanceWithCaller(Constructor.java:499)
	at java.base/java.lang.reflect.Constructor.newInstance(Constructor.java:480)
	at org.openqa.selenium.remote.codec.w3c.W3CHttpResponseCodec.createException(W3CHttpResponseCodec.java:185)
	at org.openqa.selenium.remote.codec.w3c.W3CHttpResponseCodec.decode(W3CHttpResponseCodec.java:134)
	at org.openqa.selenium.remote.codec.w3c.W3CHttpResponseCodec.decode(W3CHttpResponseCodec.java:51)
	at org.openqa.selenium.remote.HttpCommandExecutor.execute(HttpCommandExecutor.java:190)
	at org.openqa.selenium.remote.service.DriverCommandExecutor.invokeExecute(DriverCommandExecutor.java:216)
	at org.openqa.selenium.remote.service.DriverCommandExecutor.execute(DriverCommandExecutor.java:174)
	at org.openqa.selenium.remote.RemoteWebDriver.execute(RemoteWebDriver.java:519)
	at org.openqa.selenium.remote.RemoteWebDriver.executeScript(RemoteWebDriver.java:464)
	at com.app.utils.Utilities.clickToElelement(Utilities.java:139)
	at com.app.stepDefs.LoginPageStepDef.userIsOnLoginPage(LoginPageStepDef.java:34)
	at ?.user is on app login page "https://www.way2automation.com/angularjs-protractor/banking/#/login"(file:///C:/GitClones/CucuTestNGReportingProProject/NewProject/src/test/resources/features/LoginPage.feature:4)
</textarea>
										</td>
									</tr>
									<tr>
										<td>Apr 2, 2024 05:03:10 pm</td>
										<td class='linked' test-id='33'>Given user is on app login page "https://www.way2automation.com/angularjs-protractor/banking/#/login"</td>
										<td>
											<textarea disabled class="code-block">org.openqa.selenium.NoSuchElementException: no such element: element not found
  (Session info: chrome=123.0.6312.86)
For documentation on this error, please visit: https://www.selenium.dev/documentation/webdriver/troubleshooting/errors#no-such-element-exception
Build info: version: '4.17.0', revision: 'e52b1be057*'
System info: os.name: 'Windows 11', os.arch: 'amd64', os.version: '10.0', java.version: '17.0.9'
Driver info: org.openqa.selenium.chrome.ChromeDriver
Command: [24365312023be3c7e58ffb1fd2776aa3, executeScript {args=[{element-6066-11e4-a52e-4f735466cecf=f.EE9C50D464B43C40F4A5647C1A96D549.d.8ED0E3FE57BC17A178E75FA78BABCBF0.e.3}], script=arguments[0].scrollIntoView(true);}]
Capabilities {acceptInsecureCerts: false, browserName: chrome, browserVersion: 123.0.6312.86, chrome: {chromedriverVersion: 123.0.6312.86 (9b72c47a0536..., userDataDir: C:\Users\HAMID_~1\AppData\L...}, fedcm:accounts: true, goog:chromeOptions: {debuggerAddress: localhost:56324}, networkConnectionEnabled: false, pageLoadStrategy: normal, platformName: windows, proxy: Proxy(), se:cdp: ws://localhost:56324/devtoo..., se:cdpVersion: 123.0.6312.86, setWindowRect: true, strictFileInteractability: false, timeouts: {implicit: 0, pageLoad: 300000, script: 30000}, unhandledPromptBehavior: dismiss and notify, webauthn:extension:credBlob: true, webauthn:extension:largeBlob: true, webauthn:extension:minPinLength: true, webauthn:extension:prf: true, webauthn:virtualAuthenticators: true}
Session ID: 24365312023be3c7e58ffb1fd2776aa3
	at java.base/jdk.internal.reflect.NativeConstructorAccessorImpl.newInstance0(Native Method)
	at java.base/jdk.internal.reflect.NativeConstructorAccessorImpl.newInstance(NativeConstructorAccessorImpl.java:77)
	at java.base/jdk.internal.reflect.DelegatingConstructorAccessorImpl.newInstance(DelegatingConstructorAccessorImpl.java:45)
	at java.base/java.lang.reflect.Constructor.newInstanceWithCaller(Constructor.java:499)
	at java.base/java.lang.reflect.Constructor.newInstance(Constructor.java:480)
	at org.openqa.selenium.remote.codec.w3c.W3CHttpResponseCodec.createException(W3CHttpResponseCodec.java:185)
	at org.openqa.selenium.remote.codec.w3c.W3CHttpResponseCodec.decode(W3CHttpResponseCodec.java:134)
	at org.openqa.selenium.remote.codec.w3c.W3CHttpResponseCodec.decode(W3CHttpResponseCodec.java:51)
	at org.openqa.selenium.remote.HttpCommandExecutor.execute(HttpCommandExecutor.java:190)
	at org.openqa.selenium.remote.service.DriverCommandExecutor.invokeExecute(DriverCommandExecutor.java:216)
	at org.openqa.selenium.remote.service.DriverCommandExecutor.execute(DriverCommandExecutor.java:174)
	at org.openqa.selenium.remote.RemoteWebDriver.execute(RemoteWebDriver.java:519)
	at org.openqa.selenium.remote.RemoteWebDriver.executeScript(RemoteWebDriver.java:464)
	at com.app.utils.Utilities.clickToElelement(Utilities.java:139)
	at com.app.stepDefs.LoginPageStepDef.userIsOnLoginPage(LoginPageStepDef.java:34)
	at ?.user is on app login page "https://www.way2automation.com/angularjs-protractor/banking/#/login"(file:///C:/GitClones/CucuTestNGReportingProProject/NewProject/src/test/resources/features/LoginPage.feature:4)
</textarea>
										</td>
									</tr>
									<tr>
										<td>Apr 2, 2024 05:03:14 pm</td>
										<td class='linked' test-id='45'>Given user is on app login page "https://www.way2automation.com/angularjs-protractor/banking/#/login"</td>
										<td>
											<textarea disabled class="code-block">org.openqa.selenium.NoSuchElementException: no such element: element not found
  (Session info: chrome=123.0.6312.86)
For documentation on this error, please visit: https://www.selenium.dev/documentation/webdriver/troubleshooting/errors#no-such-element-exception
Build info: version: '4.17.0', revision: 'e52b1be057*'
System info: os.name: 'Windows 11', os.arch: 'amd64', os.version: '10.0', java.version: '17.0.9'
Driver info: org.openqa.selenium.chrome.ChromeDriver
Command: [24365312023be3c7e58ffb1fd2776aa3, executeScript {args=[{element-6066-11e4-a52e-4f735466cecf=f.EE9C50D464B43C40F4A5647C1A96D549.d.8ED0E3FE57BC17A178E75FA78BABCBF0.e.3}], script=arguments[0].scrollIntoView(true);}]
Capabilities {acceptInsecureCerts: false, browserName: chrome, browserVersion: 123.0.6312.86, chrome: {chromedriverVersion: 123.0.6312.86 (9b72c47a0536..., userDataDir: C:\Users\HAMID_~1\AppData\L...}, fedcm:accounts: true, goog:chromeOptions: {debuggerAddress: localhost:56324}, networkConnectionEnabled: false, pageLoadStrategy: normal, platformName: windows, proxy: Proxy(), se:cdp: ws://localhost:56324/devtoo..., se:cdpVersion: 123.0.6312.86, setWindowRect: true, strictFileInteractability: false, timeouts: {implicit: 0, pageLoad: 300000, script: 30000}, unhandledPromptBehavior: dismiss and notify, webauthn:extension:credBlob: true, webauthn:extension:largeBlob: true, webauthn:extension:minPinLength: true, webauthn:extension:prf: true, webauthn:virtualAuthenticators: true}
Session ID: 24365312023be3c7e58ffb1fd2776aa3
	at java.base/jdk.internal.reflect.NativeConstructorAccessorImpl.newInstance0(Native Method)
	at java.base/jdk.internal.reflect.NativeConstructorAccessorImpl.newInstance(NativeConstructorAccessorImpl.java:77)
	at java.base/jdk.internal.reflect.DelegatingConstructorAccessorImpl.newInstance(DelegatingConstructorAccessorImpl.java:45)
	at java.base/java.lang.reflect.Constructor.newInstanceWithCaller(Constructor.java:499)
	at java.base/java.lang.reflect.Constructor.newInstance(Constructor.java:480)
	at org.openqa.selenium.remote.codec.w3c.W3CHttpResponseCodec.createException(W3CHttpResponseCodec.java:185)
	at org.openqa.selenium.remote.codec.w3c.W3CHttpResponseCodec.decode(W3CHttpResponseCodec.java:134)
	at org.openqa.selenium.remote.codec.w3c.W3CHttpResponseCodec.decode(W3CHttpResponseCodec.java:51)
	at org.openqa.selenium.remote.HttpCommandExecutor.execute(HttpCommandExecutor.java:190)
	at org.openqa.selenium.remote.service.DriverCommandExecutor.invokeExecute(DriverCommandExecutor.java:216)
	at org.openqa.selenium.remote.service.DriverCommandExecutor.execute(DriverCommandExecutor.java:174)
	at org.openqa.selenium.remote.RemoteWebDriver.execute(RemoteWebDriver.java:519)
	at org.openqa.selenium.remote.RemoteWebDriver.executeScript(RemoteWebDriver.java:464)
	at com.app.utils.Utilities.clickToElelement(Utilities.java:139)
	at com.app.stepDefs.LoginPageStepDef.userIsOnLoginPage(LoginPageStepDef.java:34)
	at ?.user is on app login page "https://www.way2automation.com/angularjs-protractor/banking/#/login"(file:///C:/GitClones/CucuTestNGReportingProProject/NewProject/src/test/resources/features/LoginPage.feature:4)
</textarea>
										</td>
									</tr>
								</tbody>
							</table>
						</div>
					</div>
				</li>
			</ul>
		</div>
	</div>
	<div class='subview-right left'>
		<div class='view-summary'>
			<h5 class='exception-name'></h5>
		</div>
	</div>
</div>
<!-- exception view --><div id='dashboard-view' class='view hide'>
	<div class='card-panel transparent np-v'>
		<h5>Dashboard</h5>

		<div class='row'>
			<div class='col s2'>
				<div class='card-panel r'>
					Features
					<div class='panel-lead'>1</div>
				</div>
			</div>
			<div class='col s2'>
				<div class='card-panel r'>
					Scenarios
					<div class='panel-lead'>11</div>
				</div>
			</div>
			<div class='col s2'>
				<div class='card-panel r'>
					Steps
					<div class='panel-lead'>53</div>
				</div>
			</div>
			<div class='col s2'>
				<div class='card-panel r'>
					Start
					<div class='panel-lead'>Apr 2, 2024 05:02:59 pm</div>
				</div>
			</div>
			<div class='col s2'>
				<div class='card-panel r'>
			 		End
			 		<div class='panel-lead'>Apr 2, 2024 05:04:30 pm</div>
				</div>
			</div>
			<div class='col s2'>
				<div class='card-panel r'>
					Time Taken
					<div class='panel-lead'>00 01 30.955</div>
				</div>
			</div>
			<div class='col s6'>
				<div class='card-panel dashboard-categories'>
					<span class='right label cyan white-text'>Categories</span><p>&nbsp;</p>
					
					<table>
						<tr>
							<th>Name</th>
							<th>Passed</th>
							<th>Failed</th>
							<th>Skipped</th>
							<th>Passed %</th>
						</tr>
						<tr>
							<td>@tag3</td>
							<td>1</td>
							<td>0</td>
							<td>0</td>
							<td>
									100%
							</td>
						</tr>
						<tr>
							<td>@UI</td>
							<td>3</td>
							<td>8</td>
							<td>0</td>
							<td>
									27.273%
							</td>
						</tr>
						<tr>
							<td>@tag1</td>
							<td>3</td>
							<td>8</td>
							<td>0</td>
							<td>
									27.273%
							</td>
						</tr>
						<tr>
							<td>@tag2</td>
							<td>2</td>
							<td>8</td>
							<td>0</td>
							<td>
									20%
							</td>
						</tr>
					</table>
				</div>
			</div>
		</div>
	</div>
</div>
<!-- dashboard view -->
		</div>
		<!-- container -->
		<script>
			var statusGroup = {
                parentCount: 1,
				passParent: 0,
				failParent: 1,
				fatalParent: 0,
				errorParent: 0,
				warningParent: 0,
				skipParent: 0,
				childCount: 11,
				passChild: 3,
				failChild: 8,
				fatalChild: 0,
				errorChild: 0,
				warningChild: 0,
				skipChild: 0,
				infoChild: 0,
				grandChildCount: 53,
				passGrandChild: 21,
				failGrandChild: 8,
				fatalGrandChild: 0,
				errorGrandChild: 0,
				warningGrandChild: 0,
				skipGrandChild: 24,
				infoGrandChild: 0,
			};
			</script>
		
		<script>
			var timeline = {
			        "Login feature":90.015
			};
		</script>
		
		  <script src='http://cdn.jsdelivr.net/gh/extent-framework/extent-github-cdn@ff53917fbbdb5ef820abbbe4d199a6942dc771ff/v3html/js/extent.js' type='text/javascript'></script>
		
		
		<script type='text/javascript'>
				
		</script> 

	</body>
</html>