

<!DOCTYPE html>
<html>
<head>
<meta charset="utf-8">
<meta name="viewport" content="width=device-width, initial-scale=1, shrink-to-fit=no">
<title>Test Execution Report</title>
<link rel="apple-touch-icon" href="https://cdn.jsdelivr.net/gh/extent-framework/extent-github-cdn@b00a2d0486596e73dd7326beacf352c639623a0e/commons/img/logo.png">
<link rel="shortcut icon" href="https://cdn.jsdelivr.net/gh/extent-framework/extent-github-cdn@b00a2d0486596e73dd7326beacf352c639623a0e/commons/img/logo.png">
<link href="https://cdn.jsdelivr.net/gh/extent-framework/extent-github-cdn@c43b89d03a7c43dae8bb8f0f078bad1997af6b3b/spark/css/spark-style.css" rel="stylesheet" />
<link href="https://stackpath.bootstrapcdn.com/font-awesome/4.7.0/css/font-awesome.min.css" rel="stylesheet">
<script src="https://cdn.rawgit.com/extent-framework/extent-github-cdn/7cc78ce/spark/js/jsontree.js"></script>
<style type="text/css"></style></head><body class="spa bdd-report standard">
  <div class="app">
    <div class="layout">
<div class="header navbar">
<div class="vheader">
<div class="nav-logo">
<a href="#">
<div class="logo" style="background-image: url('https://cdn.jsdelivr.net/gh/extent-framework/extent-github-cdn@b00a2d0486596e73dd7326beacf352c639623a0e/commons/img/logo.png')"></div>
</a>
</div>
<ul class="nav-left">
<li class="search-box">
<a class="search-toggle" href="#">
<i class="search-icon fa fa-search"></i>
<i class="search-icon-close fa fa-close"></i>
</a>
</li>
<li class="search-input"><input id="search-tests" class="form-control" type="text" placeholder="Search..."></li>
</ul>
<ul class="nav-right">
<li class="m-r-10">
<a href="#"><span class="badge badge-primary">Test automation</span></a>
</li>
<li class="m-r-10">
<a href="#"><span class="badge badge-primary">Apr 2, 2024 05:02:59 pm</span></a>
</li>
</ul>
</div>
</div><div class="side-nav">
<div class="side-nav-inner">
<ul class="side-nav-menu">
<li class="nav-item dropdown" onclick="toggleView('dashboard-view')">
<a id="nav-dashboard" class="dropdown-toggle" href="#">
<span class="ico"><i class="fa fa-bar-chart"></i></span>
</a>
</li>
<li class="nav-item dropdown" onclick="toggleView('test-view')">
<a id="nav-test" class="dropdown-toggle" href="#">
<span class="ico"><i class="fa fa-list"></i></span>
</a>
</li>
<li class="nav-item dropdown" onclick="toggleView('category-view')">
<a id="nav-category" class="dropdown-toggle" href="#">
<span class="ico"><i class="fa fa-tag"></i></span>
</a>
</li>
<li class="nav-item dropdown" onclick="toggleView('exception-view')">
<a id="nav-exception" class="dropdown-toggle" href="#">
<span class="ico"><i class="fa fa-bug"></i></span>
</a>
</li>
</ul>
</div>
</div>      <div class="vcontainer">
        <div class="main-content">
<div class="container-fluid p-4 view dashboard-view">
<div class="row">
<div class="col-md-3">
<div class="card"><div class="card-body">
<p class="m-b-0">Started</p>
<h3>Apr 2, 2024 05:02:59 pm</h3>
</div></div>
</div>
<div class="col-md-3">
<div class="card"><div class="card-body">
<p class="m-b-0">Ended</p>
<h3>Apr 2, 2024 05:04:30 pm</h3>
</div></div>
</div>
<div class="col-md-3">
<div class="card"><div class="card-body">
<p class="m-b-0 text-pass">Features Passed</p>
<h3>0</h3>
</div></div>
</div>
<div class="col-md-3">
<div class="card"><div class="card-body">
<p class="m-b-0 text-fail">Features Failed</p>
<h3>1</h3>
</div></div>
</div>
</div>
<div class="row">
<div class="col-md-4">
<div class="card">
<div class="card-header">
<h6 class="card-title">Features</h6>
</div>
<div class="card-body">
<div class="">
<canvas id='parent-analysis' width='115' height='90'></canvas>
</div>
</div>
<div class="card-footer">
<div><small data-tooltip='0%'>
<b>0</b> features passed
</small>
</div>
<div>
<small data-tooltip='100%'><b>1</b> features failed,
<b>0</b> skipped, <b data-tooltip='0%'>0</b> others
</small>
</div>
</div>
</div>
</div>
<div class="col-md-4">
<div class="card">
<div class="card-header">
<h6 class="card-title">Scenarios</h6>
</div>
<div class="card-body">
<div class="">
<canvas id='child-analysis' width='115' height='90'></canvas>
</div>
</div>
<div class="card-footer">
<div><small data-tooltip='27%'><b>3</b> scenarios passed</small></div>
<div>
<small data-tooltip='72%'><b>8</b> scenarios failed,
<b>0</b> skipped, <b data-tooltip='%'>0</b> others
</small>
</div>
</div>
</div>
</div>
<div class="col-md-4">
<div class="card">
<div class="card-header">
<h6 class="card-title">Steps</h6>
</div>
<div class="card-body">
<div class="">
<canvas id='grandchild-analysis' width='115' height='90'></canvas>
</div>
</div>
<div class="card-footer">
<div><small data-tooltip='39%'><b>21</b> steps passed</small></div>
<div>
<small data-tooltip='15%'><b>8</b> steps failed,
<b>24</b> skipped, <b data-tooltip='%'>0</b> others
</small>
</div>
</div>
</div>
</div>
</div>
<div class="row"><div class="col-md-12">
<div class="card"><div class="card-header"><p>Timeline</p></div>
<div class="card-body pt-0"><div>
<canvas id="timeline" height="120"></canvas>
</div></div>
</div>
</div></div>
<script>
var timeline = {
"Login feature":90.015
};
</script>
<div class="row">
<div class="col-md-4 category-container">
<div class="card">
<div class="card-header"><p>Tags</p></div>
<div class="card-body pb-0 pt-0"><table class="table table-sm table-bordered">
<thead><tr class="bg-gray"><th>Name</th><th>Passed</th><th>Failed</th><th>Skipped</th><th>Others</th><th>Passed %</th></tr></thead><tbody>
<tr>
<td>@tag3</td>
<td>1</td>
<td>0</td>
<td>0</td>
<td>0</td>
<td>100%</td>
</tr>
<tr>
<td>@UI</td>
<td>3</td>
<td>8</td>
<td>0</td>
<td>0</td>
<td>27.273%</td>
</tr>
<tr>
<td>@tag1</td>
<td>3</td>
<td>8</td>
<td>0</td>
<td>0</td>
<td>27.273%</td>
</tr>
<tr>
<td>@tag2</td>
<td>2</td>
<td>8</td>
<td>0</td>
<td>0</td>
<td>20%</td>
</tr>
</tbody>
</table></div>
</div>
</div>
</div>
</div>
<script>
var statusGroup = {
parentCount: 5,
passParent: 0,
failParent: 1,
warningParent: 0,
skipParent: 0,
childCount: 5,
passChild: 3,
failChild: 8,
warningChild: 0,
skipChild: 0,
infoChild: 0,
grandChildCount: 5,
passGrandChild: 21,
failGrandChild: 8,
warningGrandChild: 0,
skipGrandChild: 24,
infoGrandChild: 0,
eventsCount: 5,
};
</script><div class="test-wrapper row view test-view">
  <div class="test-list">
    <div class="test-list-tools">
<ul class="tools pull-left">
<li><a href="#"><span class="font-size-14">Tests</span></a></li>
</ul>
<ul class="tools text-right">
<li class="dropdown">
<a href="#" class="dropdown-toggle" data-toggle="dropdown"><i class="fa fa-exclamation-circle"></i></a>
<ul id="status-toggle" class="dropdown-menu dropdown-md p-v-0">
<a class="dropdown-item" status="fail" href="#"><span>Fail</span><span class="status danger"></span></a>
<div class="dropdown-divider"></div>
<a status="clear" class="dropdown-item" href="#"><span>Clear</span><span class="pull-right"><i class="fa fa-close"></i></span></a>
</ul>
</li>
<li class="dropdown">
<a href="#" class="dropdown-toggle" data-toggle="dropdown"><i class="fa fa-tag"></i></a>
<ul id="tag-toggle" class="dropdown-menu dropdown-md p-v-0">
<a class="dropdown-item" href="#">@tag3</a><a class="dropdown-item" href="#">@UI</a><a class="dropdown-item" href="#">@tag1</a><a class="dropdown-item" href="#">@tag2</a>
</ul>
</li>
</ul>
</div>    <div class="test-list-wrapper scrollable">
      <ul class="test-list-item">
        <li class="test-item"  status="fail" test-id="1"
          author=""
          tag=""
          device="">
          <div class="test-detail">
            <p class="name">Login feature</p>
            <p class="text-sm">
              <span>17:03:00 pm</span> / <span>31:30:015</span>
              <span class="badge fail-bg log float-right">Fail</span>
            </p>
          </div>
          <div class="test-contents d-none">
<div class="detail-head">
<div class="p-v-10">
<div class="info">
<h5 class="test-status text-fail">Login feature</h5>
<span class='badge badge-success'>04.02.2024 17:03:00</span>
<span class='badge badge-danger'>04.02.2024 17:04:30</span>
<span class='badge badge-default'>31:30:015</span>
&middot; <span class='uri-anchor badge badge-default'>#test-id=1</span>
</div>
<div class="m-t-10 m-l-5"></div>
</div>
</div>
<div class="accordion mt-4">
  <div class="card">
    <div class="card-header" role="tab">
      <div class="card-title">
        <div class="node" id="2"><span class="badge log fail-bg mr-2">Fail</span>Logging in to the system scenrio two</div>
          <div class="status-avatar float-right mr-4">
            <i class="fa fa-paperclip"></i>
          </div>
      </div>
    </div>
        <div class="">
          <div class="card-body">
              <div class="step fail-bg" title="com.app.stepDefs.LoginPageStepDef.userIsOnLoginPage(java.lang.String)">
                <span>Given user is on app login page "https://www.way2automation.com/angularjs-protractor/banking/#/login"</span>
      <div>
        <textarea disabled class="code-block">org.openqa.selenium.NoSuchElementException: no such element: element not found
  (Session info: chrome=123.0.6312.86)
For documentation on this error, please visit: https://www.selenium.dev/documentation/webdriver/troubleshooting/errors#no-such-element-exception
Build info: version: '4.17.0', revision: 'e52b1be057*'
System info: os.name: 'Windows 11', os.arch: 'amd64', os.version: '10.0', java.version: '17.0.9'
Driver info: org.openqa.selenium.chrome.ChromeDriver
Command: [568903681d396dc08c180a20dbad00cf, executeScript {args=[{element-6066-11e4-a52e-4f735466cecf=f.AF0C58B1B71D8DB30E21A6FB8447CA73.d.616C5DEF0C083EF46187023D9D6B6062.e.2}], script=arguments[0].scrollIntoView(true);}]
Capabilities {acceptInsecureCerts: false, browserName: chrome, browserVersion: 123.0.6312.86, chrome: {chromedriverVersion: 123.0.6312.86 (9b72c47a0536..., userDataDir: C:\Users\HAMID_~1\AppData\L...}, fedcm:accounts: true, goog:chromeOptions: {debuggerAddress: localhost:56388}, networkConnectionEnabled: false, pageLoadStrategy: normal, platformName: windows, proxy: Proxy(), se:cdp: ws://localhost:56388/devtoo..., se:cdpVersion: 123.0.6312.86, setWindowRect: true, strictFileInteractability: false, timeouts: {implicit: 0, pageLoad: 300000, script: 30000}, unhandledPromptBehavior: dismiss and notify, webauthn:extension:credBlob: true, webauthn:extension:largeBlob: true, webauthn:extension:minPinLength: true, webauthn:extension:prf: true, webauthn:virtualAuthenticators: true}
Session ID: 568903681d396dc08c180a20dbad00cf
	at java.base/jdk.internal.reflect.NativeConstructorAccessorImpl.newInstance0(Native Method)
	at java.base/jdk.internal.reflect.NativeConstructorAccessorImpl.newInstance(NativeConstructorAccessorImpl.java:77)
	at java.base/jdk.internal.reflect.DelegatingConstructorAccessorImpl.newInstance(DelegatingConstructorAccessorImpl.java:45)
	at java.base/java.lang.reflect.Constructor.newInstanceWithCaller(Constructor.java:499)
	at java.base/java.lang.reflect.Constructor.newInstance(Constructor.java:480)
	at org.openqa.selenium.remote.codec.w3c.W3CHttpResponseCodec.createException(W3CHttpResponseCodec.java:185)
	at org.openqa.selenium.remote.codec.w3c.W3CHttpResponseCodec.decode(W3CHttpResponseCodec.java:134)
	at org.openqa.selenium.remote.codec.w3c.W3CHttpResponseCodec.decode(W3CHttpResponseCodec.java:51)
	at org.openqa.selenium.remote.HttpCommandExecutor.execute(HttpCommandExecutor.java:190)
	at org.openqa.selenium.remote.service.DriverCommandExecutor.invokeExecute(DriverCommandExecutor.java:216)
	at org.openqa.selenium.remote.service.DriverCommandExecutor.execute(DriverCommandExecutor.java:174)
	at org.openqa.selenium.remote.RemoteWebDriver.execute(RemoteWebDriver.java:519)
	at org.openqa.selenium.remote.RemoteWebDriver.executeScript(RemoteWebDriver.java:464)
	at com.app.utils.Utilities.clickToElelement(Utilities.java:139)
	at com.app.stepDefs.LoginPageStepDef.userIsOnLoginPage(LoginPageStepDef.java:34)
	at ?.user is on app login page "https://www.way2automation.com/angularjs-protractor/banking/#/login"(file:///C:/GitClones/CucuTestNGReportingProProject/NewProject/src/test/resources/features/LoginPage.feature:4)
</textarea>
      
      </div>
              </div>
              <div class="step skip-bg" title="com.app.stepDefs.LoginPageStepDef.userLogsIntoSystem()">
                <span>Then User logs into the system</span>
      <div>Step skipped
      </div>
              </div>
              <div class="step skip-bg" title="com.app.stepDefs.LoginPageStepDef.userLogsOutTheSystem()">
                <span>Then User logs out the system</span>
      <div>Step skipped
      </div>
              </div>
              <div class="step skip-bg" title="com.app.stepDefs.LoginPageStepDef.userNavigatesToPage(java.lang.String)">
                <span>Then user navigates to "https://yahoo.com"</span>
      <div>Step skipped
      </div>
              </div>
              <div class="step pass-bg" title="AFTER">
                <span>com.app.Hooks.ApplicationHooks.After_UI(io.cucumber.java.Scenario)</span>
      <div>
          <div class="row mb-3"><div class="col-md-3">
    <img data-featherlight='./Screenshots/embedded6.png' src="./Screenshots/embedded6.png">
    
    </div></div>
</div>
      <div>
      </div>
              </div>
          </div>
        </div>
  </div>
  <div class="card">
    <div class="card-header" role="tab">
      <div class="card-title">
        <div class="node" id="3"><span class="badge log fail-bg mr-2">Fail</span>Logging in to the system scenrio two</div>
          <div class="status-avatar float-right mr-4">
            <i class="fa fa-paperclip"></i>
          </div>
      </div>
    </div>
        <div class="">
          <div class="card-body">
              <div class="step fail-bg" title="com.app.stepDefs.LoginPageStepDef.userIsOnLoginPage(java.lang.String)">
                <span>Given user is on app login page "https://www.way2automation.com/angularjs-protractor/banking/#/login"</span>
      <div>
        <textarea disabled class="code-block">org.openqa.selenium.NoSuchElementException: no such element: element not found
  (Session info: chrome=123.0.6312.86)
For documentation on this error, please visit: https://www.selenium.dev/documentation/webdriver/troubleshooting/errors#no-such-element-exception
Build info: version: '4.17.0', revision: 'e52b1be057*'
System info: os.name: 'Windows 11', os.arch: 'amd64', os.version: '10.0', java.version: '17.0.9'
Driver info: org.openqa.selenium.chrome.ChromeDriver
Command: [24365312023be3c7e58ffb1fd2776aa3, executeScript {args=[{element-6066-11e4-a52e-4f735466cecf=f.EE9C50D464B43C40F4A5647C1A96D549.d.8ED0E3FE57BC17A178E75FA78BABCBF0.e.3}], script=arguments[0].scrollIntoView(true);}]
Capabilities {acceptInsecureCerts: false, browserName: chrome, browserVersion: 123.0.6312.86, chrome: {chromedriverVersion: 123.0.6312.86 (9b72c47a0536..., userDataDir: C:\Users\HAMID_~1\AppData\L...}, fedcm:accounts: true, goog:chromeOptions: {debuggerAddress: localhost:56324}, networkConnectionEnabled: false, pageLoadStrategy: normal, platformName: windows, proxy: Proxy(), se:cdp: ws://localhost:56324/devtoo..., se:cdpVersion: 123.0.6312.86, setWindowRect: true, strictFileInteractability: false, timeouts: {implicit: 0, pageLoad: 300000, script: 30000}, unhandledPromptBehavior: dismiss and notify, webauthn:extension:credBlob: true, webauthn:extension:largeBlob: true, webauthn:extension:minPinLength: true, webauthn:extension:prf: true, webauthn:virtualAuthenticators: true}
Session ID: 24365312023be3c7e58ffb1fd2776aa3
	at java.base/jdk.internal.reflect.NativeConstructorAccessorImpl.newInstance0(Native Method)
	at java.base/jdk.internal.reflect.NativeConstructorAccessorImpl.newInstance(NativeConstructorAccessorImpl.java:77)
	at java.base/jdk.internal.reflect.DelegatingConstructorAccessorImpl.newInstance(DelegatingConstructorAccessorImpl.java:45)
	at java.base/java.lang.reflect.Constructor.newInstanceWithCaller(Constructor.java:499)
	at java.base/java.lang.reflect.Constructor.newInstance(Constructor.java:480)
	at org.openqa.selenium.remote.codec.w3c.W3CHttpResponseCodec.createException(W3CHttpResponseCodec.java:185)
	at org.openqa.selenium.remote.codec.w3c.W3CHttpResponseCodec.decode(W3CHttpResponseCodec.java:134)
	at org.openqa.selenium.remote.codec.w3c.W3CHttpResponseCodec.decode(W3CHttpResponseCodec.java:51)
	at org.openqa.selenium.remote.HttpCommandExecutor.execute(HttpCommandExecutor.java:190)
	at org.openqa.selenium.remote.service.DriverCommandExecutor.invokeExecute(DriverCommandExecutor.java:216)
	at org.openqa.selenium.remote.service.DriverCommandExecutor.execute(DriverCommandExecutor.java:174)
	at org.openqa.selenium.remote.RemoteWebDriver.execute(RemoteWebDriver.java:519)
	at org.openqa.selenium.remote.RemoteWebDriver.executeScript(RemoteWebDriver.java:464)
	at com.app.utils.Utilities.clickToElelement(Utilities.java:139)
	at com.app.stepDefs.LoginPageStepDef.userIsOnLoginPage(LoginPageStepDef.java:34)
	at ?.user is on app login page "https://www.way2automation.com/angularjs-protractor/banking/#/login"(file:///C:/GitClones/CucuTestNGReportingProProject/NewProject/src/test/resources/features/LoginPage.feature:4)
</textarea>
      
      </div>
              </div>
              <div class="step skip-bg" title="com.app.stepDefs.LoginPageStepDef.userLogsIntoSystem()">
                <span>Then User logs into the system</span>
      <div>Step skipped
      </div>
              </div>
              <div class="step skip-bg" title="com.app.stepDefs.LoginPageStepDef.userLogsOutTheSystem()">
                <span>Then User logs out the system</span>
      <div>Step skipped
      </div>
              </div>
              <div class="step skip-bg" title="com.app.stepDefs.LoginPageStepDef.userNavigatesToPage(java.lang.String)">
                <span>Then user navigates to "https://yahoo.com"</span>
      <div>Step skipped
      </div>
              </div>
              <div class="step pass-bg" title="AFTER">
                <span>com.app.Hooks.ApplicationHooks.After_UI(io.cucumber.java.Scenario)</span>
      <div>
          <div class="row mb-3"><div class="col-md-3">
    <img data-featherlight='./Screenshots/embedded1.png' src="./Screenshots/embedded1.png">
    
    </div></div>
</div>
      <div>
      </div>
              </div>
          </div>
        </div>
  </div>
  <div class="card">
    <div class="card-header" role="tab">
      <div class="card-title">
        <div class="node" id="4"><span class="badge log fail-bg mr-2">Fail</span>Logging in to the system scenrio two</div>
          <div class="status-avatar float-right mr-4">
            <i class="fa fa-paperclip"></i>
          </div>
      </div>
    </div>
        <div class="">
          <div class="card-body">
              <div class="step fail-bg" title="com.app.stepDefs.LoginPageStepDef.userIsOnLoginPage(java.lang.String)">
                <span>Given user is on app login page "https://www.way2automation.com/angularjs-protractor/banking/#/login"</span>
      <div>
        <textarea disabled class="code-block">org.openqa.selenium.NoSuchElementException: no such element: element not found
  (Session info: chrome=123.0.6312.86)
For documentation on this error, please visit: https://www.selenium.dev/documentation/webdriver/troubleshooting/errors#no-such-element-exception
Build info: version: '4.17.0', revision: 'e52b1be057*'
System info: os.name: 'Windows 11', os.arch: 'amd64', os.version: '10.0', java.version: '17.0.9'
Driver info: org.openqa.selenium.chrome.ChromeDriver
Command: [e854ad120caa62ef5c6353b4a2572ddf, executeScript {args=[{element-6066-11e4-a52e-4f735466cecf=f.AF0C58B1B71D8DB30E21A6FB8447CA73.d.616C5DEF0C083EF46187023D9D6B6062.e.2}], script=arguments[0].scrollIntoView(true);}]
Capabilities {acceptInsecureCerts: false, browserName: chrome, browserVersion: 123.0.6312.86, chrome: {chromedriverVersion: 123.0.6312.86 (9b72c47a0536..., userDataDir: C:\Users\HAMID_~1\AppData\L...}, fedcm:accounts: true, goog:chromeOptions: {debuggerAddress: localhost:56309}, networkConnectionEnabled: false, pageLoadStrategy: normal, platformName: windows, proxy: Proxy(), se:cdp: ws://localhost:56309/devtoo..., se:cdpVersion: 123.0.6312.86, setWindowRect: true, strictFileInteractability: false, timeouts: {implicit: 0, pageLoad: 300000, script: 30000}, unhandledPromptBehavior: dismiss and notify, webauthn:extension:credBlob: true, webauthn:extension:largeBlob: true, webauthn:extension:minPinLength: true, webauthn:extension:prf: true, webauthn:virtualAuthenticators: true}
Session ID: e854ad120caa62ef5c6353b4a2572ddf
	at java.base/jdk.internal.reflect.NativeConstructorAccessorImpl.newInstance0(Native Method)
	at java.base/jdk.internal.reflect.NativeConstructorAccessorImpl.newInstance(NativeConstructorAccessorImpl.java:77)
	at java.base/jdk.internal.reflect.DelegatingConstructorAccessorImpl.newInstance(DelegatingConstructorAccessorImpl.java:45)
	at java.base/java.lang.reflect.Constructor.newInstanceWithCaller(Constructor.java:499)
	at java.base/java.lang.reflect.Constructor.newInstance(Constructor.java:480)
	at org.openqa.selenium.remote.codec.w3c.W3CHttpResponseCodec.createException(W3CHttpResponseCodec.java:185)
	at org.openqa.selenium.remote.codec.w3c.W3CHttpResponseCodec.decode(W3CHttpResponseCodec.java:134)
	at org.openqa.selenium.remote.codec.w3c.W3CHttpResponseCodec.decode(W3CHttpResponseCodec.java:51)
	at org.openqa.selenium.remote.HttpCommandExecutor.execute(HttpCommandExecutor.java:190)
	at org.openqa.selenium.remote.service.DriverCommandExecutor.invokeExecute(DriverCommandExecutor.java:216)
	at org.openqa.selenium.remote.service.DriverCommandExecutor.execute(DriverCommandExecutor.java:174)
	at org.openqa.selenium.remote.RemoteWebDriver.execute(RemoteWebDriver.java:519)
	at org.openqa.selenium.remote.RemoteWebDriver.executeScript(RemoteWebDriver.java:464)
	at com.app.utils.Utilities.clickToElelement(Utilities.java:139)
	at com.app.stepDefs.LoginPageStepDef.userIsOnLoginPage(LoginPageStepDef.java:34)
	at ?.user is on app login page "https://www.way2automation.com/angularjs-protractor/banking/#/login"(file:///C:/GitClones/CucuTestNGReportingProProject/NewProject/src/test/resources/features/LoginPage.feature:4)
</textarea>
      
      </div>
              </div>
              <div class="step skip-bg" title="com.app.stepDefs.LoginPageStepDef.userLogsIntoSystem()">
                <span>Then User logs into the system</span>
      <div>Step skipped
      </div>
              </div>
              <div class="step skip-bg" title="com.app.stepDefs.LoginPageStepDef.userLogsOutTheSystem()">
                <span>Then User logs out the system</span>
      <div>Step skipped
      </div>
              </div>
              <div class="step skip-bg" title="com.app.stepDefs.LoginPageStepDef.userNavigatesToPage(java.lang.String)">
                <span>Then user navigates to "https://yahoo.com"</span>
      <div>Step skipped
      </div>
              </div>
              <div class="step pass-bg" title="AFTER">
                <span>com.app.Hooks.ApplicationHooks.After_UI(io.cucumber.java.Scenario)</span>
      <div>
          <div class="row mb-3"><div class="col-md-3">
    <img data-featherlight='./Screenshots/embedded4.png' src="./Screenshots/embedded4.png">
    
    </div></div>
</div>
      <div>
      </div>
              </div>
          </div>
        </div>
  </div>
  <div class="card">
    <div class="card-header" role="tab">
      <div class="card-title">
        <div class="node" id="5"><span class="badge log pass-bg mr-2">Pass</span>Logging in to the system scenrio two</div>
          <div class="status-avatar float-right mr-4">
            <i class="fa fa-paperclip"></i>
          </div>
      </div>
    </div>
        <div class="collapse">
          <div class="card-body">
              <div class="step pass-bg" title="com.app.stepDefs.LoginPageStepDef.userIsOnLoginPage(java.lang.String)">
                <span>Given user is on app login page "https://www.way2automation.com/angularjs-protractor/banking/#/login"</span>
      <div>
      </div>
              </div>
              <div class="step pass-bg" title="com.app.stepDefs.LoginPageStepDef.userLogsIntoSystem()">
                <span>Then User logs into the system</span>
      <div>Step in report using ExtentCucumberAdapter.addTestStepLog
      </div>
      <div>
      </div>
              </div>
              <div class="step pass-bg" title="com.app.stepDefs.LoginPageStepDef.userLogsOutTheSystem()">
                <span>Then User logs out the system</span>
      <div>
      </div>
              </div>
              <div class="step pass-bg" title="com.app.stepDefs.LoginPageStepDef.userNavigatesToPage(java.lang.String)">
                <span>Then user navigates to "https://yahoo.com"</span>
      <div>
          <div class="row mb-3"><div class="col-md-3">
    <img data-featherlight='./Screenshots/embedded9.png' src="./Screenshots/embedded9.png">
    
    </div></div>
</div>
      <div>
      </div>
              </div>
          </div>
        </div>
  </div>
  <div class="card">
    <div class="card-header" role="tab">
      <div class="card-title">
        <div class="node" id="6"><span class="badge log fail-bg mr-2">Fail</span>Logging in to the system scenrio two</div>
          <div class="status-avatar float-right mr-4">
            <i class="fa fa-paperclip"></i>
          </div>
      </div>
    </div>
        <div class="">
          <div class="card-body">
              <div class="step fail-bg" title="com.app.stepDefs.LoginPageStepDef.userIsOnLoginPage(java.lang.String)">
                <span>Given user is on app login page "https://www.way2automation.com/angularjs-protractor/banking/#/login"</span>
      <div>
        <textarea disabled class="code-block">org.openqa.selenium.NoSuchElementException: no such element: element not found
  (Session info: chrome=123.0.6312.86)
For documentation on this error, please visit: https://www.selenium.dev/documentation/webdriver/troubleshooting/errors#no-such-element-exception
Build info: version: '4.17.0', revision: 'e52b1be057*'
System info: os.name: 'Windows 11', os.arch: 'amd64', os.version: '10.0', java.version: '17.0.9'
Driver info: org.openqa.selenium.chrome.ChromeDriver
Command: [bb7f13373bd2a4c69ee9b896c117ce31, executeScript {args=[{element-6066-11e4-a52e-4f735466cecf=f.AF0C58B1B71D8DB30E21A6FB8447CA73.d.616C5DEF0C083EF46187023D9D6B6062.e.2}], script=arguments[0].scrollIntoView(true);}]
Capabilities {acceptInsecureCerts: false, browserName: chrome, browserVersion: 123.0.6312.86, chrome: {chromedriverVersion: 123.0.6312.86 (9b72c47a0536..., userDataDir: C:\Users\HAMID_~1\AppData\L...}, fedcm:accounts: true, goog:chromeOptions: {debuggerAddress: localhost:56414}, networkConnectionEnabled: false, pageLoadStrategy: normal, platformName: windows, proxy: Proxy(), se:cdp: ws://localhost:56414/devtoo..., se:cdpVersion: 123.0.6312.86, setWindowRect: true, strictFileInteractability: false, timeouts: {implicit: 0, pageLoad: 300000, script: 30000}, unhandledPromptBehavior: dismiss and notify, webauthn:extension:credBlob: true, webauthn:extension:largeBlob: true, webauthn:extension:minPinLength: true, webauthn:extension:prf: true, webauthn:virtualAuthenticators: true}
Session ID: bb7f13373bd2a4c69ee9b896c117ce31
	at java.base/jdk.internal.reflect.NativeConstructorAccessorImpl.newInstance0(Native Method)
	at java.base/jdk.internal.reflect.NativeConstructorAccessorImpl.newInstance(NativeConstructorAccessorImpl.java:77)
	at java.base/jdk.internal.reflect.DelegatingConstructorAccessorImpl.newInstance(DelegatingConstructorAccessorImpl.java:45)
	at java.base/java.lang.reflect.Constructor.newInstanceWithCaller(Constructor.java:499)
	at java.base/java.lang.reflect.Constructor.newInstance(Constructor.java:480)
	at org.openqa.selenium.remote.codec.w3c.W3CHttpResponseCodec.createException(W3CHttpResponseCodec.java:185)
	at org.openqa.selenium.remote.codec.w3c.W3CHttpResponseCodec.decode(W3CHttpResponseCodec.java:134)
	at org.openqa.selenium.remote.codec.w3c.W3CHttpResponseCodec.decode(W3CHttpResponseCodec.java:51)
	at org.openqa.selenium.remote.HttpCommandExecutor.execute(HttpCommandExecutor.java:190)
	at org.openqa.selenium.remote.service.DriverCommandExecutor.invokeExecute(DriverCommandExecutor.java:216)
	at org.openqa.selenium.remote.service.DriverCommandExecutor.execute(DriverCommandExecutor.java:174)
	at org.openqa.selenium.remote.RemoteWebDriver.execute(RemoteWebDriver.java:519)
	at org.openqa.selenium.remote.RemoteWebDriver.executeScript(RemoteWebDriver.java:464)
	at com.app.utils.Utilities.clickToElelement(Utilities.java:139)
	at com.app.stepDefs.LoginPageStepDef.userIsOnLoginPage(LoginPageStepDef.java:34)
	at ?.user is on app login page "https://www.way2automation.com/angularjs-protractor/banking/#/login"(file:///C:/GitClones/CucuTestNGReportingProProject/NewProject/src/test/resources/features/LoginPage.feature:4)
</textarea>
      
      </div>
              </div>
              <div class="step skip-bg" title="com.app.stepDefs.LoginPageStepDef.userLogsIntoSystem()">
                <span>Then User logs into the system</span>
      <div>Step skipped
      </div>
              </div>
              <div class="step skip-bg" title="com.app.stepDefs.LoginPageStepDef.userLogsOutTheSystem()">
                <span>Then User logs out the system</span>
      <div>Step skipped
      </div>
              </div>
              <div class="step skip-bg" title="com.app.stepDefs.LoginPageStepDef.userNavigatesToPage(java.lang.String)">
                <span>Then user navigates to "https://yahoo.com"</span>
      <div>Step skipped
      </div>
              </div>
              <div class="step pass-bg" title="AFTER">
                <span>com.app.Hooks.ApplicationHooks.After_UI(io.cucumber.java.Scenario)</span>
      <div>
          <div class="row mb-3"><div class="col-md-3">
    <img data-featherlight='./Screenshots/embedded5.png' src="./Screenshots/embedded5.png">
    
    </div></div>
</div>
      <div>
      </div>
              </div>
          </div>
        </div>
  </div>
  <div class="card">
    <div class="card-header" role="tab">
      <div class="card-title">
        <div class="node" id="7"><span class="badge log fail-bg mr-2">Fail</span>Logging in to the system scenrio two</div>
          <div class="status-avatar float-right mr-4">
            <i class="fa fa-paperclip"></i>
          </div>
      </div>
    </div>
        <div class="">
          <div class="card-body">
              <div class="step fail-bg" title="com.app.stepDefs.LoginPageStepDef.userIsOnLoginPage(java.lang.String)">
                <span>Given user is on app login page "https://www.way2automation.com/angularjs-protractor/banking/#/login"</span>
      <div>
        <textarea disabled class="code-block">org.openqa.selenium.NoSuchElementException: no such element: element not found
  (Session info: chrome=123.0.6312.86)
For documentation on this error, please visit: https://www.selenium.dev/documentation/webdriver/troubleshooting/errors#no-such-element-exception
Build info: version: '4.17.0', revision: 'e52b1be057*'
System info: os.name: 'Windows 11', os.arch: 'amd64', os.version: '10.0', java.version: '17.0.9'
Driver info: org.openqa.selenium.chrome.ChromeDriver
Command: [88f6d86815bcea08688a0f7b4dc87710, executeScript {args=[{element-6066-11e4-a52e-4f735466cecf=f.EE9C50D464B43C40F4A5647C1A96D549.d.8ED0E3FE57BC17A178E75FA78BABCBF0.e.3}], script=arguments[0].scrollIntoView(true);}]
Capabilities {acceptInsecureCerts: false, browserName: chrome, browserVersion: 123.0.6312.86, chrome: {chromedriverVersion: 123.0.6312.86 (9b72c47a0536..., userDataDir: C:\Users\HAMID_~1\AppData\L...}, fedcm:accounts: true, goog:chromeOptions: {debuggerAddress: localhost:56336}, networkConnectionEnabled: false, pageLoadStrategy: normal, platformName: windows, proxy: Proxy(), se:cdp: ws://localhost:56336/devtoo..., se:cdpVersion: 123.0.6312.86, setWindowRect: true, strictFileInteractability: false, timeouts: {implicit: 0, pageLoad: 300000, script: 30000}, unhandledPromptBehavior: dismiss and notify, webauthn:extension:credBlob: true, webauthn:extension:largeBlob: true, webauthn:extension:minPinLength: true, webauthn:extension:prf: true, webauthn:virtualAuthenticators: true}
Session ID: 88f6d86815bcea08688a0f7b4dc87710
	at java.base/jdk.internal.reflect.NativeConstructorAccessorImpl.newInstance0(Native Method)
	at java.base/jdk.internal.reflect.NativeConstructorAccessorImpl.newInstance(NativeConstructorAccessorImpl.java:77)
	at java.base/jdk.internal.reflect.DelegatingConstructorAccessorImpl.newInstance(DelegatingConstructorAccessorImpl.java:45)
	at java.base/java.lang.reflect.Constructor.newInstanceWithCaller(Constructor.java:499)
	at java.base/java.lang.reflect.Constructor.newInstance(Constructor.java:480)
	at org.openqa.selenium.remote.codec.w3c.W3CHttpResponseCodec.createException(W3CHttpResponseCodec.java:185)
	at org.openqa.selenium.remote.codec.w3c.W3CHttpResponseCodec.decode(W3CHttpResponseCodec.java:134)
	at org.openqa.selenium.remote.codec.w3c.W3CHttpResponseCodec.decode(W3CHttpResponseCodec.java:51)
	at org.openqa.selenium.remote.HttpCommandExecutor.execute(HttpCommandExecutor.java:190)
	at org.openqa.selenium.remote.service.DriverCommandExecutor.invokeExecute(DriverCommandExecutor.java:216)
	at org.openqa.selenium.remote.service.DriverCommandExecutor.execute(DriverCommandExecutor.java:174)
	at org.openqa.selenium.remote.RemoteWebDriver.execute(RemoteWebDriver.java:519)
	at org.openqa.selenium.remote.RemoteWebDriver.executeScript(RemoteWebDriver.java:464)
	at com.app.utils.Utilities.clickToElelement(Utilities.java:139)
	at com.app.stepDefs.LoginPageStepDef.userIsOnLoginPage(LoginPageStepDef.java:34)
	at ?.user is on app login page "https://www.way2automation.com/angularjs-protractor/banking/#/login"(file:///C:/GitClones/CucuTestNGReportingProProject/NewProject/src/test/resources/features/LoginPage.feature:4)
</textarea>
      
      </div>
              </div>
              <div class="step skip-bg" title="com.app.stepDefs.LoginPageStepDef.userLogsIntoSystem()">
                <span>Then User logs into the system</span>
      <div>Step skipped
      </div>
              </div>
              <div class="step skip-bg" title="com.app.stepDefs.LoginPageStepDef.userLogsOutTheSystem()">
                <span>Then User logs out the system</span>
      <div>Step skipped
      </div>
              </div>
              <div class="step skip-bg" title="com.app.stepDefs.LoginPageStepDef.userNavigatesToPage(java.lang.String)">
                <span>Then user navigates to "https://yahoo.com"</span>
      <div>Step skipped
      </div>
              </div>
              <div class="step pass-bg" title="AFTER">
                <span>com.app.Hooks.ApplicationHooks.After_UI(io.cucumber.java.Scenario)</span>
      <div>
          <div class="row mb-3"><div class="col-md-3">
    <img data-featherlight='./Screenshots/embedded2.png' src="./Screenshots/embedded2.png">
    
    </div></div>
</div>
      <div>
      </div>
              </div>
          </div>
        </div>
  </div>
  <div class="card">
    <div class="card-header" role="tab">
      <div class="card-title">
        <div class="node" id="9"><span class="badge log fail-bg mr-2">Fail</span>Logging in to the system scenrio two</div>
          <div class="status-avatar float-right mr-4">
            <i class="fa fa-paperclip"></i>
          </div>
      </div>
    </div>
        <div class="">
          <div class="card-body">
              <div class="step fail-bg" title="com.app.stepDefs.LoginPageStepDef.userIsOnLoginPage(java.lang.String)">
                <span>Given user is on app login page "https://www.way2automation.com/angularjs-protractor/banking/#/login"</span>
      <div>
        <textarea disabled class="code-block">org.openqa.selenium.NoSuchElementException: no such element: element not found
  (Session info: chrome=123.0.6312.86)
For documentation on this error, please visit: https://www.selenium.dev/documentation/webdriver/troubleshooting/errors#no-such-element-exception
Build info: version: '4.17.0', revision: 'e52b1be057*'
System info: os.name: 'Windows 11', os.arch: 'amd64', os.version: '10.0', java.version: '17.0.9'
Driver info: org.openqa.selenium.chrome.ChromeDriver
Command: [edb9fe0e99ebfc63d45777c0cff9f106, executeScript {args=[{element-6066-11e4-a52e-4f735466cecf=f.AF0C58B1B71D8DB30E21A6FB8447CA73.d.616C5DEF0C083EF46187023D9D6B6062.e.2}], script=arguments[0].scrollIntoView(true);}]
Capabilities {acceptInsecureCerts: false, browserName: chrome, browserVersion: 123.0.6312.86, chrome: {chromedriverVersion: 123.0.6312.86 (9b72c47a0536..., userDataDir: C:\Users\HAMID_~1\AppData\L...}, fedcm:accounts: true, goog:chromeOptions: {debuggerAddress: localhost:56303}, networkConnectionEnabled: false, pageLoadStrategy: normal, platformName: windows, proxy: Proxy(), se:cdp: ws://localhost:56303/devtoo..., se:cdpVersion: 123.0.6312.86, setWindowRect: true, strictFileInteractability: false, timeouts: {implicit: 0, pageLoad: 300000, script: 30000}, unhandledPromptBehavior: dismiss and notify, webauthn:extension:credBlob: true, webauthn:extension:largeBlob: true, webauthn:extension:minPinLength: true, webauthn:extension:prf: true, webauthn:virtualAuthenticators: true}
Session ID: edb9fe0e99ebfc63d45777c0cff9f106
	at java.base/jdk.internal.reflect.NativeConstructorAccessorImpl.newInstance0(Native Method)
	at java.base/jdk.internal.reflect.NativeConstructorAccessorImpl.newInstance(NativeConstructorAccessorImpl.java:77)
	at java.base/jdk.internal.reflect.DelegatingConstructorAccessorImpl.newInstance(DelegatingConstructorAccessorImpl.java:45)
	at java.base/java.lang.reflect.Constructor.newInstanceWithCaller(Constructor.java:499)
	at java.base/java.lang.reflect.Constructor.newInstance(Constructor.java:480)
	at org.openqa.selenium.remote.codec.w3c.W3CHttpResponseCodec.createException(W3CHttpResponseCodec.java:185)
	at org.openqa.selenium.remote.codec.w3c.W3CHttpResponseCodec.decode(W3CHttpResponseCodec.java:134)
	at org.openqa.selenium.remote.codec.w3c.W3CHttpResponseCodec.decode(W3CHttpResponseCodec.java:51)
	at org.openqa.selenium.remote.HttpCommandExecutor.execute(HttpCommandExecutor.java:190)
	at org.openqa.selenium.remote.service.DriverCommandExecutor.invokeExecute(DriverCommandExecutor.java:216)
	at org.openqa.selenium.remote.service.DriverCommandExecutor.execute(DriverCommandExecutor.java:174)
	at org.openqa.selenium.remote.RemoteWebDriver.execute(RemoteWebDriver.java:519)
	at org.openqa.selenium.remote.RemoteWebDriver.executeScript(RemoteWebDriver.java:464)
	at com.app.utils.Utilities.clickToElelement(Utilities.java:139)
	at com.app.stepDefs.LoginPageStepDef.userIsOnLoginPage(LoginPageStepDef.java:34)
	at ?.user is on app login page "https://www.way2automation.com/angularjs-protractor/banking/#/login"(file:///C:/GitClones/CucuTestNGReportingProProject/NewProject/src/test/resources/features/LoginPage.feature:4)
</textarea>
      
      </div>
              </div>
              <div class="step skip-bg" title="com.app.stepDefs.LoginPageStepDef.userLogsIntoSystem()">
                <span>Then User logs into the system</span>
      <div>Step skipped
      </div>
              </div>
              <div class="step skip-bg" title="com.app.stepDefs.LoginPageStepDef.userLogsOutTheSystem()">
                <span>Then User logs out the system</span>
      <div>Step skipped
      </div>
              </div>
              <div class="step skip-bg" title="com.app.stepDefs.LoginPageStepDef.userNavigatesToPage(java.lang.String)">
                <span>Then user navigates to "https://yahoo.com"</span>
      <div>Step skipped
      </div>
              </div>
              <div class="step pass-bg" title="AFTER">
                <span>com.app.Hooks.ApplicationHooks.After_UI(io.cucumber.java.Scenario)</span>
      <div>
          <div class="row mb-3"><div class="col-md-3">
    <img data-featherlight='./Screenshots/embedded3.png' src="./Screenshots/embedded3.png">
    
    </div></div>
</div>
      <div>
      </div>
              </div>
          </div>
        </div>
  </div>
  <div class="card">
    <div class="card-header" role="tab">
      <div class="card-title">
        <div class="node" id="10"><span class="badge log fail-bg mr-2">Fail</span>Logging in to the system scenrio two</div>
          <div class="status-avatar float-right mr-4">
            <i class="fa fa-paperclip"></i>
          </div>
      </div>
    </div>
        <div class="">
          <div class="card-body">
              <div class="step fail-bg" title="com.app.stepDefs.LoginPageStepDef.userIsOnLoginPage(java.lang.String)">
                <span>Given user is on app login page "https://www.way2automation.com/angularjs-protractor/banking/#/login"</span>
      <div>
        <textarea disabled class="code-block">org.openqa.selenium.NoSuchElementException: no such element: element not found
  (Session info: chrome=123.0.6312.86)
For documentation on this error, please visit: https://www.selenium.dev/documentation/webdriver/troubleshooting/errors#no-such-element-exception
Build info: version: '4.17.0', revision: 'e52b1be057*'
System info: os.name: 'Windows 11', os.arch: 'amd64', os.version: '10.0', java.version: '17.0.9'
Driver info: org.openqa.selenium.chrome.ChromeDriver
Command: [2dbe932371af54e85aa3acc6319f0092, executeScript {args=[{element-6066-11e4-a52e-4f735466cecf=f.AF0C58B1B71D8DB30E21A6FB8447CA73.d.616C5DEF0C083EF46187023D9D6B6062.e.2}], script=arguments[0].scrollIntoView(true);}]
Capabilities {acceptInsecureCerts: false, browserName: chrome, browserVersion: 123.0.6312.86, chrome: {chromedriverVersion: 123.0.6312.86 (9b72c47a0536..., userDataDir: C:\Users\HAMID_~1\AppData\L...}, fedcm:accounts: true, goog:chromeOptions: {debuggerAddress: localhost:56354}, networkConnectionEnabled: false, pageLoadStrategy: normal, platformName: windows, proxy: Proxy(), se:cdp: ws://localhost:56354/devtoo..., se:cdpVersion: 123.0.6312.86, setWindowRect: true, strictFileInteractability: false, timeouts: {implicit: 0, pageLoad: 300000, script: 30000}, unhandledPromptBehavior: dismiss and notify, webauthn:extension:credBlob: true, webauthn:extension:largeBlob: true, webauthn:extension:minPinLength: true, webauthn:extension:prf: true, webauthn:virtualAuthenticators: true}
Session ID: 2dbe932371af54e85aa3acc6319f0092
	at java.base/jdk.internal.reflect.NativeConstructorAccessorImpl.newInstance0(Native Method)
	at java.base/jdk.internal.reflect.NativeConstructorAccessorImpl.newInstance(NativeConstructorAccessorImpl.java:77)
	at java.base/jdk.internal.reflect.DelegatingConstructorAccessorImpl.newInstance(DelegatingConstructorAccessorImpl.java:45)
	at java.base/java.lang.reflect.Constructor.newInstanceWithCaller(Constructor.java:499)
	at java.base/java.lang.reflect.Constructor.newInstance(Constructor.java:480)
	at org.openqa.selenium.remote.codec.w3c.W3CHttpResponseCodec.createException(W3CHttpResponseCodec.java:185)
	at org.openqa.selenium.remote.codec.w3c.W3CHttpResponseCodec.decode(W3CHttpResponseCodec.java:134)
	at org.openqa.selenium.remote.codec.w3c.W3CHttpResponseCodec.decode(W3CHttpResponseCodec.java:51)
	at org.openqa.selenium.remote.HttpCommandExecutor.execute(HttpCommandExecutor.java:190)
	at org.openqa.selenium.remote.service.DriverCommandExecutor.invokeExecute(DriverCommandExecutor.java:216)
	at org.openqa.selenium.remote.service.DriverCommandExecutor.execute(DriverCommandExecutor.java:174)
	at org.openqa.selenium.remote.RemoteWebDriver.execute(RemoteWebDriver.java:519)
	at org.openqa.selenium.remote.RemoteWebDriver.executeScript(RemoteWebDriver.java:464)
	at com.app.utils.Utilities.clickToElelement(Utilities.java:139)
	at com.app.stepDefs.LoginPageStepDef.userIsOnLoginPage(LoginPageStepDef.java:34)
	at ?.user is on app login page "https://www.way2automation.com/angularjs-protractor/banking/#/login"(file:///C:/GitClones/CucuTestNGReportingProProject/NewProject/src/test/resources/features/LoginPage.feature:4)
</textarea>
      
      </div>
              </div>
              <div class="step skip-bg" title="com.app.stepDefs.LoginPageStepDef.userLogsIntoSystem()">
                <span>Then User logs into the system</span>
      <div>Step skipped
      </div>
              </div>
              <div class="step skip-bg" title="com.app.stepDefs.LoginPageStepDef.userLogsOutTheSystem()">
                <span>Then User logs out the system</span>
      <div>Step skipped
      </div>
              </div>
              <div class="step skip-bg" title="com.app.stepDefs.LoginPageStepDef.userNavigatesToPage(java.lang.String)">
                <span>Then user navigates to "https://yahoo.com"</span>
      <div>Step skipped
      </div>
              </div>
              <div class="step pass-bg" title="AFTER">
                <span>com.app.Hooks.ApplicationHooks.After_UI(io.cucumber.java.Scenario)</span>
      <div>
          <div class="row mb-3"><div class="col-md-3">
    <img data-featherlight='./Screenshots/embedded7.png' src="./Screenshots/embedded7.png">
    
    </div></div>
</div>
      <div>
      </div>
              </div>
          </div>
        </div>
  </div>
  <div class="card">
    <div class="card-header" role="tab">
      <div class="card-title">
        <div class="node" id="11"><span class="badge log pass-bg mr-2">Pass</span>Logging in to the system scenrio one</div>
          <div class="status-avatar float-right mr-4">
            <i class="fa fa-paperclip"></i>
          </div>
      </div>
    </div>
        <div class="collapse">
          <div class="card-body">
              <div class="step pass-bg" title="com.app.stepDefs.LoginPageStepDef.userIsOnLoginPage(java.lang.String)">
                <span>Given user is on app login page "https://www.way2automation.com/angularjs-protractor/banking/#/login"</span>
      <div>
      </div>
              </div>
              <div class="step pass-bg" title="com.app.stepDefs.LoginPageStepDef.userLogsIntoSystem()">
                <span>Then User logs into the system</span>
      <div>Step in report using ExtentCucumberAdapter.addTestStepLog
      </div>
      <div>
      </div>
              </div>
              <div class="step pass-bg" title="com.app.stepDefs.LoginPageStepDef.userLogsOutTheSystem()">
                <span>Then User logs out the system</span>
      <div>
      </div>
              </div>
              <div class="step pass-bg" title="com.app.stepDefs.LoginPageStepDef.userNavigatesToPage(java.lang.String)">
                <span>Then user navigates to "https://cucumber.io/"</span>
      <div>
          <div class="row mb-3"><div class="col-md-3">
    <img data-featherlight='./Screenshots/embedded10.png' src="./Screenshots/embedded10.png">
    
    </div></div>
</div>
      <div>
      </div>
              </div>
          </div>
        </div>
  </div>
  <div class="card">
    <div class="card-header" role="tab">
      <div class="card-title">
        <div class="node" id="16"><span class="badge log fail-bg mr-2">Fail</span>Logging in to the system scenrio two</div>
          <div class="status-avatar float-right mr-4">
            <i class="fa fa-paperclip"></i>
          </div>
      </div>
    </div>
        <div class="">
          <div class="card-body">
              <div class="step fail-bg" title="com.app.stepDefs.LoginPageStepDef.userIsOnLoginPage(java.lang.String)">
                <span>Given user is on app login page "https://www.way2automation.com/angularjs-protractor/banking/#/login"</span>
      <div>
        <textarea disabled class="code-block">org.openqa.selenium.NoSuchElementException: no such element: element not found
  (Session info: chrome=123.0.6312.86)
For documentation on this error, please visit: https://www.selenium.dev/documentation/webdriver/troubleshooting/errors#no-such-element-exception
Build info: version: '4.17.0', revision: 'e52b1be057*'
System info: os.name: 'Windows 11', os.arch: 'amd64', os.version: '10.0', java.version: '17.0.9'
Driver info: org.openqa.selenium.chrome.ChromeDriver
Command: [dbe9dfa1cc91cb1412328903c8596b5c, executeScript {args=[{element-6066-11e4-a52e-4f735466cecf=f.AF0C58B1B71D8DB30E21A6FB8447CA73.d.616C5DEF0C083EF46187023D9D6B6062.e.2}], script=arguments[0].scrollIntoView(true);}]
Capabilities {acceptInsecureCerts: false, browserName: chrome, browserVersion: 123.0.6312.86, chrome: {chromedriverVersion: 123.0.6312.86 (9b72c47a0536..., userDataDir: C:\Users\HAMID_~1\AppData\L...}, fedcm:accounts: true, goog:chromeOptions: {debuggerAddress: localhost:56433}, networkConnectionEnabled: false, pageLoadStrategy: normal, platformName: windows, proxy: Proxy(), se:cdp: ws://localhost:56433/devtoo..., se:cdpVersion: 123.0.6312.86, setWindowRect: true, strictFileInteractability: false, timeouts: {implicit: 0, pageLoad: 300000, script: 30000}, unhandledPromptBehavior: dismiss and notify, webauthn:extension:credBlob: true, webauthn:extension:largeBlob: true, webauthn:extension:minPinLength: true, webauthn:extension:prf: true, webauthn:virtualAuthenticators: true}
Session ID: dbe9dfa1cc91cb1412328903c8596b5c
	at java.base/jdk.internal.reflect.NativeConstructorAccessorImpl.newInstance0(Native Method)
	at java.base/jdk.internal.reflect.NativeConstructorAccessorImpl.newInstance(NativeConstructorAccessorImpl.java:77)
	at java.base/jdk.internal.reflect.DelegatingConstructorAccessorImpl.newInstance(DelegatingConstructorAccessorImpl.java:45)
	at java.base/java.lang.reflect.Constructor.newInstanceWithCaller(Constructor.java:499)
	at java.base/java.lang.reflect.Constructor.newInstance(Constructor.java:480)
	at org.openqa.selenium.remote.codec.w3c.W3CHttpResponseCodec.createException(W3CHttpResponseCodec.java:185)
	at org.openqa.selenium.remote.codec.w3c.W3CHttpResponseCodec.decode(W3CHttpResponseCodec.java:134)
	at org.openqa.selenium.remote.codec.w3c.W3CHttpResponseCodec.decode(W3CHttpResponseCodec.java:51)
	at org.openqa.selenium.remote.HttpCommandExecutor.execute(HttpCommandExecutor.java:190)
	at org.openqa.selenium.remote.service.DriverCommandExecutor.invokeExecute(DriverCommandExecutor.java:216)
	at org.openqa.selenium.remote.service.DriverCommandExecutor.execute(DriverCommandExecutor.java:174)
	at org.openqa.selenium.remote.RemoteWebDriver.execute(RemoteWebDriver.java:519)
	at org.openqa.selenium.remote.RemoteWebDriver.executeScript(RemoteWebDriver.java:464)
	at com.app.utils.Utilities.clickToElelement(Utilities.java:139)
	at com.app.stepDefs.LoginPageStepDef.userIsOnLoginPage(LoginPageStepDef.java:34)
	at ?.user is on app login page "https://www.way2automation.com/angularjs-protractor/banking/#/login"(file:///C:/GitClones/CucuTestNGReportingProProject/NewProject/src/test/resources/features/LoginPage.feature:4)
</textarea>
      
      </div>
              </div>
              <div class="step skip-bg" title="com.app.stepDefs.LoginPageStepDef.userLogsIntoSystem()">
                <span>Then User logs into the system</span>
      <div>Step skipped
      </div>
              </div>
              <div class="step skip-bg" title="com.app.stepDefs.LoginPageStepDef.userLogsOutTheSystem()">
                <span>Then User logs out the system</span>
      <div>Step skipped
      </div>
              </div>
              <div class="step skip-bg" title="com.app.stepDefs.LoginPageStepDef.userNavigatesToPage(java.lang.String)">
                <span>Then user navigates to "https://yahoo.com"</span>
      <div>Step skipped
      </div>
              </div>
              <div class="step pass-bg" title="AFTER">
                <span>com.app.Hooks.ApplicationHooks.After_UI(io.cucumber.java.Scenario)</span>
      <div>
          <div class="row mb-3"><div class="col-md-3">
    <img data-featherlight='./Screenshots/embedded8.png' src="./Screenshots/embedded8.png">
    
    </div></div>
</div>
      <div>
      </div>
              </div>
          </div>
        </div>
  </div>
  <div class="card">
    <div class="card-header" role="tab">
      <div class="card-title">
        <div class="node" id="132"><span class="badge log pass-bg mr-2">Pass</span>Logging in to the system scenrio three</div>
          <div class="status-avatar float-right mr-4">
            <i class="fa fa-paperclip"></i>
          </div>
      </div>
    </div>
        <div class="collapse">
          <div class="card-body">
              <div class="step pass-bg" title="com.app.stepDefs.LoginPageStepDef.userIsOnLoginPage(java.lang.String)">
                <span>Given user is on app login page "https://www.way2automation.com/angularjs-protractor/banking/#/login"</span>
      <div>
      </div>
              </div>
              <div class="step pass-bg" title="com.app.stepDefs.LoginPageStepDef.userNavigatesToPage(java.lang.String)">
                <span>Then user navigates to "https://youtube.com"</span>
      <div>
          <div class="row mb-3"><div class="col-md-3">
    <img data-featherlight='./Screenshots/embedded11.png' src="./Screenshots/embedded11.png">
    
    </div></div>
</div>
      <div>
      </div>
              </div>
              <div class="step pass-bg" title="com.app.stepDefs.MoneyCtrlPageStepDef.userNavigatesToPage(java.lang.String,java.lang.String)">
                <span>Then fetch "% Gain" for company "ONGC"</span>
      <div>Value of <b>% Gain</b> for company <b>ONGC</b> is <b>0.96</b>
      </div>
      <div>
          <div class="row mb-3"><div class="col-md-3">
    <img data-featherlight='./Screenshots/embedded12.png' src="./Screenshots/embedded12.png">
    
    </div></div>
</div>
      <div>
      </div>
              </div>
              <div class="step pass-bg" title="com.app.stepDefs.MoneyCtrlPageStepDef.userNavigatesToPage(java.lang.String,java.lang.String)">
                <span>Then fetch "High" for company "Nestle"</span>
      <div>Value of <b>High</b> for company <b>Nestle</b> is <b>2,630.00</b>
      </div>
      <div>
          <div class="row mb-3"><div class="col-md-3">
    <img data-featherlight='./Screenshots/embedded13.png' src="./Screenshots/embedded13.png">
    
    </div></div>
</div>
      <div>
      </div>
              </div>
              <div class="step pass-bg" title="com.app.stepDefs.MoneyCtrlPageStepDef.userNavigatesToPage(java.lang.String,java.lang.String)">
                <span>Then fetch "Low" for company "Nestle"</span>
      <div>Value of <b>Low</b> for company <b>Nestle</b> is <b>2,583.00</b>
      </div>
      <div>
          <div class="row mb-3"><div class="col-md-3">
    <img data-featherlight='./Screenshots/embedded14.png' src="./Screenshots/embedded14.png">
    
    </div></div>
</div>
      <div>
      </div>
              </div>
          </div>
        </div>
  </div>
</div>
          </div>
        </li>
      </ul>
    </div>
  </div>
<div class="test-content scrollable">
<div class="test-content-tools">
<ul><li><a class="back-to-test" href="#"><i class="fa fa-arrow-left"></i></a></li></ul>
</div>
<div class="test-content-detail"><div class="detail-body"></div></div>
</div></div>
<div class="test-wrapper row view category-view attributes-view">
<div class="test-list">
<div class="test-list-tools">
<ul class="tools pull-left"><li><a href=""><span class="font-size-14">Category</span></a></li></ul>
<ul class="tools text-right"><li><a href="#"><span class="badge badge-primary">4</span></a></li></ul>
</div>
<div class="test-list-wrapper scrollable">
<ul class="test-list-item">
<li class="test-item">
<div class="test-detail">
<span class="meta">
<span class='badge log pass-bg'>1</span>
</span>
<p class="name">@tag3</p>
<p class="duration text-sm">1 tests</p>
</div>
<div class="test-contents d-none">
<div class="info">
<h4>@tag3</h4>
<span status="pass" class='badge log pass-bg'>1 passed</span>
</div>
<table class='table table-sm mt-4'>
<thead>
<tr>
<th class="status-col">Status</th>
<th class="timestamp-col">Timestamp</th>
<th>TestName</th>
</tr>
</thead>
<tbody>
<tr class="tag-test-status" status="pass">
<td><span class="badge log pass-bg">Pass</span></td>
<td>17:03:22 pm</td>
<td>
<a href="#" class="linked" test-id='1' id='132'>Logging in to the system scenrio three</a>
<div class="">
<span class="badge badge-default">Login feature.Logging in to the system scenrio three</span>
</div>
</td>
</tr>
</tbody>
</table>
</div>
</li>
<li class="test-item">
<div class="test-detail">
<span class="meta">
<span class='badge log pass-bg'>3</span>
<span class='badge log badge-danger'>8</span>
</span>
<p class="name">@UI</p>
<p class="duration text-sm">11 tests</p>
</div>
<div class="test-contents d-none">
<div class="info">
<h4>@UI</h4>
<span status="pass" class='badge log pass-bg'>3 passed</span>
<span status="fail" class='badge log badge-danger'>8 failed</span>
</div>
<table class='table table-sm mt-4'>
<thead>
<tr>
<th class="status-col">Status</th>
<th class="timestamp-col">Timestamp</th>
<th>TestName</th>
</tr>
</thead>
<tbody>
<tr class="tag-test-status" status="fail">
<td><span class="badge log fail-bg">Fail</span></td>
<td>17:03:00 pm</td>
<td>
<a href="#" class="linked" test-id='1' id='2'>Logging in to the system scenrio two</a>
<div class="">
<span class="badge badge-default">Login feature.Logging in to the system scenrio two</span>
</div>
</td>
</tr>
<tr class="tag-test-status" status="fail">
<td><span class="badge log fail-bg">Fail</span></td>
<td>17:03:00 pm</td>
<td>
<a href="#" class="linked" test-id='1' id='3'>Logging in to the system scenrio two</a>
<div class="">
<span class="badge badge-default">Login feature.Logging in to the system scenrio two</span>
</div>
</td>
</tr>
<tr class="tag-test-status" status="fail">
<td><span class="badge log fail-bg">Fail</span></td>
<td>17:03:00 pm</td>
<td>
<a href="#" class="linked" test-id='1' id='4'>Logging in to the system scenrio two</a>
<div class="">
<span class="badge badge-default">Login feature.Logging in to the system scenrio two</span>
</div>
</td>
</tr>
<tr class="tag-test-status" status="pass">
<td><span class="badge log pass-bg">Pass</span></td>
<td>17:03:00 pm</td>
<td>
<a href="#" class="linked" test-id='1' id='5'>Logging in to the system scenrio two</a>
<div class="">
<span class="badge badge-default">Login feature.Logging in to the system scenrio two</span>
</div>
</td>
</tr>
<tr class="tag-test-status" status="fail">
<td><span class="badge log fail-bg">Fail</span></td>
<td>17:03:00 pm</td>
<td>
<a href="#" class="linked" test-id='1' id='6'>Logging in to the system scenrio two</a>
<div class="">
<span class="badge badge-default">Login feature.Logging in to the system scenrio two</span>
</div>
</td>
</tr>
<tr class="tag-test-status" status="fail">
<td><span class="badge log fail-bg">Fail</span></td>
<td>17:03:00 pm</td>
<td>
<a href="#" class="linked" test-id='1' id='7'>Logging in to the system scenrio two</a>
<div class="">
<span class="badge badge-default">Login feature.Logging in to the system scenrio two</span>
</div>
</td>
</tr>
<tr class="tag-test-status" status="fail">
<td><span class="badge log fail-bg">Fail</span></td>
<td>17:03:00 pm</td>
<td>
<a href="#" class="linked" test-id='1' id='9'>Logging in to the system scenrio two</a>
<div class="">
<span class="badge badge-default">Login feature.Logging in to the system scenrio two</span>
</div>
</td>
</tr>
<tr class="tag-test-status" status="fail">
<td><span class="badge log fail-bg">Fail</span></td>
<td>17:03:00 pm</td>
<td>
<a href="#" class="linked" test-id='1' id='10'>Logging in to the system scenrio two</a>
<div class="">
<span class="badge badge-default">Login feature.Logging in to the system scenrio two</span>
</div>
</td>
</tr>
<tr class="tag-test-status" status="pass">
<td><span class="badge log pass-bg">Pass</span></td>
<td>17:03:00 pm</td>
<td>
<a href="#" class="linked" test-id='1' id='11'>Logging in to the system scenrio one</a>
<div class="">
<span class="badge badge-default">Login feature.Logging in to the system scenrio one</span>
</div>
</td>
</tr>
<tr class="tag-test-status" status="fail">
<td><span class="badge log fail-bg">Fail</span></td>
<td>17:03:00 pm</td>
<td>
<a href="#" class="linked" test-id='1' id='16'>Logging in to the system scenrio two</a>
<div class="">
<span class="badge badge-default">Login feature.Logging in to the system scenrio two</span>
</div>
</td>
</tr>
<tr class="tag-test-status" status="pass">
<td><span class="badge log pass-bg">Pass</span></td>
<td>17:03:22 pm</td>
<td>
<a href="#" class="linked" test-id='1' id='132'>Logging in to the system scenrio three</a>
<div class="">
<span class="badge badge-default">Login feature.Logging in to the system scenrio three</span>
</div>
</td>
</tr>
</tbody>
</table>
</div>
</li>
<li class="test-item">
<div class="test-detail">
<span class="meta">
<span class='badge log pass-bg'>3</span>
<span class='badge log badge-danger'>8</span>
</span>
<p class="name">@tag1</p>
<p class="duration text-sm">11 tests</p>
</div>
<div class="test-contents d-none">
<div class="info">
<h4>@tag1</h4>
<span status="pass" class='badge log pass-bg'>3 passed</span>
<span status="fail" class='badge log badge-danger'>8 failed</span>
</div>
<table class='table table-sm mt-4'>
<thead>
<tr>
<th class="status-col">Status</th>
<th class="timestamp-col">Timestamp</th>
<th>TestName</th>
</tr>
</thead>
<tbody>
<tr class="tag-test-status" status="fail">
<td><span class="badge log fail-bg">Fail</span></td>
<td>17:03:00 pm</td>
<td>
<a href="#" class="linked" test-id='1' id='2'>Logging in to the system scenrio two</a>
<div class="">
<span class="badge badge-default">Login feature.Logging in to the system scenrio two</span>
</div>
</td>
</tr>
<tr class="tag-test-status" status="fail">
<td><span class="badge log fail-bg">Fail</span></td>
<td>17:03:00 pm</td>
<td>
<a href="#" class="linked" test-id='1' id='3'>Logging in to the system scenrio two</a>
<div class="">
<span class="badge badge-default">Login feature.Logging in to the system scenrio two</span>
</div>
</td>
</tr>
<tr class="tag-test-status" status="fail">
<td><span class="badge log fail-bg">Fail</span></td>
<td>17:03:00 pm</td>
<td>
<a href="#" class="linked" test-id='1' id='4'>Logging in to the system scenrio two</a>
<div class="">
<span class="badge badge-default">Login feature.Logging in to the system scenrio two</span>
</div>
</td>
</tr>
<tr class="tag-test-status" status="pass">
<td><span class="badge log pass-bg">Pass</span></td>
<td>17:03:00 pm</td>
<td>
<a href="#" class="linked" test-id='1' id='5'>Logging in to the system scenrio two</a>
<div class="">
<span class="badge badge-default">Login feature.Logging in to the system scenrio two</span>
</div>
</td>
</tr>
<tr class="tag-test-status" status="fail">
<td><span class="badge log fail-bg">Fail</span></td>
<td>17:03:00 pm</td>
<td>
<a href="#" class="linked" test-id='1' id='6'>Logging in to the system scenrio two</a>
<div class="">
<span class="badge badge-default">Login feature.Logging in to the system scenrio two</span>
</div>
</td>
</tr>
<tr class="tag-test-status" status="fail">
<td><span class="badge log fail-bg">Fail</span></td>
<td>17:03:00 pm</td>
<td>
<a href="#" class="linked" test-id='1' id='7'>Logging in to the system scenrio two</a>
<div class="">
<span class="badge badge-default">Login feature.Logging in to the system scenrio two</span>
</div>
</td>
</tr>
<tr class="tag-test-status" status="fail">
<td><span class="badge log fail-bg">Fail</span></td>
<td>17:03:00 pm</td>
<td>
<a href="#" class="linked" test-id='1' id='9'>Logging in to the system scenrio two</a>
<div class="">
<span class="badge badge-default">Login feature.Logging in to the system scenrio two</span>
</div>
</td>
</tr>
<tr class="tag-test-status" status="fail">
<td><span class="badge log fail-bg">Fail</span></td>
<td>17:03:00 pm</td>
<td>
<a href="#" class="linked" test-id='1' id='10'>Logging in to the system scenrio two</a>
<div class="">
<span class="badge badge-default">Login feature.Logging in to the system scenrio two</span>
</div>
</td>
</tr>
<tr class="tag-test-status" status="pass">
<td><span class="badge log pass-bg">Pass</span></td>
<td>17:03:00 pm</td>
<td>
<a href="#" class="linked" test-id='1' id='11'>Logging in to the system scenrio one</a>
<div class="">
<span class="badge badge-default">Login feature.Logging in to the system scenrio one</span>
</div>
</td>
</tr>
<tr class="tag-test-status" status="fail">
<td><span class="badge log fail-bg">Fail</span></td>
<td>17:03:00 pm</td>
<td>
<a href="#" class="linked" test-id='1' id='16'>Logging in to the system scenrio two</a>
<div class="">
<span class="badge badge-default">Login feature.Logging in to the system scenrio two</span>
</div>
</td>
</tr>
<tr class="tag-test-status" status="pass">
<td><span class="badge log pass-bg">Pass</span></td>
<td>17:03:22 pm</td>
<td>
<a href="#" class="linked" test-id='1' id='132'>Logging in to the system scenrio three</a>
<div class="">
<span class="badge badge-default">Login feature.Logging in to the system scenrio three</span>
</div>
</td>
</tr>
</tbody>
</table>
</div>
</li>
<li class="test-item">
<div class="test-detail">
<span class="meta">
<span class='badge log pass-bg'>2</span>
<span class='badge log badge-danger'>8</span>
</span>
<p class="name">@tag2</p>
<p class="duration text-sm">10 tests</p>
</div>
<div class="test-contents d-none">
<div class="info">
<h4>@tag2</h4>
<span status="pass" class='badge log pass-bg'>2 passed</span>
<span status="fail" class='badge log badge-danger'>8 failed</span>
</div>
<table class='table table-sm mt-4'>
<thead>
<tr>
<th class="status-col">Status</th>
<th class="timestamp-col">Timestamp</th>
<th>TestName</th>
</tr>
</thead>
<tbody>
<tr class="tag-test-status" status="fail">
<td><span class="badge log fail-bg">Fail</span></td>
<td>17:03:00 pm</td>
<td>
<a href="#" class="linked" test-id='1' id='2'>Logging in to the system scenrio two</a>
<div class="">
<span class="badge badge-default">Login feature.Logging in to the system scenrio two</span>
</div>
</td>
</tr>
<tr class="tag-test-status" status="fail">
<td><span class="badge log fail-bg">Fail</span></td>
<td>17:03:00 pm</td>
<td>
<a href="#" class="linked" test-id='1' id='3'>Logging in to the system scenrio two</a>
<div class="">
<span class="badge badge-default">Login feature.Logging in to the system scenrio two</span>
</div>
</td>
</tr>
<tr class="tag-test-status" status="fail">
<td><span class="badge log fail-bg">Fail</span></td>
<td>17:03:00 pm</td>
<td>
<a href="#" class="linked" test-id='1' id='4'>Logging in to the system scenrio two</a>
<div class="">
<span class="badge badge-default">Login feature.Logging in to the system scenrio two</span>
</div>
</td>
</tr>
<tr class="tag-test-status" status="pass">
<td><span class="badge log pass-bg">Pass</span></td>
<td>17:03:00 pm</td>
<td>
<a href="#" class="linked" test-id='1' id='5'>Logging in to the system scenrio two</a>
<div class="">
<span class="badge badge-default">Login feature.Logging in to the system scenrio two</span>
</div>
</td>
</tr>
<tr class="tag-test-status" status="fail">
<td><span class="badge log fail-bg">Fail</span></td>
<td>17:03:00 pm</td>
<td>
<a href="#" class="linked" test-id='1' id='6'>Logging in to the system scenrio two</a>
<div class="">
<span class="badge badge-default">Login feature.Logging in to the system scenrio two</span>
</div>
</td>
</tr>
<tr class="tag-test-status" status="fail">
<td><span class="badge log fail-bg">Fail</span></td>
<td>17:03:00 pm</td>
<td>
<a href="#" class="linked" test-id='1' id='7'>Logging in to the system scenrio two</a>
<div class="">
<span class="badge badge-default">Login feature.Logging in to the system scenrio two</span>
</div>
</td>
</tr>
<tr class="tag-test-status" status="fail">
<td><span class="badge log fail-bg">Fail</span></td>
<td>17:03:00 pm</td>
<td>
<a href="#" class="linked" test-id='1' id='9'>Logging in to the system scenrio two</a>
<div class="">
<span class="badge badge-default">Login feature.Logging in to the system scenrio two</span>
</div>
</td>
</tr>
<tr class="tag-test-status" status="fail">
<td><span class="badge log fail-bg">Fail</span></td>
<td>17:03:00 pm</td>
<td>
<a href="#" class="linked" test-id='1' id='10'>Logging in to the system scenrio two</a>
<div class="">
<span class="badge badge-default">Login feature.Logging in to the system scenrio two</span>
</div>
</td>
</tr>
<tr class="tag-test-status" status="fail">
<td><span class="badge log fail-bg">Fail</span></td>
<td>17:03:00 pm</td>
<td>
<a href="#" class="linked" test-id='1' id='16'>Logging in to the system scenrio two</a>
<div class="">
<span class="badge badge-default">Login feature.Logging in to the system scenrio two</span>
</div>
</td>
</tr>
<tr class="tag-test-status" status="pass">
<td><span class="badge log pass-bg">Pass</span></td>
<td>17:03:22 pm</td>
<td>
<a href="#" class="linked" test-id='1' id='132'>Logging in to the system scenrio three</a>
<div class="">
<span class="badge badge-default">Login feature.Logging in to the system scenrio three</span>
</div>
</td>
</tr>
</tbody>
</table>
</div>
</li>
</ul>
</div>
</div>
<div class="test-content scrollable">
<div class="test-content-detail">
<div class="detail-body"></div>
</div>
</div>
</div><div class="test-wrapper row view exception-view attributes-view">
<div class="test-list">
<div class="test-list-tools">
<ul class="tools pull-left"><li><a href=""><span class="font-size-14">Exception</span></a></li></ul>
<ul class="tools text-right"><li><a href="#"><span class="badge badge-primary">1</span></a></li></ul>
</div>
<div class="test-list-wrapper scrollable">
<ul class="test-list-item">
<li class="test-item">
<div class="test-detail">
<span class="meta">
<span class='badge log badge-danger'>1</span>
</span>
<p class="name">org.openqa.selenium.NoSuchElementException</p>
<p class="duration text-sm">1 tests</p>
</div>
<div class="test-contents d-none">
<div class="info">
<h4>org.openqa.selenium.NoSuchElementException</h4>
<span status="fail" class='badge log badge-danger'>1 failed</span>
</div>
<table class='table table-sm mt-4'>
<thead>
<tr>
<th class="status-col">Status</th>
<th class="timestamp-col">Timestamp</th>
<th>TestName</th>
</tr>
</thead>
<tbody>
<tr class="tag-test-status" status="fail">
<td><span class="badge log fail-bg">Fail</span></td>
<td>17:03:09 pm</td>
<td>
<a href="#" class="linked" test-id='1' id='24'>Given user is on app login page "https://www.way2automation.com/angularjs-protractor/banking/#/login"</a>
<div class="">
<span class="badge badge-default">Login feature.Logging in to the system scenrio two.Given user is on app login page "https://www.way2automation.com/angularjs-protractor/banking/#/login"</span>
</div>
</td>
</tr>
<tr class="tag-test-status" status="fail">
<td><span class="badge log fail-bg">Fail</span></td>
<td>17:03:10 pm</td>
<td>
<a href="#" class="linked" test-id='1' id='30'>Given user is on app login page "https://www.way2automation.com/angularjs-protractor/banking/#/login"</a>
<div class="">
<span class="badge badge-default">Login feature.Logging in to the system scenrio two.Given user is on app login page "https://www.way2automation.com/angularjs-protractor/banking/#/login"</span>
</div>
</td>
</tr>
<tr class="tag-test-status" status="fail">
<td><span class="badge log fail-bg">Fail</span></td>
<td>17:03:09 pm</td>
<td>
<a href="#" class="linked" test-id='1' id='27'>Given user is on app login page "https://www.way2automation.com/angularjs-protractor/banking/#/login"</a>
<div class="">
<span class="badge badge-default">Login feature.Logging in to the system scenrio two.Given user is on app login page "https://www.way2automation.com/angularjs-protractor/banking/#/login"</span>
</div>
</td>
</tr>
<tr class="tag-test-status" status="fail">
<td><span class="badge log fail-bg">Fail</span></td>
<td>17:03:10 pm</td>
<td>
<a href="#" class="linked" test-id='1' id='36'>Given user is on app login page "https://www.way2automation.com/angularjs-protractor/banking/#/login"</a>
<div class="">
<span class="badge badge-default">Login feature.Logging in to the system scenrio two.Given user is on app login page "https://www.way2automation.com/angularjs-protractor/banking/#/login"</span>
</div>
</td>
</tr>
<tr class="tag-test-status" status="fail">
<td><span class="badge log fail-bg">Fail</span></td>
<td>17:03:13 pm</td>
<td>
<a href="#" class="linked" test-id='1' id='42'>Given user is on app login page "https://www.way2automation.com/angularjs-protractor/banking/#/login"</a>
<div class="">
<span class="badge badge-default">Login feature.Logging in to the system scenrio two.Given user is on app login page "https://www.way2automation.com/angularjs-protractor/banking/#/login"</span>
</div>
</td>
</tr>
<tr class="tag-test-status" status="fail">
<td><span class="badge log fail-bg">Fail</span></td>
<td>17:03:13 pm</td>
<td>
<a href="#" class="linked" test-id='1' id='39'>Given user is on app login page "https://www.way2automation.com/angularjs-protractor/banking/#/login"</a>
<div class="">
<span class="badge badge-default">Login feature.Logging in to the system scenrio two.Given user is on app login page "https://www.way2automation.com/angularjs-protractor/banking/#/login"</span>
</div>
</td>
</tr>
<tr class="tag-test-status" status="fail">
<td><span class="badge log fail-bg">Fail</span></td>
<td>17:03:10 pm</td>
<td>
<a href="#" class="linked" test-id='1' id='33'>Given user is on app login page "https://www.way2automation.com/angularjs-protractor/banking/#/login"</a>
<div class="">
<span class="badge badge-default">Login feature.Logging in to the system scenrio two.Given user is on app login page "https://www.way2automation.com/angularjs-protractor/banking/#/login"</span>
</div>
</td>
</tr>
<tr class="tag-test-status" status="fail">
<td><span class="badge log fail-bg">Fail</span></td>
<td>17:03:14 pm</td>
<td>
<a href="#" class="linked" test-id='1' id='45'>Given user is on app login page "https://www.way2automation.com/angularjs-protractor/banking/#/login"</a>
<div class="">
<span class="badge badge-default">Login feature.Logging in to the system scenrio two.Given user is on app login page "https://www.way2automation.com/angularjs-protractor/banking/#/login"</span>
</div>
</td>
</tr>
</tbody>
</table>
</div>
</li>
</ul>
</div>
</div>
<div class="test-content scrollable">
<div class="test-content-detail">
<div class="detail-body"></div>
</div>
</div>
</div>        </div>
      </div>
    </div>
  </div>
<script src="https://cdn.jsdelivr.net/gh/extent-framework/extent-github-cdn@14e9bb345ef7e2ed3a102f271d84e9f0267c88e7/spark/js/spark-script.js"></script>
<script type="text/javascript"></script></body>
</html>