

<!DOCTYPE html>
<html>
<head>
<meta charset="utf-8">
<meta name="viewport" content="width=device-width, initial-scale=1, shrink-to-fit=no">
<title>Test Execution Report</title>
<link rel="apple-touch-icon" href="https://cdn.jsdelivr.net/gh/extent-framework/extent-github-cdn@b00a2d0486596e73dd7326beacf352c639623a0e/commons/img/logo.png">
<link rel="shortcut icon" href="https://cdn.jsdelivr.net/gh/extent-framework/extent-github-cdn@b00a2d0486596e73dd7326beacf352c639623a0e/commons/img/logo.png">
<link href="https://cdn.jsdelivr.net/gh/extent-framework/extent-github-cdn@c43b89d03a7c43dae8bb8f0f078bad1997af6b3b/spark/css/spark-style.css" rel="stylesheet" />
<link href="https://stackpath.bootstrapcdn.com/font-awesome/4.7.0/css/font-awesome.min.css" rel="stylesheet">
<script src="https://cdn.rawgit.com/extent-framework/extent-github-cdn/7cc78ce/spark/js/jsontree.js"></script>
<style type="text/css"></style></head><body class="spa bdd-report standard">
  <div class="app">
    <div class="layout">
<div class="header navbar">
<div class="vheader">
<div class="nav-logo">
<a href="#">
<div class="logo" style="background-image: url('https://cdn.jsdelivr.net/gh/extent-framework/extent-github-cdn@b00a2d0486596e73dd7326beacf352c639623a0e/commons/img/logo.png')"></div>
</a>
</div>
<ul class="nav-left">
<li class="search-box">
<a class="search-toggle" href="#">
<i class="search-icon fa fa-search"></i>
<i class="search-icon-close fa fa-close"></i>
</a>
</li>
<li class="search-input"><input id="search-tests" class="form-control" type="text" placeholder="Search..."></li>
</ul>
<ul class="nav-right">
<li class="m-r-10">
<a href="#"><span class="badge badge-primary">Test automation</span></a>
</li>
<li class="m-r-10">
<a href="#"><span class="badge badge-primary">Apr 1, 2024 05:53:31 pm</span></a>
</li>
</ul>
</div>
</div><div class="side-nav">
<div class="side-nav-inner">
<ul class="side-nav-menu">
<li class="nav-item dropdown" onclick="toggleView('dashboard-view')">
<a id="nav-dashboard" class="dropdown-toggle" href="#">
<span class="ico"><i class="fa fa-bar-chart"></i></span>
</a>
</li>
<li class="nav-item dropdown" onclick="toggleView('test-view')">
<a id="nav-test" class="dropdown-toggle" href="#">
<span class="ico"><i class="fa fa-list"></i></span>
</a>
</li>
<li class="nav-item dropdown" onclick="toggleView('category-view')">
<a id="nav-category" class="dropdown-toggle" href="#">
<span class="ico"><i class="fa fa-tag"></i></span>
</a>
</li>
<li class="nav-item dropdown" onclick="toggleView('exception-view')">
<a id="nav-exception" class="dropdown-toggle" href="#">
<span class="ico"><i class="fa fa-bug"></i></span>
</a>
</li>
</ul>
</div>
</div>      <div class="vcontainer">
        <div class="main-content">
<div class="container-fluid p-4 view dashboard-view">
<div class="row">
<div class="col-md-3">
<div class="card"><div class="card-body">
<p class="m-b-0">Started</p>
<h3>Apr 1, 2024 05:53:31 pm</h3>
</div></div>
</div>
<div class="col-md-3">
<div class="card"><div class="card-body">
<p class="m-b-0">Ended</p>
<h3>Apr 1, 2024 05:53:40 pm</h3>
</div></div>
</div>
<div class="col-md-3">
<div class="card"><div class="card-body">
<p class="m-b-0 text-pass">Features Passed</p>
<h3>0</h3>
</div></div>
</div>
<div class="col-md-3">
<div class="card"><div class="card-body">
<p class="m-b-0 text-fail">Features Failed</p>
<h3>1</h3>
</div></div>
</div>
</div>
<div class="row">
<div class="col-md-4">
<div class="card">
<div class="card-header">
<h6 class="card-title">Features</h6>
</div>
<div class="card-body">
<div class="">
<canvas id='parent-analysis' width='115' height='90'></canvas>
</div>
</div>
<div class="card-footer">
<div><small data-tooltip='0%'>
<b>0</b> features passed
</small>
</div>
<div>
<small data-tooltip='100%'><b>1</b> features failed,
<b>0</b> skipped, <b data-tooltip='0%'>0</b> others
</small>
</div>
</div>
</div>
</div>
<div class="col-md-4">
<div class="card">
<div class="card-header">
<h6 class="card-title">Scenarios</h6>
</div>
<div class="card-body">
<div class="">
<canvas id='child-analysis' width='115' height='90'></canvas>
</div>
</div>
<div class="card-footer">
<div><small data-tooltip='0%'><b>0</b> scenarios passed</small></div>
<div>
<small data-tooltip='100%'><b>11</b> scenarios failed,
<b>0</b> skipped, <b data-tooltip='%'>0</b> others
</small>
</div>
</div>
</div>
</div>
<div class="col-md-4">
<div class="card">
<div class="card-header">
<h6 class="card-title">Steps</h6>
</div>
<div class="card-body">
<div class="">
<canvas id='grandchild-analysis' width='115' height='90'></canvas>
</div>
</div>
<div class="card-footer">
<div><small data-tooltip='0%'><b>0</b> steps passed</small></div>
<div>
<small data-tooltip='32%'><b>22</b> steps failed,
<b>45</b> skipped, <b data-tooltip='%'>0</b> others
</small>
</div>
</div>
</div>
</div>
</div>
<div class="row"><div class="col-md-12">
<div class="card"><div class="card-header"><p>Timeline</p></div>
<div class="card-body pt-0"><div>
<canvas id="timeline" height="120"></canvas>
</div></div>
</div>
</div></div>
<script>
var timeline = {
"Login feature":7.582
};
</script>
<div class="row">
<div class="col-md-4 category-container">
<div class="card">
<div class="card-header"><p>Tags</p></div>
<div class="card-body pb-0 pt-0"><table class="table table-sm table-bordered">
<thead><tr class="bg-gray"><th>Name</th><th>Passed</th><th>Failed</th><th>Skipped</th><th>Others</th><th>Passed %</th></tr></thead><tbody>
<tr>
<td>@tag2</td>
<td>0</td>
<td>10</td>
<td>0</td>
<td>0</td>
<td>0%</td>
</tr>
<tr>
<td>@UI</td>
<td>0</td>
<td>11</td>
<td>0</td>
<td>0</td>
<td>0%</td>
</tr>
<tr>
<td>@tag3</td>
<td>0</td>
<td>1</td>
<td>0</td>
<td>0</td>
<td>0%</td>
</tr>
<tr>
<td>@tag1</td>
<td>0</td>
<td>11</td>
<td>0</td>
<td>0</td>
<td>0%</td>
</tr>
</tbody>
</table></div>
</div>
</div>
</div>
</div>
<script>
var statusGroup = {
parentCount: 5,
passParent: 0,
failParent: 1,
warningParent: 0,
skipParent: 0,
childCount: 5,
passChild: 0,
failChild: 11,
warningChild: 0,
skipChild: 0,
infoChild: 0,
grandChildCount: 5,
passGrandChild: 0,
failGrandChild: 22,
warningGrandChild: 0,
skipGrandChild: 45,
infoGrandChild: 0,
eventsCount: 5,
};
</script><div class="test-wrapper row view test-view">
  <div class="test-list">
    <div class="test-list-tools">
<ul class="tools pull-left">
<li><a href="#"><span class="font-size-14">Tests</span></a></li>
</ul>
<ul class="tools text-right">
<li class="dropdown">
<a href="#" class="dropdown-toggle" data-toggle="dropdown"><i class="fa fa-exclamation-circle"></i></a>
<ul id="status-toggle" class="dropdown-menu dropdown-md p-v-0">
<a class="dropdown-item" status="fail" href="#"><span>Fail</span><span class="status danger"></span></a>
<div class="dropdown-divider"></div>
<a status="clear" class="dropdown-item" href="#"><span>Clear</span><span class="pull-right"><i class="fa fa-close"></i></span></a>
</ul>
</li>
<li class="dropdown">
<a href="#" class="dropdown-toggle" data-toggle="dropdown"><i class="fa fa-tag"></i></a>
<ul id="tag-toggle" class="dropdown-menu dropdown-md p-v-0">
<a class="dropdown-item" href="#">@tag2</a><a class="dropdown-item" href="#">@UI</a><a class="dropdown-item" href="#">@tag3</a><a class="dropdown-item" href="#">@tag1</a>
</ul>
</li>
</ul>
</div>    <div class="test-list-wrapper scrollable">
      <ul class="test-list-item">
        <li class="test-item"  status="fail" test-id="1"
          author=""
          tag=""
          device="">
          <div class="test-detail">
            <p class="name">Login feature</p>
            <p class="text-sm">
              <span>17:53:32 pm</span> / <span>30:07:582</span>
              <span class="badge fail-bg log float-right">Fail</span>
            </p>
          </div>
          <div class="test-contents d-none">
<div class="detail-head">
<div class="p-v-10">
<div class="info">
<h5 class="test-status text-fail">Login feature</h5>
<span class='badge badge-success'>04.01.2024 17:53:32</span>
<span class='badge badge-danger'>04.01.2024 17:53:40</span>
<span class='badge badge-default'>30:07:582</span>
&middot; <span class='uri-anchor badge badge-default'>#test-id=1</span>
</div>
<div class="m-t-10 m-l-5"></div>
</div>
</div>
<div class="accordion mt-4">
  <div class="card">
    <div class="card-header" role="tab">
      <div class="card-title">
        <div class="node" id="2"><span class="badge log fail-bg mr-2">Fail</span>Logging in to the system scenrio two</div>
      </div>
    </div>
        <div class="">
          <div class="card-body">
              <div class="step fail-bg" title="BEFORE">
                <span>com.app.Hooks.ApplicationHooks.Before_UI()</span>
      <div>
        <textarea disabled class="code-block">org.openqa.selenium.SessionNotCreatedException: Could not start a new session. Response code 500. Message: session not created: This version of ChromeDriver only supports Chrome version 114
Current browser version is 123.0.6312.86 with binary path C:\Program Files\Google\Chrome\Application\chrome.exe 
Host info: host: 'EPINHYDW03C3', ip: '192.168.1.5'
Build info: version: '4.9.0', revision: 'd7057100a6'
System info: os.name: 'Windows 11', os.arch: 'amd64', os.version: '10.0', java.version: '17.0.9'
Driver info: org.openqa.selenium.chrome.ChromeDriver
Command: [null, newSession {capabilities=[Capabilities {browserName: chrome, goog:chromeOptions: {args: [--remote-allow-origins=*], extensions: []}}]}]
	at org.openqa.selenium.remote.ProtocolHandshake.createSession(ProtocolHandshake.java:136)
	at org.openqa.selenium.remote.ProtocolHandshake.createSession(ProtocolHandshake.java:94)
	at org.openqa.selenium.remote.ProtocolHandshake.createSession(ProtocolHandshake.java:68)
	at org.openqa.selenium.remote.HttpCommandExecutor.execute(HttpCommandExecutor.java:165)
	at org.openqa.selenium.remote.service.DriverCommandExecutor.invokeExecute(DriverCommandExecutor.java:183)
	at org.openqa.selenium.remote.service.DriverCommandExecutor.execute(DriverCommandExecutor.java:158)
	at org.openqa.selenium.remote.RemoteWebDriver.execute(RemoteWebDriver.java:543)
	at org.openqa.selenium.remote.RemoteWebDriver.startSession(RemoteWebDriver.java:229)
	at org.openqa.selenium.remote.RemoteWebDriver.<init>(RemoteWebDriver.java:157)
	at org.openqa.selenium.chromium.ChromiumDriver.<init>(ChromiumDriver.java:101)
	at org.openqa.selenium.chrome.ChromeDriver.<init>(ChromeDriver.java:88)
	at org.openqa.selenium.chrome.ChromeDriver.<init>(ChromeDriver.java:84)
	at org.openqa.selenium.chrome.ChromeDriver.<init>(ChromeDriver.java:73)
	at com.app.utils.Utilities.getDriver(Utilities.java:48)
	at com.app.Hooks.ApplicationHooks.Before_UI(ApplicationHooks.java:22)
</textarea>
      
      </div>
              </div>
              <div class="step skip-bg" title="com.app.stepDefs.LoginPageStepDef.userIsOnLoginPage(java.lang.String)">
                <span>Given user is on app login page "https://www.way2automation.com/angularjs-protractor/banking/#/login"</span>
      <div>Step skipped
      </div>
              </div>
              <div class="step skip-bg" title="com.app.stepDefs.LoginPageStepDef.userLogsIntoSystem()">
                <span>Then User logs into the system</span>
      <div>Step skipped
      </div>
              </div>
              <div class="step skip-bg" title="com.app.stepDefs.LoginPageStepDef.userLogsOutTheSystem()">
                <span>Then User logs out the system</span>
      <div>Step skipped
      </div>
              </div>
              <div class="step skip-bg" title="com.app.stepDefs.LoginPageStepDef.userNavigatesToPage(java.lang.String)">
                <span>Then user navigates to "https://yahoo.com"</span>
      <div>Step skipped
      </div>
              </div>
              <div class="step fail-bg" title="AFTER">
                <span>com.app.Hooks.ApplicationHooks.After_UI(io.cucumber.java.Scenario)</span>
      <div>
        <textarea disabled class="code-block">java.lang.NullPointerException: Cannot invoke "org.openqa.selenium.TakesScreenshot.getScreenshotAs(org.openqa.selenium.OutputType)" because "screenshot" is null
	at com.app.utils.Utilities.ts(Utilities.java:93)
	at com.app.Hooks.ApplicationHooks.After_UI(ApplicationHooks.java:31)
</textarea>
      
      </div>
              </div>
          </div>
        </div>
  </div>
  <div class="card">
    <div class="card-header" role="tab">
      <div class="card-title">
        <div class="node" id="3"><span class="badge log fail-bg mr-2">Fail</span>Logging in to the system scenrio two</div>
      </div>
    </div>
        <div class="">
          <div class="card-body">
              <div class="step fail-bg" title="BEFORE">
                <span>com.app.Hooks.ApplicationHooks.Before_UI()</span>
      <div>
        <textarea disabled class="code-block">org.openqa.selenium.SessionNotCreatedException: Could not start a new session. Response code 500. Message: session not created: This version of ChromeDriver only supports Chrome version 114
Current browser version is 123.0.6312.86 with binary path C:\Program Files\Google\Chrome\Application\chrome.exe 
Host info: host: 'EPINHYDW03C3', ip: '192.168.1.5'
Build info: version: '4.9.0', revision: 'd7057100a6'
System info: os.name: 'Windows 11', os.arch: 'amd64', os.version: '10.0', java.version: '17.0.9'
Driver info: org.openqa.selenium.chrome.ChromeDriver
Command: [null, newSession {capabilities=[Capabilities {browserName: chrome, goog:chromeOptions: {args: [--remote-allow-origins=*], extensions: []}}]}]
	at org.openqa.selenium.remote.ProtocolHandshake.createSession(ProtocolHandshake.java:136)
	at org.openqa.selenium.remote.ProtocolHandshake.createSession(ProtocolHandshake.java:94)
	at org.openqa.selenium.remote.ProtocolHandshake.createSession(ProtocolHandshake.java:68)
	at org.openqa.selenium.remote.HttpCommandExecutor.execute(HttpCommandExecutor.java:165)
	at org.openqa.selenium.remote.service.DriverCommandExecutor.invokeExecute(DriverCommandExecutor.java:183)
	at org.openqa.selenium.remote.service.DriverCommandExecutor.execute(DriverCommandExecutor.java:158)
	at org.openqa.selenium.remote.RemoteWebDriver.execute(RemoteWebDriver.java:543)
	at org.openqa.selenium.remote.RemoteWebDriver.startSession(RemoteWebDriver.java:229)
	at org.openqa.selenium.remote.RemoteWebDriver.<init>(RemoteWebDriver.java:157)
	at org.openqa.selenium.chromium.ChromiumDriver.<init>(ChromiumDriver.java:101)
	at org.openqa.selenium.chrome.ChromeDriver.<init>(ChromeDriver.java:88)
	at org.openqa.selenium.chrome.ChromeDriver.<init>(ChromeDriver.java:84)
	at org.openqa.selenium.chrome.ChromeDriver.<init>(ChromeDriver.java:73)
	at com.app.utils.Utilities.getDriver(Utilities.java:48)
	at com.app.Hooks.ApplicationHooks.Before_UI(ApplicationHooks.java:22)
</textarea>
      
      </div>
              </div>
              <div class="step skip-bg" title="com.app.stepDefs.LoginPageStepDef.userIsOnLoginPage(java.lang.String)">
                <span>Given user is on app login page "https://www.way2automation.com/angularjs-protractor/banking/#/login"</span>
      <div>Step skipped
      </div>
              </div>
              <div class="step skip-bg" title="com.app.stepDefs.LoginPageStepDef.userLogsIntoSystem()">
                <span>Then User logs into the system</span>
      <div>Step skipped
      </div>
              </div>
              <div class="step skip-bg" title="com.app.stepDefs.LoginPageStepDef.userLogsOutTheSystem()">
                <span>Then User logs out the system</span>
      <div>Step skipped
      </div>
              </div>
              <div class="step skip-bg" title="com.app.stepDefs.LoginPageStepDef.userNavigatesToPage(java.lang.String)">
                <span>Then user navigates to "https://yahoo.com"</span>
      <div>Step skipped
      </div>
              </div>
              <div class="step fail-bg" title="AFTER">
                <span>com.app.Hooks.ApplicationHooks.After_UI(io.cucumber.java.Scenario)</span>
      <div>
        <textarea disabled class="code-block">java.lang.NullPointerException: Cannot invoke "org.openqa.selenium.TakesScreenshot.getScreenshotAs(org.openqa.selenium.OutputType)" because "screenshot" is null
	at com.app.utils.Utilities.ts(Utilities.java:93)
	at com.app.Hooks.ApplicationHooks.After_UI(ApplicationHooks.java:31)
</textarea>
      
      </div>
              </div>
          </div>
        </div>
  </div>
  <div class="card">
    <div class="card-header" role="tab">
      <div class="card-title">
        <div class="node" id="4"><span class="badge log fail-bg mr-2">Fail</span>Logging in to the system scenrio two</div>
      </div>
    </div>
        <div class="">
          <div class="card-body">
              <div class="step fail-bg" title="BEFORE">
                <span>com.app.Hooks.ApplicationHooks.Before_UI()</span>
      <div>
        <textarea disabled class="code-block">org.openqa.selenium.SessionNotCreatedException: Could not start a new session. Response code 500. Message: session not created: This version of ChromeDriver only supports Chrome version 114
Current browser version is 123.0.6312.86 with binary path C:\Program Files\Google\Chrome\Application\chrome.exe 
Host info: host: 'EPINHYDW03C3', ip: '192.168.1.5'
Build info: version: '4.9.0', revision: 'd7057100a6'
System info: os.name: 'Windows 11', os.arch: 'amd64', os.version: '10.0', java.version: '17.0.9'
Driver info: org.openqa.selenium.chrome.ChromeDriver
Command: [null, newSession {capabilities=[Capabilities {browserName: chrome, goog:chromeOptions: {args: [--remote-allow-origins=*], extensions: []}}]}]
	at org.openqa.selenium.remote.ProtocolHandshake.createSession(ProtocolHandshake.java:136)
	at org.openqa.selenium.remote.ProtocolHandshake.createSession(ProtocolHandshake.java:94)
	at org.openqa.selenium.remote.ProtocolHandshake.createSession(ProtocolHandshake.java:68)
	at org.openqa.selenium.remote.HttpCommandExecutor.execute(HttpCommandExecutor.java:165)
	at org.openqa.selenium.remote.service.DriverCommandExecutor.invokeExecute(DriverCommandExecutor.java:183)
	at org.openqa.selenium.remote.service.DriverCommandExecutor.execute(DriverCommandExecutor.java:158)
	at org.openqa.selenium.remote.RemoteWebDriver.execute(RemoteWebDriver.java:543)
	at org.openqa.selenium.remote.RemoteWebDriver.startSession(RemoteWebDriver.java:229)
	at org.openqa.selenium.remote.RemoteWebDriver.<init>(RemoteWebDriver.java:157)
	at org.openqa.selenium.chromium.ChromiumDriver.<init>(ChromiumDriver.java:101)
	at org.openqa.selenium.chrome.ChromeDriver.<init>(ChromeDriver.java:88)
	at org.openqa.selenium.chrome.ChromeDriver.<init>(ChromeDriver.java:84)
	at org.openqa.selenium.chrome.ChromeDriver.<init>(ChromeDriver.java:73)
	at com.app.utils.Utilities.getDriver(Utilities.java:48)
	at com.app.Hooks.ApplicationHooks.Before_UI(ApplicationHooks.java:22)
</textarea>
      
      </div>
              </div>
              <div class="step skip-bg" title="com.app.stepDefs.LoginPageStepDef.userIsOnLoginPage(java.lang.String)">
                <span>Given user is on app login page "https://www.way2automation.com/angularjs-protractor/banking/#/login"</span>
      <div>Step skipped
      </div>
              </div>
              <div class="step skip-bg" title="com.app.stepDefs.LoginPageStepDef.userLogsIntoSystem()">
                <span>Then User logs into the system</span>
      <div>Step skipped
      </div>
              </div>
              <div class="step skip-bg" title="com.app.stepDefs.LoginPageStepDef.userLogsOutTheSystem()">
                <span>Then User logs out the system</span>
      <div>Step skipped
      </div>
              </div>
              <div class="step skip-bg" title="com.app.stepDefs.LoginPageStepDef.userNavigatesToPage(java.lang.String)">
                <span>Then user navigates to "https://yahoo.com"</span>
      <div>Step skipped
      </div>
              </div>
              <div class="step fail-bg" title="AFTER">
                <span>com.app.Hooks.ApplicationHooks.After_UI(io.cucumber.java.Scenario)</span>
      <div>
        <textarea disabled class="code-block">java.lang.NullPointerException: Cannot invoke "org.openqa.selenium.TakesScreenshot.getScreenshotAs(org.openqa.selenium.OutputType)" because "screenshot" is null
	at com.app.utils.Utilities.ts(Utilities.java:93)
	at com.app.Hooks.ApplicationHooks.After_UI(ApplicationHooks.java:31)
</textarea>
      
      </div>
              </div>
          </div>
        </div>
  </div>
  <div class="card">
    <div class="card-header" role="tab">
      <div class="card-title">
        <div class="node" id="5"><span class="badge log fail-bg mr-2">Fail</span>Logging in to the system scenrio one</div>
      </div>
    </div>
        <div class="">
          <div class="card-body">
              <div class="step fail-bg" title="BEFORE">
                <span>com.app.Hooks.ApplicationHooks.Before_UI()</span>
      <div>
        <textarea disabled class="code-block">org.openqa.selenium.SessionNotCreatedException: Could not start a new session. Response code 500. Message: session not created: This version of ChromeDriver only supports Chrome version 114
Current browser version is 123.0.6312.86 with binary path C:\Program Files\Google\Chrome\Application\chrome.exe 
Host info: host: 'EPINHYDW03C3', ip: '192.168.1.5'
Build info: version: '4.9.0', revision: 'd7057100a6'
System info: os.name: 'Windows 11', os.arch: 'amd64', os.version: '10.0', java.version: '17.0.9'
Driver info: org.openqa.selenium.chrome.ChromeDriver
Command: [null, newSession {capabilities=[Capabilities {browserName: chrome, goog:chromeOptions: {args: [--remote-allow-origins=*], extensions: []}}]}]
	at org.openqa.selenium.remote.ProtocolHandshake.createSession(ProtocolHandshake.java:136)
	at org.openqa.selenium.remote.ProtocolHandshake.createSession(ProtocolHandshake.java:94)
	at org.openqa.selenium.remote.ProtocolHandshake.createSession(ProtocolHandshake.java:68)
	at org.openqa.selenium.remote.HttpCommandExecutor.execute(HttpCommandExecutor.java:165)
	at org.openqa.selenium.remote.service.DriverCommandExecutor.invokeExecute(DriverCommandExecutor.java:183)
	at org.openqa.selenium.remote.service.DriverCommandExecutor.execute(DriverCommandExecutor.java:158)
	at org.openqa.selenium.remote.RemoteWebDriver.execute(RemoteWebDriver.java:543)
	at org.openqa.selenium.remote.RemoteWebDriver.startSession(RemoteWebDriver.java:229)
	at org.openqa.selenium.remote.RemoteWebDriver.<init>(RemoteWebDriver.java:157)
	at org.openqa.selenium.chromium.ChromiumDriver.<init>(ChromiumDriver.java:101)
	at org.openqa.selenium.chrome.ChromeDriver.<init>(ChromeDriver.java:88)
	at org.openqa.selenium.chrome.ChromeDriver.<init>(ChromeDriver.java:84)
	at org.openqa.selenium.chrome.ChromeDriver.<init>(ChromeDriver.java:73)
	at com.app.utils.Utilities.getDriver(Utilities.java:48)
	at com.app.Hooks.ApplicationHooks.Before_UI(ApplicationHooks.java:22)
</textarea>
      
      </div>
              </div>
              <div class="step skip-bg" title="com.app.stepDefs.LoginPageStepDef.userIsOnLoginPage(java.lang.String)">
                <span>Given user is on app login page "https://www.way2automation.com/angularjs-protractor/banking/#/login"</span>
      <div>Step skipped
      </div>
              </div>
              <div class="step skip-bg" title="com.app.stepDefs.LoginPageStepDef.userLogsIntoSystem()">
                <span>Then User logs into the system</span>
      <div>Step skipped
      </div>
              </div>
              <div class="step skip-bg" title="com.app.stepDefs.LoginPageStepDef.userLogsOutTheSystem()">
                <span>Then User logs out the system</span>
      <div>Step skipped
      </div>
              </div>
              <div class="step skip-bg" title="com.app.stepDefs.LoginPageStepDef.userNavigatesToPage(java.lang.String)">
                <span>Then user navigates to "https://cucumber.io/"</span>
      <div>Step skipped
      </div>
              </div>
              <div class="step fail-bg" title="AFTER">
                <span>com.app.Hooks.ApplicationHooks.After_UI(io.cucumber.java.Scenario)</span>
      <div>
        <textarea disabled class="code-block">java.lang.NullPointerException: Cannot invoke "org.openqa.selenium.TakesScreenshot.getScreenshotAs(org.openqa.selenium.OutputType)" because "screenshot" is null
	at com.app.utils.Utilities.ts(Utilities.java:93)
	at com.app.Hooks.ApplicationHooks.After_UI(ApplicationHooks.java:31)
</textarea>
      
      </div>
              </div>
          </div>
        </div>
  </div>
  <div class="card">
    <div class="card-header" role="tab">
      <div class="card-title">
        <div class="node" id="7"><span class="badge log fail-bg mr-2">Fail</span>Logging in to the system scenrio two</div>
      </div>
    </div>
        <div class="">
          <div class="card-body">
              <div class="step fail-bg" title="BEFORE">
                <span>com.app.Hooks.ApplicationHooks.Before_UI()</span>
      <div>
        <textarea disabled class="code-block">org.openqa.selenium.SessionNotCreatedException: Could not start a new session. Response code 500. Message: session not created: This version of ChromeDriver only supports Chrome version 114
Current browser version is 123.0.6312.86 with binary path C:\Program Files\Google\Chrome\Application\chrome.exe 
Host info: host: 'EPINHYDW03C3', ip: '192.168.1.5'
Build info: version: '4.9.0', revision: 'd7057100a6'
System info: os.name: 'Windows 11', os.arch: 'amd64', os.version: '10.0', java.version: '17.0.9'
Driver info: org.openqa.selenium.chrome.ChromeDriver
Command: [null, newSession {capabilities=[Capabilities {browserName: chrome, goog:chromeOptions: {args: [--remote-allow-origins=*], extensions: []}}]}]
	at org.openqa.selenium.remote.ProtocolHandshake.createSession(ProtocolHandshake.java:136)
	at org.openqa.selenium.remote.ProtocolHandshake.createSession(ProtocolHandshake.java:94)
	at org.openqa.selenium.remote.ProtocolHandshake.createSession(ProtocolHandshake.java:68)
	at org.openqa.selenium.remote.HttpCommandExecutor.execute(HttpCommandExecutor.java:165)
	at org.openqa.selenium.remote.service.DriverCommandExecutor.invokeExecute(DriverCommandExecutor.java:183)
	at org.openqa.selenium.remote.service.DriverCommandExecutor.execute(DriverCommandExecutor.java:158)
	at org.openqa.selenium.remote.RemoteWebDriver.execute(RemoteWebDriver.java:543)
	at org.openqa.selenium.remote.RemoteWebDriver.startSession(RemoteWebDriver.java:229)
	at org.openqa.selenium.remote.RemoteWebDriver.<init>(RemoteWebDriver.java:157)
	at org.openqa.selenium.chromium.ChromiumDriver.<init>(ChromiumDriver.java:101)
	at org.openqa.selenium.chrome.ChromeDriver.<init>(ChromeDriver.java:88)
	at org.openqa.selenium.chrome.ChromeDriver.<init>(ChromeDriver.java:84)
	at org.openqa.selenium.chrome.ChromeDriver.<init>(ChromeDriver.java:73)
	at com.app.utils.Utilities.getDriver(Utilities.java:48)
	at com.app.Hooks.ApplicationHooks.Before_UI(ApplicationHooks.java:22)
</textarea>
      
      </div>
              </div>
              <div class="step skip-bg" title="com.app.stepDefs.LoginPageStepDef.userIsOnLoginPage(java.lang.String)">
                <span>Given user is on app login page "https://www.way2automation.com/angularjs-protractor/banking/#/login"</span>
      <div>Step skipped
      </div>
              </div>
              <div class="step skip-bg" title="com.app.stepDefs.LoginPageStepDef.userLogsIntoSystem()">
                <span>Then User logs into the system</span>
      <div>Step skipped
      </div>
              </div>
              <div class="step skip-bg" title="com.app.stepDefs.LoginPageStepDef.userLogsOutTheSystem()">
                <span>Then User logs out the system</span>
      <div>Step skipped
      </div>
              </div>
              <div class="step skip-bg" title="com.app.stepDefs.LoginPageStepDef.userNavigatesToPage(java.lang.String)">
                <span>Then user navigates to "https://yahoo.com"</span>
      <div>Step skipped
      </div>
              </div>
              <div class="step fail-bg" title="AFTER">
                <span>com.app.Hooks.ApplicationHooks.After_UI(io.cucumber.java.Scenario)</span>
      <div>
        <textarea disabled class="code-block">java.lang.NullPointerException: Cannot invoke "org.openqa.selenium.TakesScreenshot.getScreenshotAs(org.openqa.selenium.OutputType)" because "screenshot" is null
	at com.app.utils.Utilities.ts(Utilities.java:93)
	at com.app.Hooks.ApplicationHooks.After_UI(ApplicationHooks.java:31)
</textarea>
      
      </div>
              </div>
          </div>
        </div>
  </div>
  <div class="card">
    <div class="card-header" role="tab">
      <div class="card-title">
        <div class="node" id="9"><span class="badge log fail-bg mr-2">Fail</span>Logging in to the system scenrio two</div>
      </div>
    </div>
        <div class="">
          <div class="card-body">
              <div class="step fail-bg" title="BEFORE">
                <span>com.app.Hooks.ApplicationHooks.Before_UI()</span>
      <div>
        <textarea disabled class="code-block">org.openqa.selenium.SessionNotCreatedException: Could not start a new session. Response code 500. Message: session not created: This version of ChromeDriver only supports Chrome version 114
Current browser version is 123.0.6312.86 with binary path C:\Program Files\Google\Chrome\Application\chrome.exe 
Host info: host: 'EPINHYDW03C3', ip: '192.168.1.5'
Build info: version: '4.9.0', revision: 'd7057100a6'
System info: os.name: 'Windows 11', os.arch: 'amd64', os.version: '10.0', java.version: '17.0.9'
Driver info: org.openqa.selenium.chrome.ChromeDriver
Command: [null, newSession {capabilities=[Capabilities {browserName: chrome, goog:chromeOptions: {args: [--remote-allow-origins=*], extensions: []}}]}]
	at org.openqa.selenium.remote.ProtocolHandshake.createSession(ProtocolHandshake.java:136)
	at org.openqa.selenium.remote.ProtocolHandshake.createSession(ProtocolHandshake.java:94)
	at org.openqa.selenium.remote.ProtocolHandshake.createSession(ProtocolHandshake.java:68)
	at org.openqa.selenium.remote.HttpCommandExecutor.execute(HttpCommandExecutor.java:165)
	at org.openqa.selenium.remote.service.DriverCommandExecutor.invokeExecute(DriverCommandExecutor.java:183)
	at org.openqa.selenium.remote.service.DriverCommandExecutor.execute(DriverCommandExecutor.java:158)
	at org.openqa.selenium.remote.RemoteWebDriver.execute(RemoteWebDriver.java:543)
	at org.openqa.selenium.remote.RemoteWebDriver.startSession(RemoteWebDriver.java:229)
	at org.openqa.selenium.remote.RemoteWebDriver.<init>(RemoteWebDriver.java:157)
	at org.openqa.selenium.chromium.ChromiumDriver.<init>(ChromiumDriver.java:101)
	at org.openqa.selenium.chrome.ChromeDriver.<init>(ChromeDriver.java:88)
	at org.openqa.selenium.chrome.ChromeDriver.<init>(ChromeDriver.java:84)
	at org.openqa.selenium.chrome.ChromeDriver.<init>(ChromeDriver.java:73)
	at com.app.utils.Utilities.getDriver(Utilities.java:48)
	at com.app.Hooks.ApplicationHooks.Before_UI(ApplicationHooks.java:22)
</textarea>
      
      </div>
              </div>
              <div class="step skip-bg" title="com.app.stepDefs.LoginPageStepDef.userIsOnLoginPage(java.lang.String)">
                <span>Given user is on app login page "https://www.way2automation.com/angularjs-protractor/banking/#/login"</span>
      <div>Step skipped
      </div>
              </div>
              <div class="step skip-bg" title="com.app.stepDefs.LoginPageStepDef.userLogsIntoSystem()">
                <span>Then User logs into the system</span>
      <div>Step skipped
      </div>
              </div>
              <div class="step skip-bg" title="com.app.stepDefs.LoginPageStepDef.userLogsOutTheSystem()">
                <span>Then User logs out the system</span>
      <div>Step skipped
      </div>
              </div>
              <div class="step skip-bg" title="com.app.stepDefs.LoginPageStepDef.userNavigatesToPage(java.lang.String)">
                <span>Then user navigates to "https://yahoo.com"</span>
      <div>Step skipped
      </div>
              </div>
              <div class="step fail-bg" title="AFTER">
                <span>com.app.Hooks.ApplicationHooks.After_UI(io.cucumber.java.Scenario)</span>
      <div>
        <textarea disabled class="code-block">java.lang.NullPointerException: Cannot invoke "org.openqa.selenium.TakesScreenshot.getScreenshotAs(org.openqa.selenium.OutputType)" because "screenshot" is null
	at com.app.utils.Utilities.ts(Utilities.java:93)
	at com.app.Hooks.ApplicationHooks.After_UI(ApplicationHooks.java:31)
</textarea>
      
      </div>
              </div>
          </div>
        </div>
  </div>
  <div class="card">
    <div class="card-header" role="tab">
      <div class="card-title">
        <div class="node" id="11"><span class="badge log fail-bg mr-2">Fail</span>Logging in to the system scenrio two</div>
      </div>
    </div>
        <div class="">
          <div class="card-body">
              <div class="step fail-bg" title="BEFORE">
                <span>com.app.Hooks.ApplicationHooks.Before_UI()</span>
      <div>
        <textarea disabled class="code-block">org.openqa.selenium.SessionNotCreatedException: Could not start a new session. Response code 500. Message: session not created: This version of ChromeDriver only supports Chrome version 114
Current browser version is 123.0.6312.86 with binary path C:\Program Files\Google\Chrome\Application\chrome.exe 
Host info: host: 'EPINHYDW03C3', ip: '192.168.1.5'
Build info: version: '4.9.0', revision: 'd7057100a6'
System info: os.name: 'Windows 11', os.arch: 'amd64', os.version: '10.0', java.version: '17.0.9'
Driver info: org.openqa.selenium.chrome.ChromeDriver
Command: [null, newSession {capabilities=[Capabilities {browserName: chrome, goog:chromeOptions: {args: [--remote-allow-origins=*], extensions: []}}]}]
	at org.openqa.selenium.remote.ProtocolHandshake.createSession(ProtocolHandshake.java:136)
	at org.openqa.selenium.remote.ProtocolHandshake.createSession(ProtocolHandshake.java:94)
	at org.openqa.selenium.remote.ProtocolHandshake.createSession(ProtocolHandshake.java:68)
	at org.openqa.selenium.remote.HttpCommandExecutor.execute(HttpCommandExecutor.java:165)
	at org.openqa.selenium.remote.service.DriverCommandExecutor.invokeExecute(DriverCommandExecutor.java:183)
	at org.openqa.selenium.remote.service.DriverCommandExecutor.execute(DriverCommandExecutor.java:158)
	at org.openqa.selenium.remote.RemoteWebDriver.execute(RemoteWebDriver.java:543)
	at org.openqa.selenium.remote.RemoteWebDriver.startSession(RemoteWebDriver.java:229)
	at org.openqa.selenium.remote.RemoteWebDriver.<init>(RemoteWebDriver.java:157)
	at org.openqa.selenium.chromium.ChromiumDriver.<init>(ChromiumDriver.java:101)
	at org.openqa.selenium.chrome.ChromeDriver.<init>(ChromeDriver.java:88)
	at org.openqa.selenium.chrome.ChromeDriver.<init>(ChromeDriver.java:84)
	at org.openqa.selenium.chrome.ChromeDriver.<init>(ChromeDriver.java:73)
	at com.app.utils.Utilities.getDriver(Utilities.java:48)
	at com.app.Hooks.ApplicationHooks.Before_UI(ApplicationHooks.java:22)
</textarea>
      
      </div>
              </div>
              <div class="step skip-bg" title="com.app.stepDefs.LoginPageStepDef.userIsOnLoginPage(java.lang.String)">
                <span>Given user is on app login page "https://www.way2automation.com/angularjs-protractor/banking/#/login"</span>
      <div>Step skipped
      </div>
              </div>
              <div class="step skip-bg" title="com.app.stepDefs.LoginPageStepDef.userLogsIntoSystem()">
                <span>Then User logs into the system</span>
      <div>Step skipped
      </div>
              </div>
              <div class="step skip-bg" title="com.app.stepDefs.LoginPageStepDef.userLogsOutTheSystem()">
                <span>Then User logs out the system</span>
      <div>Step skipped
      </div>
              </div>
              <div class="step skip-bg" title="com.app.stepDefs.LoginPageStepDef.userNavigatesToPage(java.lang.String)">
                <span>Then user navigates to "https://yahoo.com"</span>
      <div>Step skipped
      </div>
              </div>
              <div class="step fail-bg" title="AFTER">
                <span>com.app.Hooks.ApplicationHooks.After_UI(io.cucumber.java.Scenario)</span>
      <div>
        <textarea disabled class="code-block">java.lang.NullPointerException: Cannot invoke "org.openqa.selenium.TakesScreenshot.getScreenshotAs(org.openqa.selenium.OutputType)" because "screenshot" is null
	at com.app.utils.Utilities.ts(Utilities.java:93)
	at com.app.Hooks.ApplicationHooks.After_UI(ApplicationHooks.java:31)
</textarea>
      
      </div>
              </div>
          </div>
        </div>
  </div>
  <div class="card">
    <div class="card-header" role="tab">
      <div class="card-title">
        <div class="node" id="12"><span class="badge log fail-bg mr-2">Fail</span>Logging in to the system scenrio two</div>
      </div>
    </div>
        <div class="">
          <div class="card-body">
              <div class="step fail-bg" title="BEFORE">
                <span>com.app.Hooks.ApplicationHooks.Before_UI()</span>
      <div>
        <textarea disabled class="code-block">org.openqa.selenium.SessionNotCreatedException: Could not start a new session. Response code 500. Message: session not created: This version of ChromeDriver only supports Chrome version 114
Current browser version is 123.0.6312.86 with binary path C:\Program Files\Google\Chrome\Application\chrome.exe 
Host info: host: 'EPINHYDW03C3', ip: '192.168.1.5'
Build info: version: '4.9.0', revision: 'd7057100a6'
System info: os.name: 'Windows 11', os.arch: 'amd64', os.version: '10.0', java.version: '17.0.9'
Driver info: org.openqa.selenium.chrome.ChromeDriver
Command: [null, newSession {capabilities=[Capabilities {browserName: chrome, goog:chromeOptions: {args: [--remote-allow-origins=*], extensions: []}}]}]
	at org.openqa.selenium.remote.ProtocolHandshake.createSession(ProtocolHandshake.java:136)
	at org.openqa.selenium.remote.ProtocolHandshake.createSession(ProtocolHandshake.java:94)
	at org.openqa.selenium.remote.ProtocolHandshake.createSession(ProtocolHandshake.java:68)
	at org.openqa.selenium.remote.HttpCommandExecutor.execute(HttpCommandExecutor.java:165)
	at org.openqa.selenium.remote.service.DriverCommandExecutor.invokeExecute(DriverCommandExecutor.java:183)
	at org.openqa.selenium.remote.service.DriverCommandExecutor.execute(DriverCommandExecutor.java:158)
	at org.openqa.selenium.remote.RemoteWebDriver.execute(RemoteWebDriver.java:543)
	at org.openqa.selenium.remote.RemoteWebDriver.startSession(RemoteWebDriver.java:229)
	at org.openqa.selenium.remote.RemoteWebDriver.<init>(RemoteWebDriver.java:157)
	at org.openqa.selenium.chromium.ChromiumDriver.<init>(ChromiumDriver.java:101)
	at org.openqa.selenium.chrome.ChromeDriver.<init>(ChromeDriver.java:88)
	at org.openqa.selenium.chrome.ChromeDriver.<init>(ChromeDriver.java:84)
	at org.openqa.selenium.chrome.ChromeDriver.<init>(ChromeDriver.java:73)
	at com.app.utils.Utilities.getDriver(Utilities.java:48)
	at com.app.Hooks.ApplicationHooks.Before_UI(ApplicationHooks.java:22)
</textarea>
      
      </div>
              </div>
              <div class="step skip-bg" title="com.app.stepDefs.LoginPageStepDef.userIsOnLoginPage(java.lang.String)">
                <span>Given user is on app login page "https://www.way2automation.com/angularjs-protractor/banking/#/login"</span>
      <div>Step skipped
      </div>
              </div>
              <div class="step skip-bg" title="com.app.stepDefs.LoginPageStepDef.userLogsIntoSystem()">
                <span>Then User logs into the system</span>
      <div>Step skipped
      </div>
              </div>
              <div class="step skip-bg" title="com.app.stepDefs.LoginPageStepDef.userLogsOutTheSystem()">
                <span>Then User logs out the system</span>
      <div>Step skipped
      </div>
              </div>
              <div class="step skip-bg" title="com.app.stepDefs.LoginPageStepDef.userNavigatesToPage(java.lang.String)">
                <span>Then user navigates to "https://yahoo.com"</span>
      <div>Step skipped
      </div>
              </div>
              <div class="step fail-bg" title="AFTER">
                <span>com.app.Hooks.ApplicationHooks.After_UI(io.cucumber.java.Scenario)</span>
      <div>
        <textarea disabled class="code-block">java.lang.NullPointerException: Cannot invoke "org.openqa.selenium.TakesScreenshot.getScreenshotAs(org.openqa.selenium.OutputType)" because "screenshot" is null
	at com.app.utils.Utilities.ts(Utilities.java:93)
	at com.app.Hooks.ApplicationHooks.After_UI(ApplicationHooks.java:31)
</textarea>
      
      </div>
              </div>
          </div>
        </div>
  </div>
  <div class="card">
    <div class="card-header" role="tab">
      <div class="card-title">
        <div class="node" id="13"><span class="badge log fail-bg mr-2">Fail</span>Logging in to the system scenrio two</div>
      </div>
    </div>
        <div class="">
          <div class="card-body">
              <div class="step fail-bg" title="BEFORE">
                <span>com.app.Hooks.ApplicationHooks.Before_UI()</span>
      <div>
        <textarea disabled class="code-block">org.openqa.selenium.SessionNotCreatedException: Could not start a new session. Response code 500. Message: session not created: This version of ChromeDriver only supports Chrome version 114
Current browser version is 123.0.6312.86 with binary path C:\Program Files\Google\Chrome\Application\chrome.exe 
Host info: host: 'EPINHYDW03C3', ip: '192.168.1.5'
Build info: version: '4.9.0', revision: 'd7057100a6'
System info: os.name: 'Windows 11', os.arch: 'amd64', os.version: '10.0', java.version: '17.0.9'
Driver info: org.openqa.selenium.chrome.ChromeDriver
Command: [null, newSession {capabilities=[Capabilities {browserName: chrome, goog:chromeOptions: {args: [--remote-allow-origins=*], extensions: []}}]}]
	at org.openqa.selenium.remote.ProtocolHandshake.createSession(ProtocolHandshake.java:136)
	at org.openqa.selenium.remote.ProtocolHandshake.createSession(ProtocolHandshake.java:94)
	at org.openqa.selenium.remote.ProtocolHandshake.createSession(ProtocolHandshake.java:68)
	at org.openqa.selenium.remote.HttpCommandExecutor.execute(HttpCommandExecutor.java:165)
	at org.openqa.selenium.remote.service.DriverCommandExecutor.invokeExecute(DriverCommandExecutor.java:183)
	at org.openqa.selenium.remote.service.DriverCommandExecutor.execute(DriverCommandExecutor.java:158)
	at org.openqa.selenium.remote.RemoteWebDriver.execute(RemoteWebDriver.java:543)
	at org.openqa.selenium.remote.RemoteWebDriver.startSession(RemoteWebDriver.java:229)
	at org.openqa.selenium.remote.RemoteWebDriver.<init>(RemoteWebDriver.java:157)
	at org.openqa.selenium.chromium.ChromiumDriver.<init>(ChromiumDriver.java:101)
	at org.openqa.selenium.chrome.ChromeDriver.<init>(ChromeDriver.java:88)
	at org.openqa.selenium.chrome.ChromeDriver.<init>(ChromeDriver.java:84)
	at org.openqa.selenium.chrome.ChromeDriver.<init>(ChromeDriver.java:73)
	at com.app.utils.Utilities.getDriver(Utilities.java:48)
	at com.app.Hooks.ApplicationHooks.Before_UI(ApplicationHooks.java:22)
</textarea>
      
      </div>
              </div>
              <div class="step skip-bg" title="com.app.stepDefs.LoginPageStepDef.userIsOnLoginPage(java.lang.String)">
                <span>Given user is on app login page "https://www.way2automation.com/angularjs-protractor/banking/#/login"</span>
      <div>Step skipped
      </div>
              </div>
              <div class="step skip-bg" title="com.app.stepDefs.LoginPageStepDef.userLogsIntoSystem()">
                <span>Then User logs into the system</span>
      <div>Step skipped
      </div>
              </div>
              <div class="step skip-bg" title="com.app.stepDefs.LoginPageStepDef.userLogsOutTheSystem()">
                <span>Then User logs out the system</span>
      <div>Step skipped
      </div>
              </div>
              <div class="step skip-bg" title="com.app.stepDefs.LoginPageStepDef.userNavigatesToPage(java.lang.String)">
                <span>Then user navigates to "https://yahoo.com"</span>
      <div>Step skipped
      </div>
              </div>
              <div class="step fail-bg" title="AFTER">
                <span>com.app.Hooks.ApplicationHooks.After_UI(io.cucumber.java.Scenario)</span>
      <div>
        <textarea disabled class="code-block">java.lang.NullPointerException: Cannot invoke "org.openqa.selenium.TakesScreenshot.getScreenshotAs(org.openqa.selenium.OutputType)" because "screenshot" is null
	at com.app.utils.Utilities.ts(Utilities.java:93)
	at com.app.Hooks.ApplicationHooks.After_UI(ApplicationHooks.java:31)
</textarea>
      
      </div>
              </div>
          </div>
        </div>
  </div>
  <div class="card">
    <div class="card-header" role="tab">
      <div class="card-title">
        <div class="node" id="18"><span class="badge log fail-bg mr-2">Fail</span>Logging in to the system scenrio two</div>
      </div>
    </div>
        <div class="">
          <div class="card-body">
              <div class="step fail-bg" title="BEFORE">
                <span>com.app.Hooks.ApplicationHooks.Before_UI()</span>
      <div>
        <textarea disabled class="code-block">org.openqa.selenium.SessionNotCreatedException: Could not start a new session. Response code 500. Message: session not created: This version of ChromeDriver only supports Chrome version 114
Current browser version is 123.0.6312.86 with binary path C:\Program Files\Google\Chrome\Application\chrome.exe 
Host info: host: 'EPINHYDW03C3', ip: '192.168.1.5'
Build info: version: '4.9.0', revision: 'd7057100a6'
System info: os.name: 'Windows 11', os.arch: 'amd64', os.version: '10.0', java.version: '17.0.9'
Driver info: org.openqa.selenium.chrome.ChromeDriver
Command: [null, newSession {capabilities=[Capabilities {browserName: chrome, goog:chromeOptions: {args: [--remote-allow-origins=*], extensions: []}}]}]
	at org.openqa.selenium.remote.ProtocolHandshake.createSession(ProtocolHandshake.java:136)
	at org.openqa.selenium.remote.ProtocolHandshake.createSession(ProtocolHandshake.java:94)
	at org.openqa.selenium.remote.ProtocolHandshake.createSession(ProtocolHandshake.java:68)
	at org.openqa.selenium.remote.HttpCommandExecutor.execute(HttpCommandExecutor.java:165)
	at org.openqa.selenium.remote.service.DriverCommandExecutor.invokeExecute(DriverCommandExecutor.java:183)
	at org.openqa.selenium.remote.service.DriverCommandExecutor.execute(DriverCommandExecutor.java:158)
	at org.openqa.selenium.remote.RemoteWebDriver.execute(RemoteWebDriver.java:543)
	at org.openqa.selenium.remote.RemoteWebDriver.startSession(RemoteWebDriver.java:229)
	at org.openqa.selenium.remote.RemoteWebDriver.<init>(RemoteWebDriver.java:157)
	at org.openqa.selenium.chromium.ChromiumDriver.<init>(ChromiumDriver.java:101)
	at org.openqa.selenium.chrome.ChromeDriver.<init>(ChromeDriver.java:88)
	at org.openqa.selenium.chrome.ChromeDriver.<init>(ChromeDriver.java:84)
	at org.openqa.selenium.chrome.ChromeDriver.<init>(ChromeDriver.java:73)
	at com.app.utils.Utilities.getDriver(Utilities.java:48)
	at com.app.Hooks.ApplicationHooks.Before_UI(ApplicationHooks.java:22)
</textarea>
      
      </div>
              </div>
              <div class="step skip-bg" title="com.app.stepDefs.LoginPageStepDef.userIsOnLoginPage(java.lang.String)">
                <span>Given user is on app login page "https://www.way2automation.com/angularjs-protractor/banking/#/login"</span>
      <div>Step skipped
      </div>
              </div>
              <div class="step skip-bg" title="com.app.stepDefs.LoginPageStepDef.userLogsIntoSystem()">
                <span>Then User logs into the system</span>
      <div>Step skipped
      </div>
              </div>
              <div class="step skip-bg" title="com.app.stepDefs.LoginPageStepDef.userLogsOutTheSystem()">
                <span>Then User logs out the system</span>
      <div>Step skipped
      </div>
              </div>
              <div class="step skip-bg" title="com.app.stepDefs.LoginPageStepDef.userNavigatesToPage(java.lang.String)">
                <span>Then user navigates to "https://yahoo.com"</span>
      <div>Step skipped
      </div>
              </div>
              <div class="step fail-bg" title="AFTER">
                <span>com.app.Hooks.ApplicationHooks.After_UI(io.cucumber.java.Scenario)</span>
      <div>
        <textarea disabled class="code-block">java.lang.NullPointerException: Cannot invoke "org.openqa.selenium.TakesScreenshot.getScreenshotAs(org.openqa.selenium.OutputType)" because "screenshot" is null
	at com.app.utils.Utilities.ts(Utilities.java:93)
	at com.app.Hooks.ApplicationHooks.After_UI(ApplicationHooks.java:31)
</textarea>
      
      </div>
              </div>
          </div>
        </div>
  </div>
  <div class="card">
    <div class="card-header" role="tab">
      <div class="card-title">
        <div class="node" id="35"><span class="badge log fail-bg mr-2">Fail</span>Logging in to the system scenrio three</div>
      </div>
    </div>
        <div class="">
          <div class="card-body">
              <div class="step fail-bg" title="BEFORE">
                <span>com.app.Hooks.ApplicationHooks.Before_UI()</span>
      <div>
        <textarea disabled class="code-block">org.openqa.selenium.SessionNotCreatedException: Could not start a new session. Response code 500. Message: session not created: This version of ChromeDriver only supports Chrome version 114
Current browser version is 123.0.6312.86 with binary path C:\Program Files\Google\Chrome\Application\chrome.exe 
Host info: host: 'EPINHYDW03C3', ip: '192.168.1.5'
Build info: version: '4.9.0', revision: 'd7057100a6'
System info: os.name: 'Windows 11', os.arch: 'amd64', os.version: '10.0', java.version: '17.0.9'
Driver info: org.openqa.selenium.chrome.ChromeDriver
Command: [null, newSession {capabilities=[Capabilities {browserName: chrome, goog:chromeOptions: {args: [--remote-allow-origins=*], extensions: []}}]}]
	at org.openqa.selenium.remote.ProtocolHandshake.createSession(ProtocolHandshake.java:136)
	at org.openqa.selenium.remote.ProtocolHandshake.createSession(ProtocolHandshake.java:94)
	at org.openqa.selenium.remote.ProtocolHandshake.createSession(ProtocolHandshake.java:68)
	at org.openqa.selenium.remote.HttpCommandExecutor.execute(HttpCommandExecutor.java:165)
	at org.openqa.selenium.remote.service.DriverCommandExecutor.invokeExecute(DriverCommandExecutor.java:183)
	at org.openqa.selenium.remote.service.DriverCommandExecutor.execute(DriverCommandExecutor.java:158)
	at org.openqa.selenium.remote.RemoteWebDriver.execute(RemoteWebDriver.java:543)
	at org.openqa.selenium.remote.RemoteWebDriver.startSession(RemoteWebDriver.java:229)
	at org.openqa.selenium.remote.RemoteWebDriver.<init>(RemoteWebDriver.java:157)
	at org.openqa.selenium.chromium.ChromiumDriver.<init>(ChromiumDriver.java:101)
	at org.openqa.selenium.chrome.ChromeDriver.<init>(ChromeDriver.java:88)
	at org.openqa.selenium.chrome.ChromeDriver.<init>(ChromeDriver.java:84)
	at org.openqa.selenium.chrome.ChromeDriver.<init>(ChromeDriver.java:73)
	at com.app.utils.Utilities.getDriver(Utilities.java:48)
	at com.app.Hooks.ApplicationHooks.Before_UI(ApplicationHooks.java:22)
</textarea>
      
      </div>
              </div>
              <div class="step skip-bg" title="com.app.stepDefs.LoginPageStepDef.userIsOnLoginPage(java.lang.String)">
                <span>Given user is on app login page "https://www.way2automation.com/angularjs-protractor/banking/#/login"</span>
      <div>Step skipped
      </div>
              </div>
              <div class="step skip-bg" title="com.app.stepDefs.LoginPageStepDef.userNavigatesToPage(java.lang.String)">
                <span>Then user navigates to "https://youtube.com"</span>
      <div>Step skipped
      </div>
              </div>
              <div class="step skip-bg" title="com.app.stepDefs.MoneyCtrlPageStepDef.userNavigatesToPage(java.lang.String,java.lang.String)">
                <span>Then fetch "% Gain" for company "ONGC"</span>
      <div>Step skipped
      </div>
              </div>
              <div class="step skip-bg" title="com.app.stepDefs.MoneyCtrlPageStepDef.userNavigatesToPage(java.lang.String,java.lang.String)">
                <span>Then fetch "High" for company "Nestle"</span>
      <div>Step skipped
      </div>
              </div>
              <div class="step skip-bg" title="com.app.stepDefs.MoneyCtrlPageStepDef.userNavigatesToPage(java.lang.String,java.lang.String)">
                <span>Then fetch "Low" for company "Nestle"</span>
      <div>Step skipped
      </div>
              </div>
              <div class="step fail-bg" title="AFTER">
                <span>com.app.Hooks.ApplicationHooks.After_UI(io.cucumber.java.Scenario)</span>
      <div>
        <textarea disabled class="code-block">java.lang.NullPointerException: Cannot invoke "org.openqa.selenium.TakesScreenshot.getScreenshotAs(org.openqa.selenium.OutputType)" because "screenshot" is null
	at com.app.utils.Utilities.ts(Utilities.java:93)
	at com.app.Hooks.ApplicationHooks.After_UI(ApplicationHooks.java:31)
</textarea>
      
      </div>
              </div>
          </div>
        </div>
  </div>
</div>
          </div>
        </li>
      </ul>
    </div>
  </div>
<div class="test-content scrollable">
<div class="test-content-tools">
<ul><li><a class="back-to-test" href="#"><i class="fa fa-arrow-left"></i></a></li></ul>
</div>
<div class="test-content-detail"><div class="detail-body"></div></div>
</div></div>
<div class="test-wrapper row view category-view attributes-view">
<div class="test-list">
<div class="test-list-tools">
<ul class="tools pull-left"><li><a href=""><span class="font-size-14">Category</span></a></li></ul>
<ul class="tools text-right"><li><a href="#"><span class="badge badge-primary">4</span></a></li></ul>
</div>
<div class="test-list-wrapper scrollable">
<ul class="test-list-item">
<li class="test-item">
<div class="test-detail">
<span class="meta">
<span class='badge log badge-danger'>10</span>
</span>
<p class="name">@tag2</p>
<p class="duration text-sm">10 tests</p>
</div>
<div class="test-contents d-none">
<div class="info">
<h4>@tag2</h4>
<span status="fail" class='badge log badge-danger'>10 failed</span>
</div>
<table class='table table-sm mt-4'>
<thead>
<tr>
<th class="status-col">Status</th>
<th class="timestamp-col">Timestamp</th>
<th>TestName</th>
</tr>
</thead>
<tbody>
<tr class="tag-test-status" status="fail">
<td><span class="badge log fail-bg">Fail</span></td>
<td>17:53:32 pm</td>
<td>
<a href="#" class="linked" test-id='1' id='2'>Logging in to the system scenrio two</a>
<div class="">
<span class="badge badge-default">Login feature.Logging in to the system scenrio two</span>
</div>
</td>
</tr>
<tr class="tag-test-status" status="fail">
<td><span class="badge log fail-bg">Fail</span></td>
<td>17:53:32 pm</td>
<td>
<a href="#" class="linked" test-id='1' id='3'>Logging in to the system scenrio two</a>
<div class="">
<span class="badge badge-default">Login feature.Logging in to the system scenrio two</span>
</div>
</td>
</tr>
<tr class="tag-test-status" status="fail">
<td><span class="badge log fail-bg">Fail</span></td>
<td>17:53:32 pm</td>
<td>
<a href="#" class="linked" test-id='1' id='4'>Logging in to the system scenrio two</a>
<div class="">
<span class="badge badge-default">Login feature.Logging in to the system scenrio two</span>
</div>
</td>
</tr>
<tr class="tag-test-status" status="fail">
<td><span class="badge log fail-bg">Fail</span></td>
<td>17:53:32 pm</td>
<td>
<a href="#" class="linked" test-id='1' id='7'>Logging in to the system scenrio two</a>
<div class="">
<span class="badge badge-default">Login feature.Logging in to the system scenrio two</span>
</div>
</td>
</tr>
<tr class="tag-test-status" status="fail">
<td><span class="badge log fail-bg">Fail</span></td>
<td>17:53:32 pm</td>
<td>
<a href="#" class="linked" test-id='1' id='9'>Logging in to the system scenrio two</a>
<div class="">
<span class="badge badge-default">Login feature.Logging in to the system scenrio two</span>
</div>
</td>
</tr>
<tr class="tag-test-status" status="fail">
<td><span class="badge log fail-bg">Fail</span></td>
<td>17:53:32 pm</td>
<td>
<a href="#" class="linked" test-id='1' id='11'>Logging in to the system scenrio two</a>
<div class="">
<span class="badge badge-default">Login feature.Logging in to the system scenrio two</span>
</div>
</td>
</tr>
<tr class="tag-test-status" status="fail">
<td><span class="badge log fail-bg">Fail</span></td>
<td>17:53:32 pm</td>
<td>
<a href="#" class="linked" test-id='1' id='12'>Logging in to the system scenrio two</a>
<div class="">
<span class="badge badge-default">Login feature.Logging in to the system scenrio two</span>
</div>
</td>
</tr>
<tr class="tag-test-status" status="fail">
<td><span class="badge log fail-bg">Fail</span></td>
<td>17:53:32 pm</td>
<td>
<a href="#" class="linked" test-id='1' id='13'>Logging in to the system scenrio two</a>
<div class="">
<span class="badge badge-default">Login feature.Logging in to the system scenrio two</span>
</div>
</td>
</tr>
<tr class="tag-test-status" status="fail">
<td><span class="badge log fail-bg">Fail</span></td>
<td>17:53:32 pm</td>
<td>
<a href="#" class="linked" test-id='1' id='18'>Logging in to the system scenrio two</a>
<div class="">
<span class="badge badge-default">Login feature.Logging in to the system scenrio two</span>
</div>
</td>
</tr>
<tr class="tag-test-status" status="fail">
<td><span class="badge log fail-bg">Fail</span></td>
<td>17:53:36 pm</td>
<td>
<a href="#" class="linked" test-id='1' id='35'>Logging in to the system scenrio three</a>
<div class="">
<span class="badge badge-default">Login feature.Logging in to the system scenrio three</span>
</div>
</td>
</tr>
</tbody>
</table>
</div>
</li>
<li class="test-item">
<div class="test-detail">
<span class="meta">
<span class='badge log badge-danger'>11</span>
</span>
<p class="name">@UI</p>
<p class="duration text-sm">11 tests</p>
</div>
<div class="test-contents d-none">
<div class="info">
<h4>@UI</h4>
<span status="fail" class='badge log badge-danger'>11 failed</span>
</div>
<table class='table table-sm mt-4'>
<thead>
<tr>
<th class="status-col">Status</th>
<th class="timestamp-col">Timestamp</th>
<th>TestName</th>
</tr>
</thead>
<tbody>
<tr class="tag-test-status" status="fail">
<td><span class="badge log fail-bg">Fail</span></td>
<td>17:53:32 pm</td>
<td>
<a href="#" class="linked" test-id='1' id='2'>Logging in to the system scenrio two</a>
<div class="">
<span class="badge badge-default">Login feature.Logging in to the system scenrio two</span>
</div>
</td>
</tr>
<tr class="tag-test-status" status="fail">
<td><span class="badge log fail-bg">Fail</span></td>
<td>17:53:32 pm</td>
<td>
<a href="#" class="linked" test-id='1' id='3'>Logging in to the system scenrio two</a>
<div class="">
<span class="badge badge-default">Login feature.Logging in to the system scenrio two</span>
</div>
</td>
</tr>
<tr class="tag-test-status" status="fail">
<td><span class="badge log fail-bg">Fail</span></td>
<td>17:53:32 pm</td>
<td>
<a href="#" class="linked" test-id='1' id='4'>Logging in to the system scenrio two</a>
<div class="">
<span class="badge badge-default">Login feature.Logging in to the system scenrio two</span>
</div>
</td>
</tr>
<tr class="tag-test-status" status="fail">
<td><span class="badge log fail-bg">Fail</span></td>
<td>17:53:32 pm</td>
<td>
<a href="#" class="linked" test-id='1' id='5'>Logging in to the system scenrio one</a>
<div class="">
<span class="badge badge-default">Login feature.Logging in to the system scenrio one</span>
</div>
</td>
</tr>
<tr class="tag-test-status" status="fail">
<td><span class="badge log fail-bg">Fail</span></td>
<td>17:53:32 pm</td>
<td>
<a href="#" class="linked" test-id='1' id='7'>Logging in to the system scenrio two</a>
<div class="">
<span class="badge badge-default">Login feature.Logging in to the system scenrio two</span>
</div>
</td>
</tr>
<tr class="tag-test-status" status="fail">
<td><span class="badge log fail-bg">Fail</span></td>
<td>17:53:32 pm</td>
<td>
<a href="#" class="linked" test-id='1' id='9'>Logging in to the system scenrio two</a>
<div class="">
<span class="badge badge-default">Login feature.Logging in to the system scenrio two</span>
</div>
</td>
</tr>
<tr class="tag-test-status" status="fail">
<td><span class="badge log fail-bg">Fail</span></td>
<td>17:53:32 pm</td>
<td>
<a href="#" class="linked" test-id='1' id='11'>Logging in to the system scenrio two</a>
<div class="">
<span class="badge badge-default">Login feature.Logging in to the system scenrio two</span>
</div>
</td>
</tr>
<tr class="tag-test-status" status="fail">
<td><span class="badge log fail-bg">Fail</span></td>
<td>17:53:32 pm</td>
<td>
<a href="#" class="linked" test-id='1' id='12'>Logging in to the system scenrio two</a>
<div class="">
<span class="badge badge-default">Login feature.Logging in to the system scenrio two</span>
</div>
</td>
</tr>
<tr class="tag-test-status" status="fail">
<td><span class="badge log fail-bg">Fail</span></td>
<td>17:53:32 pm</td>
<td>
<a href="#" class="linked" test-id='1' id='13'>Logging in to the system scenrio two</a>
<div class="">
<span class="badge badge-default">Login feature.Logging in to the system scenrio two</span>
</div>
</td>
</tr>
<tr class="tag-test-status" status="fail">
<td><span class="badge log fail-bg">Fail</span></td>
<td>17:53:32 pm</td>
<td>
<a href="#" class="linked" test-id='1' id='18'>Logging in to the system scenrio two</a>
<div class="">
<span class="badge badge-default">Login feature.Logging in to the system scenrio two</span>
</div>
</td>
</tr>
<tr class="tag-test-status" status="fail">
<td><span class="badge log fail-bg">Fail</span></td>
<td>17:53:36 pm</td>
<td>
<a href="#" class="linked" test-id='1' id='35'>Logging in to the system scenrio three</a>
<div class="">
<span class="badge badge-default">Login feature.Logging in to the system scenrio three</span>
</div>
</td>
</tr>
</tbody>
</table>
</div>
</li>
<li class="test-item">
<div class="test-detail">
<span class="meta">
<span class='badge log badge-danger'>1</span>
</span>
<p class="name">@tag3</p>
<p class="duration text-sm">1 tests</p>
</div>
<div class="test-contents d-none">
<div class="info">
<h4>@tag3</h4>
<span status="fail" class='badge log badge-danger'>1 failed</span>
</div>
<table class='table table-sm mt-4'>
<thead>
<tr>
<th class="status-col">Status</th>
<th class="timestamp-col">Timestamp</th>
<th>TestName</th>
</tr>
</thead>
<tbody>
<tr class="tag-test-status" status="fail">
<td><span class="badge log fail-bg">Fail</span></td>
<td>17:53:36 pm</td>
<td>
<a href="#" class="linked" test-id='1' id='35'>Logging in to the system scenrio three</a>
<div class="">
<span class="badge badge-default">Login feature.Logging in to the system scenrio three</span>
</div>
</td>
</tr>
</tbody>
</table>
</div>
</li>
<li class="test-item">
<div class="test-detail">
<span class="meta">
<span class='badge log badge-danger'>11</span>
</span>
<p class="name">@tag1</p>
<p class="duration text-sm">11 tests</p>
</div>
<div class="test-contents d-none">
<div class="info">
<h4>@tag1</h4>
<span status="fail" class='badge log badge-danger'>11 failed</span>
</div>
<table class='table table-sm mt-4'>
<thead>
<tr>
<th class="status-col">Status</th>
<th class="timestamp-col">Timestamp</th>
<th>TestName</th>
</tr>
</thead>
<tbody>
<tr class="tag-test-status" status="fail">
<td><span class="badge log fail-bg">Fail</span></td>
<td>17:53:32 pm</td>
<td>
<a href="#" class="linked" test-id='1' id='2'>Logging in to the system scenrio two</a>
<div class="">
<span class="badge badge-default">Login feature.Logging in to the system scenrio two</span>
</div>
</td>
</tr>
<tr class="tag-test-status" status="fail">
<td><span class="badge log fail-bg">Fail</span></td>
<td>17:53:32 pm</td>
<td>
<a href="#" class="linked" test-id='1' id='3'>Logging in to the system scenrio two</a>
<div class="">
<span class="badge badge-default">Login feature.Logging in to the system scenrio two</span>
</div>
</td>
</tr>
<tr class="tag-test-status" status="fail">
<td><span class="badge log fail-bg">Fail</span></td>
<td>17:53:32 pm</td>
<td>
<a href="#" class="linked" test-id='1' id='4'>Logging in to the system scenrio two</a>
<div class="">
<span class="badge badge-default">Login feature.Logging in to the system scenrio two</span>
</div>
</td>
</tr>
<tr class="tag-test-status" status="fail">
<td><span class="badge log fail-bg">Fail</span></td>
<td>17:53:32 pm</td>
<td>
<a href="#" class="linked" test-id='1' id='5'>Logging in to the system scenrio one</a>
<div class="">
<span class="badge badge-default">Login feature.Logging in to the system scenrio one</span>
</div>
</td>
</tr>
<tr class="tag-test-status" status="fail">
<td><span class="badge log fail-bg">Fail</span></td>
<td>17:53:32 pm</td>
<td>
<a href="#" class="linked" test-id='1' id='7'>Logging in to the system scenrio two</a>
<div class="">
<span class="badge badge-default">Login feature.Logging in to the system scenrio two</span>
</div>
</td>
</tr>
<tr class="tag-test-status" status="fail">
<td><span class="badge log fail-bg">Fail</span></td>
<td>17:53:32 pm</td>
<td>
<a href="#" class="linked" test-id='1' id='9'>Logging in to the system scenrio two</a>
<div class="">
<span class="badge badge-default">Login feature.Logging in to the system scenrio two</span>
</div>
</td>
</tr>
<tr class="tag-test-status" status="fail">
<td><span class="badge log fail-bg">Fail</span></td>
<td>17:53:32 pm</td>
<td>
<a href="#" class="linked" test-id='1' id='11'>Logging in to the system scenrio two</a>
<div class="">
<span class="badge badge-default">Login feature.Logging in to the system scenrio two</span>
</div>
</td>
</tr>
<tr class="tag-test-status" status="fail">
<td><span class="badge log fail-bg">Fail</span></td>
<td>17:53:32 pm</td>
<td>
<a href="#" class="linked" test-id='1' id='12'>Logging in to the system scenrio two</a>
<div class="">
<span class="badge badge-default">Login feature.Logging in to the system scenrio two</span>
</div>
</td>
</tr>
<tr class="tag-test-status" status="fail">
<td><span class="badge log fail-bg">Fail</span></td>
<td>17:53:32 pm</td>
<td>
<a href="#" class="linked" test-id='1' id='13'>Logging in to the system scenrio two</a>
<div class="">
<span class="badge badge-default">Login feature.Logging in to the system scenrio two</span>
</div>
</td>
</tr>
<tr class="tag-test-status" status="fail">
<td><span class="badge log fail-bg">Fail</span></td>
<td>17:53:32 pm</td>
<td>
<a href="#" class="linked" test-id='1' id='18'>Logging in to the system scenrio two</a>
<div class="">
<span class="badge badge-default">Login feature.Logging in to the system scenrio two</span>
</div>
</td>
</tr>
<tr class="tag-test-status" status="fail">
<td><span class="badge log fail-bg">Fail</span></td>
<td>17:53:36 pm</td>
<td>
<a href="#" class="linked" test-id='1' id='35'>Logging in to the system scenrio three</a>
<div class="">
<span class="badge badge-default">Login feature.Logging in to the system scenrio three</span>
</div>
</td>
</tr>
</tbody>
</table>
</div>
</li>
</ul>
</div>
</div>
<div class="test-content scrollable">
<div class="test-content-detail">
<div class="detail-body"></div>
</div>
</div>
</div><div class="test-wrapper row view exception-view attributes-view">
<div class="test-list">
<div class="test-list-tools">
<ul class="tools pull-left"><li><a href=""><span class="font-size-14">Exception</span></a></li></ul>
<ul class="tools text-right"><li><a href="#"><span class="badge badge-primary">2</span></a></li></ul>
</div>
<div class="test-list-wrapper scrollable">
<ul class="test-list-item">
<li class="test-item">
<div class="test-detail">
<span class="meta">
<span class='badge log badge-danger'>1</span>
</span>
<p class="name">org.openqa.selenium.SessionNotCreatedException</p>
<p class="duration text-sm">1 tests</p>
</div>
<div class="test-contents d-none">
<div class="info">
<h4>org.openqa.selenium.SessionNotCreatedException</h4>
<span status="fail" class='badge log badge-danger'>1 failed</span>
</div>
<table class='table table-sm mt-4'>
<thead>
<tr>
<th class="status-col">Status</th>
<th class="timestamp-col">Timestamp</th>
<th>TestName</th>
</tr>
</thead>
<tbody>
<tr class="tag-test-status" status="fail">
<td><span class="badge log fail-bg">Fail</span></td>
<td>17:53:32 pm</td>
<td>
<a href="#" class="linked" test-id='1' id='16'>com.app.Hooks.ApplicationHooks.Before_UI()</a>
<div class="">
<span class="badge badge-default">Login feature.Logging in to the system scenrio one.com.app.Hooks.ApplicationHooks.Before_UI()</span>
</div>
</td>
</tr>
<tr class="tag-test-status" status="fail">
<td><span class="badge log fail-bg">Fail</span></td>
<td>17:53:32 pm</td>
<td>
<a href="#" class="linked" test-id='1' id='20'>com.app.Hooks.ApplicationHooks.Before_UI()</a>
<div class="">
<span class="badge badge-default">Login feature.Logging in to the system scenrio two.com.app.Hooks.ApplicationHooks.Before_UI()</span>
</div>
</td>
</tr>
<tr class="tag-test-status" status="fail">
<td><span class="badge log fail-bg">Fail</span></td>
<td>17:53:32 pm</td>
<td>
<a href="#" class="linked" test-id='1' id='15'>com.app.Hooks.ApplicationHooks.Before_UI()</a>
<div class="">
<span class="badge badge-default">Login feature.Logging in to the system scenrio two.com.app.Hooks.ApplicationHooks.Before_UI()</span>
</div>
</td>
</tr>
<tr class="tag-test-status" status="fail">
<td><span class="badge log fail-bg">Fail</span></td>
<td>17:53:32 pm</td>
<td>
<a href="#" class="linked" test-id='1' id='8'>com.app.Hooks.ApplicationHooks.Before_UI()</a>
<div class="">
<span class="badge badge-default">Login feature.Logging in to the system scenrio two.com.app.Hooks.ApplicationHooks.Before_UI()</span>
</div>
</td>
</tr>
<tr class="tag-test-status" status="fail">
<td><span class="badge log fail-bg">Fail</span></td>
<td>17:53:32 pm</td>
<td>
<a href="#" class="linked" test-id='1' id='6'>com.app.Hooks.ApplicationHooks.Before_UI()</a>
<div class="">
<span class="badge badge-default">Login feature.Logging in to the system scenrio two.com.app.Hooks.ApplicationHooks.Before_UI()</span>
</div>
</td>
</tr>
<tr class="tag-test-status" status="fail">
<td><span class="badge log fail-bg">Fail</span></td>
<td>17:53:32 pm</td>
<td>
<a href="#" class="linked" test-id='1' id='19'>com.app.Hooks.ApplicationHooks.Before_UI()</a>
<div class="">
<span class="badge badge-default">Login feature.Logging in to the system scenrio two.com.app.Hooks.ApplicationHooks.Before_UI()</span>
</div>
</td>
</tr>
<tr class="tag-test-status" status="fail">
<td><span class="badge log fail-bg">Fail</span></td>
<td>17:53:36 pm</td>
<td>
<a href="#" class="linked" test-id='1' id='36'>com.app.Hooks.ApplicationHooks.Before_UI()</a>
<div class="">
<span class="badge badge-default">Login feature.Logging in to the system scenrio three.com.app.Hooks.ApplicationHooks.Before_UI()</span>
</div>
</td>
</tr>
<tr class="tag-test-status" status="fail">
<td><span class="badge log fail-bg">Fail</span></td>
<td>17:53:32 pm</td>
<td>
<a href="#" class="linked" test-id='1' id='21'>com.app.Hooks.ApplicationHooks.Before_UI()</a>
<div class="">
<span class="badge badge-default">Login feature.Logging in to the system scenrio two.com.app.Hooks.ApplicationHooks.Before_UI()</span>
</div>
</td>
</tr>
<tr class="tag-test-status" status="fail">
<td><span class="badge log fail-bg">Fail</span></td>
<td>17:53:32 pm</td>
<td>
<a href="#" class="linked" test-id='1' id='17'>com.app.Hooks.ApplicationHooks.Before_UI()</a>
<div class="">
<span class="badge badge-default">Login feature.Logging in to the system scenrio two.com.app.Hooks.ApplicationHooks.Before_UI()</span>
</div>
</td>
</tr>
<tr class="tag-test-status" status="fail">
<td><span class="badge log fail-bg">Fail</span></td>
<td>17:53:32 pm</td>
<td>
<a href="#" class="linked" test-id='1' id='14'>com.app.Hooks.ApplicationHooks.Before_UI()</a>
<div class="">
<span class="badge badge-default">Login feature.Logging in to the system scenrio two.com.app.Hooks.ApplicationHooks.Before_UI()</span>
</div>
</td>
</tr>
<tr class="tag-test-status" status="fail">
<td><span class="badge log fail-bg">Fail</span></td>
<td>17:53:32 pm</td>
<td>
<a href="#" class="linked" test-id='1' id='10'>com.app.Hooks.ApplicationHooks.Before_UI()</a>
<div class="">
<span class="badge badge-default">Login feature.Logging in to the system scenrio two.com.app.Hooks.ApplicationHooks.Before_UI()</span>
</div>
</td>
</tr>
</tbody>
</table>
</div>
</li>
<li class="test-item">
<div class="test-detail">
<span class="meta">
<span class='badge log badge-danger'>1</span>
</span>
<p class="name">java.lang.NullPointerException</p>
<p class="duration text-sm">1 tests</p>
</div>
<div class="test-contents d-none">
<div class="info">
<h4>java.lang.NullPointerException</h4>
<span status="fail" class='badge log badge-danger'>1 failed</span>
</div>
<table class='table table-sm mt-4'>
<thead>
<tr>
<th class="status-col">Status</th>
<th class="timestamp-col">Timestamp</th>
<th>TestName</th>
</tr>
</thead>
<tbody>
<tr class="tag-test-status" status="fail">
<td><span class="badge log fail-bg">Fail</span></td>
<td>17:53:36 pm</td>
<td>
<a href="#" class="linked" test-id='1' id='34'>com.app.Hooks.ApplicationHooks.After_UI(io.cucumber.java.Scenario)</a>
<div class="">
<span class="badge badge-default">Login feature.Logging in to the system scenrio one.com.app.Hooks.ApplicationHooks.After_UI(io.cucumber.java.Scenario)</span>
</div>
</td>
</tr>
<tr class="tag-test-status" status="fail">
<td><span class="badge log fail-bg">Fail</span></td>
<td>17:53:36 pm</td>
<td>
<a href="#" class="linked" test-id='1' id='49'>com.app.Hooks.ApplicationHooks.After_UI(io.cucumber.java.Scenario)</a>
<div class="">
<span class="badge badge-default">Login feature.Logging in to the system scenrio two.com.app.Hooks.ApplicationHooks.After_UI(io.cucumber.java.Scenario)</span>
</div>
</td>
</tr>
<tr class="tag-test-status" status="fail">
<td><span class="badge log fail-bg">Fail</span></td>
<td>17:53:38 pm</td>
<td>
<a href="#" class="linked" test-id='1' id='62'>com.app.Hooks.ApplicationHooks.After_UI(io.cucumber.java.Scenario)</a>
<div class="">
<span class="badge badge-default">Login feature.Logging in to the system scenrio two.com.app.Hooks.ApplicationHooks.After_UI(io.cucumber.java.Scenario)</span>
</div>
</td>
</tr>
<tr class="tag-test-status" status="fail">
<td><span class="badge log fail-bg">Fail</span></td>
<td>17:53:38 pm</td>
<td>
<a href="#" class="linked" test-id='1' id='75'>com.app.Hooks.ApplicationHooks.After_UI(io.cucumber.java.Scenario)</a>
<div class="">
<span class="badge badge-default">Login feature.Logging in to the system scenrio two.com.app.Hooks.ApplicationHooks.After_UI(io.cucumber.java.Scenario)</span>
</div>
</td>
</tr>
<tr class="tag-test-status" status="fail">
<td><span class="badge log fail-bg">Fail</span></td>
<td>17:53:38 pm</td>
<td>
<a href="#" class="linked" test-id='1' id='88'>com.app.Hooks.ApplicationHooks.After_UI(io.cucumber.java.Scenario)</a>
<div class="">
<span class="badge badge-default">Login feature.Logging in to the system scenrio two.com.app.Hooks.ApplicationHooks.After_UI(io.cucumber.java.Scenario)</span>
</div>
</td>
</tr>
<tr class="tag-test-status" status="fail">
<td><span class="badge log fail-bg">Fail</span></td>
<td>17:53:39 pm</td>
<td>
<a href="#" class="linked" test-id='1' id='101'>com.app.Hooks.ApplicationHooks.After_UI(io.cucumber.java.Scenario)</a>
<div class="">
<span class="badge badge-default">Login feature.Logging in to the system scenrio two.com.app.Hooks.ApplicationHooks.After_UI(io.cucumber.java.Scenario)</span>
</div>
</td>
</tr>
<tr class="tag-test-status" status="fail">
<td><span class="badge log fail-bg">Fail</span></td>
<td>17:53:39 pm</td>
<td>
<a href="#" class="linked" test-id='1' id='121'>com.app.Hooks.ApplicationHooks.After_UI(io.cucumber.java.Scenario)</a>
<div class="">
<span class="badge badge-default">Login feature.Logging in to the system scenrio two.com.app.Hooks.ApplicationHooks.After_UI(io.cucumber.java.Scenario)</span>
</div>
</td>
</tr>
<tr class="tag-test-status" status="fail">
<td><span class="badge log fail-bg">Fail</span></td>
<td>17:53:39 pm</td>
<td>
<a href="#" class="linked" test-id='1' id='130'>com.app.Hooks.ApplicationHooks.After_UI(io.cucumber.java.Scenario)</a>
<div class="">
<span class="badge badge-default">Login feature.Logging in to the system scenrio three.com.app.Hooks.ApplicationHooks.After_UI(io.cucumber.java.Scenario)</span>
</div>
</td>
</tr>
<tr class="tag-test-status" status="fail">
<td><span class="badge log fail-bg">Fail</span></td>
<td>17:53:39 pm</td>
<td>
<a href="#" class="linked" test-id='1' id='143'>com.app.Hooks.ApplicationHooks.After_UI(io.cucumber.java.Scenario)</a>
<div class="">
<span class="badge badge-default">Login feature.Logging in to the system scenrio two.com.app.Hooks.ApplicationHooks.After_UI(io.cucumber.java.Scenario)</span>
</div>
</td>
</tr>
<tr class="tag-test-status" status="fail">
<td><span class="badge log fail-bg">Fail</span></td>
<td>17:53:39 pm</td>
<td>
<a href="#" class="linked" test-id='1' id='156'>com.app.Hooks.ApplicationHooks.After_UI(io.cucumber.java.Scenario)</a>
<div class="">
<span class="badge badge-default">Login feature.Logging in to the system scenrio two.com.app.Hooks.ApplicationHooks.After_UI(io.cucumber.java.Scenario)</span>
</div>
</td>
</tr>
<tr class="tag-test-status" status="fail">
<td><span class="badge log fail-bg">Fail</span></td>
<td>17:53:40 pm</td>
<td>
<a href="#" class="linked" test-id='1' id='169'>com.app.Hooks.ApplicationHooks.After_UI(io.cucumber.java.Scenario)</a>
<div class="">
<span class="badge badge-default">Login feature.Logging in to the system scenrio two.com.app.Hooks.ApplicationHooks.After_UI(io.cucumber.java.Scenario)</span>
</div>
</td>
</tr>
</tbody>
</table>
</div>
</li>
</ul>
</div>
</div>
<div class="test-content scrollable">
<div class="test-content-detail">
<div class="detail-body"></div>
</div>
</div>
</div>        </div>
      </div>
    </div>
  </div>
<script src="https://cdn.jsdelivr.net/gh/extent-framework/extent-github-cdn@14e9bb345ef7e2ed3a102f271d84e9f0267c88e7/spark/js/spark-script.js"></script>
<script type="text/javascript"></script></body>
</html>