




<!DOCTYPE html>
<html>
<head>
	<meta charset='UTF-8' /> 
	<meta name='description' content='' />
	<meta name='robots' content='noodp, noydir' />
	<meta name='viewport' content='width=device-width, initial-scale=1' />
	<meta id="timeStampFormat" name="timeStampFormat" content='MMM d, yyyy hh:mm:ss a'/>
	
        <link href='http://fonts.googleapis.com/css?family=Source+Sans+Pro:400,600' rel='stylesheet' type='text/css' />
        <link href="http://fonts.googleapis.com/icon?family=Material+Icons" rel="stylesheet" />
        <link href='http://cdn.jsdelivr.net/gh/extent-framework/extent-github-cdn@ff53917fbbdb5ef820abbbe4d199a6942dc771ff/v3html/css/extent.css' type='text/css' rel='stylesheet' />
	
	<title></title>

	<style type='text/css'>
		/* json-tree */
		.jstBracket,.jstComma,.jstValue{white-space:pre-wrap}.jstValue{font-size:10px;font-weight:400;font-family:"Lucida Console",Monaco,monospace}.jstProperty{color:#666;word-wrap:break-word}.jstBool{color:#2525CC}.jstNum{color:#D036D0}.jstNull{color:gray}.jstStr{color:#2DB669}.jstFold:after{content:' -';cursor:pointer}.jstExpand{white-space:normal}.jstExpand:after{content:' +';cursor:pointer}.jstFolded{white-space:normal!important}.jstHiddenBlock{display:none}
			
	</style>
	
	<script type="text/javascript">
		/*! json-tree - v0.2.2 - 2017-09-25, MIT LICENSE */
		var JSONTree=function(){var n={"&":"&amp;","<":"&lt;",">":"&gt;",'"':"&quot;","'":"&#x27;","/":"&#x2F;"},t=0,r=0;this.create=function(n,t){return r+=1,N(u(n,0,!1),{class:"jstValue"})};var e=function(t){return t.replace(/[&<>'"]/g,function(t){return n[t]})},s=function(){return r+"_"+t++},u=function(n,t,r){if(null===n)return f(r?t:0);switch(typeof n){case"boolean":return l(n,r?t:0);case"number":return i(n,r?t:0);case"string":return o(n,r?t:0);default:return n instanceof Array?a(n,t,r):c(n,t,r)}},c=function(n,t,r){var e=s(),u=Object.keys(n).map(function(r){return j(r,n[r],t+1,!0)}).join(m()),c=[g("{",r?t:0,e),N(u,{id:e}),p("}",t)].join("\n");return N(c,{})},a=function(n,t,r){var e=s(),c=n.map(function(n){return u(n,t+1,!0)}).join(m());return[g("[",r?t:0,e),N(c,{id:e}),p("]",t)].join("\n")},o=function(n,t){var r=e(JSON.stringify(n));return N(v(r,t),{class:"jstStr"})},i=function(n,t){return N(v(n,t),{class:"jstNum"})},l=function(n,t){return N(v(n,t),{class:"jstBool"})},f=function(n){return N(v("null",n),{class:"jstNull"})},j=function(n,t,r){var s=v(e(JSON.stringify(n))+": ",r),c=N(u(t,r,!1),{});return N(s+c,{class:"jstProperty"})},m=function(){return N(",\n",{class:"jstComma"})},N=function(n,t){return d("span",t,n)},d=function(n,t,r){return"<"+n+Object.keys(t).map(function(n){return" "+n+'="'+t[n]+'"'}).join("")+">"+r+"</"+n+">"},g=function(n,t,r){return N(v(n,t),{class:"jstBracket"})+N("",{class:"jstFold",onclick:"JSONTree.toggle('"+r+"')"})};this.toggle=function(n){var t=document.getElementById(n),r=t.parentNode,e=t.previousElementSibling;""===t.className?(t.className="jstHiddenBlock",r.className="jstFolded",e.className="jstExpand"):(t.className="",r.className="",e.className="jstFold")};var p=function(n,t){return N(v(n,t),{})},v=function(n,t){return Array(2*t+1).join(" ")+n};return this}();
	</script>
</head>
	<body class='extent standard default hide-overflow bdd-report'>
		<div id='theme-selector' alt='Click to toggle theme. To enable by default, use theme configuration.' title='Click to toggle theme. To enable by default, use theme configuration.'>
			<span><i class='material-icons'>desktop_windows</i></span>
		</div>
<nav>
	<div class="nav-wrapper">
        <a href="#!" class="brand-logo black"><img src="http://cdn.jsdelivr.net/gh/extent-framework/extent-github-cdn@ff53917fbbdb5ef820abbbe4d199a6942dc771ff/commons/img/logo.png"></a>
		<!-- slideout menu -->
		<ul id='slide-out' class='side-nav fixed hide-on-med-and-down'>
			<li class='waves-effect active'><a href='#!' view='test-view' onclick="configureView(0);chartsView('test');"><i class='material-icons'>dashboard</i></a></li>
			<li class='waves-effect'><a href='#!' view='category-view' onclick="configureView(1)"><i class='material-icons'>label_outline</i></a></li>
			<li class='waves-effect'><a href='#!' view='exception-view' onclick="configureView(2)"><i class='material-icons'>bug_report</i></a></li>
			<li class='waves-effect'><a href='#!' onclick="configureView(-1);chartsView('dashboard');" view='dashboard-view'><i class='material-icons'>track_changes</i></a></li>
		</ul>
		<!-- report name -->
		<span class='report-name'></span>
		<!-- report headline -->
		<span class='report-headline'></span>
		<!-- nav-right -->
		<ul id='nav-mobile' class='right hide-on-med-and-down nav-right'>
			<a href='#!'>
			<span class='label blue darken-3 suite-start-time'>Apr 1, 2024 06:16:38 pm</span>
			</a>
		</ul>
	</div>
</nav>		<!-- container -->
		<div class='container'>
<div id='test-view' class='view'>
	<section id='controls'>
		<div class='controls grey lighten-4'>
			<!-- test toggle -->
			<div class='chip transparent'>
				<a class='dropdown-button tests-toggle' data-activates='tests-toggle' data-constrainwidth='true' data-beloworigin='true' data-hover='true' href='#'>
				<i class='material-icons'>warning</i> Status
				</a>
				<ul id='tests-toggle' class='dropdown-content'>
										<li status='fail'><a href='#!'>Fail <i class='material-icons red-text'>cancel</i></a></li>
					<li class='divider'></li>
					<li status='clear' clear='true'><a href='#!'>Clear Filters <i class='material-icons'>clear</i></a></li>
				</ul>
			</div>
			<!-- test toggle -->
			<!-- category toggle -->
			<div class='chip transparent'>
				<a class='dropdown-button category-toggle' data-activates='category-toggle' data-constrainwidth='false' data-beloworigin='true' data-hover='true' href='#'>
				<i class='material-icons'>local_offer</i> Category
				</a>
				<ul id='category-toggle' class='dropdown-content'>
					<li><a href='#'>@tag2</a></li>
					<li><a href='#'>@tag3</a></li>
					<li><a href='#'>@tag1</a></li>
					<li><a href='#'>@UI</a></li>
					<li class='divider'></li>
					<li class='clear'><a href='#!' clear='true'>Clear Filters</a></li>
				</ul>
			</div>
			<!-- category toggle -->
			<!-- clear filters -->
			<div class='chip transparent hide'>
				<a class='' id='clear-filters' alt='Clear Filters' title='Clear Filters'>
				<i class='material-icons'>close</i> Clear
				</a>
			</div>
			<!-- clear filters -->
			<!-- enable dashboard -->
			<div id='toggle-test-view-charts' class='chip transparent'>
				<a class='pink-text' id='enable-dashboard' alt='Enable Dashboard' title='Enable Dashboard'>
				<i class='material-icons'>track_changes</i> Dashboard
				</a>
			</div>
			<!-- enable dashboard -->
			<!-- search -->
			<div class='chip transparent' alt='Search Tests' title='Search Tests'>
				<a href="#" class='search-div'>
				<i class='material-icons'>search</i> Search
				</a>
				<div class='input-field left hide'>
					<input id='search-tests' type='text' class='validate browser-default' placeholder='Search Tests...'>
				</div>
			</div>
			<!-- search -->
		</div>
	</section>

<div id='test-view-charts' class='subview-full'>
    <div id='charts-row' class='row nm-v nm-h'>
        <div class='col s12 m4 l4 np-h'>
            <div class='card-panel nm-v'>
                <div class='left panel-name'>Features</div>
                <div class='chart-box' style="max-height:94px;">
                    <canvas id='parent-analysis' width='90' height='70'></canvas>
                </div>
                <div class='block text-small'>
                    <span class='tooltipped' data-position='top' data-tooltip='$0%'>
                    <span class='strong'>0</span> features passed</span>
                </div>
                <div class='block text-small'>
                    <span class='strong tooltipped' data-position='top' data-tooltip='100%'>
                    1</span> features failed, 
                    <span class='strong tooltipped' data-position='top' data-tooltip='0%'>
                    0</span> skipped
                </div>
            </div>
        </div>
        <div class='col s12 m4 l4 np-h'>
            <div class='card-panel nm-v'>
                <div class='left panel-name'>Scenarios</div>
                <div class='chart-box' style="max-height:94px;">
                    <canvas id='child-analysis' width='90' height='70'></canvas>
                </div>
                <div class='block text-small'>
                    <span class='tooltipped' data-position='top' data-tooltip='0%'>
                    <span class='strong'>0</span> scenarios passed</span>
                </div>
                <div class='block text-small'>
                    <span class='strong tooltipped' data-position='top' data-tooltip='100%'>
                    11</span> scenarios failed, 
                    <span class='strong tooltipped' data-position='top' data-tooltip='0%'>
                    0</span> skipped, 
                    <span class='strong tooltipped' data-position='top' data-tooltip='0%'>
                    0</span> others
                </div>
            </div>
        </div>
        <div class='col s12 m4 l4 np-h'>
            <div class='card-panel nm-v'>
                <div class='left panel-name'>Steps</div>
                <div class='chart-box' style="max-height:94px;">
                    <canvas id='grandchild-analysis' width='90' height='70'></canvas>
                </div>
                <div class='block text-small'>
                    <span class='tooltipped' data-position='top' data-tooltip='25%'>
                    <span class='strong'>14</span> steps passed</span>
                </div>
                <div class='block text-small'>
                    <span class='strong tooltipped' data-position='top' data-tooltip='19%'>
                    11</span> steps failed, 
                    <span class='strong tooltipped' data-position='top' data-tooltip='55%'>
                    31</span> skipped, 
                    <span class='strong tooltipped' data-position='top' data-tooltip='0%'>
                    0</span> others
                </div>
            </div>
        </div>
    </div>
    <div id="timeline-chart" class="row nm-v nm-h">
        <div class="col s12 m12 l12 np-h">
            <div class="card-panel">
                <div class='left panel-name'>Timeline (seconds)</div>
                <div class="chart-box" style="width:98%;max-height:145px;">
                    <canvas id="timeline" height="120"></canvas>
                </div>
            </div>
        </div>
    </div>
</div>	
	<div class='subview-left left'>
		<div class='view-summary'>
			<ul id='test-collection' class='test-collection'>
				<li class='test displayed active has-leaf fail' status='fail' bdd='true' test-id='1'>
					<div class='test-heading'>
						<span class='test-name'>Login feature</span>
						<span class='test-time'>Apr 1, 2024 06:16:39 pm</span>
						<span class='test-status right fail'>Fail</span>
					</div>
					<div class='test-content hide'>
<div class="sr-filters bdd-filters">
	<a class="btn-floating waves-effect waves-light pass green" title="pass"><i class='material-icons'>check_circle</i></a>
	<a class="btn-floating waves-effect waves-light fail red" title="fail"><i class='material-icons'>cancel</i></a>
	<a class="btn-floating waves-effect waves-light skip blue" title="skip"><i class='material-icons'>redo</i></a>
	<a class="btn-floating waves-effect waves-light clear grey" title="clear"><i class='material-icons'>clear</i></a>
</div>

<div class='scenario node' test-id='2' status='fail'>

	<span class='duration right label'>00 00 27.628</span>
	<div class="bdd-test">
		<div class="scenario-name"><span class='status fail' title='Fail'><i class='material-icons'>cancel</i></span> Scenario: Logging in to the system scenrio two</div>
	</div>
	
	
		<div class='category-list'>
				<span class='category label'>@tag1</span>
				<span class='category label'>@tag2</span>
				<span class='category label'>@UI</span>
		</div>
	
	<ul class='steps'>
		<li test-id='30' class='node given Fail' status='Fail'>
			<div class="step-name" title="(com.app.stepDefs.LoginPageStepDef.userIsOnLoginPage(java.lang.String))"><span class='status fail' title='Fail'><i class='material-icons'>cancel</i></span>Given user is on app login page "https://www.way2automation.com/angularjs-protractor/banking/#/login"</div>


					<textarea disabled class="code-block">org.openqa.selenium.NoSuchElementException: no such element: element not found
  (Session info: chrome=123.0.6312.86)
For documentation on this error, please visit: https://www.selenium.dev/documentation/webdriver/troubleshooting/errors#no-such-element-exception
Build info: version: '4.17.0', revision: 'e52b1be057*'
System info: os.name: 'Windows 11', os.arch: 'amd64', os.version: '10.0', java.version: '17.0.9'
Driver info: org.openqa.selenium.chrome.ChromeDriver
Command: [daaf183d631aa9d650d5e4f8d40c1dbf, executeScript {script=arguments[0].scrollIntoView(true);, args=[{element-6066-11e4-a52e-4f735466cecf=f.459442454A6A1516F2764560A539B779.d.7D72F407F32F84B15755D2C20012FD77.e.5}]}]
Capabilities {acceptInsecureCerts: false, browserName: chrome, browserVersion: 123.0.6312.86, chrome: {chromedriverVersion: 123.0.6312.86 (9b72c47a0536..., userDataDir: C:\Users\HAMID_~1\AppData\L...}, fedcm:accounts: true, goog:chromeOptions: {debuggerAddress: localhost:57664}, networkConnectionEnabled: false, pageLoadStrategy: normal, platformName: windows, proxy: Proxy(), se:cdp: ws://localhost:57664/devtoo..., se:cdpVersion: 123.0.6312.86, setWindowRect: true, strictFileInteractability: false, timeouts: {implicit: 0, pageLoad: 300000, script: 30000}, unhandledPromptBehavior: dismiss and notify, webauthn:extension:credBlob: true, webauthn:extension:largeBlob: true, webauthn:extension:minPinLength: true, webauthn:extension:prf: true, webauthn:virtualAuthenticators: true}
Session ID: daaf183d631aa9d650d5e4f8d40c1dbf
	at java.base/jdk.internal.reflect.NativeConstructorAccessorImpl.newInstance0(Native Method)
	at java.base/jdk.internal.reflect.NativeConstructorAccessorImpl.newInstance(NativeConstructorAccessorImpl.java:77)
	at java.base/jdk.internal.reflect.DelegatingConstructorAccessorImpl.newInstance(DelegatingConstructorAccessorImpl.java:45)
	at java.base/java.lang.reflect.Constructor.newInstanceWithCaller(Constructor.java:499)
	at java.base/java.lang.reflect.Constructor.newInstance(Constructor.java:480)
	at org.openqa.selenium.remote.codec.w3c.W3CHttpResponseCodec.createException(W3CHttpResponseCodec.java:185)
	at org.openqa.selenium.remote.codec.w3c.W3CHttpResponseCodec.decode(W3CHttpResponseCodec.java:134)
	at org.openqa.selenium.remote.codec.w3c.W3CHttpResponseCodec.decode(W3CHttpResponseCodec.java:51)
	at org.openqa.selenium.remote.HttpCommandExecutor.execute(HttpCommandExecutor.java:190)
	at org.openqa.selenium.remote.service.DriverCommandExecutor.invokeExecute(DriverCommandExecutor.java:216)
	at org.openqa.selenium.remote.service.DriverCommandExecutor.execute(DriverCommandExecutor.java:174)
	at org.openqa.selenium.remote.RemoteWebDriver.execute(RemoteWebDriver.java:519)
	at org.openqa.selenium.remote.RemoteWebDriver.executeScript(RemoteWebDriver.java:464)
	at com.app.utils.Utilities.clickToElelement(Utilities.java:139)
	at com.app.stepDefs.LoginPageStepDef.userIsOnLoginPage(LoginPageStepDef.java:34)
	at ?.user is on app login page "https://www.way2automation.com/angularjs-protractor/banking/#/login"(file:///C:/GitClones/CucuTestNGReportingProProject/NewProject/src/test/resources/features/LoginPage.feature:4)
</textarea>
		</li>
		<li test-id='61' class='node then Skip' status='Skip'>
			<div class="step-name" title="(com.app.stepDefs.LoginPageStepDef.userLogsIntoSystem())"><span class='status skip' title='Skip'><i class='material-icons'>redo</i></span>Then User logs into the system</div>


					<div class="node-step">Step skipped</div>
		</li>
		<li test-id='64' class='node then Skip' status='Skip'>
			<div class="step-name" title="(com.app.stepDefs.LoginPageStepDef.userLogsOutTheSystem())"><span class='status skip' title='Skip'><i class='material-icons'>redo</i></span>Then User logs out the system</div>


					<div class="node-step">Step skipped</div>
		</li>
		<li test-id='67' class='node then Skip' status='Skip'>
			<div class="step-name" title="(com.app.stepDefs.LoginPageStepDef.userNavigatesToPage(java.lang.String))"><span class='status skip' title='Skip'><i class='material-icons'>redo</i></span>Then user navigates to "https://yahoo.com"</div>


					<div class="node-step">Step skipped</div>
		</li>
		<li test-id='68' class='node * Pass' status='Pass'>
			<div class="step-name" title="(AFTER)"><span class='status pass' title='Pass'><i class='material-icons'>check_circle</i></span>com.app.Hooks.ApplicationHooks.After_UI(io.cucumber.java.Scenario)</div>


					<div class='screenshots'>
						<img width='80' height='40' onerror='this.style.display="none"' data-featherlight='./Screenshots/embedded3.png' src='./Screenshots/embedded3.png'>
					</div>
		</li>
	</ul>
</div>
<div class='scenario node' test-id='3' status='fail'>

	<span class='duration right label'>00 00 33.864</span>
	<div class="bdd-test">
		<div class="scenario-name"><span class='status fail' title='Fail'><i class='material-icons'>cancel</i></span> Scenario: Logging in to the system scenrio two</div>
	</div>
	
	
		<div class='category-list'>
				<span class='category label'>@tag1</span>
				<span class='category label'>@tag2</span>
				<span class='category label'>@UI</span>
		</div>
	
	<ul class='steps'>
		<li test-id='24' class='node given Fail' status='Fail'>
			<div class="step-name" title="(com.app.stepDefs.LoginPageStepDef.userIsOnLoginPage(java.lang.String))"><span class='status fail' title='Fail'><i class='material-icons'>cancel</i></span>Given user is on app login page "https://www.way2automation.com/angularjs-protractor/banking/#/login"</div>


					<textarea disabled class="code-block">org.openqa.selenium.NoSuchElementException: no such element: element not found
  (Session info: chrome=123.0.6312.86)
For documentation on this error, please visit: https://www.selenium.dev/documentation/webdriver/troubleshooting/errors#no-such-element-exception
Build info: version: '4.17.0', revision: 'e52b1be057*'
System info: os.name: 'Windows 11', os.arch: 'amd64', os.version: '10.0', java.version: '17.0.9'
Driver info: org.openqa.selenium.chrome.ChromeDriver
Command: [6260879706da48e3a66a819d1528fd43, executeScript {script=arguments[0].scrollIntoView(true);, args=[{element-6066-11e4-a52e-4f735466cecf=f.FEB0F70FE6ABE7D860D9ACA0F35A5B5A.d.BA28A3D2235BF8855860DFB03FB1F43F.e.5}]}]
Capabilities {acceptInsecureCerts: false, browserName: chrome, browserVersion: 123.0.6312.86, chrome: {chromedriverVersion: 123.0.6312.86 (9b72c47a0536..., userDataDir: C:\Users\HAMID_~1\AppData\L...}, fedcm:accounts: true, goog:chromeOptions: {debuggerAddress: localhost:57615}, networkConnectionEnabled: false, pageLoadStrategy: normal, platformName: windows, proxy: Proxy(), se:cdp: ws://localhost:57615/devtoo..., se:cdpVersion: 123.0.6312.86, setWindowRect: true, strictFileInteractability: false, timeouts: {implicit: 0, pageLoad: 300000, script: 30000}, unhandledPromptBehavior: dismiss and notify, webauthn:extension:credBlob: true, webauthn:extension:largeBlob: true, webauthn:extension:minPinLength: true, webauthn:extension:prf: true, webauthn:virtualAuthenticators: true}
Session ID: 6260879706da48e3a66a819d1528fd43
	at java.base/jdk.internal.reflect.NativeConstructorAccessorImpl.newInstance0(Native Method)
	at java.base/jdk.internal.reflect.NativeConstructorAccessorImpl.newInstance(NativeConstructorAccessorImpl.java:77)
	at java.base/jdk.internal.reflect.DelegatingConstructorAccessorImpl.newInstance(DelegatingConstructorAccessorImpl.java:45)
	at java.base/java.lang.reflect.Constructor.newInstanceWithCaller(Constructor.java:499)
	at java.base/java.lang.reflect.Constructor.newInstance(Constructor.java:480)
	at org.openqa.selenium.remote.codec.w3c.W3CHttpResponseCodec.createException(W3CHttpResponseCodec.java:185)
	at org.openqa.selenium.remote.codec.w3c.W3CHttpResponseCodec.decode(W3CHttpResponseCodec.java:134)
	at org.openqa.selenium.remote.codec.w3c.W3CHttpResponseCodec.decode(W3CHttpResponseCodec.java:51)
	at org.openqa.selenium.remote.HttpCommandExecutor.execute(HttpCommandExecutor.java:190)
	at org.openqa.selenium.remote.service.DriverCommandExecutor.invokeExecute(DriverCommandExecutor.java:216)
	at org.openqa.selenium.remote.service.DriverCommandExecutor.execute(DriverCommandExecutor.java:174)
	at org.openqa.selenium.remote.RemoteWebDriver.execute(RemoteWebDriver.java:519)
	at org.openqa.selenium.remote.RemoteWebDriver.executeScript(RemoteWebDriver.java:464)
	at com.app.utils.Utilities.clickToElelement(Utilities.java:139)
	at com.app.stepDefs.LoginPageStepDef.userIsOnLoginPage(LoginPageStepDef.java:34)
	at ?.user is on app login page "https://www.way2automation.com/angularjs-protractor/banking/#/login"(file:///C:/GitClones/CucuTestNGReportingProProject/NewProject/src/test/resources/features/LoginPage.feature:4)
</textarea>
		</li>
		<li test-id='33' class='node then Skip' status='Skip'>
			<div class="step-name" title="(com.app.stepDefs.LoginPageStepDef.userLogsIntoSystem())"><span class='status skip' title='Skip'><i class='material-icons'>redo</i></span>Then User logs into the system</div>


					<div class="node-step">Step skipped</div>
		</li>
		<li test-id='36' class='node then Skip' status='Skip'>
			<div class="step-name" title="(com.app.stepDefs.LoginPageStepDef.userLogsOutTheSystem())"><span class='status skip' title='Skip'><i class='material-icons'>redo</i></span>Then User logs out the system</div>


					<div class="node-step">Step skipped</div>
		</li>
		<li test-id='39' class='node then Skip' status='Skip'>
			<div class="step-name" title="(com.app.stepDefs.LoginPageStepDef.userNavigatesToPage(java.lang.String))"><span class='status skip' title='Skip'><i class='material-icons'>redo</i></span>Then user navigates to "https://yahoo.com"</div>


					<div class="node-step">Step skipped</div>
		</li>
		<li test-id='40' class='node * Pass' status='Pass'>
			<div class="step-name" title="(AFTER)"><span class='status pass' title='Pass'><i class='material-icons'>check_circle</i></span>com.app.Hooks.ApplicationHooks.After_UI(io.cucumber.java.Scenario)</div>


					<div class='screenshots'>
						<img width='80' height='40' onerror='this.style.display="none"' data-featherlight='./Screenshots/embedded1.png' src='./Screenshots/embedded1.png'>
					</div>
		</li>
	</ul>
</div>
<div class='scenario node' test-id='4' status='fail'>

	<span class='duration right label'>00 00 21.341</span>
	<div class="bdd-test">
		<div class="scenario-name"><span class='status fail' title='Fail'><i class='material-icons'>cancel</i></span> Scenario: Logging in to the system scenrio two</div>
	</div>
	
	
		<div class='category-list'>
				<span class='category label'>@tag1</span>
				<span class='category label'>@tag2</span>
				<span class='category label'>@UI</span>
		</div>
	
	<ul class='steps'>
		<li test-id='27' class='node given Fail' status='Fail'>
			<div class="step-name" title="(com.app.stepDefs.LoginPageStepDef.userIsOnLoginPage(java.lang.String))"><span class='status fail' title='Fail'><i class='material-icons'>cancel</i></span>Given user is on app login page "https://www.way2automation.com/angularjs-protractor/banking/#/login"</div>


					<textarea disabled class="code-block">org.openqa.selenium.NoSuchElementException: no such element: element not found
  (Session info: chrome=123.0.6312.86)
For documentation on this error, please visit: https://www.selenium.dev/documentation/webdriver/troubleshooting/errors#no-such-element-exception
Build info: version: '4.17.0', revision: 'e52b1be057*'
System info: os.name: 'Windows 11', os.arch: 'amd64', os.version: '10.0', java.version: '17.0.9'
Driver info: org.openqa.selenium.chrome.ChromeDriver
Command: [d490c45effe020f263592161a8ea11f8, executeScript {script=arguments[0].scrollIntoView(true);, args=[{element-6066-11e4-a52e-4f735466cecf=f.FEB0F70FE6ABE7D860D9ACA0F35A5B5A.d.BA28A3D2235BF8855860DFB03FB1F43F.e.5}]}]
Capabilities {acceptInsecureCerts: false, browserName: chrome, browserVersion: 123.0.6312.86, chrome: {chromedriverVersion: 123.0.6312.86 (9b72c47a0536..., userDataDir: C:\Users\HAMID_~1\AppData\L...}, fedcm:accounts: true, goog:chromeOptions: {debuggerAddress: localhost:57640}, networkConnectionEnabled: false, pageLoadStrategy: normal, platformName: windows, proxy: Proxy(), se:cdp: ws://localhost:57640/devtoo..., se:cdpVersion: 123.0.6312.86, setWindowRect: true, strictFileInteractability: false, timeouts: {implicit: 0, pageLoad: 300000, script: 30000}, unhandledPromptBehavior: dismiss and notify, webauthn:extension:credBlob: true, webauthn:extension:largeBlob: true, webauthn:extension:minPinLength: true, webauthn:extension:prf: true, webauthn:virtualAuthenticators: true}
Session ID: d490c45effe020f263592161a8ea11f8
	at java.base/jdk.internal.reflect.NativeConstructorAccessorImpl.newInstance0(Native Method)
	at java.base/jdk.internal.reflect.NativeConstructorAccessorImpl.newInstance(NativeConstructorAccessorImpl.java:77)
	at java.base/jdk.internal.reflect.DelegatingConstructorAccessorImpl.newInstance(DelegatingConstructorAccessorImpl.java:45)
	at java.base/java.lang.reflect.Constructor.newInstanceWithCaller(Constructor.java:499)
	at java.base/java.lang.reflect.Constructor.newInstance(Constructor.java:480)
	at org.openqa.selenium.remote.codec.w3c.W3CHttpResponseCodec.createException(W3CHttpResponseCodec.java:185)
	at org.openqa.selenium.remote.codec.w3c.W3CHttpResponseCodec.decode(W3CHttpResponseCodec.java:134)
	at org.openqa.selenium.remote.codec.w3c.W3CHttpResponseCodec.decode(W3CHttpResponseCodec.java:51)
	at org.openqa.selenium.remote.HttpCommandExecutor.execute(HttpCommandExecutor.java:190)
	at org.openqa.selenium.remote.service.DriverCommandExecutor.invokeExecute(DriverCommandExecutor.java:216)
	at org.openqa.selenium.remote.service.DriverCommandExecutor.execute(DriverCommandExecutor.java:174)
	at org.openqa.selenium.remote.RemoteWebDriver.execute(RemoteWebDriver.java:519)
	at org.openqa.selenium.remote.RemoteWebDriver.executeScript(RemoteWebDriver.java:464)
	at com.app.utils.Utilities.clickToElelement(Utilities.java:139)
	at com.app.stepDefs.LoginPageStepDef.userIsOnLoginPage(LoginPageStepDef.java:34)
	at ?.user is on app login page "https://www.way2automation.com/angularjs-protractor/banking/#/login"(file:///C:/GitClones/CucuTestNGReportingProProject/NewProject/src/test/resources/features/LoginPage.feature:4)
</textarea>
		</li>
		<li test-id='43' class='node then Skip' status='Skip'>
			<div class="step-name" title="(com.app.stepDefs.LoginPageStepDef.userLogsIntoSystem())"><span class='status skip' title='Skip'><i class='material-icons'>redo</i></span>Then User logs into the system</div>


					<div class="node-step">Step skipped</div>
		</li>
		<li test-id='46' class='node then Skip' status='Skip'>
			<div class="step-name" title="(com.app.stepDefs.LoginPageStepDef.userLogsOutTheSystem())"><span class='status skip' title='Skip'><i class='material-icons'>redo</i></span>Then User logs out the system</div>


					<div class="node-step">Step skipped</div>
		</li>
		<li test-id='49' class='node then Skip' status='Skip'>
			<div class="step-name" title="(com.app.stepDefs.LoginPageStepDef.userNavigatesToPage(java.lang.String))"><span class='status skip' title='Skip'><i class='material-icons'>redo</i></span>Then user navigates to "https://yahoo.com"</div>


					<div class="node-step">Step skipped</div>
		</li>
		<li test-id='50' class='node * Pass' status='Pass'>
			<div class="step-name" title="(AFTER)"><span class='status pass' title='Pass'><i class='material-icons'>check_circle</i></span>com.app.Hooks.ApplicationHooks.After_UI(io.cucumber.java.Scenario)</div>


					<div class='screenshots'>
						<img width='80' height='40' onerror='this.style.display="none"' data-featherlight='./Screenshots/embedded2.png' src='./Screenshots/embedded2.png'>
					</div>
		</li>
	</ul>
</div>
<div class='scenario node' test-id='5' status='fail'>

	<span class='duration right label'>00 00 34.094</span>
	<div class="bdd-test">
		<div class="scenario-name"><span class='status fail' title='Fail'><i class='material-icons'>cancel</i></span> Scenario: Logging in to the system scenrio two</div>
	</div>
	
	
		<div class='category-list'>
				<span class='category label'>@tag1</span>
				<span class='category label'>@tag2</span>
				<span class='category label'>@UI</span>
		</div>
	
	<ul class='steps'>
		<li test-id='93' class='node given Fail' status='Fail'>
			<div class="step-name" title="(com.app.stepDefs.LoginPageStepDef.userIsOnLoginPage(java.lang.String))"><span class='status fail' title='Fail'><i class='material-icons'>cancel</i></span>Given user is on app login page "https://www.way2automation.com/angularjs-protractor/banking/#/login"</div>


					<textarea disabled class="code-block">org.openqa.selenium.NoSuchElementException: no such element: element not found
  (Session info: chrome=123.0.6312.86)
For documentation on this error, please visit: https://www.selenium.dev/documentation/webdriver/troubleshooting/errors#no-such-element-exception
Build info: version: '4.17.0', revision: 'e52b1be057*'
System info: os.name: 'Windows 11', os.arch: 'amd64', os.version: '10.0', java.version: '17.0.9'
Driver info: org.openqa.selenium.chrome.ChromeDriver
Command: [be7fae68f003cfe861872235d8c8a2bd, executeScript {script=arguments[0].scrollIntoView(true);, args=[{element-6066-11e4-a52e-4f735466cecf=f.7234A6639CAA9301D17F84989491E0A1.d.FBEA2EA313BE7CC874FAFD72A6F06D96.e.2}]}]
Capabilities {acceptInsecureCerts: false, browserName: chrome, browserVersion: 123.0.6312.86, chrome: {chromedriverVersion: 123.0.6312.86 (9b72c47a0536..., userDataDir: C:\Users\HAMID_~1\AppData\L...}, fedcm:accounts: true, goog:chromeOptions: {debuggerAddress: localhost:57837}, networkConnectionEnabled: false, pageLoadStrategy: normal, platformName: windows, proxy: Proxy(), se:cdp: ws://localhost:57837/devtoo..., se:cdpVersion: 123.0.6312.86, setWindowRect: true, strictFileInteractability: false, timeouts: {implicit: 0, pageLoad: 300000, script: 30000}, unhandledPromptBehavior: dismiss and notify, webauthn:extension:credBlob: true, webauthn:extension:largeBlob: true, webauthn:extension:minPinLength: true, webauthn:extension:prf: true, webauthn:virtualAuthenticators: true}
Session ID: be7fae68f003cfe861872235d8c8a2bd
	at java.base/jdk.internal.reflect.NativeConstructorAccessorImpl.newInstance0(Native Method)
	at java.base/jdk.internal.reflect.NativeConstructorAccessorImpl.newInstance(NativeConstructorAccessorImpl.java:77)
	at java.base/jdk.internal.reflect.DelegatingConstructorAccessorImpl.newInstance(DelegatingConstructorAccessorImpl.java:45)
	at java.base/java.lang.reflect.Constructor.newInstanceWithCaller(Constructor.java:499)
	at java.base/java.lang.reflect.Constructor.newInstance(Constructor.java:480)
	at org.openqa.selenium.remote.codec.w3c.W3CHttpResponseCodec.createException(W3CHttpResponseCodec.java:185)
	at org.openqa.selenium.remote.codec.w3c.W3CHttpResponseCodec.decode(W3CHttpResponseCodec.java:134)
	at org.openqa.selenium.remote.codec.w3c.W3CHttpResponseCodec.decode(W3CHttpResponseCodec.java:51)
	at org.openqa.selenium.remote.HttpCommandExecutor.execute(HttpCommandExecutor.java:190)
	at org.openqa.selenium.remote.service.DriverCommandExecutor.invokeExecute(DriverCommandExecutor.java:216)
	at org.openqa.selenium.remote.service.DriverCommandExecutor.execute(DriverCommandExecutor.java:174)
	at org.openqa.selenium.remote.RemoteWebDriver.execute(RemoteWebDriver.java:519)
	at org.openqa.selenium.remote.RemoteWebDriver.executeScript(RemoteWebDriver.java:464)
	at com.app.utils.Utilities.clickToElelement(Utilities.java:139)
	at com.app.stepDefs.LoginPageStepDef.userIsOnLoginPage(LoginPageStepDef.java:34)
	at ?.user is on app login page "https://www.way2automation.com/angularjs-protractor/banking/#/login"(file:///C:/GitClones/CucuTestNGReportingProProject/NewProject/src/test/resources/features/LoginPage.feature:4)
</textarea>
		</li>
		<li test-id='149' class='node then Skip' status='Skip'>
			<div class="step-name" title="(com.app.stepDefs.LoginPageStepDef.userLogsIntoSystem())"><span class='status skip' title='Skip'><i class='material-icons'>redo</i></span>Then User logs into the system</div>


					<div class="node-step">Step skipped</div>
		</li>
		<li test-id='152' class='node then Skip' status='Skip'>
			<div class="step-name" title="(com.app.stepDefs.LoginPageStepDef.userLogsOutTheSystem())"><span class='status skip' title='Skip'><i class='material-icons'>redo</i></span>Then User logs out the system</div>


					<div class="node-step">Step skipped</div>
		</li>
		<li test-id='155' class='node then Skip' status='Skip'>
			<div class="step-name" title="(com.app.stepDefs.LoginPageStepDef.userNavigatesToPage(java.lang.String))"><span class='status skip' title='Skip'><i class='material-icons'>redo</i></span>Then user navigates to "https://yahoo.com"</div>


					<div class="node-step">Step skipped</div>
		</li>
		<li test-id='156' class='node * Pass' status='Pass'>
			<div class="step-name" title="(AFTER)"><span class='status pass' title='Pass'><i class='material-icons'>check_circle</i></span>com.app.Hooks.ApplicationHooks.After_UI(io.cucumber.java.Scenario)</div>


					<div class='screenshots'>
						<img width='80' height='40' onerror='this.style.display="none"' data-featherlight='./Screenshots/embedded10.png' src='./Screenshots/embedded10.png'>
					</div>
		</li>
	</ul>
</div>
<div class='scenario node' test-id='6' status='fail'>

	<span class='duration right label'>00 00 33.856</span>
	<div class="bdd-test">
		<div class="scenario-name"><span class='status fail' title='Fail'><i class='material-icons'>cancel</i></span> Scenario: Logging in to the system scenrio two</div>
	</div>
	
	
		<div class='category-list'>
				<span class='category label'>@tag1</span>
				<span class='category label'>@tag2</span>
				<span class='category label'>@UI</span>
		</div>
	
	<ul class='steps'>
		<li test-id='53' class='node given Fail' status='Fail'>
			<div class="step-name" title="(com.app.stepDefs.LoginPageStepDef.userIsOnLoginPage(java.lang.String))"><span class='status fail' title='Fail'><i class='material-icons'>cancel</i></span>Given user is on app login page "https://www.way2automation.com/angularjs-protractor/banking/#/login"</div>


					<textarea disabled class="code-block">org.openqa.selenium.NoSuchElementException: no such element: element not found
  (Session info: chrome=123.0.6312.86)
For documentation on this error, please visit: https://www.selenium.dev/documentation/webdriver/troubleshooting/errors#no-such-element-exception
Build info: version: '4.17.0', revision: 'e52b1be057*'
System info: os.name: 'Windows 11', os.arch: 'amd64', os.version: '10.0', java.version: '17.0.9'
Driver info: org.openqa.selenium.chrome.ChromeDriver
Command: [507bc597e7cceecb950bd6b83c7c3f82, executeScript {script=arguments[0].scrollIntoView(true);, args=[{element-6066-11e4-a52e-4f735466cecf=f.5CD1ED425A880EA0D7166023C16BAB38.d.691B983CDE1A8724C2678060E475AC65.e.2}]}]
Capabilities {acceptInsecureCerts: false, browserName: chrome, browserVersion: 123.0.6312.86, chrome: {chromedriverVersion: 123.0.6312.86 (9b72c47a0536..., userDataDir: C:\Users\HAMID_~1\AppData\L...}, fedcm:accounts: true, goog:chromeOptions: {debuggerAddress: localhost:57690}, networkConnectionEnabled: false, pageLoadStrategy: normal, platformName: windows, proxy: Proxy(), se:cdp: ws://localhost:57690/devtoo..., se:cdpVersion: 123.0.6312.86, setWindowRect: true, strictFileInteractability: false, timeouts: {implicit: 0, pageLoad: 300000, script: 30000}, unhandledPromptBehavior: dismiss and notify, webauthn:extension:credBlob: true, webauthn:extension:largeBlob: true, webauthn:extension:minPinLength: true, webauthn:extension:prf: true, webauthn:virtualAuthenticators: true}
Session ID: 507bc597e7cceecb950bd6b83c7c3f82
	at java.base/jdk.internal.reflect.NativeConstructorAccessorImpl.newInstance0(Native Method)
	at java.base/jdk.internal.reflect.NativeConstructorAccessorImpl.newInstance(NativeConstructorAccessorImpl.java:77)
	at java.base/jdk.internal.reflect.DelegatingConstructorAccessorImpl.newInstance(DelegatingConstructorAccessorImpl.java:45)
	at java.base/java.lang.reflect.Constructor.newInstanceWithCaller(Constructor.java:499)
	at java.base/java.lang.reflect.Constructor.newInstance(Constructor.java:480)
	at org.openqa.selenium.remote.codec.w3c.W3CHttpResponseCodec.createException(W3CHttpResponseCodec.java:185)
	at org.openqa.selenium.remote.codec.w3c.W3CHttpResponseCodec.decode(W3CHttpResponseCodec.java:134)
	at org.openqa.selenium.remote.codec.w3c.W3CHttpResponseCodec.decode(W3CHttpResponseCodec.java:51)
	at org.openqa.selenium.remote.HttpCommandExecutor.execute(HttpCommandExecutor.java:190)
	at org.openqa.selenium.remote.service.DriverCommandExecutor.invokeExecute(DriverCommandExecutor.java:216)
	at org.openqa.selenium.remote.service.DriverCommandExecutor.execute(DriverCommandExecutor.java:174)
	at org.openqa.selenium.remote.RemoteWebDriver.execute(RemoteWebDriver.java:519)
	at org.openqa.selenium.remote.RemoteWebDriver.executeScript(RemoteWebDriver.java:464)
	at com.app.utils.Utilities.clickToElelement(Utilities.java:139)
	at com.app.stepDefs.LoginPageStepDef.userIsOnLoginPage(LoginPageStepDef.java:34)
	at ?.user is on app login page "https://www.way2automation.com/angularjs-protractor/banking/#/login"(file:///C:/GitClones/CucuTestNGReportingProProject/NewProject/src/test/resources/features/LoginPage.feature:4)
</textarea>
		</li>
		<li test-id='77' class='node then Skip' status='Skip'>
			<div class="step-name" title="(com.app.stepDefs.LoginPageStepDef.userLogsIntoSystem())"><span class='status skip' title='Skip'><i class='material-icons'>redo</i></span>Then User logs into the system</div>


					<div class="node-step">Step skipped</div>
		</li>
		<li test-id='80' class='node then Skip' status='Skip'>
			<div class="step-name" title="(com.app.stepDefs.LoginPageStepDef.userLogsOutTheSystem())"><span class='status skip' title='Skip'><i class='material-icons'>redo</i></span>Then User logs out the system</div>


					<div class="node-step">Step skipped</div>
		</li>
		<li test-id='83' class='node then Skip' status='Skip'>
			<div class="step-name" title="(com.app.stepDefs.LoginPageStepDef.userNavigatesToPage(java.lang.String))"><span class='status skip' title='Skip'><i class='material-icons'>redo</i></span>Then user navigates to "https://yahoo.com"</div>


					<div class="node-step">Step skipped</div>
		</li>
		<li test-id='84' class='node * Pass' status='Pass'>
			<div class="step-name" title="(AFTER)"><span class='status pass' title='Pass'><i class='material-icons'>check_circle</i></span>com.app.Hooks.ApplicationHooks.After_UI(io.cucumber.java.Scenario)</div>


					<div class='screenshots'>
						<img width='80' height='40' onerror='this.style.display="none"' data-featherlight='./Screenshots/embedded4.png' src='./Screenshots/embedded4.png'>
					</div>
		</li>
	</ul>
</div>
<div class='scenario node' test-id='7' status='fail'>

	<span class='duration right label'>00 00 33.783</span>
	<div class="bdd-test">
		<div class="scenario-name"><span class='status fail' title='Fail'><i class='material-icons'>cancel</i></span> Scenario: Logging in to the system scenrio one</div>
	</div>
	
	
		<div class='category-list'>
				<span class='category label'>@tag1</span>
				<span class='category label'>@UI</span>
		</div>
	
	<ul class='steps'>
		<li test-id='58' class='node given Fail' status='Fail'>
			<div class="step-name" title="(com.app.stepDefs.LoginPageStepDef.userIsOnLoginPage(java.lang.String))"><span class='status fail' title='Fail'><i class='material-icons'>cancel</i></span>Given user is on app login page "https://www.way2automation.com/angularjs-protractor/banking/#/login"</div>


					<textarea disabled class="code-block">org.openqa.selenium.NoSuchElementException: no such element: element not found
  (Session info: chrome=123.0.6312.86)
For documentation on this error, please visit: https://www.selenium.dev/documentation/webdriver/troubleshooting/errors#no-such-element-exception
Build info: version: '4.17.0', revision: 'e52b1be057*'
System info: os.name: 'Windows 11', os.arch: 'amd64', os.version: '10.0', java.version: '17.0.9'
Driver info: org.openqa.selenium.chrome.ChromeDriver
Command: [5a965a141c1157b0e63417c4ed9fcd38, executeScript {script=arguments[0].scrollIntoView(true);, args=[{element-6066-11e4-a52e-4f735466cecf=f.18D3915BD3DA35548DE0D811FB43BA9E.d.7B888A5309EA99991FEDFD2393D746E7.e.5}]}]
Capabilities {acceptInsecureCerts: false, browserName: chrome, browserVersion: 123.0.6312.86, chrome: {chromedriverVersion: 123.0.6312.86 (9b72c47a0536..., userDataDir: C:\Users\HAMID_~1\AppData\L...}, fedcm:accounts: true, goog:chromeOptions: {debuggerAddress: localhost:57748}, networkConnectionEnabled: false, pageLoadStrategy: normal, platformName: windows, proxy: Proxy(), se:cdp: ws://localhost:57748/devtoo..., se:cdpVersion: 123.0.6312.86, setWindowRect: true, strictFileInteractability: false, timeouts: {implicit: 0, pageLoad: 300000, script: 30000}, unhandledPromptBehavior: dismiss and notify, webauthn:extension:credBlob: true, webauthn:extension:largeBlob: true, webauthn:extension:minPinLength: true, webauthn:extension:prf: true, webauthn:virtualAuthenticators: true}
Session ID: 5a965a141c1157b0e63417c4ed9fcd38
	at java.base/jdk.internal.reflect.NativeConstructorAccessorImpl.newInstance0(Native Method)
	at java.base/jdk.internal.reflect.NativeConstructorAccessorImpl.newInstance(NativeConstructorAccessorImpl.java:77)
	at java.base/jdk.internal.reflect.DelegatingConstructorAccessorImpl.newInstance(DelegatingConstructorAccessorImpl.java:45)
	at java.base/java.lang.reflect.Constructor.newInstanceWithCaller(Constructor.java:499)
	at java.base/java.lang.reflect.Constructor.newInstance(Constructor.java:480)
	at org.openqa.selenium.remote.codec.w3c.W3CHttpResponseCodec.createException(W3CHttpResponseCodec.java:185)
	at org.openqa.selenium.remote.codec.w3c.W3CHttpResponseCodec.decode(W3CHttpResponseCodec.java:134)
	at org.openqa.selenium.remote.codec.w3c.W3CHttpResponseCodec.decode(W3CHttpResponseCodec.java:51)
	at org.openqa.selenium.remote.HttpCommandExecutor.execute(HttpCommandExecutor.java:190)
	at org.openqa.selenium.remote.service.DriverCommandExecutor.invokeExecute(DriverCommandExecutor.java:216)
	at org.openqa.selenium.remote.service.DriverCommandExecutor.execute(DriverCommandExecutor.java:174)
	at org.openqa.selenium.remote.RemoteWebDriver.execute(RemoteWebDriver.java:519)
	at org.openqa.selenium.remote.RemoteWebDriver.executeScript(RemoteWebDriver.java:464)
	at com.app.utils.Utilities.clickToElelement(Utilities.java:139)
	at com.app.stepDefs.LoginPageStepDef.userIsOnLoginPage(LoginPageStepDef.java:34)
	at ?.user is on app login page "https://www.way2automation.com/angularjs-protractor/banking/#/login"(file:///C:/GitClones/CucuTestNGReportingProProject/NewProject/src/test/resources/features/LoginPage.feature:4)
</textarea>
		</li>
		<li test-id='99' class='node then Skip' status='Skip'>
			<div class="step-name" title="(com.app.stepDefs.LoginPageStepDef.userLogsIntoSystem())"><span class='status skip' title='Skip'><i class='material-icons'>redo</i></span>Then User logs into the system</div>


					<div class="node-step">Step skipped</div>
		</li>
		<li test-id='102' class='node then Skip' status='Skip'>
			<div class="step-name" title="(com.app.stepDefs.LoginPageStepDef.userLogsOutTheSystem())"><span class='status skip' title='Skip'><i class='material-icons'>redo</i></span>Then User logs out the system</div>


					<div class="node-step">Step skipped</div>
		</li>
		<li test-id='105' class='node then Skip' status='Skip'>
			<div class="step-name" title="(com.app.stepDefs.LoginPageStepDef.userNavigatesToPage(java.lang.String))"><span class='status skip' title='Skip'><i class='material-icons'>redo</i></span>Then user navigates to "https://cucumber.io/"</div>


					<div class="node-step">Step skipped</div>
		</li>
		<li test-id='106' class='node * Pass' status='Pass'>
			<div class="step-name" title="(AFTER)"><span class='status pass' title='Pass'><i class='material-icons'>check_circle</i></span>com.app.Hooks.ApplicationHooks.After_UI(io.cucumber.java.Scenario)</div>


					<div class='screenshots'>
						<img width='80' height='40' onerror='this.style.display="none"' data-featherlight='./Screenshots/embedded5.png' src='./Screenshots/embedded5.png'>
					</div>
		</li>
	</ul>
</div>
<div class='scenario node' test-id='8' status='fail'>

	<span class='duration right label'>00 00 33.850</span>
	<div class="bdd-test">
		<div class="scenario-name"><span class='status fail' title='Fail'><i class='material-icons'>cancel</i></span> Scenario: Logging in to the system scenrio two</div>
	</div>
	
	
		<div class='category-list'>
				<span class='category label'>@tag1</span>
				<span class='category label'>@tag2</span>
				<span class='category label'>@UI</span>
		</div>
	
	<ul class='steps'>
		<li test-id='74' class='node given Fail' status='Fail'>
			<div class="step-name" title="(com.app.stepDefs.LoginPageStepDef.userIsOnLoginPage(java.lang.String))"><span class='status fail' title='Fail'><i class='material-icons'>cancel</i></span>Given user is on app login page "https://www.way2automation.com/angularjs-protractor/banking/#/login"</div>


					<textarea disabled class="code-block">org.openqa.selenium.NoSuchElementException: no such element: element not found
  (Session info: chrome=123.0.6312.86)
For documentation on this error, please visit: https://www.selenium.dev/documentation/webdriver/troubleshooting/errors#no-such-element-exception
Build info: version: '4.17.0', revision: 'e52b1be057*'
System info: os.name: 'Windows 11', os.arch: 'amd64', os.version: '10.0', java.version: '17.0.9'
Driver info: org.openqa.selenium.chrome.ChromeDriver
Command: [a276c970eadf25b3665d4f967858d970, executeScript {script=arguments[0].scrollIntoView(true);, args=[{element-6066-11e4-a52e-4f735466cecf=f.7234A6639CAA9301D17F84989491E0A1.d.FBEA2EA313BE7CC874FAFD72A6F06D96.e.2}]}]
Capabilities {acceptInsecureCerts: false, browserName: chrome, browserVersion: 123.0.6312.86, chrome: {chromedriverVersion: 123.0.6312.86 (9b72c47a0536..., userDataDir: C:\Users\HAMID_~1\AppData\L...}, fedcm:accounts: true, goog:chromeOptions: {debuggerAddress: localhost:57775}, networkConnectionEnabled: false, pageLoadStrategy: normal, platformName: windows, proxy: Proxy(), se:cdp: ws://localhost:57775/devtoo..., se:cdpVersion: 123.0.6312.86, setWindowRect: true, strictFileInteractability: false, timeouts: {implicit: 0, pageLoad: 300000, script: 30000}, unhandledPromptBehavior: dismiss and notify, webauthn:extension:credBlob: true, webauthn:extension:largeBlob: true, webauthn:extension:minPinLength: true, webauthn:extension:prf: true, webauthn:virtualAuthenticators: true}
Session ID: a276c970eadf25b3665d4f967858d970
	at java.base/jdk.internal.reflect.NativeConstructorAccessorImpl.newInstance0(Native Method)
	at java.base/jdk.internal.reflect.NativeConstructorAccessorImpl.newInstance(NativeConstructorAccessorImpl.java:77)
	at java.base/jdk.internal.reflect.DelegatingConstructorAccessorImpl.newInstance(DelegatingConstructorAccessorImpl.java:45)
	at java.base/java.lang.reflect.Constructor.newInstanceWithCaller(Constructor.java:499)
	at java.base/java.lang.reflect.Constructor.newInstance(Constructor.java:480)
	at org.openqa.selenium.remote.codec.w3c.W3CHttpResponseCodec.createException(W3CHttpResponseCodec.java:185)
	at org.openqa.selenium.remote.codec.w3c.W3CHttpResponseCodec.decode(W3CHttpResponseCodec.java:134)
	at org.openqa.selenium.remote.codec.w3c.W3CHttpResponseCodec.decode(W3CHttpResponseCodec.java:51)
	at org.openqa.selenium.remote.HttpCommandExecutor.execute(HttpCommandExecutor.java:190)
	at org.openqa.selenium.remote.service.DriverCommandExecutor.invokeExecute(DriverCommandExecutor.java:216)
	at org.openqa.selenium.remote.service.DriverCommandExecutor.execute(DriverCommandExecutor.java:174)
	at org.openqa.selenium.remote.RemoteWebDriver.execute(RemoteWebDriver.java:519)
	at org.openqa.selenium.remote.RemoteWebDriver.executeScript(RemoteWebDriver.java:464)
	at com.app.utils.Utilities.clickToElelement(Utilities.java:139)
	at com.app.stepDefs.LoginPageStepDef.userIsOnLoginPage(LoginPageStepDef.java:34)
	at ?.user is on app login page "https://www.way2automation.com/angularjs-protractor/banking/#/login"(file:///C:/GitClones/CucuTestNGReportingProProject/NewProject/src/test/resources/features/LoginPage.feature:4)
</textarea>
		</li>
		<li test-id='119' class='node then Skip' status='Skip'>
			<div class="step-name" title="(com.app.stepDefs.LoginPageStepDef.userLogsIntoSystem())"><span class='status skip' title='Skip'><i class='material-icons'>redo</i></span>Then User logs into the system</div>


					<div class="node-step">Step skipped</div>
		</li>
		<li test-id='122' class='node then Skip' status='Skip'>
			<div class="step-name" title="(com.app.stepDefs.LoginPageStepDef.userLogsOutTheSystem())"><span class='status skip' title='Skip'><i class='material-icons'>redo</i></span>Then User logs out the system</div>


					<div class="node-step">Step skipped</div>
		</li>
		<li test-id='125' class='node then Skip' status='Skip'>
			<div class="step-name" title="(com.app.stepDefs.LoginPageStepDef.userNavigatesToPage(java.lang.String))"><span class='status skip' title='Skip'><i class='material-icons'>redo</i></span>Then user navigates to "https://yahoo.com"</div>


					<div class="node-step">Step skipped</div>
		</li>
		<li test-id='126' class='node * Pass' status='Pass'>
			<div class="step-name" title="(AFTER)"><span class='status pass' title='Pass'><i class='material-icons'>check_circle</i></span>com.app.Hooks.ApplicationHooks.After_UI(io.cucumber.java.Scenario)</div>


					<div class='screenshots'>
						<img width='80' height='40' onerror='this.style.display="none"' data-featherlight='./Screenshots/embedded7.png' src='./Screenshots/embedded7.png'>
					</div>
		</li>
	</ul>
</div>
<div class='scenario node' test-id='9' status='fail'>

	<span class='duration right label'>00 00 34.123</span>
	<div class="bdd-test">
		<div class="scenario-name"><span class='status fail' title='Fail'><i class='material-icons'>cancel</i></span> Scenario: Logging in to the system scenrio two</div>
	</div>
	
	
		<div class='category-list'>
				<span class='category label'>@tag1</span>
				<span class='category label'>@tag2</span>
				<span class='category label'>@UI</span>
		</div>
	
	<ul class='steps'>
		<li test-id='90' class='node given Fail' status='Fail'>
			<div class="step-name" title="(com.app.stepDefs.LoginPageStepDef.userIsOnLoginPage(java.lang.String))"><span class='status fail' title='Fail'><i class='material-icons'>cancel</i></span>Given user is on app login page "https://www.way2automation.com/angularjs-protractor/banking/#/login"</div>


					<textarea disabled class="code-block">org.openqa.selenium.NoSuchElementException: no such element: element not found
  (Session info: chrome=123.0.6312.86)
For documentation on this error, please visit: https://www.selenium.dev/documentation/webdriver/troubleshooting/errors#no-such-element-exception
Build info: version: '4.17.0', revision: 'e52b1be057*'
System info: os.name: 'Windows 11', os.arch: 'amd64', os.version: '10.0', java.version: '17.0.9'
Driver info: org.openqa.selenium.chrome.ChromeDriver
Command: [87d7740cc90844f9e3eb457032bb3208, executeScript {script=arguments[0].scrollIntoView(true);, args=[{element-6066-11e4-a52e-4f735466cecf=f.7234A6639CAA9301D17F84989491E0A1.d.FBEA2EA313BE7CC874FAFD72A6F06D96.e.2}]}]
Capabilities {acceptInsecureCerts: false, browserName: chrome, browserVersion: 123.0.6312.86, chrome: {chromedriverVersion: 123.0.6312.86 (9b72c47a0536..., userDataDir: C:\Users\HAMID_~1\AppData\L...}, fedcm:accounts: true, goog:chromeOptions: {debuggerAddress: localhost:57787}, networkConnectionEnabled: false, pageLoadStrategy: normal, platformName: windows, proxy: Proxy(), se:cdp: ws://localhost:57787/devtoo..., se:cdpVersion: 123.0.6312.86, setWindowRect: true, strictFileInteractability: false, timeouts: {implicit: 0, pageLoad: 300000, script: 30000}, unhandledPromptBehavior: dismiss and notify, webauthn:extension:credBlob: true, webauthn:extension:largeBlob: true, webauthn:extension:minPinLength: true, webauthn:extension:prf: true, webauthn:virtualAuthenticators: true}
Session ID: 87d7740cc90844f9e3eb457032bb3208
	at java.base/jdk.internal.reflect.NativeConstructorAccessorImpl.newInstance0(Native Method)
	at java.base/jdk.internal.reflect.NativeConstructorAccessorImpl.newInstance(NativeConstructorAccessorImpl.java:77)
	at java.base/jdk.internal.reflect.DelegatingConstructorAccessorImpl.newInstance(DelegatingConstructorAccessorImpl.java:45)
	at java.base/java.lang.reflect.Constructor.newInstanceWithCaller(Constructor.java:499)
	at java.base/java.lang.reflect.Constructor.newInstance(Constructor.java:480)
	at org.openqa.selenium.remote.codec.w3c.W3CHttpResponseCodec.createException(W3CHttpResponseCodec.java:185)
	at org.openqa.selenium.remote.codec.w3c.W3CHttpResponseCodec.decode(W3CHttpResponseCodec.java:134)
	at org.openqa.selenium.remote.codec.w3c.W3CHttpResponseCodec.decode(W3CHttpResponseCodec.java:51)
	at org.openqa.selenium.remote.HttpCommandExecutor.execute(HttpCommandExecutor.java:190)
	at org.openqa.selenium.remote.service.DriverCommandExecutor.invokeExecute(DriverCommandExecutor.java:216)
	at org.openqa.selenium.remote.service.DriverCommandExecutor.execute(DriverCommandExecutor.java:174)
	at org.openqa.selenium.remote.RemoteWebDriver.execute(RemoteWebDriver.java:519)
	at org.openqa.selenium.remote.RemoteWebDriver.executeScript(RemoteWebDriver.java:464)
	at com.app.utils.Utilities.clickToElelement(Utilities.java:139)
	at com.app.stepDefs.LoginPageStepDef.userIsOnLoginPage(LoginPageStepDef.java:34)
	at ?.user is on app login page "https://www.way2automation.com/angularjs-protractor/banking/#/login"(file:///C:/GitClones/CucuTestNGReportingProProject/NewProject/src/test/resources/features/LoginPage.feature:4)
</textarea>
		</li>
		<li test-id='139' class='node then Skip' status='Skip'>
			<div class="step-name" title="(com.app.stepDefs.LoginPageStepDef.userLogsIntoSystem())"><span class='status skip' title='Skip'><i class='material-icons'>redo</i></span>Then User logs into the system</div>


					<div class="node-step">Step skipped</div>
		</li>
		<li test-id='142' class='node then Skip' status='Skip'>
			<div class="step-name" title="(com.app.stepDefs.LoginPageStepDef.userLogsOutTheSystem())"><span class='status skip' title='Skip'><i class='material-icons'>redo</i></span>Then User logs out the system</div>


					<div class="node-step">Step skipped</div>
		</li>
		<li test-id='145' class='node then Skip' status='Skip'>
			<div class="step-name" title="(com.app.stepDefs.LoginPageStepDef.userNavigatesToPage(java.lang.String))"><span class='status skip' title='Skip'><i class='material-icons'>redo</i></span>Then user navigates to "https://yahoo.com"</div>


					<div class="node-step">Step skipped</div>
		</li>
		<li test-id='146' class='node * Pass' status='Pass'>
			<div class="step-name" title="(AFTER)"><span class='status pass' title='Pass'><i class='material-icons'>check_circle</i></span>com.app.Hooks.ApplicationHooks.After_UI(io.cucumber.java.Scenario)</div>


					<div class='screenshots'>
						<img width='80' height='40' onerror='this.style.display="none"' data-featherlight='./Screenshots/embedded9.png' src='./Screenshots/embedded9.png'>
					</div>
		</li>
	</ul>
</div>
<div class='scenario node' test-id='10' status='fail'>

	<span class='duration right label'>00 00 33.119</span>
	<div class="bdd-test">
		<div class="scenario-name"><span class='status fail' title='Fail'><i class='material-icons'>cancel</i></span> Scenario: Logging in to the system scenrio two</div>
	</div>
	
	
		<div class='category-list'>
				<span class='category label'>@tag1</span>
				<span class='category label'>@tag2</span>
				<span class='category label'>@UI</span>
		</div>
	
	<ul class='steps'>
		<li test-id='87' class='node given Fail' status='Fail'>
			<div class="step-name" title="(com.app.stepDefs.LoginPageStepDef.userIsOnLoginPage(java.lang.String))"><span class='status fail' title='Fail'><i class='material-icons'>cancel</i></span>Given user is on app login page "https://www.way2automation.com/angularjs-protractor/banking/#/login"</div>


					<textarea disabled class="code-block">org.openqa.selenium.NoSuchElementException: no such element: element not found
  (Session info: chrome=123.0.6312.86)
For documentation on this error, please visit: https://www.selenium.dev/documentation/webdriver/troubleshooting/errors#no-such-element-exception
Build info: version: '4.17.0', revision: 'e52b1be057*'
System info: os.name: 'Windows 11', os.arch: 'amd64', os.version: '10.0', java.version: '17.0.9'
Driver info: org.openqa.selenium.chrome.ChromeDriver
Command: [2463624563a9135799cb7dfbd04533c1, executeScript {script=arguments[0].scrollIntoView(true);, args=[{element-6066-11e4-a52e-4f735466cecf=f.7234A6639CAA9301D17F84989491E0A1.d.FBEA2EA313BE7CC874FAFD72A6F06D96.e.2}]}]
Capabilities {acceptInsecureCerts: false, browserName: chrome, browserVersion: 123.0.6312.86, chrome: {chromedriverVersion: 123.0.6312.86 (9b72c47a0536..., userDataDir: C:\Users\HAMID_~1\AppData\L...}, fedcm:accounts: true, goog:chromeOptions: {debuggerAddress: localhost:57802}, networkConnectionEnabled: false, pageLoadStrategy: normal, platformName: windows, proxy: Proxy(), se:cdp: ws://localhost:57802/devtoo..., se:cdpVersion: 123.0.6312.86, setWindowRect: true, strictFileInteractability: false, timeouts: {implicit: 0, pageLoad: 300000, script: 30000}, unhandledPromptBehavior: dismiss and notify, webauthn:extension:credBlob: true, webauthn:extension:largeBlob: true, webauthn:extension:minPinLength: true, webauthn:extension:prf: true, webauthn:virtualAuthenticators: true}
Session ID: 2463624563a9135799cb7dfbd04533c1
	at java.base/jdk.internal.reflect.NativeConstructorAccessorImpl.newInstance0(Native Method)
	at java.base/jdk.internal.reflect.NativeConstructorAccessorImpl.newInstance(NativeConstructorAccessorImpl.java:77)
	at java.base/jdk.internal.reflect.DelegatingConstructorAccessorImpl.newInstance(DelegatingConstructorAccessorImpl.java:45)
	at java.base/java.lang.reflect.Constructor.newInstanceWithCaller(Constructor.java:499)
	at java.base/java.lang.reflect.Constructor.newInstance(Constructor.java:480)
	at org.openqa.selenium.remote.codec.w3c.W3CHttpResponseCodec.createException(W3CHttpResponseCodec.java:185)
	at org.openqa.selenium.remote.codec.w3c.W3CHttpResponseCodec.decode(W3CHttpResponseCodec.java:134)
	at org.openqa.selenium.remote.codec.w3c.W3CHttpResponseCodec.decode(W3CHttpResponseCodec.java:51)
	at org.openqa.selenium.remote.HttpCommandExecutor.execute(HttpCommandExecutor.java:190)
	at org.openqa.selenium.remote.service.DriverCommandExecutor.invokeExecute(DriverCommandExecutor.java:216)
	at org.openqa.selenium.remote.service.DriverCommandExecutor.execute(DriverCommandExecutor.java:174)
	at org.openqa.selenium.remote.RemoteWebDriver.execute(RemoteWebDriver.java:519)
	at org.openqa.selenium.remote.RemoteWebDriver.executeScript(RemoteWebDriver.java:464)
	at com.app.utils.Utilities.clickToElelement(Utilities.java:139)
	at com.app.stepDefs.LoginPageStepDef.userIsOnLoginPage(LoginPageStepDef.java:34)
	at ?.user is on app login page "https://www.way2automation.com/angularjs-protractor/banking/#/login"(file:///C:/GitClones/CucuTestNGReportingProProject/NewProject/src/test/resources/features/LoginPage.feature:4)
</textarea>
		</li>
		<li test-id='129' class='node then Skip' status='Skip'>
			<div class="step-name" title="(com.app.stepDefs.LoginPageStepDef.userLogsIntoSystem())"><span class='status skip' title='Skip'><i class='material-icons'>redo</i></span>Then User logs into the system</div>


					<div class="node-step">Step skipped</div>
		</li>
		<li test-id='132' class='node then Skip' status='Skip'>
			<div class="step-name" title="(com.app.stepDefs.LoginPageStepDef.userLogsOutTheSystem())"><span class='status skip' title='Skip'><i class='material-icons'>redo</i></span>Then User logs out the system</div>


					<div class="node-step">Step skipped</div>
		</li>
		<li test-id='135' class='node then Skip' status='Skip'>
			<div class="step-name" title="(com.app.stepDefs.LoginPageStepDef.userNavigatesToPage(java.lang.String))"><span class='status skip' title='Skip'><i class='material-icons'>redo</i></span>Then user navigates to "https://yahoo.com"</div>


					<div class="node-step">Step skipped</div>
		</li>
		<li test-id='136' class='node * Pass' status='Pass'>
			<div class="step-name" title="(AFTER)"><span class='status pass' title='Pass'><i class='material-icons'>check_circle</i></span>com.app.Hooks.ApplicationHooks.After_UI(io.cucumber.java.Scenario)</div>


					<div class='screenshots'>
						<img width='80' height='40' onerror='this.style.display="none"' data-featherlight='./Screenshots/embedded8.png' src='./Screenshots/embedded8.png'>
					</div>
		</li>
	</ul>
</div>
<div class='scenario node' test-id='16' status='fail'>

	<span class='duration right label'>00 00 31.939</span>
	<div class="bdd-test">
		<div class="scenario-name"><span class='status fail' title='Fail'><i class='material-icons'>cancel</i></span> Scenario: Logging in to the system scenrio two</div>
	</div>
	
	
		<div class='category-list'>
				<span class='category label'>@tag1</span>
				<span class='category label'>@tag2</span>
				<span class='category label'>@UI</span>
		</div>
	
	<ul class='steps'>
		<li test-id='71' class='node given Fail' status='Fail'>
			<div class="step-name" title="(com.app.stepDefs.LoginPageStepDef.userIsOnLoginPage(java.lang.String))"><span class='status fail' title='Fail'><i class='material-icons'>cancel</i></span>Given user is on app login page "https://www.way2automation.com/angularjs-protractor/banking/#/login"</div>


					<textarea disabled class="code-block">org.openqa.selenium.NoSuchElementException: no such element: element not found
  (Session info: chrome=123.0.6312.86)
For documentation on this error, please visit: https://www.selenium.dev/documentation/webdriver/troubleshooting/errors#no-such-element-exception
Build info: version: '4.17.0', revision: 'e52b1be057*'
System info: os.name: 'Windows 11', os.arch: 'amd64', os.version: '10.0', java.version: '17.0.9'
Driver info: org.openqa.selenium.chrome.ChromeDriver
Command: [5cd33812f0dc444291b6f610d19668df, executeScript {script=arguments[0].scrollIntoView(true);, args=[{element-6066-11e4-a52e-4f735466cecf=f.18D3915BD3DA35548DE0D811FB43BA9E.d.7B888A5309EA99991FEDFD2393D746E7.e.5}]}]
Capabilities {acceptInsecureCerts: false, browserName: chrome, browserVersion: 123.0.6312.86, chrome: {chromedriverVersion: 123.0.6312.86 (9b72c47a0536..., userDataDir: C:\Users\HAMID_~1\AppData\L...}, fedcm:accounts: true, goog:chromeOptions: {debuggerAddress: localhost:57746}, networkConnectionEnabled: false, pageLoadStrategy: normal, platformName: windows, proxy: Proxy(), se:cdp: ws://localhost:57746/devtoo..., se:cdpVersion: 123.0.6312.86, setWindowRect: true, strictFileInteractability: false, timeouts: {implicit: 0, pageLoad: 300000, script: 30000}, unhandledPromptBehavior: dismiss and notify, webauthn:extension:credBlob: true, webauthn:extension:largeBlob: true, webauthn:extension:minPinLength: true, webauthn:extension:prf: true, webauthn:virtualAuthenticators: true}
Session ID: 5cd33812f0dc444291b6f610d19668df
	at java.base/jdk.internal.reflect.NativeConstructorAccessorImpl.newInstance0(Native Method)
	at java.base/jdk.internal.reflect.NativeConstructorAccessorImpl.newInstance(NativeConstructorAccessorImpl.java:77)
	at java.base/jdk.internal.reflect.DelegatingConstructorAccessorImpl.newInstance(DelegatingConstructorAccessorImpl.java:45)
	at java.base/java.lang.reflect.Constructor.newInstanceWithCaller(Constructor.java:499)
	at java.base/java.lang.reflect.Constructor.newInstance(Constructor.java:480)
	at org.openqa.selenium.remote.codec.w3c.W3CHttpResponseCodec.createException(W3CHttpResponseCodec.java:185)
	at org.openqa.selenium.remote.codec.w3c.W3CHttpResponseCodec.decode(W3CHttpResponseCodec.java:134)
	at org.openqa.selenium.remote.codec.w3c.W3CHttpResponseCodec.decode(W3CHttpResponseCodec.java:51)
	at org.openqa.selenium.remote.HttpCommandExecutor.execute(HttpCommandExecutor.java:190)
	at org.openqa.selenium.remote.service.DriverCommandExecutor.invokeExecute(DriverCommandExecutor.java:216)
	at org.openqa.selenium.remote.service.DriverCommandExecutor.execute(DriverCommandExecutor.java:174)
	at org.openqa.selenium.remote.RemoteWebDriver.execute(RemoteWebDriver.java:519)
	at org.openqa.selenium.remote.RemoteWebDriver.executeScript(RemoteWebDriver.java:464)
	at com.app.utils.Utilities.clickToElelement(Utilities.java:139)
	at com.app.stepDefs.LoginPageStepDef.userIsOnLoginPage(LoginPageStepDef.java:34)
	at ?.user is on app login page "https://www.way2automation.com/angularjs-protractor/banking/#/login"(file:///C:/GitClones/CucuTestNGReportingProProject/NewProject/src/test/resources/features/LoginPage.feature:4)
</textarea>
		</li>
		<li test-id='109' class='node then Skip' status='Skip'>
			<div class="step-name" title="(com.app.stepDefs.LoginPageStepDef.userLogsIntoSystem())"><span class='status skip' title='Skip'><i class='material-icons'>redo</i></span>Then User logs into the system</div>


					<div class="node-step">Step skipped</div>
		</li>
		<li test-id='112' class='node then Skip' status='Skip'>
			<div class="step-name" title="(com.app.stepDefs.LoginPageStepDef.userLogsOutTheSystem())"><span class='status skip' title='Skip'><i class='material-icons'>redo</i></span>Then User logs out the system</div>


					<div class="node-step">Step skipped</div>
		</li>
		<li test-id='115' class='node then Skip' status='Skip'>
			<div class="step-name" title="(com.app.stepDefs.LoginPageStepDef.userNavigatesToPage(java.lang.String))"><span class='status skip' title='Skip'><i class='material-icons'>redo</i></span>Then user navigates to "https://yahoo.com"</div>


					<div class="node-step">Step skipped</div>
		</li>
		<li test-id='116' class='node * Pass' status='Pass'>
			<div class="step-name" title="(AFTER)"><span class='status pass' title='Pass'><i class='material-icons'>check_circle</i></span>com.app.Hooks.ApplicationHooks.After_UI(io.cucumber.java.Scenario)</div>


					<div class='screenshots'>
						<img width='80' height='40' onerror='this.style.display="none"' data-featherlight='./Screenshots/embedded6.png' src='./Screenshots/embedded6.png'>
					</div>
		</li>
	</ul>
</div>
<div class='scenario node' test-id='54' status='fail'>

	<span class='duration right label'>00 00 56.452</span>
	<div class="bdd-test">
		<div class="scenario-name"><span class='status fail' title='Fail'><i class='material-icons'>cancel</i></span> Scenario: Logging in to the system scenrio three</div>
	</div>
	
	
		<div class='category-list'>
				<span class='category label'>@tag3</span>
				<span class='category label'>@tag1</span>
				<span class='category label'>@tag2</span>
				<span class='category label'>@UI</span>
		</div>
	
	<ul class='steps'>
		<li test-id='96' class='node given Pass' status='Pass'>
			<div class="step-name" title="(com.app.stepDefs.LoginPageStepDef.userIsOnLoginPage(java.lang.String))"><span class='status pass' title='Pass'><i class='material-icons'>check_circle</i></span>Given user is on app login page "https://www.way2automation.com/angularjs-protractor/banking/#/login"</div>


		</li>
		<li test-id='159' class='node then Pass' status='Pass'>
			<div class="step-name" title="(com.app.stepDefs.LoginPageStepDef.userNavigatesToPage(java.lang.String))"><span class='status pass' title='Pass'><i class='material-icons'>check_circle</i></span>Then user navigates to "https://youtube.com"</div>


					<div class='screenshots'>
						<img width='80' height='40' onerror='this.style.display="none"' data-featherlight='./Screenshots/embedded11.png' src='./Screenshots/embedded11.png'>
					</div>
		</li>
		<li test-id='162' class='node then Pass' status='Pass'>
			<div class="step-name" title="(com.app.stepDefs.MoneyCtrlPageStepDef.userNavigatesToPage(java.lang.String,java.lang.String))"><span class='status pass' title='Pass'><i class='material-icons'>check_circle</i></span>Then fetch "% Gain" for company "ONGC"</div>


					<div class="node-step">Value of <b>% Gain</b> for company <b>ONGC</b> is <b>0.69</b></div>
					<div class='screenshots'>
						<img width='80' height='40' onerror='this.style.display="none"' data-featherlight='./Screenshots/embedded12.png' src='./Screenshots/embedded12.png'>
					</div>
		</li>
		<li test-id='165' class='node then Fail' status='Fail'>
			<div class="step-name" title="(com.app.stepDefs.MoneyCtrlPageStepDef.userNavigatesToPage(java.lang.String,java.lang.String))"><span class='status fail' title='Fail'><i class='material-icons'>cancel</i></span>Then fetch "High" for company "Nestle"</div>


					<textarea disabled class="code-block">org.openqa.selenium.NoSuchElementException: no such element: Unable to locate element: {"method":"xpath","selector":"//div[@class='bsr_table hist_tbl_hm']/table/tbody//h3//a[text()='Nestle']/ancestor::tr/td[2]"}
  (Session info: chrome=123.0.6312.86)
For documentation on this error, please visit: https://www.selenium.dev/documentation/webdriver/troubleshooting/errors#no-such-element-exception
Build info: version: '4.17.0', revision: 'e52b1be057*'
System info: os.name: 'Windows 11', os.arch: 'amd64', os.version: '10.0', java.version: '17.0.9'
Driver info: org.openqa.selenium.chrome.ChromeDriver
Command: [aab4e76b0510bb611a64cc216e207d42, findElement {value=//div[@class='bsr_table hist_tbl_hm']/table/tbody//h3//a[text()='Nestle']/ancestor::tr/td[2], using=xpath}]
Capabilities {acceptInsecureCerts: false, browserName: chrome, browserVersion: 123.0.6312.86, chrome: {chromedriverVersion: 123.0.6312.86 (9b72c47a0536..., userDataDir: C:\Users\HAMID_~1\AppData\L...}, fedcm:accounts: true, goog:chromeOptions: {debuggerAddress: localhost:57863}, networkConnectionEnabled: false, pageLoadStrategy: normal, platformName: windows, proxy: Proxy(), se:cdp: ws://localhost:57863/devtoo..., se:cdpVersion: 123.0.6312.86, setWindowRect: true, strictFileInteractability: false, timeouts: {implicit: 0, pageLoad: 300000, script: 30000}, unhandledPromptBehavior: dismiss and notify, webauthn:extension:credBlob: true, webauthn:extension:largeBlob: true, webauthn:extension:minPinLength: true, webauthn:extension:prf: true, webauthn:virtualAuthenticators: true}
Session ID: aab4e76b0510bb611a64cc216e207d42
	at java.base/jdk.internal.reflect.NativeConstructorAccessorImpl.newInstance0(Native Method)
	at java.base/jdk.internal.reflect.NativeConstructorAccessorImpl.newInstance(NativeConstructorAccessorImpl.java:77)
	at java.base/jdk.internal.reflect.DelegatingConstructorAccessorImpl.newInstance(DelegatingConstructorAccessorImpl.java:45)
	at java.base/java.lang.reflect.Constructor.newInstanceWithCaller(Constructor.java:499)
	at java.base/java.lang.reflect.Constructor.newInstance(Constructor.java:480)
	at org.openqa.selenium.remote.codec.w3c.W3CHttpResponseCodec.createException(W3CHttpResponseCodec.java:185)
	at org.openqa.selenium.remote.codec.w3c.W3CHttpResponseCodec.decode(W3CHttpResponseCodec.java:134)
	at org.openqa.selenium.remote.codec.w3c.W3CHttpResponseCodec.decode(W3CHttpResponseCodec.java:51)
	at org.openqa.selenium.remote.HttpCommandExecutor.execute(HttpCommandExecutor.java:190)
	at org.openqa.selenium.remote.service.DriverCommandExecutor.invokeExecute(DriverCommandExecutor.java:216)
	at org.openqa.selenium.remote.service.DriverCommandExecutor.execute(DriverCommandExecutor.java:174)
	at org.openqa.selenium.remote.RemoteWebDriver.execute(RemoteWebDriver.java:519)
	at org.openqa.selenium.remote.ElementLocation$ElementFinder$2.findElement(ElementLocation.java:165)
	at org.openqa.selenium.remote.ElementLocation.findElement(ElementLocation.java:59)
	at org.openqa.selenium.remote.RemoteWebDriver.findElement(RemoteWebDriver.java:356)
	at org.openqa.selenium.remote.RemoteWebDriver.findElement(RemoteWebDriver.java:350)
	at com.app.pages.MoneyCtrlPage.fetchTodayStock(MoneyCtrlPage.java:57)
	at com.app.stepDefs.MoneyCtrlPageStepDef.userNavigatesToPage(MoneyCtrlPageStepDef.java:23)
	at ?.fetch "High" for company "Nestle"(file:///C:/GitClones/CucuTestNGReportingProProject/NewProject/src/test/resources/features/LoginPage.feature:72)
</textarea>
		</li>
		<li test-id='168' class='node then Skip' status='Skip'>
			<div class="step-name" title="(com.app.stepDefs.MoneyCtrlPageStepDef.userNavigatesToPage(java.lang.String,java.lang.String))"><span class='status skip' title='Skip'><i class='material-icons'>redo</i></span>Then fetch "Low" for company "Nestle"</div>


					<div class="node-step">Step skipped</div>
		</li>
		<li test-id='169' class='node * Pass' status='Pass'>
			<div class="step-name" title="(AFTER)"><span class='status pass' title='Pass'><i class='material-icons'>check_circle</i></span>com.app.Hooks.ApplicationHooks.After_UI(io.cucumber.java.Scenario)</div>


					<div class='screenshots'>
						<img width='80' height='40' onerror='this.style.display="none"' data-featherlight='./Screenshots/embedded13.png' src='./Screenshots/embedded13.png'>
					</div>
		</li>
	</ul>
</div>
					</div>
				</li>
			</ul>
		</div>
	</div>
	
	
	<!-- subview left -->
	<div class='subview-right left'>
		<div class='view-summary'>
			<div id='step-filters' class="right sr-filters">
				<a class="btn-floating waves-effect waves-light green" status="pass" alt="pass" title="pass"><i class="material-icons">check_circle</i></a>
				<a class="btn-floating waves-effect waves-light red" status="fail" alt="fail" title="fail"><i class="material-icons">cancel</i></a>
				<a class="btn-floating waves-effect waves-light red darken-4" status="fatal" alt="fatal" title="fatal"><i class="material-icons">cancel</i></a>
				<a class="btn-floating waves-effect waves-light pink text-lighten-1" status="error" alt="error" title="error"><i class="material-icons">error</i></a>
				<a class="btn-floating waves-effect waves-light orange" alt="warning" status="warning" title="warning"><i class="material-icons">warning</i></a>
				<a class="btn-floating waves-effect waves-light teal" status="skip" alt="skip" title="skip"><i class="material-icons">redo</i></a>
				<a class="btn-floating waves-effect waves-light grey" status="clear" alt="Clear filters" title="Clear filters"><i class="material-icons">clear</i></a>
			</div>
			<h5 class='test-name'></h5>
		</div>
	</div>
	<!-- subview right -->
</div>
<!-- test view --><div id='category-view' class='view hide'>
	<section id='controls'>
		<div class='controls grey lighten-4'>
			<!-- search -->
			<div class='chip transparent' alt='Search Tests' title='Search Tests'>
				<a href="#" class='search-div'>
				<i class='material-icons'>search</i> Search
				</a>
				<div class='input-field left hide'>
					<input id='search-tests' type='text' class='validate browser-default' placeholder='Search Tests...'>
				</div>
			</div>
			<!-- search -->
		</div>
	</section>
	<div class='subview-left left'>
		<div class='view-summary'>
			<ul id='category-collection' class='category-collection'>
				<li class='category displayed active'>
					<div class='category-heading'>
						<span class='category-name'>@tag2</span>
						<span class='category-status right'>
						<span class='label fail'>10</span>
						</span>
					</div>
					<div class='category-content hide'>
						<div class='category-status-counts'>
							
							<span status="fail" class='label red lighten-1 white-text'>Failed: 10</span>
							
						</div>
						<div class='category-tests'>
							<table class='bordered table-results'>
								<thead>
									<tr>
										<th>Timestamp</th>
										<th>TestName</th>
										<th>Status</th>
									</tr>
								</thead>
								<tbody>
									<tr>
										<td>Apr 1, 2024 06:16:39 pm</td>
										<td class='linked' test-id='2'>Logging in to the system scenrio two</td>
										<td><span class='test-status Fail'>Fail</span></td>
									</tr>
									<tr>
										<td>Apr 1, 2024 06:16:39 pm</td>
										<td class='linked' test-id='3'>Logging in to the system scenrio two</td>
										<td><span class='test-status Fail'>Fail</span></td>
									</tr>
									<tr>
										<td>Apr 1, 2024 06:16:39 pm</td>
										<td class='linked' test-id='4'>Logging in to the system scenrio two</td>
										<td><span class='test-status Fail'>Fail</span></td>
									</tr>
									<tr>
										<td>Apr 1, 2024 06:16:39 pm</td>
										<td class='linked' test-id='5'>Logging in to the system scenrio two</td>
										<td><span class='test-status Fail'>Fail</span></td>
									</tr>
									<tr>
										<td>Apr 1, 2024 06:16:39 pm</td>
										<td class='linked' test-id='6'>Logging in to the system scenrio two</td>
										<td><span class='test-status Fail'>Fail</span></td>
									</tr>
									<tr>
										<td>Apr 1, 2024 06:16:39 pm</td>
										<td class='linked' test-id='8'>Logging in to the system scenrio two</td>
										<td><span class='test-status Fail'>Fail</span></td>
									</tr>
									<tr>
										<td>Apr 1, 2024 06:16:39 pm</td>
										<td class='linked' test-id='9'>Logging in to the system scenrio two</td>
										<td><span class='test-status Fail'>Fail</span></td>
									</tr>
									<tr>
										<td>Apr 1, 2024 06:16:39 pm</td>
										<td class='linked' test-id='10'>Logging in to the system scenrio two</td>
										<td><span class='test-status Fail'>Fail</span></td>
									</tr>
									<tr>
										<td>Apr 1, 2024 06:16:39 pm</td>
										<td class='linked' test-id='16'>Logging in to the system scenrio two</td>
										<td><span class='test-status Fail'>Fail</span></td>
									</tr>
									<tr>
										<td>Apr 1, 2024 06:17:00 pm</td>
										<td class='linked' test-id='54'>Logging in to the system scenrio three</td>
										<td><span class='test-status Fail'>Fail</span></td>
									</tr>
								</tbody>
							</table>
						</div>
					</div>
				</li>
				<li class='category displayed active'>
					<div class='category-heading'>
						<span class='category-name'>@tag3</span>
						<span class='category-status right'>
						<span class='label fail'>1</span>
						</span>
					</div>
					<div class='category-content hide'>
						<div class='category-status-counts'>
							
							<span status="fail" class='label red lighten-1 white-text'>Failed: 1</span>
							
						</div>
						<div class='category-tests'>
							<table class='bordered table-results'>
								<thead>
									<tr>
										<th>Timestamp</th>
										<th>TestName</th>
										<th>Status</th>
									</tr>
								</thead>
								<tbody>
									<tr>
										<td>Apr 1, 2024 06:17:00 pm</td>
										<td class='linked' test-id='54'>Logging in to the system scenrio three</td>
										<td><span class='test-status Fail'>Fail</span></td>
									</tr>
								</tbody>
							</table>
						</div>
					</div>
				</li>
				<li class='category displayed active'>
					<div class='category-heading'>
						<span class='category-name'>@tag1</span>
						<span class='category-status right'>
						<span class='label fail'>11</span>
						</span>
					</div>
					<div class='category-content hide'>
						<div class='category-status-counts'>
							
							<span status="fail" class='label red lighten-1 white-text'>Failed: 11</span>
							
						</div>
						<div class='category-tests'>
							<table class='bordered table-results'>
								<thead>
									<tr>
										<th>Timestamp</th>
										<th>TestName</th>
										<th>Status</th>
									</tr>
								</thead>
								<tbody>
									<tr>
										<td>Apr 1, 2024 06:16:39 pm</td>
										<td class='linked' test-id='2'>Logging in to the system scenrio two</td>
										<td><span class='test-status Fail'>Fail</span></td>
									</tr>
									<tr>
										<td>Apr 1, 2024 06:16:39 pm</td>
										<td class='linked' test-id='3'>Logging in to the system scenrio two</td>
										<td><span class='test-status Fail'>Fail</span></td>
									</tr>
									<tr>
										<td>Apr 1, 2024 06:16:39 pm</td>
										<td class='linked' test-id='4'>Logging in to the system scenrio two</td>
										<td><span class='test-status Fail'>Fail</span></td>
									</tr>
									<tr>
										<td>Apr 1, 2024 06:16:39 pm</td>
										<td class='linked' test-id='5'>Logging in to the system scenrio two</td>
										<td><span class='test-status Fail'>Fail</span></td>
									</tr>
									<tr>
										<td>Apr 1, 2024 06:16:39 pm</td>
										<td class='linked' test-id='6'>Logging in to the system scenrio two</td>
										<td><span class='test-status Fail'>Fail</span></td>
									</tr>
									<tr>
										<td>Apr 1, 2024 06:16:39 pm</td>
										<td class='linked' test-id='7'>Logging in to the system scenrio one</td>
										<td><span class='test-status Fail'>Fail</span></td>
									</tr>
									<tr>
										<td>Apr 1, 2024 06:16:39 pm</td>
										<td class='linked' test-id='8'>Logging in to the system scenrio two</td>
										<td><span class='test-status Fail'>Fail</span></td>
									</tr>
									<tr>
										<td>Apr 1, 2024 06:16:39 pm</td>
										<td class='linked' test-id='9'>Logging in to the system scenrio two</td>
										<td><span class='test-status Fail'>Fail</span></td>
									</tr>
									<tr>
										<td>Apr 1, 2024 06:16:39 pm</td>
										<td class='linked' test-id='10'>Logging in to the system scenrio two</td>
										<td><span class='test-status Fail'>Fail</span></td>
									</tr>
									<tr>
										<td>Apr 1, 2024 06:16:39 pm</td>
										<td class='linked' test-id='16'>Logging in to the system scenrio two</td>
										<td><span class='test-status Fail'>Fail</span></td>
									</tr>
									<tr>
										<td>Apr 1, 2024 06:17:00 pm</td>
										<td class='linked' test-id='54'>Logging in to the system scenrio three</td>
										<td><span class='test-status Fail'>Fail</span></td>
									</tr>
								</tbody>
							</table>
						</div>
					</div>
				</li>
				<li class='category displayed active'>
					<div class='category-heading'>
						<span class='category-name'>@UI</span>
						<span class='category-status right'>
						<span class='label fail'>11</span>
						</span>
					</div>
					<div class='category-content hide'>
						<div class='category-status-counts'>
							
							<span status="fail" class='label red lighten-1 white-text'>Failed: 11</span>
							
						</div>
						<div class='category-tests'>
							<table class='bordered table-results'>
								<thead>
									<tr>
										<th>Timestamp</th>
										<th>TestName</th>
										<th>Status</th>
									</tr>
								</thead>
								<tbody>
									<tr>
										<td>Apr 1, 2024 06:16:39 pm</td>
										<td class='linked' test-id='2'>Logging in to the system scenrio two</td>
										<td><span class='test-status Fail'>Fail</span></td>
									</tr>
									<tr>
										<td>Apr 1, 2024 06:16:39 pm</td>
										<td class='linked' test-id='3'>Logging in to the system scenrio two</td>
										<td><span class='test-status Fail'>Fail</span></td>
									</tr>
									<tr>
										<td>Apr 1, 2024 06:16:39 pm</td>
										<td class='linked' test-id='4'>Logging in to the system scenrio two</td>
										<td><span class='test-status Fail'>Fail</span></td>
									</tr>
									<tr>
										<td>Apr 1, 2024 06:16:39 pm</td>
										<td class='linked' test-id='5'>Logging in to the system scenrio two</td>
										<td><span class='test-status Fail'>Fail</span></td>
									</tr>
									<tr>
										<td>Apr 1, 2024 06:16:39 pm</td>
										<td class='linked' test-id='6'>Logging in to the system scenrio two</td>
										<td><span class='test-status Fail'>Fail</span></td>
									</tr>
									<tr>
										<td>Apr 1, 2024 06:16:39 pm</td>
										<td class='linked' test-id='7'>Logging in to the system scenrio one</td>
										<td><span class='test-status Fail'>Fail</span></td>
									</tr>
									<tr>
										<td>Apr 1, 2024 06:16:39 pm</td>
										<td class='linked' test-id='8'>Logging in to the system scenrio two</td>
										<td><span class='test-status Fail'>Fail</span></td>
									</tr>
									<tr>
										<td>Apr 1, 2024 06:16:39 pm</td>
										<td class='linked' test-id='9'>Logging in to the system scenrio two</td>
										<td><span class='test-status Fail'>Fail</span></td>
									</tr>
									<tr>
										<td>Apr 1, 2024 06:16:39 pm</td>
										<td class='linked' test-id='10'>Logging in to the system scenrio two</td>
										<td><span class='test-status Fail'>Fail</span></td>
									</tr>
									<tr>
										<td>Apr 1, 2024 06:16:39 pm</td>
										<td class='linked' test-id='16'>Logging in to the system scenrio two</td>
										<td><span class='test-status Fail'>Fail</span></td>
									</tr>
									<tr>
										<td>Apr 1, 2024 06:17:00 pm</td>
										<td class='linked' test-id='54'>Logging in to the system scenrio three</td>
										<td><span class='test-status Fail'>Fail</span></td>
									</tr>
								</tbody>
							</table>
						</div>
					</div>
				</li>
			</ul>
		</div>
	</div>
	<div class='subview-right left'>
		<div class='view-summary'>
			<h5 class='category-name'></h5>
		</div>
	</div>
</div>
<!-- category view --><div id='exception-view' class='view hide'>
	<section id='controls'>
		<div class='controls grey lighten-4'>
			<!-- search -->
			<div class='chip transparent' alt='Search Tests' title='Search Tests'>
				<a href="#" class='search-div'>
				<i class='material-icons'>search</i> Search
				</a>
				<div class='input-field left hide'>
					<input id='search-tests' type='text' class='validate browser-default' placeholder='Search Tests...'>
				</div>
			</div>
			<!-- search -->
		</div>
	</section>
	<div class='subview-left left'>
		<div class='view-summary'>
			<ul id='exception-collection' class='exception-collection'>
				<li class='exception displayed active'>
					<div class='exception-heading'>
						<span class='exception-name'>org.openqa.selenium.NoSuchElementException</span>
						<span class='exception-count right'><span class='label red lighten-1 white-text'>11</span></span>
					</div>
					<div class='exception-content hide'>
						<div class='exception-tests'>
							<table class='bordered table-results'>
								<thead>
									<tr>
										<th>Timestamp</th>
										<th>TestName</th>
										<th>StackTrace</th>
									</tr>
								</thead>
								<tbody>
									<tr>
										<td>Apr 1, 2024 06:16:52 pm</td>
										<td class='linked' test-id='24'>Given user is on app login page "https://www.way2automation.com/angularjs-protractor/banking/#/login"</td>
										<td>
											<textarea disabled class="code-block">org.openqa.selenium.NoSuchElementException: no such element: element not found
  (Session info: chrome=123.0.6312.86)
For documentation on this error, please visit: https://www.selenium.dev/documentation/webdriver/troubleshooting/errors#no-such-element-exception
Build info: version: '4.17.0', revision: 'e52b1be057*'
System info: os.name: 'Windows 11', os.arch: 'amd64', os.version: '10.0', java.version: '17.0.9'
Driver info: org.openqa.selenium.chrome.ChromeDriver
Command: [6260879706da48e3a66a819d1528fd43, executeScript {script=arguments[0].scrollIntoView(true);, args=[{element-6066-11e4-a52e-4f735466cecf=f.FEB0F70FE6ABE7D860D9ACA0F35A5B5A.d.BA28A3D2235BF8855860DFB03FB1F43F.e.5}]}]
Capabilities {acceptInsecureCerts: false, browserName: chrome, browserVersion: 123.0.6312.86, chrome: {chromedriverVersion: 123.0.6312.86 (9b72c47a0536..., userDataDir: C:\Users\HAMID_~1\AppData\L...}, fedcm:accounts: true, goog:chromeOptions: {debuggerAddress: localhost:57615}, networkConnectionEnabled: false, pageLoadStrategy: normal, platformName: windows, proxy: Proxy(), se:cdp: ws://localhost:57615/devtoo..., se:cdpVersion: 123.0.6312.86, setWindowRect: true, strictFileInteractability: false, timeouts: {implicit: 0, pageLoad: 300000, script: 30000}, unhandledPromptBehavior: dismiss and notify, webauthn:extension:credBlob: true, webauthn:extension:largeBlob: true, webauthn:extension:minPinLength: true, webauthn:extension:prf: true, webauthn:virtualAuthenticators: true}
Session ID: 6260879706da48e3a66a819d1528fd43
	at java.base/jdk.internal.reflect.NativeConstructorAccessorImpl.newInstance0(Native Method)
	at java.base/jdk.internal.reflect.NativeConstructorAccessorImpl.newInstance(NativeConstructorAccessorImpl.java:77)
	at java.base/jdk.internal.reflect.DelegatingConstructorAccessorImpl.newInstance(DelegatingConstructorAccessorImpl.java:45)
	at java.base/java.lang.reflect.Constructor.newInstanceWithCaller(Constructor.java:499)
	at java.base/java.lang.reflect.Constructor.newInstance(Constructor.java:480)
	at org.openqa.selenium.remote.codec.w3c.W3CHttpResponseCodec.createException(W3CHttpResponseCodec.java:185)
	at org.openqa.selenium.remote.codec.w3c.W3CHttpResponseCodec.decode(W3CHttpResponseCodec.java:134)
	at org.openqa.selenium.remote.codec.w3c.W3CHttpResponseCodec.decode(W3CHttpResponseCodec.java:51)
	at org.openqa.selenium.remote.HttpCommandExecutor.execute(HttpCommandExecutor.java:190)
	at org.openqa.selenium.remote.service.DriverCommandExecutor.invokeExecute(DriverCommandExecutor.java:216)
	at org.openqa.selenium.remote.service.DriverCommandExecutor.execute(DriverCommandExecutor.java:174)
	at org.openqa.selenium.remote.RemoteWebDriver.execute(RemoteWebDriver.java:519)
	at org.openqa.selenium.remote.RemoteWebDriver.executeScript(RemoteWebDriver.java:464)
	at com.app.utils.Utilities.clickToElelement(Utilities.java:139)
	at com.app.stepDefs.LoginPageStepDef.userIsOnLoginPage(LoginPageStepDef.java:34)
	at ?.user is on app login page "https://www.way2automation.com/angularjs-protractor/banking/#/login"(file:///C:/GitClones/CucuTestNGReportingProProject/NewProject/src/test/resources/features/LoginPage.feature:4)
</textarea>
										</td>
									</tr>
									<tr>
										<td>Apr 1, 2024 06:16:53 pm</td>
										<td class='linked' test-id='27'>Given user is on app login page "https://www.way2automation.com/angularjs-protractor/banking/#/login"</td>
										<td>
											<textarea disabled class="code-block">org.openqa.selenium.NoSuchElementException: no such element: element not found
  (Session info: chrome=123.0.6312.86)
For documentation on this error, please visit: https://www.selenium.dev/documentation/webdriver/troubleshooting/errors#no-such-element-exception
Build info: version: '4.17.0', revision: 'e52b1be057*'
System info: os.name: 'Windows 11', os.arch: 'amd64', os.version: '10.0', java.version: '17.0.9'
Driver info: org.openqa.selenium.chrome.ChromeDriver
Command: [6260879706da48e3a66a819d1528fd43, executeScript {script=arguments[0].scrollIntoView(true);, args=[{element-6066-11e4-a52e-4f735466cecf=f.FEB0F70FE6ABE7D860D9ACA0F35A5B5A.d.BA28A3D2235BF8855860DFB03FB1F43F.e.5}]}]
Capabilities {acceptInsecureCerts: false, browserName: chrome, browserVersion: 123.0.6312.86, chrome: {chromedriverVersion: 123.0.6312.86 (9b72c47a0536..., userDataDir: C:\Users\HAMID_~1\AppData\L...}, fedcm:accounts: true, goog:chromeOptions: {debuggerAddress: localhost:57615}, networkConnectionEnabled: false, pageLoadStrategy: normal, platformName: windows, proxy: Proxy(), se:cdp: ws://localhost:57615/devtoo..., se:cdpVersion: 123.0.6312.86, setWindowRect: true, strictFileInteractability: false, timeouts: {implicit: 0, pageLoad: 300000, script: 30000}, unhandledPromptBehavior: dismiss and notify, webauthn:extension:credBlob: true, webauthn:extension:largeBlob: true, webauthn:extension:minPinLength: true, webauthn:extension:prf: true, webauthn:virtualAuthenticators: true}
Session ID: 6260879706da48e3a66a819d1528fd43
	at java.base/jdk.internal.reflect.NativeConstructorAccessorImpl.newInstance0(Native Method)
	at java.base/jdk.internal.reflect.NativeConstructorAccessorImpl.newInstance(NativeConstructorAccessorImpl.java:77)
	at java.base/jdk.internal.reflect.DelegatingConstructorAccessorImpl.newInstance(DelegatingConstructorAccessorImpl.java:45)
	at java.base/java.lang.reflect.Constructor.newInstanceWithCaller(Constructor.java:499)
	at java.base/java.lang.reflect.Constructor.newInstance(Constructor.java:480)
	at org.openqa.selenium.remote.codec.w3c.W3CHttpResponseCodec.createException(W3CHttpResponseCodec.java:185)
	at org.openqa.selenium.remote.codec.w3c.W3CHttpResponseCodec.decode(W3CHttpResponseCodec.java:134)
	at org.openqa.selenium.remote.codec.w3c.W3CHttpResponseCodec.decode(W3CHttpResponseCodec.java:51)
	at org.openqa.selenium.remote.HttpCommandExecutor.execute(HttpCommandExecutor.java:190)
	at org.openqa.selenium.remote.service.DriverCommandExecutor.invokeExecute(DriverCommandExecutor.java:216)
	at org.openqa.selenium.remote.service.DriverCommandExecutor.execute(DriverCommandExecutor.java:174)
	at org.openqa.selenium.remote.RemoteWebDriver.execute(RemoteWebDriver.java:519)
	at org.openqa.selenium.remote.RemoteWebDriver.executeScript(RemoteWebDriver.java:464)
	at com.app.utils.Utilities.clickToElelement(Utilities.java:139)
	at com.app.stepDefs.LoginPageStepDef.userIsOnLoginPage(LoginPageStepDef.java:34)
	at ?.user is on app login page "https://www.way2automation.com/angularjs-protractor/banking/#/login"(file:///C:/GitClones/CucuTestNGReportingProProject/NewProject/src/test/resources/features/LoginPage.feature:4)
</textarea>
										</td>
									</tr>
									<tr>
										<td>Apr 1, 2024 06:16:54 pm</td>
										<td class='linked' test-id='30'>Given user is on app login page "https://www.way2automation.com/angularjs-protractor/banking/#/login"</td>
										<td>
											<textarea disabled class="code-block">org.openqa.selenium.NoSuchElementException: no such element: element not found
  (Session info: chrome=123.0.6312.86)
For documentation on this error, please visit: https://www.selenium.dev/documentation/webdriver/troubleshooting/errors#no-such-element-exception
Build info: version: '4.17.0', revision: 'e52b1be057*'
System info: os.name: 'Windows 11', os.arch: 'amd64', os.version: '10.0', java.version: '17.0.9'
Driver info: org.openqa.selenium.chrome.ChromeDriver
Command: [6260879706da48e3a66a819d1528fd43, executeScript {script=arguments[0].scrollIntoView(true);, args=[{element-6066-11e4-a52e-4f735466cecf=f.FEB0F70FE6ABE7D860D9ACA0F35A5B5A.d.BA28A3D2235BF8855860DFB03FB1F43F.e.5}]}]
Capabilities {acceptInsecureCerts: false, browserName: chrome, browserVersion: 123.0.6312.86, chrome: {chromedriverVersion: 123.0.6312.86 (9b72c47a0536..., userDataDir: C:\Users\HAMID_~1\AppData\L...}, fedcm:accounts: true, goog:chromeOptions: {debuggerAddress: localhost:57615}, networkConnectionEnabled: false, pageLoadStrategy: normal, platformName: windows, proxy: Proxy(), se:cdp: ws://localhost:57615/devtoo..., se:cdpVersion: 123.0.6312.86, setWindowRect: true, strictFileInteractability: false, timeouts: {implicit: 0, pageLoad: 300000, script: 30000}, unhandledPromptBehavior: dismiss and notify, webauthn:extension:credBlob: true, webauthn:extension:largeBlob: true, webauthn:extension:minPinLength: true, webauthn:extension:prf: true, webauthn:virtualAuthenticators: true}
Session ID: 6260879706da48e3a66a819d1528fd43
	at java.base/jdk.internal.reflect.NativeConstructorAccessorImpl.newInstance0(Native Method)
	at java.base/jdk.internal.reflect.NativeConstructorAccessorImpl.newInstance(NativeConstructorAccessorImpl.java:77)
	at java.base/jdk.internal.reflect.DelegatingConstructorAccessorImpl.newInstance(DelegatingConstructorAccessorImpl.java:45)
	at java.base/java.lang.reflect.Constructor.newInstanceWithCaller(Constructor.java:499)
	at java.base/java.lang.reflect.Constructor.newInstance(Constructor.java:480)
	at org.openqa.selenium.remote.codec.w3c.W3CHttpResponseCodec.createException(W3CHttpResponseCodec.java:185)
	at org.openqa.selenium.remote.codec.w3c.W3CHttpResponseCodec.decode(W3CHttpResponseCodec.java:134)
	at org.openqa.selenium.remote.codec.w3c.W3CHttpResponseCodec.decode(W3CHttpResponseCodec.java:51)
	at org.openqa.selenium.remote.HttpCommandExecutor.execute(HttpCommandExecutor.java:190)
	at org.openqa.selenium.remote.service.DriverCommandExecutor.invokeExecute(DriverCommandExecutor.java:216)
	at org.openqa.selenium.remote.service.DriverCommandExecutor.execute(DriverCommandExecutor.java:174)
	at org.openqa.selenium.remote.RemoteWebDriver.execute(RemoteWebDriver.java:519)
	at org.openqa.selenium.remote.RemoteWebDriver.executeScript(RemoteWebDriver.java:464)
	at com.app.utils.Utilities.clickToElelement(Utilities.java:139)
	at com.app.stepDefs.LoginPageStepDef.userIsOnLoginPage(LoginPageStepDef.java:34)
	at ?.user is on app login page "https://www.way2automation.com/angularjs-protractor/banking/#/login"(file:///C:/GitClones/CucuTestNGReportingProProject/NewProject/src/test/resources/features/LoginPage.feature:4)
</textarea>
										</td>
									</tr>
									<tr>
										<td>Apr 1, 2024 06:16:57 pm</td>
										<td class='linked' test-id='53'>Given user is on app login page "https://www.way2automation.com/angularjs-protractor/banking/#/login"</td>
										<td>
											<textarea disabled class="code-block">org.openqa.selenium.NoSuchElementException: no such element: element not found
  (Session info: chrome=123.0.6312.86)
For documentation on this error, please visit: https://www.selenium.dev/documentation/webdriver/troubleshooting/errors#no-such-element-exception
Build info: version: '4.17.0', revision: 'e52b1be057*'
System info: os.name: 'Windows 11', os.arch: 'amd64', os.version: '10.0', java.version: '17.0.9'
Driver info: org.openqa.selenium.chrome.ChromeDriver
Command: [6260879706da48e3a66a819d1528fd43, executeScript {script=arguments[0].scrollIntoView(true);, args=[{element-6066-11e4-a52e-4f735466cecf=f.FEB0F70FE6ABE7D860D9ACA0F35A5B5A.d.BA28A3D2235BF8855860DFB03FB1F43F.e.5}]}]
Capabilities {acceptInsecureCerts: false, browserName: chrome, browserVersion: 123.0.6312.86, chrome: {chromedriverVersion: 123.0.6312.86 (9b72c47a0536..., userDataDir: C:\Users\HAMID_~1\AppData\L...}, fedcm:accounts: true, goog:chromeOptions: {debuggerAddress: localhost:57615}, networkConnectionEnabled: false, pageLoadStrategy: normal, platformName: windows, proxy: Proxy(), se:cdp: ws://localhost:57615/devtoo..., se:cdpVersion: 123.0.6312.86, setWindowRect: true, strictFileInteractability: false, timeouts: {implicit: 0, pageLoad: 300000, script: 30000}, unhandledPromptBehavior: dismiss and notify, webauthn:extension:credBlob: true, webauthn:extension:largeBlob: true, webauthn:extension:minPinLength: true, webauthn:extension:prf: true, webauthn:virtualAuthenticators: true}
Session ID: 6260879706da48e3a66a819d1528fd43
	at java.base/jdk.internal.reflect.NativeConstructorAccessorImpl.newInstance0(Native Method)
	at java.base/jdk.internal.reflect.NativeConstructorAccessorImpl.newInstance(NativeConstructorAccessorImpl.java:77)
	at java.base/jdk.internal.reflect.DelegatingConstructorAccessorImpl.newInstance(DelegatingConstructorAccessorImpl.java:45)
	at java.base/java.lang.reflect.Constructor.newInstanceWithCaller(Constructor.java:499)
	at java.base/java.lang.reflect.Constructor.newInstance(Constructor.java:480)
	at org.openqa.selenium.remote.codec.w3c.W3CHttpResponseCodec.createException(W3CHttpResponseCodec.java:185)
	at org.openqa.selenium.remote.codec.w3c.W3CHttpResponseCodec.decode(W3CHttpResponseCodec.java:134)
	at org.openqa.selenium.remote.codec.w3c.W3CHttpResponseCodec.decode(W3CHttpResponseCodec.java:51)
	at org.openqa.selenium.remote.HttpCommandExecutor.execute(HttpCommandExecutor.java:190)
	at org.openqa.selenium.remote.service.DriverCommandExecutor.invokeExecute(DriverCommandExecutor.java:216)
	at org.openqa.selenium.remote.service.DriverCommandExecutor.execute(DriverCommandExecutor.java:174)
	at org.openqa.selenium.remote.RemoteWebDriver.execute(RemoteWebDriver.java:519)
	at org.openqa.selenium.remote.RemoteWebDriver.executeScript(RemoteWebDriver.java:464)
	at com.app.utils.Utilities.clickToElelement(Utilities.java:139)
	at com.app.stepDefs.LoginPageStepDef.userIsOnLoginPage(LoginPageStepDef.java:34)
	at ?.user is on app login page "https://www.way2automation.com/angularjs-protractor/banking/#/login"(file:///C:/GitClones/CucuTestNGReportingProProject/NewProject/src/test/resources/features/LoginPage.feature:4)
</textarea>
										</td>
									</tr>
									<tr>
										<td>Apr 1, 2024 06:17:00 pm</td>
										<td class='linked' test-id='58'>Given user is on app login page "https://www.way2automation.com/angularjs-protractor/banking/#/login"</td>
										<td>
											<textarea disabled class="code-block">org.openqa.selenium.NoSuchElementException: no such element: element not found
  (Session info: chrome=123.0.6312.86)
For documentation on this error, please visit: https://www.selenium.dev/documentation/webdriver/troubleshooting/errors#no-such-element-exception
Build info: version: '4.17.0', revision: 'e52b1be057*'
System info: os.name: 'Windows 11', os.arch: 'amd64', os.version: '10.0', java.version: '17.0.9'
Driver info: org.openqa.selenium.chrome.ChromeDriver
Command: [6260879706da48e3a66a819d1528fd43, executeScript {script=arguments[0].scrollIntoView(true);, args=[{element-6066-11e4-a52e-4f735466cecf=f.FEB0F70FE6ABE7D860D9ACA0F35A5B5A.d.BA28A3D2235BF8855860DFB03FB1F43F.e.5}]}]
Capabilities {acceptInsecureCerts: false, browserName: chrome, browserVersion: 123.0.6312.86, chrome: {chromedriverVersion: 123.0.6312.86 (9b72c47a0536..., userDataDir: C:\Users\HAMID_~1\AppData\L...}, fedcm:accounts: true, goog:chromeOptions: {debuggerAddress: localhost:57615}, networkConnectionEnabled: false, pageLoadStrategy: normal, platformName: windows, proxy: Proxy(), se:cdp: ws://localhost:57615/devtoo..., se:cdpVersion: 123.0.6312.86, setWindowRect: true, strictFileInteractability: false, timeouts: {implicit: 0, pageLoad: 300000, script: 30000}, unhandledPromptBehavior: dismiss and notify, webauthn:extension:credBlob: true, webauthn:extension:largeBlob: true, webauthn:extension:minPinLength: true, webauthn:extension:prf: true, webauthn:virtualAuthenticators: true}
Session ID: 6260879706da48e3a66a819d1528fd43
	at java.base/jdk.internal.reflect.NativeConstructorAccessorImpl.newInstance0(Native Method)
	at java.base/jdk.internal.reflect.NativeConstructorAccessorImpl.newInstance(NativeConstructorAccessorImpl.java:77)
	at java.base/jdk.internal.reflect.DelegatingConstructorAccessorImpl.newInstance(DelegatingConstructorAccessorImpl.java:45)
	at java.base/java.lang.reflect.Constructor.newInstanceWithCaller(Constructor.java:499)
	at java.base/java.lang.reflect.Constructor.newInstance(Constructor.java:480)
	at org.openqa.selenium.remote.codec.w3c.W3CHttpResponseCodec.createException(W3CHttpResponseCodec.java:185)
	at org.openqa.selenium.remote.codec.w3c.W3CHttpResponseCodec.decode(W3CHttpResponseCodec.java:134)
	at org.openqa.selenium.remote.codec.w3c.W3CHttpResponseCodec.decode(W3CHttpResponseCodec.java:51)
	at org.openqa.selenium.remote.HttpCommandExecutor.execute(HttpCommandExecutor.java:190)
	at org.openqa.selenium.remote.service.DriverCommandExecutor.invokeExecute(DriverCommandExecutor.java:216)
	at org.openqa.selenium.remote.service.DriverCommandExecutor.execute(DriverCommandExecutor.java:174)
	at org.openqa.selenium.remote.RemoteWebDriver.execute(RemoteWebDriver.java:519)
	at org.openqa.selenium.remote.RemoteWebDriver.executeScript(RemoteWebDriver.java:464)
	at com.app.utils.Utilities.clickToElelement(Utilities.java:139)
	at com.app.stepDefs.LoginPageStepDef.userIsOnLoginPage(LoginPageStepDef.java:34)
	at ?.user is on app login page "https://www.way2automation.com/angularjs-protractor/banking/#/login"(file:///C:/GitClones/CucuTestNGReportingProProject/NewProject/src/test/resources/features/LoginPage.feature:4)
</textarea>
										</td>
									</tr>
									<tr>
										<td>Apr 1, 2024 06:17:01 pm</td>
										<td class='linked' test-id='71'>Given user is on app login page "https://www.way2automation.com/angularjs-protractor/banking/#/login"</td>
										<td>
											<textarea disabled class="code-block">org.openqa.selenium.NoSuchElementException: no such element: element not found
  (Session info: chrome=123.0.6312.86)
For documentation on this error, please visit: https://www.selenium.dev/documentation/webdriver/troubleshooting/errors#no-such-element-exception
Build info: version: '4.17.0', revision: 'e52b1be057*'
System info: os.name: 'Windows 11', os.arch: 'amd64', os.version: '10.0', java.version: '17.0.9'
Driver info: org.openqa.selenium.chrome.ChromeDriver
Command: [6260879706da48e3a66a819d1528fd43, executeScript {script=arguments[0].scrollIntoView(true);, args=[{element-6066-11e4-a52e-4f735466cecf=f.FEB0F70FE6ABE7D860D9ACA0F35A5B5A.d.BA28A3D2235BF8855860DFB03FB1F43F.e.5}]}]
Capabilities {acceptInsecureCerts: false, browserName: chrome, browserVersion: 123.0.6312.86, chrome: {chromedriverVersion: 123.0.6312.86 (9b72c47a0536..., userDataDir: C:\Users\HAMID_~1\AppData\L...}, fedcm:accounts: true, goog:chromeOptions: {debuggerAddress: localhost:57615}, networkConnectionEnabled: false, pageLoadStrategy: normal, platformName: windows, proxy: Proxy(), se:cdp: ws://localhost:57615/devtoo..., se:cdpVersion: 123.0.6312.86, setWindowRect: true, strictFileInteractability: false, timeouts: {implicit: 0, pageLoad: 300000, script: 30000}, unhandledPromptBehavior: dismiss and notify, webauthn:extension:credBlob: true, webauthn:extension:largeBlob: true, webauthn:extension:minPinLength: true, webauthn:extension:prf: true, webauthn:virtualAuthenticators: true}
Session ID: 6260879706da48e3a66a819d1528fd43
	at java.base/jdk.internal.reflect.NativeConstructorAccessorImpl.newInstance0(Native Method)
	at java.base/jdk.internal.reflect.NativeConstructorAccessorImpl.newInstance(NativeConstructorAccessorImpl.java:77)
	at java.base/jdk.internal.reflect.DelegatingConstructorAccessorImpl.newInstance(DelegatingConstructorAccessorImpl.java:45)
	at java.base/java.lang.reflect.Constructor.newInstanceWithCaller(Constructor.java:499)
	at java.base/java.lang.reflect.Constructor.newInstance(Constructor.java:480)
	at org.openqa.selenium.remote.codec.w3c.W3CHttpResponseCodec.createException(W3CHttpResponseCodec.java:185)
	at org.openqa.selenium.remote.codec.w3c.W3CHttpResponseCodec.decode(W3CHttpResponseCodec.java:134)
	at org.openqa.selenium.remote.codec.w3c.W3CHttpResponseCodec.decode(W3CHttpResponseCodec.java:51)
	at org.openqa.selenium.remote.HttpCommandExecutor.execute(HttpCommandExecutor.java:190)
	at org.openqa.selenium.remote.service.DriverCommandExecutor.invokeExecute(DriverCommandExecutor.java:216)
	at org.openqa.selenium.remote.service.DriverCommandExecutor.execute(DriverCommandExecutor.java:174)
	at org.openqa.selenium.remote.RemoteWebDriver.execute(RemoteWebDriver.java:519)
	at org.openqa.selenium.remote.RemoteWebDriver.executeScript(RemoteWebDriver.java:464)
	at com.app.utils.Utilities.clickToElelement(Utilities.java:139)
	at com.app.stepDefs.LoginPageStepDef.userIsOnLoginPage(LoginPageStepDef.java:34)
	at ?.user is on app login page "https://www.way2automation.com/angularjs-protractor/banking/#/login"(file:///C:/GitClones/CucuTestNGReportingProProject/NewProject/src/test/resources/features/LoginPage.feature:4)
</textarea>
										</td>
									</tr>
									<tr>
										<td>Apr 1, 2024 06:17:03 pm</td>
										<td class='linked' test-id='74'>Given user is on app login page "https://www.way2automation.com/angularjs-protractor/banking/#/login"</td>
										<td>
											<textarea disabled class="code-block">org.openqa.selenium.NoSuchElementException: no such element: element not found
  (Session info: chrome=123.0.6312.86)
For documentation on this error, please visit: https://www.selenium.dev/documentation/webdriver/troubleshooting/errors#no-such-element-exception
Build info: version: '4.17.0', revision: 'e52b1be057*'
System info: os.name: 'Windows 11', os.arch: 'amd64', os.version: '10.0', java.version: '17.0.9'
Driver info: org.openqa.selenium.chrome.ChromeDriver
Command: [6260879706da48e3a66a819d1528fd43, executeScript {script=arguments[0].scrollIntoView(true);, args=[{element-6066-11e4-a52e-4f735466cecf=f.FEB0F70FE6ABE7D860D9ACA0F35A5B5A.d.BA28A3D2235BF8855860DFB03FB1F43F.e.5}]}]
Capabilities {acceptInsecureCerts: false, browserName: chrome, browserVersion: 123.0.6312.86, chrome: {chromedriverVersion: 123.0.6312.86 (9b72c47a0536..., userDataDir: C:\Users\HAMID_~1\AppData\L...}, fedcm:accounts: true, goog:chromeOptions: {debuggerAddress: localhost:57615}, networkConnectionEnabled: false, pageLoadStrategy: normal, platformName: windows, proxy: Proxy(), se:cdp: ws://localhost:57615/devtoo..., se:cdpVersion: 123.0.6312.86, setWindowRect: true, strictFileInteractability: false, timeouts: {implicit: 0, pageLoad: 300000, script: 30000}, unhandledPromptBehavior: dismiss and notify, webauthn:extension:credBlob: true, webauthn:extension:largeBlob: true, webauthn:extension:minPinLength: true, webauthn:extension:prf: true, webauthn:virtualAuthenticators: true}
Session ID: 6260879706da48e3a66a819d1528fd43
	at java.base/jdk.internal.reflect.NativeConstructorAccessorImpl.newInstance0(Native Method)
	at java.base/jdk.internal.reflect.NativeConstructorAccessorImpl.newInstance(NativeConstructorAccessorImpl.java:77)
	at java.base/jdk.internal.reflect.DelegatingConstructorAccessorImpl.newInstance(DelegatingConstructorAccessorImpl.java:45)
	at java.base/java.lang.reflect.Constructor.newInstanceWithCaller(Constructor.java:499)
	at java.base/java.lang.reflect.Constructor.newInstance(Constructor.java:480)
	at org.openqa.selenium.remote.codec.w3c.W3CHttpResponseCodec.createException(W3CHttpResponseCodec.java:185)
	at org.openqa.selenium.remote.codec.w3c.W3CHttpResponseCodec.decode(W3CHttpResponseCodec.java:134)
	at org.openqa.selenium.remote.codec.w3c.W3CHttpResponseCodec.decode(W3CHttpResponseCodec.java:51)
	at org.openqa.selenium.remote.HttpCommandExecutor.execute(HttpCommandExecutor.java:190)
	at org.openqa.selenium.remote.service.DriverCommandExecutor.invokeExecute(DriverCommandExecutor.java:216)
	at org.openqa.selenium.remote.service.DriverCommandExecutor.execute(DriverCommandExecutor.java:174)
	at org.openqa.selenium.remote.RemoteWebDriver.execute(RemoteWebDriver.java:519)
	at org.openqa.selenium.remote.RemoteWebDriver.executeScript(RemoteWebDriver.java:464)
	at com.app.utils.Utilities.clickToElelement(Utilities.java:139)
	at com.app.stepDefs.LoginPageStepDef.userIsOnLoginPage(LoginPageStepDef.java:34)
	at ?.user is on app login page "https://www.way2automation.com/angularjs-protractor/banking/#/login"(file:///C:/GitClones/CucuTestNGReportingProProject/NewProject/src/test/resources/features/LoginPage.feature:4)
</textarea>
										</td>
									</tr>
									<tr>
										<td>Apr 1, 2024 06:17:05 pm</td>
										<td class='linked' test-id='87'>Given user is on app login page "https://www.way2automation.com/angularjs-protractor/banking/#/login"</td>
										<td>
											<textarea disabled class="code-block">org.openqa.selenium.NoSuchElementException: no such element: element not found
  (Session info: chrome=123.0.6312.86)
For documentation on this error, please visit: https://www.selenium.dev/documentation/webdriver/troubleshooting/errors#no-such-element-exception
Build info: version: '4.17.0', revision: 'e52b1be057*'
System info: os.name: 'Windows 11', os.arch: 'amd64', os.version: '10.0', java.version: '17.0.9'
Driver info: org.openqa.selenium.chrome.ChromeDriver
Command: [6260879706da48e3a66a819d1528fd43, executeScript {script=arguments[0].scrollIntoView(true);, args=[{element-6066-11e4-a52e-4f735466cecf=f.FEB0F70FE6ABE7D860D9ACA0F35A5B5A.d.BA28A3D2235BF8855860DFB03FB1F43F.e.5}]}]
Capabilities {acceptInsecureCerts: false, browserName: chrome, browserVersion: 123.0.6312.86, chrome: {chromedriverVersion: 123.0.6312.86 (9b72c47a0536..., userDataDir: C:\Users\HAMID_~1\AppData\L...}, fedcm:accounts: true, goog:chromeOptions: {debuggerAddress: localhost:57615}, networkConnectionEnabled: false, pageLoadStrategy: normal, platformName: windows, proxy: Proxy(), se:cdp: ws://localhost:57615/devtoo..., se:cdpVersion: 123.0.6312.86, setWindowRect: true, strictFileInteractability: false, timeouts: {implicit: 0, pageLoad: 300000, script: 30000}, unhandledPromptBehavior: dismiss and notify, webauthn:extension:credBlob: true, webauthn:extension:largeBlob: true, webauthn:extension:minPinLength: true, webauthn:extension:prf: true, webauthn:virtualAuthenticators: true}
Session ID: 6260879706da48e3a66a819d1528fd43
	at java.base/jdk.internal.reflect.NativeConstructorAccessorImpl.newInstance0(Native Method)
	at java.base/jdk.internal.reflect.NativeConstructorAccessorImpl.newInstance(NativeConstructorAccessorImpl.java:77)
	at java.base/jdk.internal.reflect.DelegatingConstructorAccessorImpl.newInstance(DelegatingConstructorAccessorImpl.java:45)
	at java.base/java.lang.reflect.Constructor.newInstanceWithCaller(Constructor.java:499)
	at java.base/java.lang.reflect.Constructor.newInstance(Constructor.java:480)
	at org.openqa.selenium.remote.codec.w3c.W3CHttpResponseCodec.createException(W3CHttpResponseCodec.java:185)
	at org.openqa.selenium.remote.codec.w3c.W3CHttpResponseCodec.decode(W3CHttpResponseCodec.java:134)
	at org.openqa.selenium.remote.codec.w3c.W3CHttpResponseCodec.decode(W3CHttpResponseCodec.java:51)
	at org.openqa.selenium.remote.HttpCommandExecutor.execute(HttpCommandExecutor.java:190)
	at org.openqa.selenium.remote.service.DriverCommandExecutor.invokeExecute(DriverCommandExecutor.java:216)
	at org.openqa.selenium.remote.service.DriverCommandExecutor.execute(DriverCommandExecutor.java:174)
	at org.openqa.selenium.remote.RemoteWebDriver.execute(RemoteWebDriver.java:519)
	at org.openqa.selenium.remote.RemoteWebDriver.executeScript(RemoteWebDriver.java:464)
	at com.app.utils.Utilities.clickToElelement(Utilities.java:139)
	at com.app.stepDefs.LoginPageStepDef.userIsOnLoginPage(LoginPageStepDef.java:34)
	at ?.user is on app login page "https://www.way2automation.com/angularjs-protractor/banking/#/login"(file:///C:/GitClones/CucuTestNGReportingProProject/NewProject/src/test/resources/features/LoginPage.feature:4)
</textarea>
										</td>
									</tr>
									<tr>
										<td>Apr 1, 2024 06:17:05 pm</td>
										<td class='linked' test-id='90'>Given user is on app login page "https://www.way2automation.com/angularjs-protractor/banking/#/login"</td>
										<td>
											<textarea disabled class="code-block">org.openqa.selenium.NoSuchElementException: no such element: element not found
  (Session info: chrome=123.0.6312.86)
For documentation on this error, please visit: https://www.selenium.dev/documentation/webdriver/troubleshooting/errors#no-such-element-exception
Build info: version: '4.17.0', revision: 'e52b1be057*'
System info: os.name: 'Windows 11', os.arch: 'amd64', os.version: '10.0', java.version: '17.0.9'
Driver info: org.openqa.selenium.chrome.ChromeDriver
Command: [6260879706da48e3a66a819d1528fd43, executeScript {script=arguments[0].scrollIntoView(true);, args=[{element-6066-11e4-a52e-4f735466cecf=f.FEB0F70FE6ABE7D860D9ACA0F35A5B5A.d.BA28A3D2235BF8855860DFB03FB1F43F.e.5}]}]
Capabilities {acceptInsecureCerts: false, browserName: chrome, browserVersion: 123.0.6312.86, chrome: {chromedriverVersion: 123.0.6312.86 (9b72c47a0536..., userDataDir: C:\Users\HAMID_~1\AppData\L...}, fedcm:accounts: true, goog:chromeOptions: {debuggerAddress: localhost:57615}, networkConnectionEnabled: false, pageLoadStrategy: normal, platformName: windows, proxy: Proxy(), se:cdp: ws://localhost:57615/devtoo..., se:cdpVersion: 123.0.6312.86, setWindowRect: true, strictFileInteractability: false, timeouts: {implicit: 0, pageLoad: 300000, script: 30000}, unhandledPromptBehavior: dismiss and notify, webauthn:extension:credBlob: true, webauthn:extension:largeBlob: true, webauthn:extension:minPinLength: true, webauthn:extension:prf: true, webauthn:virtualAuthenticators: true}
Session ID: 6260879706da48e3a66a819d1528fd43
	at java.base/jdk.internal.reflect.NativeConstructorAccessorImpl.newInstance0(Native Method)
	at java.base/jdk.internal.reflect.NativeConstructorAccessorImpl.newInstance(NativeConstructorAccessorImpl.java:77)
	at java.base/jdk.internal.reflect.DelegatingConstructorAccessorImpl.newInstance(DelegatingConstructorAccessorImpl.java:45)
	at java.base/java.lang.reflect.Constructor.newInstanceWithCaller(Constructor.java:499)
	at java.base/java.lang.reflect.Constructor.newInstance(Constructor.java:480)
	at org.openqa.selenium.remote.codec.w3c.W3CHttpResponseCodec.createException(W3CHttpResponseCodec.java:185)
	at org.openqa.selenium.remote.codec.w3c.W3CHttpResponseCodec.decode(W3CHttpResponseCodec.java:134)
	at org.openqa.selenium.remote.codec.w3c.W3CHttpResponseCodec.decode(W3CHttpResponseCodec.java:51)
	at org.openqa.selenium.remote.HttpCommandExecutor.execute(HttpCommandExecutor.java:190)
	at org.openqa.selenium.remote.service.DriverCommandExecutor.invokeExecute(DriverCommandExecutor.java:216)
	at org.openqa.selenium.remote.service.DriverCommandExecutor.execute(DriverCommandExecutor.java:174)
	at org.openqa.selenium.remote.RemoteWebDriver.execute(RemoteWebDriver.java:519)
	at org.openqa.selenium.remote.RemoteWebDriver.executeScript(RemoteWebDriver.java:464)
	at com.app.utils.Utilities.clickToElelement(Utilities.java:139)
	at com.app.stepDefs.LoginPageStepDef.userIsOnLoginPage(LoginPageStepDef.java:34)
	at ?.user is on app login page "https://www.way2automation.com/angularjs-protractor/banking/#/login"(file:///C:/GitClones/CucuTestNGReportingProProject/NewProject/src/test/resources/features/LoginPage.feature:4)
</textarea>
										</td>
									</tr>
									<tr>
										<td>Apr 1, 2024 06:17:07 pm</td>
										<td class='linked' test-id='93'>Given user is on app login page "https://www.way2automation.com/angularjs-protractor/banking/#/login"</td>
										<td>
											<textarea disabled class="code-block">org.openqa.selenium.NoSuchElementException: no such element: element not found
  (Session info: chrome=123.0.6312.86)
For documentation on this error, please visit: https://www.selenium.dev/documentation/webdriver/troubleshooting/errors#no-such-element-exception
Build info: version: '4.17.0', revision: 'e52b1be057*'
System info: os.name: 'Windows 11', os.arch: 'amd64', os.version: '10.0', java.version: '17.0.9'
Driver info: org.openqa.selenium.chrome.ChromeDriver
Command: [6260879706da48e3a66a819d1528fd43, executeScript {script=arguments[0].scrollIntoView(true);, args=[{element-6066-11e4-a52e-4f735466cecf=f.FEB0F70FE6ABE7D860D9ACA0F35A5B5A.d.BA28A3D2235BF8855860DFB03FB1F43F.e.5}]}]
Capabilities {acceptInsecureCerts: false, browserName: chrome, browserVersion: 123.0.6312.86, chrome: {chromedriverVersion: 123.0.6312.86 (9b72c47a0536..., userDataDir: C:\Users\HAMID_~1\AppData\L...}, fedcm:accounts: true, goog:chromeOptions: {debuggerAddress: localhost:57615}, networkConnectionEnabled: false, pageLoadStrategy: normal, platformName: windows, proxy: Proxy(), se:cdp: ws://localhost:57615/devtoo..., se:cdpVersion: 123.0.6312.86, setWindowRect: true, strictFileInteractability: false, timeouts: {implicit: 0, pageLoad: 300000, script: 30000}, unhandledPromptBehavior: dismiss and notify, webauthn:extension:credBlob: true, webauthn:extension:largeBlob: true, webauthn:extension:minPinLength: true, webauthn:extension:prf: true, webauthn:virtualAuthenticators: true}
Session ID: 6260879706da48e3a66a819d1528fd43
	at java.base/jdk.internal.reflect.NativeConstructorAccessorImpl.newInstance0(Native Method)
	at java.base/jdk.internal.reflect.NativeConstructorAccessorImpl.newInstance(NativeConstructorAccessorImpl.java:77)
	at java.base/jdk.internal.reflect.DelegatingConstructorAccessorImpl.newInstance(DelegatingConstructorAccessorImpl.java:45)
	at java.base/java.lang.reflect.Constructor.newInstanceWithCaller(Constructor.java:499)
	at java.base/java.lang.reflect.Constructor.newInstance(Constructor.java:480)
	at org.openqa.selenium.remote.codec.w3c.W3CHttpResponseCodec.createException(W3CHttpResponseCodec.java:185)
	at org.openqa.selenium.remote.codec.w3c.W3CHttpResponseCodec.decode(W3CHttpResponseCodec.java:134)
	at org.openqa.selenium.remote.codec.w3c.W3CHttpResponseCodec.decode(W3CHttpResponseCodec.java:51)
	at org.openqa.selenium.remote.HttpCommandExecutor.execute(HttpCommandExecutor.java:190)
	at org.openqa.selenium.remote.service.DriverCommandExecutor.invokeExecute(DriverCommandExecutor.java:216)
	at org.openqa.selenium.remote.service.DriverCommandExecutor.execute(DriverCommandExecutor.java:174)
	at org.openqa.selenium.remote.RemoteWebDriver.execute(RemoteWebDriver.java:519)
	at org.openqa.selenium.remote.RemoteWebDriver.executeScript(RemoteWebDriver.java:464)
	at com.app.utils.Utilities.clickToElelement(Utilities.java:139)
	at com.app.stepDefs.LoginPageStepDef.userIsOnLoginPage(LoginPageStepDef.java:34)
	at ?.user is on app login page "https://www.way2automation.com/angularjs-protractor/banking/#/login"(file:///C:/GitClones/CucuTestNGReportingProProject/NewProject/src/test/resources/features/LoginPage.feature:4)
</textarea>
										</td>
									</tr>
									<tr>
										<td>Apr 1, 2024 06:17:29 pm</td>
										<td class='linked' test-id='165'>Then fetch "High" for company "Nestle"</td>
										<td>
											<textarea disabled class="code-block">org.openqa.selenium.NoSuchElementException: no such element: element not found
  (Session info: chrome=123.0.6312.86)
For documentation on this error, please visit: https://www.selenium.dev/documentation/webdriver/troubleshooting/errors#no-such-element-exception
Build info: version: '4.17.0', revision: 'e52b1be057*'
System info: os.name: 'Windows 11', os.arch: 'amd64', os.version: '10.0', java.version: '17.0.9'
Driver info: org.openqa.selenium.chrome.ChromeDriver
Command: [6260879706da48e3a66a819d1528fd43, executeScript {script=arguments[0].scrollIntoView(true);, args=[{element-6066-11e4-a52e-4f735466cecf=f.FEB0F70FE6ABE7D860D9ACA0F35A5B5A.d.BA28A3D2235BF8855860DFB03FB1F43F.e.5}]}]
Capabilities {acceptInsecureCerts: false, browserName: chrome, browserVersion: 123.0.6312.86, chrome: {chromedriverVersion: 123.0.6312.86 (9b72c47a0536..., userDataDir: C:\Users\HAMID_~1\AppData\L...}, fedcm:accounts: true, goog:chromeOptions: {debuggerAddress: localhost:57615}, networkConnectionEnabled: false, pageLoadStrategy: normal, platformName: windows, proxy: Proxy(), se:cdp: ws://localhost:57615/devtoo..., se:cdpVersion: 123.0.6312.86, setWindowRect: true, strictFileInteractability: false, timeouts: {implicit: 0, pageLoad: 300000, script: 30000}, unhandledPromptBehavior: dismiss and notify, webauthn:extension:credBlob: true, webauthn:extension:largeBlob: true, webauthn:extension:minPinLength: true, webauthn:extension:prf: true, webauthn:virtualAuthenticators: true}
Session ID: 6260879706da48e3a66a819d1528fd43
	at java.base/jdk.internal.reflect.NativeConstructorAccessorImpl.newInstance0(Native Method)
	at java.base/jdk.internal.reflect.NativeConstructorAccessorImpl.newInstance(NativeConstructorAccessorImpl.java:77)
	at java.base/jdk.internal.reflect.DelegatingConstructorAccessorImpl.newInstance(DelegatingConstructorAccessorImpl.java:45)
	at java.base/java.lang.reflect.Constructor.newInstanceWithCaller(Constructor.java:499)
	at java.base/java.lang.reflect.Constructor.newInstance(Constructor.java:480)
	at org.openqa.selenium.remote.codec.w3c.W3CHttpResponseCodec.createException(W3CHttpResponseCodec.java:185)
	at org.openqa.selenium.remote.codec.w3c.W3CHttpResponseCodec.decode(W3CHttpResponseCodec.java:134)
	at org.openqa.selenium.remote.codec.w3c.W3CHttpResponseCodec.decode(W3CHttpResponseCodec.java:51)
	at org.openqa.selenium.remote.HttpCommandExecutor.execute(HttpCommandExecutor.java:190)
	at org.openqa.selenium.remote.service.DriverCommandExecutor.invokeExecute(DriverCommandExecutor.java:216)
	at org.openqa.selenium.remote.service.DriverCommandExecutor.execute(DriverCommandExecutor.java:174)
	at org.openqa.selenium.remote.RemoteWebDriver.execute(RemoteWebDriver.java:519)
	at org.openqa.selenium.remote.RemoteWebDriver.executeScript(RemoteWebDriver.java:464)
	at com.app.utils.Utilities.clickToElelement(Utilities.java:139)
	at com.app.stepDefs.LoginPageStepDef.userIsOnLoginPage(LoginPageStepDef.java:34)
	at ?.user is on app login page "https://www.way2automation.com/angularjs-protractor/banking/#/login"(file:///C:/GitClones/CucuTestNGReportingProProject/NewProject/src/test/resources/features/LoginPage.feature:4)
</textarea>
										</td>
									</tr>
								</tbody>
							</table>
						</div>
					</div>
				</li>
			</ul>
		</div>
	</div>
	<div class='subview-right left'>
		<div class='view-summary'>
			<h5 class='exception-name'></h5>
		</div>
	</div>
</div>
<!-- exception view --><div id='dashboard-view' class='view hide'>
	<div class='card-panel transparent np-v'>
		<h5>Dashboard</h5>

		<div class='row'>
			<div class='col s2'>
				<div class='card-panel r'>
					Features
					<div class='panel-lead'>1</div>
				</div>
			</div>
			<div class='col s2'>
				<div class='card-panel r'>
					Scenarios
					<div class='panel-lead'>11</div>
				</div>
			</div>
			<div class='col s2'>
				<div class='card-panel r'>
					Steps
					<div class='panel-lead'>56</div>
				</div>
			</div>
			<div class='col s2'>
				<div class='card-panel r'>
					Start
					<div class='panel-lead'>Apr 1, 2024 06:16:38 pm</div>
				</div>
			</div>
			<div class='col s2'>
				<div class='card-panel r'>
			 		End
			 		<div class='panel-lead'>Apr 1, 2024 06:17:57 pm</div>
				</div>
			</div>
			<div class='col s2'>
				<div class='card-panel r'>
					Time Taken
					<div class='panel-lead'>00 01 18.565</div>
				</div>
			</div>
			<div class='col s6'>
				<div class='card-panel dashboard-categories'>
					<span class='right label cyan white-text'>Categories</span><p>&nbsp;</p>
					
					<table>
						<tr>
							<th>Name</th>
							<th>Passed</th>
							<th>Failed</th>
							<th>Skipped</th>
							<th>Passed %</th>
						</tr>
						<tr>
							<td>@tag2</td>
							<td>0</td>
							<td>10</td>
							<td>0</td>
							<td>
									0%
							</td>
						</tr>
						<tr>
							<td>@tag3</td>
							<td>0</td>
							<td>1</td>
							<td>0</td>
							<td>
									0%
							</td>
						</tr>
						<tr>
							<td>@tag1</td>
							<td>0</td>
							<td>11</td>
							<td>0</td>
							<td>
									0%
							</td>
						</tr>
						<tr>
							<td>@UI</td>
							<td>0</td>
							<td>11</td>
							<td>0</td>
							<td>
									0%
							</td>
						</tr>
					</table>
				</div>
			</div>
		</div>
	</div>
</div>
<!-- dashboard view -->
		</div>
		<!-- container -->
		<script>
			var statusGroup = {
                parentCount: 1,
				passParent: 0,
				failParent: 1,
				fatalParent: 0,
				errorParent: 0,
				warningParent: 0,
				skipParent: 0,
				childCount: 11,
				passChild: 0,
				failChild: 11,
				fatalChild: 0,
				errorChild: 0,
				warningChild: 0,
				skipChild: 0,
				infoChild: 0,
				grandChildCount: 56,
				passGrandChild: 14,
				failGrandChild: 11,
				fatalGrandChild: 0,
				errorGrandChild: 0,
				warningGrandChild: 0,
				skipGrandChild: 31,
				infoGrandChild: 0,
			};
			</script>
		
		<script>
			var timeline = {
			        "Login feature":77.854
			};
		</script>
		
		  <script src='http://cdn.jsdelivr.net/gh/extent-framework/extent-github-cdn@ff53917fbbdb5ef820abbbe4d199a6942dc771ff/v3html/js/extent.js' type='text/javascript'></script>
		
		
		<script type='text/javascript'>
				
		</script> 

	</body>
</html>