

<!DOCTYPE html>
<html>
<head>
<meta charset="utf-8">
<meta name="viewport" content="width=device-width, initial-scale=1, shrink-to-fit=no">
<title>Test Execution Report</title>
<link rel="apple-touch-icon" href="https://cdn.jsdelivr.net/gh/extent-framework/extent-github-cdn@b00a2d0486596e73dd7326beacf352c639623a0e/commons/img/logo.png">
<link rel="shortcut icon" href="https://cdn.jsdelivr.net/gh/extent-framework/extent-github-cdn@b00a2d0486596e73dd7326beacf352c639623a0e/commons/img/logo.png">
<link href="https://cdn.jsdelivr.net/gh/extent-framework/extent-github-cdn@c43b89d03a7c43dae8bb8f0f078bad1997af6b3b/spark/css/spark-style.css" rel="stylesheet" />
<link href="https://stackpath.bootstrapcdn.com/font-awesome/4.7.0/css/font-awesome.min.css" rel="stylesheet">
<script src="https://cdn.rawgit.com/extent-framework/extent-github-cdn/7cc78ce/spark/js/jsontree.js"></script>
<style type="text/css"></style></head><body class="spa bdd-report standard">
  <div class="app">
    <div class="layout">
<div class="header navbar">
<div class="vheader">
<div class="nav-logo">
<a href="#">
<div class="logo" style="background-image: url('https://cdn.jsdelivr.net/gh/extent-framework/extent-github-cdn@b00a2d0486596e73dd7326beacf352c639623a0e/commons/img/logo.png')"></div>
</a>
</div>
<ul class="nav-left">
<li class="search-box">
<a class="search-toggle" href="#">
<i class="search-icon fa fa-search"></i>
<i class="search-icon-close fa fa-close"></i>
</a>
</li>
<li class="search-input"><input id="search-tests" class="form-control" type="text" placeholder="Search..."></li>
</ul>
<ul class="nav-right">
<li class="m-r-10">
<a href="#"><span class="badge badge-primary">Test automation</span></a>
</li>
<li class="m-r-10">
<a href="#"><span class="badge badge-primary">Apr 1, 2024 06:28:26 pm</span></a>
</li>
</ul>
</div>
</div><div class="side-nav">
<div class="side-nav-inner">
<ul class="side-nav-menu">
<li class="nav-item dropdown" onclick="toggleView('dashboard-view')">
<a id="nav-dashboard" class="dropdown-toggle" href="#">
<span class="ico"><i class="fa fa-bar-chart"></i></span>
</a>
</li>
<li class="nav-item dropdown" onclick="toggleView('test-view')">
<a id="nav-test" class="dropdown-toggle" href="#">
<span class="ico"><i class="fa fa-list"></i></span>
</a>
</li>
<li class="nav-item dropdown" onclick="toggleView('category-view')">
<a id="nav-category" class="dropdown-toggle" href="#">
<span class="ico"><i class="fa fa-tag"></i></span>
</a>
</li>
<li class="nav-item dropdown" onclick="toggleView('exception-view')">
<a id="nav-exception" class="dropdown-toggle" href="#">
<span class="ico"><i class="fa fa-bug"></i></span>
</a>
</li>
</ul>
</div>
</div>      <div class="vcontainer">
        <div class="main-content">
<div class="container-fluid p-4 view dashboard-view">
<div class="row">
<div class="col-md-3">
<div class="card"><div class="card-body">
<p class="m-b-0">Started</p>
<h3>Apr 1, 2024 06:28:26 pm</h3>
</div></div>
</div>
<div class="col-md-3">
<div class="card"><div class="card-body">
<p class="m-b-0">Ended</p>
<h3>Apr 1, 2024 06:29:38 pm</h3>
</div></div>
</div>
<div class="col-md-3">
<div class="card"><div class="card-body">
<p class="m-b-0 text-pass">Features Passed</p>
<h3>0</h3>
</div></div>
</div>
<div class="col-md-3">
<div class="card"><div class="card-body">
<p class="m-b-0 text-fail">Features Failed</p>
<h3>1</h3>
</div></div>
</div>
</div>
<div class="row">
<div class="col-md-4">
<div class="card">
<div class="card-header">
<h6 class="card-title">Features</h6>
</div>
<div class="card-body">
<div class="">
<canvas id='parent-analysis' width='115' height='90'></canvas>
</div>
</div>
<div class="card-footer">
<div><small data-tooltip='0%'>
<b>0</b> features passed
</small>
</div>
<div>
<small data-tooltip='100%'><b>1</b> features failed,
<b>0</b> skipped, <b data-tooltip='0%'>0</b> others
</small>
</div>
</div>
</div>
</div>
<div class="col-md-4">
<div class="card">
<div class="card-header">
<h6 class="card-title">Scenarios</h6>
</div>
<div class="card-body">
<div class="">
<canvas id='child-analysis' width='115' height='90'></canvas>
</div>
</div>
<div class="card-footer">
<div><small data-tooltip='9%'><b>1</b> scenarios passed</small></div>
<div>
<small data-tooltip='90%'><b>10</b> scenarios failed,
<b>0</b> skipped, <b data-tooltip='%'>0</b> others
</small>
</div>
</div>
</div>
</div>
<div class="col-md-4">
<div class="card">
<div class="card-header">
<h6 class="card-title">Steps</h6>
</div>
<div class="card-body">
<div class="">
<canvas id='grandchild-analysis' width='115' height='90'></canvas>
</div>
</div>
<div class="card-footer">
<div><small data-tooltip='28%'><b>15</b> steps passed</small></div>
<div>
<small data-tooltip='18%'><b>10</b> steps failed,
<b>28</b> skipped, <b data-tooltip='%'>0</b> others
</small>
</div>
</div>
</div>
</div>
</div>
<div class="row"><div class="col-md-12">
<div class="card"><div class="card-header"><p>Timeline</p></div>
<div class="card-body pt-0"><div>
<canvas id="timeline" height="120"></canvas>
</div></div>
</div>
</div></div>
<script>
var timeline = {
"Login feature":71.328
};
</script>
<div class="row">
<div class="col-md-4 category-container">
<div class="card">
<div class="card-header"><p>Tags</p></div>
<div class="card-body pb-0 pt-0"><table class="table table-sm table-bordered">
<thead><tr class="bg-gray"><th>Name</th><th>Passed</th><th>Failed</th><th>Skipped</th><th>Others</th><th>Passed %</th></tr></thead><tbody>
<tr>
<td>@tag3</td>
<td>0</td>
<td>1</td>
<td>0</td>
<td>0</td>
<td>0%</td>
</tr>
<tr>
<td>@tag2</td>
<td>0</td>
<td>10</td>
<td>0</td>
<td>0</td>
<td>0%</td>
</tr>
<tr>
<td>@tag1</td>
<td>1</td>
<td>10</td>
<td>0</td>
<td>0</td>
<td>9.091%</td>
</tr>
<tr>
<td>@UI</td>
<td>1</td>
<td>10</td>
<td>0</td>
<td>0</td>
<td>9.091%</td>
</tr>
</tbody>
</table></div>
</div>
</div>
</div>
</div>
<script>
var statusGroup = {
parentCount: 5,
passParent: 0,
failParent: 1,
warningParent: 0,
skipParent: 0,
childCount: 5,
passChild: 1,
failChild: 10,
warningChild: 0,
skipChild: 0,
infoChild: 0,
grandChildCount: 5,
passGrandChild: 15,
failGrandChild: 10,
warningGrandChild: 0,
skipGrandChild: 28,
infoGrandChild: 0,
eventsCount: 5,
};
</script><div class="test-wrapper row view test-view">
  <div class="test-list">
    <div class="test-list-tools">
<ul class="tools pull-left">
<li><a href="#"><span class="font-size-14">Tests</span></a></li>
</ul>
<ul class="tools text-right">
<li class="dropdown">
<a href="#" class="dropdown-toggle" data-toggle="dropdown"><i class="fa fa-exclamation-circle"></i></a>
<ul id="status-toggle" class="dropdown-menu dropdown-md p-v-0">
<a class="dropdown-item" status="fail" href="#"><span>Fail</span><span class="status danger"></span></a>
<div class="dropdown-divider"></div>
<a status="clear" class="dropdown-item" href="#"><span>Clear</span><span class="pull-right"><i class="fa fa-close"></i></span></a>
</ul>
</li>
<li class="dropdown">
<a href="#" class="dropdown-toggle" data-toggle="dropdown"><i class="fa fa-tag"></i></a>
<ul id="tag-toggle" class="dropdown-menu dropdown-md p-v-0">
<a class="dropdown-item" href="#">@tag3</a><a class="dropdown-item" href="#">@tag2</a><a class="dropdown-item" href="#">@tag1</a><a class="dropdown-item" href="#">@UI</a>
</ul>
</li>
</ul>
</div>    <div class="test-list-wrapper scrollable">
      <ul class="test-list-item">
        <li class="test-item"  status="fail" test-id="1"
          author=""
          tag=""
          device="">
          <div class="test-detail">
            <p class="name">Login feature</p>
            <p class="text-sm">
              <span>18:28:27 pm</span> / <span>31:11:328</span>
              <span class="badge fail-bg log float-right">Fail</span>
            </p>
          </div>
          <div class="test-contents d-none">
<div class="detail-head">
<div class="p-v-10">
<div class="info">
<h5 class="test-status text-fail">Login feature</h5>
<span class='badge badge-success'>04.01.2024 18:28:27</span>
<span class='badge badge-danger'>04.01.2024 18:29:38</span>
<span class='badge badge-default'>31:11:328</span>
&middot; <span class='uri-anchor badge badge-default'>#test-id=1</span>
</div>
<div class="m-t-10 m-l-5"></div>
</div>
</div>
<div class="accordion mt-4">
  <div class="card">
    <div class="card-header" role="tab">
      <div class="card-title">
        <div class="node" id="2"><span class="badge log fail-bg mr-2">Fail</span>Logging in to the system scenrio two</div>
          <div class="status-avatar float-right mr-4">
            <i class="fa fa-paperclip"></i>
          </div>
      </div>
    </div>
        <div class="">
          <div class="card-body">
              <div class="step fail-bg" title="com.app.stepDefs.LoginPageStepDef.userIsOnLoginPage(java.lang.String)">
                <span>Given user is on app login page "https://www.way2automation.com/angularjs-protractor/banking/#/login"</span>
      <div>
        <textarea disabled class="code-block">org.openqa.selenium.NoSuchElementException: no such element: element not found
  (Session info: chrome=123.0.6312.86)
For documentation on this error, please visit: https://www.selenium.dev/documentation/webdriver/troubleshooting/errors#no-such-element-exception
Build info: version: '4.17.0', revision: 'e52b1be057*'
System info: os.name: 'Windows 11', os.arch: 'amd64', os.version: '10.0', java.version: '17.0.9'
Driver info: org.openqa.selenium.chrome.ChromeDriver
Command: [4e9cca03a47a066eba89bf14a415d29c, executeScript {script=arguments[0].scrollIntoView(true);, args=[{element-6066-11e4-a52e-4f735466cecf=f.6743B0648B96C91CE5A5C01939681E59.d.1BEA026677D69415A3EC93E3BDFC84B5.e.5}]}]
Capabilities {acceptInsecureCerts: false, browserName: chrome, browserVersion: 123.0.6312.86, chrome: {chromedriverVersion: 123.0.6312.86 (9b72c47a0536..., userDataDir: C:\Users\HAMID_~1\AppData\L...}, fedcm:accounts: true, goog:chromeOptions: {debuggerAddress: localhost:58759}, networkConnectionEnabled: false, pageLoadStrategy: normal, platformName: windows, proxy: Proxy(), se:cdp: ws://localhost:58759/devtoo..., se:cdpVersion: 123.0.6312.86, setWindowRect: true, strictFileInteractability: false, timeouts: {implicit: 0, pageLoad: 300000, script: 30000}, unhandledPromptBehavior: dismiss and notify, webauthn:extension:credBlob: true, webauthn:extension:largeBlob: true, webauthn:extension:minPinLength: true, webauthn:extension:prf: true, webauthn:virtualAuthenticators: true}
Session ID: 4e9cca03a47a066eba89bf14a415d29c
	at java.base/jdk.internal.reflect.NativeConstructorAccessorImpl.newInstance0(Native Method)
	at java.base/jdk.internal.reflect.NativeConstructorAccessorImpl.newInstance(NativeConstructorAccessorImpl.java:77)
	at java.base/jdk.internal.reflect.DelegatingConstructorAccessorImpl.newInstance(DelegatingConstructorAccessorImpl.java:45)
	at java.base/java.lang.reflect.Constructor.newInstanceWithCaller(Constructor.java:499)
	at java.base/java.lang.reflect.Constructor.newInstance(Constructor.java:480)
	at org.openqa.selenium.remote.codec.w3c.W3CHttpResponseCodec.createException(W3CHttpResponseCodec.java:185)
	at org.openqa.selenium.remote.codec.w3c.W3CHttpResponseCodec.decode(W3CHttpResponseCodec.java:134)
	at org.openqa.selenium.remote.codec.w3c.W3CHttpResponseCodec.decode(W3CHttpResponseCodec.java:51)
	at org.openqa.selenium.remote.HttpCommandExecutor.execute(HttpCommandExecutor.java:190)
	at org.openqa.selenium.remote.service.DriverCommandExecutor.invokeExecute(DriverCommandExecutor.java:216)
	at org.openqa.selenium.remote.service.DriverCommandExecutor.execute(DriverCommandExecutor.java:174)
	at org.openqa.selenium.remote.RemoteWebDriver.execute(RemoteWebDriver.java:519)
	at org.openqa.selenium.remote.RemoteWebDriver.executeScript(RemoteWebDriver.java:464)
	at com.app.utils.Utilities.clickToElelement(Utilities.java:139)
	at com.app.stepDefs.LoginPageStepDef.userIsOnLoginPage(LoginPageStepDef.java:34)
	at ?.user is on app login page "https://www.way2automation.com/angularjs-protractor/banking/#/login"(file:///C:/GitClones/CucuTestNGReportingProProject/NewProject/src/test/resources/features/LoginPage.feature:4)
</textarea>
      
      </div>
              </div>
              <div class="step skip-bg" title="com.app.stepDefs.LoginPageStepDef.userLogsIntoSystem()">
                <span>Then User logs into the system</span>
      <div>Step skipped
      </div>
              </div>
              <div class="step skip-bg" title="com.app.stepDefs.LoginPageStepDef.userLogsOutTheSystem()">
                <span>Then User logs out the system</span>
      <div>Step skipped
      </div>
              </div>
              <div class="step skip-bg" title="com.app.stepDefs.LoginPageStepDef.userNavigatesToPage(java.lang.String)">
                <span>Then user navigates to "https://yahoo.com"</span>
      <div>Step skipped
      </div>
              </div>
              <div class="step pass-bg" title="AFTER">
                <span>com.app.Hooks.ApplicationHooks.After_UI(io.cucumber.java.Scenario)</span>
      <div>
          <div class="row mb-3"><div class="col-md-3">
    <img data-featherlight='./Screenshots/embedded2.png' src="./Screenshots/embedded2.png">
    
    </div></div>
</div>
      <div>
      </div>
              </div>
          </div>
        </div>
  </div>
  <div class="card">
    <div class="card-header" role="tab">
      <div class="card-title">
        <div class="node" id="3"><span class="badge log fail-bg mr-2">Fail</span>Logging in to the system scenrio two</div>
      </div>
    </div>
        <div class="">
          <div class="card-body">
              <div class="step fail-bg" title="com.app.stepDefs.LoginPageStepDef.userIsOnLoginPage(java.lang.String)">
                <span>Given user is on app login page "https://www.way2automation.com/angularjs-protractor/banking/#/login"</span>
      <div>
        <textarea disabled class="code-block">org.openqa.selenium.NoSuchElementException: no such element: element not found
  (Session info: chrome=123.0.6312.86)
For documentation on this error, please visit: https://www.selenium.dev/documentation/webdriver/troubleshooting/errors#no-such-element-exception
Build info: version: '4.17.0', revision: 'e52b1be057*'
System info: os.name: 'Windows 11', os.arch: 'amd64', os.version: '10.0', java.version: '17.0.9'
Driver info: org.openqa.selenium.chrome.ChromeDriver
Command: [7e38a9e3abb3f587ca30a6bf4ac2edd7, executeScript {script=arguments[0].scrollIntoView(true);, args=[{element-6066-11e4-a52e-4f735466cecf=f.31A8B27E8C1947D9FD974197DBA3651B.d.055A56A74E7AFFA131E39C1B0D05A57D.e.2}]}]
Capabilities {acceptInsecureCerts: false, browserName: chrome, browserVersion: 123.0.6312.86, chrome: {chromedriverVersion: 123.0.6312.86 (9b72c47a0536..., userDataDir: C:\Users\HAMID_~1\AppData\L...}, fedcm:accounts: true, goog:chromeOptions: {debuggerAddress: localhost:58846}, networkConnectionEnabled: false, pageLoadStrategy: normal, platformName: windows, proxy: Proxy(), se:cdp: ws://localhost:58846/devtoo..., se:cdpVersion: 123.0.6312.86, setWindowRect: true, strictFileInteractability: false, timeouts: {implicit: 0, pageLoad: 300000, script: 30000}, unhandledPromptBehavior: dismiss and notify, webauthn:extension:credBlob: true, webauthn:extension:largeBlob: true, webauthn:extension:minPinLength: true, webauthn:extension:prf: true, webauthn:virtualAuthenticators: true}
Session ID: 7e38a9e3abb3f587ca30a6bf4ac2edd7
	at java.base/jdk.internal.reflect.NativeConstructorAccessorImpl.newInstance0(Native Method)
	at java.base/jdk.internal.reflect.NativeConstructorAccessorImpl.newInstance(NativeConstructorAccessorImpl.java:77)
	at java.base/jdk.internal.reflect.DelegatingConstructorAccessorImpl.newInstance(DelegatingConstructorAccessorImpl.java:45)
	at java.base/java.lang.reflect.Constructor.newInstanceWithCaller(Constructor.java:499)
	at java.base/java.lang.reflect.Constructor.newInstance(Constructor.java:480)
	at org.openqa.selenium.remote.codec.w3c.W3CHttpResponseCodec.createException(W3CHttpResponseCodec.java:185)
	at org.openqa.selenium.remote.codec.w3c.W3CHttpResponseCodec.decode(W3CHttpResponseCodec.java:134)
	at org.openqa.selenium.remote.codec.w3c.W3CHttpResponseCodec.decode(W3CHttpResponseCodec.java:51)
	at org.openqa.selenium.remote.HttpCommandExecutor.execute(HttpCommandExecutor.java:190)
	at org.openqa.selenium.remote.service.DriverCommandExecutor.invokeExecute(DriverCommandExecutor.java:216)
	at org.openqa.selenium.remote.service.DriverCommandExecutor.execute(DriverCommandExecutor.java:174)
	at org.openqa.selenium.remote.RemoteWebDriver.execute(RemoteWebDriver.java:519)
	at org.openqa.selenium.remote.RemoteWebDriver.executeScript(RemoteWebDriver.java:464)
	at com.app.utils.Utilities.clickToElelement(Utilities.java:139)
	at com.app.stepDefs.LoginPageStepDef.userIsOnLoginPage(LoginPageStepDef.java:34)
	at ?.user is on app login page "https://www.way2automation.com/angularjs-protractor/banking/#/login"(file:///C:/GitClones/CucuTestNGReportingProProject/NewProject/src/test/resources/features/LoginPage.feature:4)
</textarea>
      
      </div>
              </div>
              <div class="step skip-bg" title="com.app.stepDefs.LoginPageStepDef.userLogsIntoSystem()">
                <span>Then User logs into the system</span>
      <div>Step skipped
      </div>
              </div>
              <div class="step skip-bg" title="com.app.stepDefs.LoginPageStepDef.userLogsOutTheSystem()">
                <span>Then User logs out the system</span>
      <div>Step skipped
      </div>
              </div>
              <div class="step skip-bg" title="com.app.stepDefs.LoginPageStepDef.userNavigatesToPage(java.lang.String)">
                <span>Then user navigates to "https://yahoo.com"</span>
      <div>Step skipped
      </div>
              </div>
          </div>
        </div>
  </div>
  <div class="card">
    <div class="card-header" role="tab">
      <div class="card-title">
        <div class="node" id="4"><span class="badge log pass-bg mr-2">Pass</span>Logging in to the system scenrio one</div>
          <div class="status-avatar float-right mr-4">
            <i class="fa fa-paperclip"></i>
          </div>
      </div>
    </div>
        <div class="collapse">
          <div class="card-body">
              <div class="step pass-bg" title="com.app.stepDefs.LoginPageStepDef.userIsOnLoginPage(java.lang.String)">
                <span>Given user is on app login page "https://www.way2automation.com/angularjs-protractor/banking/#/login"</span>
      <div>
      </div>
              </div>
              <div class="step pass-bg" title="com.app.stepDefs.LoginPageStepDef.userLogsIntoSystem()">
                <span>Then User logs into the system</span>
      <div>Step in report using ExtentCucumberAdapter.addTestStepLog
      </div>
      <div>
      </div>
              </div>
              <div class="step pass-bg" title="com.app.stepDefs.LoginPageStepDef.userLogsOutTheSystem()">
                <span>Then User logs out the system</span>
      <div>
      </div>
              </div>
              <div class="step pass-bg" title="com.app.stepDefs.LoginPageStepDef.userNavigatesToPage(java.lang.String)">
                <span>Then user navigates to "https://cucumber.io/"</span>
      <div>
          <div class="row mb-3"><div class="col-md-3">
    <img data-featherlight='./Screenshots/embedded8.png' src="./Screenshots/embedded8.png">
    
    </div></div>
</div>
      <div>
      </div>
              </div>
          </div>
        </div>
  </div>
  <div class="card">
    <div class="card-header" role="tab">
      <div class="card-title">
        <div class="node" id="5"><span class="badge log fail-bg mr-2">Fail</span>Logging in to the system scenrio two</div>
      </div>
    </div>
        <div class="">
          <div class="card-body">
              <div class="step fail-bg" title="com.app.stepDefs.LoginPageStepDef.userIsOnLoginPage(java.lang.String)">
                <span>Given user is on app login page "https://www.way2automation.com/angularjs-protractor/banking/#/login"</span>
      <div>
        <textarea disabled class="code-block">org.openqa.selenium.NoSuchElementException: no such element: element not found
  (Session info: chrome=123.0.6312.86)
For documentation on this error, please visit: https://www.selenium.dev/documentation/webdriver/troubleshooting/errors#no-such-element-exception
Build info: version: '4.17.0', revision: 'e52b1be057*'
System info: os.name: 'Windows 11', os.arch: 'amd64', os.version: '10.0', java.version: '17.0.9'
Driver info: org.openqa.selenium.chrome.ChromeDriver
Command: [2241ccc0a6bef506ae026c4e7247e927, executeScript {script=arguments[0].scrollIntoView(true);, args=[{element-6066-11e4-a52e-4f735466cecf=f.31A8B27E8C1947D9FD974197DBA3651B.d.055A56A74E7AFFA131E39C1B0D05A57D.e.2}]}]
Capabilities {acceptInsecureCerts: false, browserName: chrome, browserVersion: 123.0.6312.86, chrome: {chromedriverVersion: 123.0.6312.86 (9b72c47a0536..., userDataDir: C:\Users\HAMID_~1\AppData\L...}, fedcm:accounts: true, goog:chromeOptions: {debuggerAddress: localhost:58861}, networkConnectionEnabled: false, pageLoadStrategy: normal, platformName: windows, proxy: Proxy(), se:cdp: ws://localhost:58861/devtoo..., se:cdpVersion: 123.0.6312.86, setWindowRect: true, strictFileInteractability: false, timeouts: {implicit: 0, pageLoad: 300000, script: 30000}, unhandledPromptBehavior: dismiss and notify, webauthn:extension:credBlob: true, webauthn:extension:largeBlob: true, webauthn:extension:minPinLength: true, webauthn:extension:prf: true, webauthn:virtualAuthenticators: true}
Session ID: 2241ccc0a6bef506ae026c4e7247e927
	at java.base/jdk.internal.reflect.NativeConstructorAccessorImpl.newInstance0(Native Method)
	at java.base/jdk.internal.reflect.NativeConstructorAccessorImpl.newInstance(NativeConstructorAccessorImpl.java:77)
	at java.base/jdk.internal.reflect.DelegatingConstructorAccessorImpl.newInstance(DelegatingConstructorAccessorImpl.java:45)
	at java.base/java.lang.reflect.Constructor.newInstanceWithCaller(Constructor.java:499)
	at java.base/java.lang.reflect.Constructor.newInstance(Constructor.java:480)
	at org.openqa.selenium.remote.codec.w3c.W3CHttpResponseCodec.createException(W3CHttpResponseCodec.java:185)
	at org.openqa.selenium.remote.codec.w3c.W3CHttpResponseCodec.decode(W3CHttpResponseCodec.java:134)
	at org.openqa.selenium.remote.codec.w3c.W3CHttpResponseCodec.decode(W3CHttpResponseCodec.java:51)
	at org.openqa.selenium.remote.HttpCommandExecutor.execute(HttpCommandExecutor.java:190)
	at org.openqa.selenium.remote.service.DriverCommandExecutor.invokeExecute(DriverCommandExecutor.java:216)
	at org.openqa.selenium.remote.service.DriverCommandExecutor.execute(DriverCommandExecutor.java:174)
	at org.openqa.selenium.remote.RemoteWebDriver.execute(RemoteWebDriver.java:519)
	at org.openqa.selenium.remote.RemoteWebDriver.executeScript(RemoteWebDriver.java:464)
	at com.app.utils.Utilities.clickToElelement(Utilities.java:139)
	at com.app.stepDefs.LoginPageStepDef.userIsOnLoginPage(LoginPageStepDef.java:34)
	at ?.user is on app login page "https://www.way2automation.com/angularjs-protractor/banking/#/login"(file:///C:/GitClones/CucuTestNGReportingProProject/NewProject/src/test/resources/features/LoginPage.feature:4)
</textarea>
      
      </div>
              </div>
              <div class="step skip-bg" title="com.app.stepDefs.LoginPageStepDef.userLogsIntoSystem()">
                <span>Then User logs into the system</span>
      <div>Step skipped
      </div>
              </div>
              <div class="step skip-bg" title="com.app.stepDefs.LoginPageStepDef.userLogsOutTheSystem()">
                <span>Then User logs out the system</span>
      <div>Step skipped
      </div>
              </div>
              <div class="step skip-bg" title="com.app.stepDefs.LoginPageStepDef.userNavigatesToPage(java.lang.String)">
                <span>Then user navigates to "https://yahoo.com"</span>
      <div>Step skipped
      </div>
              </div>
          </div>
        </div>
  </div>
  <div class="card">
    <div class="card-header" role="tab">
      <div class="card-title">
        <div class="node" id="6"><span class="badge log fail-bg mr-2">Fail</span>Logging in to the system scenrio two</div>
          <div class="status-avatar float-right mr-4">
            <i class="fa fa-paperclip"></i>
          </div>
      </div>
    </div>
        <div class="">
          <div class="card-body">
              <div class="step fail-bg" title="com.app.stepDefs.LoginPageStepDef.userIsOnLoginPage(java.lang.String)">
                <span>Given user is on app login page "https://www.way2automation.com/angularjs-protractor/banking/#/login"</span>
      <div>
        <textarea disabled class="code-block">org.openqa.selenium.NoSuchElementException: no such element: element not found
  (Session info: chrome=123.0.6312.86)
For documentation on this error, please visit: https://www.selenium.dev/documentation/webdriver/troubleshooting/errors#no-such-element-exception
Build info: version: '4.17.0', revision: 'e52b1be057*'
System info: os.name: 'Windows 11', os.arch: 'amd64', os.version: '10.0', java.version: '17.0.9'
Driver info: org.openqa.selenium.chrome.ChromeDriver
Command: [2b9d57d936df9b072b4bde1dbe983fd5, executeScript {script=arguments[0].scrollIntoView(true);, args=[{element-6066-11e4-a52e-4f735466cecf=f.6743B0648B96C91CE5A5C01939681E59.d.1BEA026677D69415A3EC93E3BDFC84B5.e.5}]}]
Capabilities {acceptInsecureCerts: false, browserName: chrome, browserVersion: 123.0.6312.86, chrome: {chromedriverVersion: 123.0.6312.86 (9b72c47a0536..., userDataDir: C:\Users\HAMID_~1\AppData\L...}, fedcm:accounts: true, goog:chromeOptions: {debuggerAddress: localhost:58823}, networkConnectionEnabled: false, pageLoadStrategy: normal, platformName: windows, proxy: Proxy(), se:cdp: ws://localhost:58823/devtoo..., se:cdpVersion: 123.0.6312.86, setWindowRect: true, strictFileInteractability: false, timeouts: {implicit: 0, pageLoad: 300000, script: 30000}, unhandledPromptBehavior: dismiss and notify, webauthn:extension:credBlob: true, webauthn:extension:largeBlob: true, webauthn:extension:minPinLength: true, webauthn:extension:prf: true, webauthn:virtualAuthenticators: true}
Session ID: 2b9d57d936df9b072b4bde1dbe983fd5
	at java.base/jdk.internal.reflect.NativeConstructorAccessorImpl.newInstance0(Native Method)
	at java.base/jdk.internal.reflect.NativeConstructorAccessorImpl.newInstance(NativeConstructorAccessorImpl.java:77)
	at java.base/jdk.internal.reflect.DelegatingConstructorAccessorImpl.newInstance(DelegatingConstructorAccessorImpl.java:45)
	at java.base/java.lang.reflect.Constructor.newInstanceWithCaller(Constructor.java:499)
	at java.base/java.lang.reflect.Constructor.newInstance(Constructor.java:480)
	at org.openqa.selenium.remote.codec.w3c.W3CHttpResponseCodec.createException(W3CHttpResponseCodec.java:185)
	at org.openqa.selenium.remote.codec.w3c.W3CHttpResponseCodec.decode(W3CHttpResponseCodec.java:134)
	at org.openqa.selenium.remote.codec.w3c.W3CHttpResponseCodec.decode(W3CHttpResponseCodec.java:51)
	at org.openqa.selenium.remote.HttpCommandExecutor.execute(HttpCommandExecutor.java:190)
	at org.openqa.selenium.remote.service.DriverCommandExecutor.invokeExecute(DriverCommandExecutor.java:216)
	at org.openqa.selenium.remote.service.DriverCommandExecutor.execute(DriverCommandExecutor.java:174)
	at org.openqa.selenium.remote.RemoteWebDriver.execute(RemoteWebDriver.java:519)
	at org.openqa.selenium.remote.RemoteWebDriver.executeScript(RemoteWebDriver.java:464)
	at com.app.utils.Utilities.clickToElelement(Utilities.java:139)
	at com.app.stepDefs.LoginPageStepDef.userIsOnLoginPage(LoginPageStepDef.java:34)
	at ?.user is on app login page "https://www.way2automation.com/angularjs-protractor/banking/#/login"(file:///C:/GitClones/CucuTestNGReportingProProject/NewProject/src/test/resources/features/LoginPage.feature:4)
</textarea>
      
      </div>
              </div>
              <div class="step skip-bg" title="com.app.stepDefs.LoginPageStepDef.userLogsIntoSystem()">
                <span>Then User logs into the system</span>
      <div>Step skipped
      </div>
              </div>
              <div class="step skip-bg" title="com.app.stepDefs.LoginPageStepDef.userLogsOutTheSystem()">
                <span>Then User logs out the system</span>
      <div>Step skipped
      </div>
              </div>
              <div class="step skip-bg" title="com.app.stepDefs.LoginPageStepDef.userNavigatesToPage(java.lang.String)">
                <span>Then user navigates to "https://yahoo.com"</span>
      <div>Step skipped
      </div>
              </div>
              <div class="step pass-bg" title="AFTER">
                <span>com.app.Hooks.ApplicationHooks.After_UI(io.cucumber.java.Scenario)</span>
      <div>
          <div class="row mb-3"><div class="col-md-3">
    <img data-featherlight='./Screenshots/embedded7.png' src="./Screenshots/embedded7.png">
    
    </div></div>
</div>
      <div>
      </div>
              </div>
          </div>
        </div>
  </div>
  <div class="card">
    <div class="card-header" role="tab">
      <div class="card-title">
        <div class="node" id="7"><span class="badge log fail-bg mr-2">Fail</span>Logging in to the system scenrio two</div>
          <div class="status-avatar float-right mr-4">
            <i class="fa fa-paperclip"></i>
          </div>
      </div>
    </div>
        <div class="">
          <div class="card-body">
              <div class="step fail-bg" title="com.app.stepDefs.LoginPageStepDef.userIsOnLoginPage(java.lang.String)">
                <span>Given user is on app login page "https://www.way2automation.com/angularjs-protractor/banking/#/login"</span>
      <div>
        <textarea disabled class="code-block">org.openqa.selenium.NoSuchElementException: no such element: element not found
  (Session info: chrome=123.0.6312.86)
For documentation on this error, please visit: https://www.selenium.dev/documentation/webdriver/troubleshooting/errors#no-such-element-exception
Build info: version: '4.17.0', revision: 'e52b1be057*'
System info: os.name: 'Windows 11', os.arch: 'amd64', os.version: '10.0', java.version: '17.0.9'
Driver info: org.openqa.selenium.chrome.ChromeDriver
Command: [fe43b75728b0c7442c2f9499fa1ff70c, executeScript {script=arguments[0].scrollIntoView(true);, args=[{element-6066-11e4-a52e-4f735466cecf=f.31A8B27E8C1947D9FD974197DBA3651B.d.055A56A74E7AFFA131E39C1B0D05A57D.e.2}]}]
Capabilities {acceptInsecureCerts: false, browserName: chrome, browserVersion: 123.0.6312.86, chrome: {chromedriverVersion: 123.0.6312.86 (9b72c47a0536..., userDataDir: C:\Users\HAMID_~1\AppData\L...}, fedcm:accounts: true, goog:chromeOptions: {debuggerAddress: localhost:58831}, networkConnectionEnabled: false, pageLoadStrategy: normal, platformName: windows, proxy: Proxy(), se:cdp: ws://localhost:58831/devtoo..., se:cdpVersion: 123.0.6312.86, setWindowRect: true, strictFileInteractability: false, timeouts: {implicit: 0, pageLoad: 300000, script: 30000}, unhandledPromptBehavior: dismiss and notify, webauthn:extension:credBlob: true, webauthn:extension:largeBlob: true, webauthn:extension:minPinLength: true, webauthn:extension:prf: true, webauthn:virtualAuthenticators: true}
Session ID: fe43b75728b0c7442c2f9499fa1ff70c
	at java.base/jdk.internal.reflect.NativeConstructorAccessorImpl.newInstance0(Native Method)
	at java.base/jdk.internal.reflect.NativeConstructorAccessorImpl.newInstance(NativeConstructorAccessorImpl.java:77)
	at java.base/jdk.internal.reflect.DelegatingConstructorAccessorImpl.newInstance(DelegatingConstructorAccessorImpl.java:45)
	at java.base/java.lang.reflect.Constructor.newInstanceWithCaller(Constructor.java:499)
	at java.base/java.lang.reflect.Constructor.newInstance(Constructor.java:480)
	at org.openqa.selenium.remote.codec.w3c.W3CHttpResponseCodec.createException(W3CHttpResponseCodec.java:185)
	at org.openqa.selenium.remote.codec.w3c.W3CHttpResponseCodec.decode(W3CHttpResponseCodec.java:134)
	at org.openqa.selenium.remote.codec.w3c.W3CHttpResponseCodec.decode(W3CHttpResponseCodec.java:51)
	at org.openqa.selenium.remote.HttpCommandExecutor.execute(HttpCommandExecutor.java:190)
	at org.openqa.selenium.remote.service.DriverCommandExecutor.invokeExecute(DriverCommandExecutor.java:216)
	at org.openqa.selenium.remote.service.DriverCommandExecutor.execute(DriverCommandExecutor.java:174)
	at org.openqa.selenium.remote.RemoteWebDriver.execute(RemoteWebDriver.java:519)
	at org.openqa.selenium.remote.RemoteWebDriver.executeScript(RemoteWebDriver.java:464)
	at com.app.utils.Utilities.clickToElelement(Utilities.java:139)
	at com.app.stepDefs.LoginPageStepDef.userIsOnLoginPage(LoginPageStepDef.java:34)
	at ?.user is on app login page "https://www.way2automation.com/angularjs-protractor/banking/#/login"(file:///C:/GitClones/CucuTestNGReportingProProject/NewProject/src/test/resources/features/LoginPage.feature:4)
</textarea>
      
      </div>
              </div>
              <div class="step skip-bg" title="com.app.stepDefs.LoginPageStepDef.userLogsIntoSystem()">
                <span>Then User logs into the system</span>
      <div>Step skipped
      </div>
              </div>
              <div class="step skip-bg" title="com.app.stepDefs.LoginPageStepDef.userLogsOutTheSystem()">
                <span>Then User logs out the system</span>
      <div>Step skipped
      </div>
              </div>
              <div class="step skip-bg" title="com.app.stepDefs.LoginPageStepDef.userNavigatesToPage(java.lang.String)">
                <span>Then user navigates to "https://yahoo.com"</span>
      <div>Step skipped
      </div>
              </div>
              <div class="step pass-bg" title="AFTER">
                <span>com.app.Hooks.ApplicationHooks.After_UI(io.cucumber.java.Scenario)</span>
      <div>
          <div class="row mb-3"><div class="col-md-3">
    <img data-featherlight='./Screenshots/embedded5.png' src="./Screenshots/embedded5.png">
    
    </div></div>
</div>
      <div>
      </div>
              </div>
          </div>
        </div>
  </div>
  <div class="card">
    <div class="card-header" role="tab">
      <div class="card-title">
        <div class="node" id="8"><span class="badge log fail-bg mr-2">Fail</span>Logging in to the system scenrio two</div>
          <div class="status-avatar float-right mr-4">
            <i class="fa fa-paperclip"></i>
          </div>
      </div>
    </div>
        <div class="">
          <div class="card-body">
              <div class="step fail-bg" title="com.app.stepDefs.LoginPageStepDef.userIsOnLoginPage(java.lang.String)">
                <span>Given user is on app login page "https://www.way2automation.com/angularjs-protractor/banking/#/login"</span>
      <div>
        <textarea disabled class="code-block">org.openqa.selenium.NoSuchElementException: no such element: element not found
  (Session info: chrome=123.0.6312.86)
For documentation on this error, please visit: https://www.selenium.dev/documentation/webdriver/troubleshooting/errors#no-such-element-exception
Build info: version: '4.17.0', revision: 'e52b1be057*'
System info: os.name: 'Windows 11', os.arch: 'amd64', os.version: '10.0', java.version: '17.0.9'
Driver info: org.openqa.selenium.chrome.ChromeDriver
Command: [581a066dad481c0c8bbfa86819ce7775, executeScript {script=arguments[0].scrollIntoView(true);, args=[{element-6066-11e4-a52e-4f735466cecf=f.6743B0648B96C91CE5A5C01939681E59.d.1BEA026677D69415A3EC93E3BDFC84B5.e.5}]}]
Capabilities {acceptInsecureCerts: false, browserName: chrome, browserVersion: 123.0.6312.86, chrome: {chromedriverVersion: 123.0.6312.86 (9b72c47a0536..., userDataDir: C:\Users\HAMID_~1\AppData\L...}, fedcm:accounts: true, goog:chromeOptions: {debuggerAddress: localhost:58761}, networkConnectionEnabled: false, pageLoadStrategy: normal, platformName: windows, proxy: Proxy(), se:cdp: ws://localhost:58761/devtoo..., se:cdpVersion: 123.0.6312.86, setWindowRect: true, strictFileInteractability: false, timeouts: {implicit: 0, pageLoad: 300000, script: 30000}, unhandledPromptBehavior: dismiss and notify, webauthn:extension:credBlob: true, webauthn:extension:largeBlob: true, webauthn:extension:minPinLength: true, webauthn:extension:prf: true, webauthn:virtualAuthenticators: true}
Session ID: 581a066dad481c0c8bbfa86819ce7775
	at java.base/jdk.internal.reflect.NativeConstructorAccessorImpl.newInstance0(Native Method)
	at java.base/jdk.internal.reflect.NativeConstructorAccessorImpl.newInstance(NativeConstructorAccessorImpl.java:77)
	at java.base/jdk.internal.reflect.DelegatingConstructorAccessorImpl.newInstance(DelegatingConstructorAccessorImpl.java:45)
	at java.base/java.lang.reflect.Constructor.newInstanceWithCaller(Constructor.java:499)
	at java.base/java.lang.reflect.Constructor.newInstance(Constructor.java:480)
	at org.openqa.selenium.remote.codec.w3c.W3CHttpResponseCodec.createException(W3CHttpResponseCodec.java:185)
	at org.openqa.selenium.remote.codec.w3c.W3CHttpResponseCodec.decode(W3CHttpResponseCodec.java:134)
	at org.openqa.selenium.remote.codec.w3c.W3CHttpResponseCodec.decode(W3CHttpResponseCodec.java:51)
	at org.openqa.selenium.remote.HttpCommandExecutor.execute(HttpCommandExecutor.java:190)
	at org.openqa.selenium.remote.service.DriverCommandExecutor.invokeExecute(DriverCommandExecutor.java:216)
	at org.openqa.selenium.remote.service.DriverCommandExecutor.execute(DriverCommandExecutor.java:174)
	at org.openqa.selenium.remote.RemoteWebDriver.execute(RemoteWebDriver.java:519)
	at org.openqa.selenium.remote.RemoteWebDriver.executeScript(RemoteWebDriver.java:464)
	at com.app.utils.Utilities.clickToElelement(Utilities.java:139)
	at com.app.stepDefs.LoginPageStepDef.userIsOnLoginPage(LoginPageStepDef.java:34)
	at ?.user is on app login page "https://www.way2automation.com/angularjs-protractor/banking/#/login"(file:///C:/GitClones/CucuTestNGReportingProProject/NewProject/src/test/resources/features/LoginPage.feature:4)
</textarea>
      
      </div>
              </div>
              <div class="step skip-bg" title="com.app.stepDefs.LoginPageStepDef.userLogsIntoSystem()">
                <span>Then User logs into the system</span>
      <div>Step skipped
      </div>
              </div>
              <div class="step skip-bg" title="com.app.stepDefs.LoginPageStepDef.userLogsOutTheSystem()">
                <span>Then User logs out the system</span>
      <div>Step skipped
      </div>
              </div>
              <div class="step skip-bg" title="com.app.stepDefs.LoginPageStepDef.userNavigatesToPage(java.lang.String)">
                <span>Then user navigates to "https://yahoo.com"</span>
      <div>Step skipped
      </div>
              </div>
              <div class="step pass-bg" title="AFTER">
                <span>com.app.Hooks.ApplicationHooks.After_UI(io.cucumber.java.Scenario)</span>
      <div>
          <div class="row mb-3"><div class="col-md-3">
    <img data-featherlight='./Screenshots/embedded1.png' src="./Screenshots/embedded1.png">
    
    </div></div>
</div>
      <div>
      </div>
              </div>
          </div>
        </div>
  </div>
  <div class="card">
    <div class="card-header" role="tab">
      <div class="card-title">
        <div class="node" id="9"><span class="badge log fail-bg mr-2">Fail</span>Logging in to the system scenrio two</div>
          <div class="status-avatar float-right mr-4">
            <i class="fa fa-paperclip"></i>
          </div>
      </div>
    </div>
        <div class="">
          <div class="card-body">
              <div class="step fail-bg" title="com.app.stepDefs.LoginPageStepDef.userIsOnLoginPage(java.lang.String)">
                <span>Given user is on app login page "https://www.way2automation.com/angularjs-protractor/banking/#/login"</span>
      <div>
        <textarea disabled class="code-block">org.openqa.selenium.NoSuchElementException: no such element: element not found
  (Session info: chrome=123.0.6312.86)
For documentation on this error, please visit: https://www.selenium.dev/documentation/webdriver/troubleshooting/errors#no-such-element-exception
Build info: version: '4.17.0', revision: 'e52b1be057*'
System info: os.name: 'Windows 11', os.arch: 'amd64', os.version: '10.0', java.version: '17.0.9'
Driver info: org.openqa.selenium.chrome.ChromeDriver
Command: [ffd9800db64e967776fef8ee4cf5e6b5, executeScript {script=arguments[0].scrollIntoView(true);, args=[{element-6066-11e4-a52e-4f735466cecf=f.6743B0648B96C91CE5A5C01939681E59.d.1BEA026677D69415A3EC93E3BDFC84B5.e.5}]}]
Capabilities {acceptInsecureCerts: false, browserName: chrome, browserVersion: 123.0.6312.86, chrome: {chromedriverVersion: 123.0.6312.86 (9b72c47a0536..., userDataDir: C:\Users\HAMID_~1\AppData\L...}, fedcm:accounts: true, goog:chromeOptions: {debuggerAddress: localhost:58792}, networkConnectionEnabled: false, pageLoadStrategy: normal, platformName: windows, proxy: Proxy(), se:cdp: ws://localhost:58792/devtoo..., se:cdpVersion: 123.0.6312.86, setWindowRect: true, strictFileInteractability: false, timeouts: {implicit: 0, pageLoad: 300000, script: 30000}, unhandledPromptBehavior: dismiss and notify, webauthn:extension:credBlob: true, webauthn:extension:largeBlob: true, webauthn:extension:minPinLength: true, webauthn:extension:prf: true, webauthn:virtualAuthenticators: true}
Session ID: ffd9800db64e967776fef8ee4cf5e6b5
	at java.base/jdk.internal.reflect.NativeConstructorAccessorImpl.newInstance0(Native Method)
	at java.base/jdk.internal.reflect.NativeConstructorAccessorImpl.newInstance(NativeConstructorAccessorImpl.java:77)
	at java.base/jdk.internal.reflect.DelegatingConstructorAccessorImpl.newInstance(DelegatingConstructorAccessorImpl.java:45)
	at java.base/java.lang.reflect.Constructor.newInstanceWithCaller(Constructor.java:499)
	at java.base/java.lang.reflect.Constructor.newInstance(Constructor.java:480)
	at org.openqa.selenium.remote.codec.w3c.W3CHttpResponseCodec.createException(W3CHttpResponseCodec.java:185)
	at org.openqa.selenium.remote.codec.w3c.W3CHttpResponseCodec.decode(W3CHttpResponseCodec.java:134)
	at org.openqa.selenium.remote.codec.w3c.W3CHttpResponseCodec.decode(W3CHttpResponseCodec.java:51)
	at org.openqa.selenium.remote.HttpCommandExecutor.execute(HttpCommandExecutor.java:190)
	at org.openqa.selenium.remote.service.DriverCommandExecutor.invokeExecute(DriverCommandExecutor.java:216)
	at org.openqa.selenium.remote.service.DriverCommandExecutor.execute(DriverCommandExecutor.java:174)
	at org.openqa.selenium.remote.RemoteWebDriver.execute(RemoteWebDriver.java:519)
	at org.openqa.selenium.remote.RemoteWebDriver.executeScript(RemoteWebDriver.java:464)
	at com.app.utils.Utilities.clickToElelement(Utilities.java:139)
	at com.app.stepDefs.LoginPageStepDef.userIsOnLoginPage(LoginPageStepDef.java:34)
	at ?.user is on app login page "https://www.way2automation.com/angularjs-protractor/banking/#/login"(file:///C:/GitClones/CucuTestNGReportingProProject/NewProject/src/test/resources/features/LoginPage.feature:4)
</textarea>
      
      </div>
              </div>
              <div class="step skip-bg" title="com.app.stepDefs.LoginPageStepDef.userLogsIntoSystem()">
                <span>Then User logs into the system</span>
      <div>Step skipped
      </div>
              </div>
              <div class="step skip-bg" title="com.app.stepDefs.LoginPageStepDef.userLogsOutTheSystem()">
                <span>Then User logs out the system</span>
      <div>Step skipped
      </div>
              </div>
              <div class="step skip-bg" title="com.app.stepDefs.LoginPageStepDef.userNavigatesToPage(java.lang.String)">
                <span>Then user navigates to "https://yahoo.com"</span>
      <div>Step skipped
      </div>
              </div>
              <div class="step pass-bg" title="AFTER">
                <span>com.app.Hooks.ApplicationHooks.After_UI(io.cucumber.java.Scenario)</span>
      <div>
          <div class="row mb-3"><div class="col-md-3">
    <img data-featherlight='./Screenshots/embedded4.png' src="./Screenshots/embedded4.png">
    
    </div></div>
</div>
      <div>
      </div>
              </div>
          </div>
        </div>
  </div>
  <div class="card">
    <div class="card-header" role="tab">
      <div class="card-title">
        <div class="node" id="10"><span class="badge log fail-bg mr-2">Fail</span>Logging in to the system scenrio two</div>
          <div class="status-avatar float-right mr-4">
            <i class="fa fa-paperclip"></i>
          </div>
      </div>
    </div>
        <div class="">
          <div class="card-body">
              <div class="step fail-bg" title="com.app.stepDefs.LoginPageStepDef.userIsOnLoginPage(java.lang.String)">
                <span>Given user is on app login page "https://www.way2automation.com/angularjs-protractor/banking/#/login"</span>
      <div>
        <textarea disabled class="code-block">org.openqa.selenium.NoSuchElementException: no such element: element not found
  (Session info: chrome=123.0.6312.86)
For documentation on this error, please visit: https://www.selenium.dev/documentation/webdriver/troubleshooting/errors#no-such-element-exception
Build info: version: '4.17.0', revision: 'e52b1be057*'
System info: os.name: 'Windows 11', os.arch: 'amd64', os.version: '10.0', java.version: '17.0.9'
Driver info: org.openqa.selenium.chrome.ChromeDriver
Command: [42fe9c026eec99d2ae3dc03e14db3043, executeScript {script=arguments[0].scrollIntoView(true);, args=[{element-6066-11e4-a52e-4f735466cecf=f.31A8B27E8C1947D9FD974197DBA3651B.d.055A56A74E7AFFA131E39C1B0D05A57D.e.2}]}]
Capabilities {acceptInsecureCerts: false, browserName: chrome, browserVersion: 123.0.6312.86, chrome: {chromedriverVersion: 123.0.6312.86 (9b72c47a0536..., userDataDir: C:\Users\HAMID_~1\AppData\L...}, fedcm:accounts: true, goog:chromeOptions: {debuggerAddress: localhost:58925}, networkConnectionEnabled: false, pageLoadStrategy: normal, platformName: windows, proxy: Proxy(), se:cdp: ws://localhost:58925/devtoo..., se:cdpVersion: 123.0.6312.86, setWindowRect: true, strictFileInteractability: false, timeouts: {implicit: 0, pageLoad: 300000, script: 30000}, unhandledPromptBehavior: dismiss and notify, webauthn:extension:credBlob: true, webauthn:extension:largeBlob: true, webauthn:extension:minPinLength: true, webauthn:extension:prf: true, webauthn:virtualAuthenticators: true}
Session ID: 42fe9c026eec99d2ae3dc03e14db3043
	at java.base/jdk.internal.reflect.NativeConstructorAccessorImpl.newInstance0(Native Method)
	at java.base/jdk.internal.reflect.NativeConstructorAccessorImpl.newInstance(NativeConstructorAccessorImpl.java:77)
	at java.base/jdk.internal.reflect.DelegatingConstructorAccessorImpl.newInstance(DelegatingConstructorAccessorImpl.java:45)
	at java.base/java.lang.reflect.Constructor.newInstanceWithCaller(Constructor.java:499)
	at java.base/java.lang.reflect.Constructor.newInstance(Constructor.java:480)
	at org.openqa.selenium.remote.codec.w3c.W3CHttpResponseCodec.createException(W3CHttpResponseCodec.java:185)
	at org.openqa.selenium.remote.codec.w3c.W3CHttpResponseCodec.decode(W3CHttpResponseCodec.java:134)
	at org.openqa.selenium.remote.codec.w3c.W3CHttpResponseCodec.decode(W3CHttpResponseCodec.java:51)
	at org.openqa.selenium.remote.HttpCommandExecutor.execute(HttpCommandExecutor.java:190)
	at org.openqa.selenium.remote.service.DriverCommandExecutor.invokeExecute(DriverCommandExecutor.java:216)
	at org.openqa.selenium.remote.service.DriverCommandExecutor.execute(DriverCommandExecutor.java:174)
	at org.openqa.selenium.remote.RemoteWebDriver.execute(RemoteWebDriver.java:519)
	at org.openqa.selenium.remote.RemoteWebDriver.executeScript(RemoteWebDriver.java:464)
	at com.app.utils.Utilities.clickToElelement(Utilities.java:139)
	at com.app.stepDefs.LoginPageStepDef.userIsOnLoginPage(LoginPageStepDef.java:34)
	at ?.user is on app login page "https://www.way2automation.com/angularjs-protractor/banking/#/login"(file:///C:/GitClones/CucuTestNGReportingProProject/NewProject/src/test/resources/features/LoginPage.feature:4)
</textarea>
      
      </div>
              </div>
              <div class="step skip-bg" title="com.app.stepDefs.LoginPageStepDef.userLogsIntoSystem()">
                <span>Then User logs into the system</span>
      <div>Step skipped
      </div>
              </div>
              <div class="step skip-bg" title="com.app.stepDefs.LoginPageStepDef.userLogsOutTheSystem()">
                <span>Then User logs out the system</span>
      <div>Step skipped
      </div>
              </div>
              <div class="step skip-bg" title="com.app.stepDefs.LoginPageStepDef.userNavigatesToPage(java.lang.String)">
                <span>Then user navigates to "https://yahoo.com"</span>
      <div>Step skipped
      </div>
              </div>
              <div class="step pass-bg" title="AFTER">
                <span>com.app.Hooks.ApplicationHooks.After_UI(io.cucumber.java.Scenario)</span>
      <div>
          <div class="row mb-3"><div class="col-md-3">
    <img data-featherlight='./Screenshots/embedded6.png' src="./Screenshots/embedded6.png">
    
    </div></div>
</div>
      <div>
      </div>
              </div>
          </div>
        </div>
  </div>
  <div class="card">
    <div class="card-header" role="tab">
      <div class="card-title">
        <div class="node" id="13"><span class="badge log fail-bg mr-2">Fail</span>Logging in to the system scenrio two</div>
          <div class="status-avatar float-right mr-4">
            <i class="fa fa-paperclip"></i>
          </div>
      </div>
    </div>
        <div class="">
          <div class="card-body">
              <div class="step fail-bg" title="com.app.stepDefs.LoginPageStepDef.userIsOnLoginPage(java.lang.String)">
                <span>Given user is on app login page "https://www.way2automation.com/angularjs-protractor/banking/#/login"</span>
      <div>
        <textarea disabled class="code-block">org.openqa.selenium.NoSuchElementException: no such element: element not found
  (Session info: chrome=123.0.6312.86)
For documentation on this error, please visit: https://www.selenium.dev/documentation/webdriver/troubleshooting/errors#no-such-element-exception
Build info: version: '4.17.0', revision: 'e52b1be057*'
System info: os.name: 'Windows 11', os.arch: 'amd64', os.version: '10.0', java.version: '17.0.9'
Driver info: org.openqa.selenium.chrome.ChromeDriver
Command: [0edc0105ee1bf5e9449ba8a7d9aa5283, executeScript {script=arguments[0].scrollIntoView(true);, args=[{element-6066-11e4-a52e-4f735466cecf=f.6743B0648B96C91CE5A5C01939681E59.d.1BEA026677D69415A3EC93E3BDFC84B5.e.5}]}]
Capabilities {acceptInsecureCerts: false, browserName: chrome, browserVersion: 123.0.6312.86, chrome: {chromedriverVersion: 123.0.6312.86 (9b72c47a0536..., userDataDir: C:\Users\HAMID_~1\AppData\L...}, fedcm:accounts: true, goog:chromeOptions: {debuggerAddress: localhost:58782}, networkConnectionEnabled: false, pageLoadStrategy: normal, platformName: windows, proxy: Proxy(), se:cdp: ws://localhost:58782/devtoo..., se:cdpVersion: 123.0.6312.86, setWindowRect: true, strictFileInteractability: false, timeouts: {implicit: 0, pageLoad: 300000, script: 30000}, unhandledPromptBehavior: dismiss and notify, webauthn:extension:credBlob: true, webauthn:extension:largeBlob: true, webauthn:extension:minPinLength: true, webauthn:extension:prf: true, webauthn:virtualAuthenticators: true}
Session ID: 0edc0105ee1bf5e9449ba8a7d9aa5283
	at java.base/jdk.internal.reflect.NativeConstructorAccessorImpl.newInstance0(Native Method)
	at java.base/jdk.internal.reflect.NativeConstructorAccessorImpl.newInstance(NativeConstructorAccessorImpl.java:77)
	at java.base/jdk.internal.reflect.DelegatingConstructorAccessorImpl.newInstance(DelegatingConstructorAccessorImpl.java:45)
	at java.base/java.lang.reflect.Constructor.newInstanceWithCaller(Constructor.java:499)
	at java.base/java.lang.reflect.Constructor.newInstance(Constructor.java:480)
	at org.openqa.selenium.remote.codec.w3c.W3CHttpResponseCodec.createException(W3CHttpResponseCodec.java:185)
	at org.openqa.selenium.remote.codec.w3c.W3CHttpResponseCodec.decode(W3CHttpResponseCodec.java:134)
	at org.openqa.selenium.remote.codec.w3c.W3CHttpResponseCodec.decode(W3CHttpResponseCodec.java:51)
	at org.openqa.selenium.remote.HttpCommandExecutor.execute(HttpCommandExecutor.java:190)
	at org.openqa.selenium.remote.service.DriverCommandExecutor.invokeExecute(DriverCommandExecutor.java:216)
	at org.openqa.selenium.remote.service.DriverCommandExecutor.execute(DriverCommandExecutor.java:174)
	at org.openqa.selenium.remote.RemoteWebDriver.execute(RemoteWebDriver.java:519)
	at org.openqa.selenium.remote.RemoteWebDriver.executeScript(RemoteWebDriver.java:464)
	at com.app.utils.Utilities.clickToElelement(Utilities.java:139)
	at com.app.stepDefs.LoginPageStepDef.userIsOnLoginPage(LoginPageStepDef.java:34)
	at ?.user is on app login page "https://www.way2automation.com/angularjs-protractor/banking/#/login"(file:///C:/GitClones/CucuTestNGReportingProProject/NewProject/src/test/resources/features/LoginPage.feature:4)
</textarea>
      
      </div>
              </div>
              <div class="step skip-bg" title="com.app.stepDefs.LoginPageStepDef.userLogsIntoSystem()">
                <span>Then User logs into the system</span>
      <div>Step skipped
      </div>
              </div>
              <div class="step skip-bg" title="com.app.stepDefs.LoginPageStepDef.userLogsOutTheSystem()">
                <span>Then User logs out the system</span>
      <div>Step skipped
      </div>
              </div>
              <div class="step skip-bg" title="com.app.stepDefs.LoginPageStepDef.userNavigatesToPage(java.lang.String)">
                <span>Then user navigates to "https://yahoo.com"</span>
      <div>Step skipped
      </div>
              </div>
              <div class="step pass-bg" title="AFTER">
                <span>com.app.Hooks.ApplicationHooks.After_UI(io.cucumber.java.Scenario)</span>
      <div>
          <div class="row mb-3"><div class="col-md-3">
    <img data-featherlight='./Screenshots/embedded3.png' src="./Screenshots/embedded3.png">
    
    </div></div>
</div>
      <div>
      </div>
              </div>
          </div>
        </div>
  </div>
  <div class="card">
    <div class="card-header" role="tab">
      <div class="card-title">
        <div class="node" id="142"><span class="badge log fail-bg mr-2">Fail</span>Logging in to the system scenrio three</div>
          <div class="status-avatar float-right mr-4">
            <i class="fa fa-paperclip"></i>
          </div>
      </div>
    </div>
        <div class="">
          <div class="card-body">
              <div class="step pass-bg" title="com.app.stepDefs.LoginPageStepDef.userIsOnLoginPage(java.lang.String)">
                <span>Given user is on app login page "https://www.way2automation.com/angularjs-protractor/banking/#/login"</span>
      <div>
      </div>
              </div>
              <div class="step pass-bg" title="com.app.stepDefs.LoginPageStepDef.userNavigatesToPage(java.lang.String)">
                <span>Then user navigates to "https://youtube.com"</span>
      <div>
          <div class="row mb-3"><div class="col-md-3">
    <img data-featherlight='./Screenshots/embedded9.png' src="./Screenshots/embedded9.png">
    
    </div></div>
</div>
      <div>
      </div>
              </div>
              <div class="step pass-bg" title="com.app.stepDefs.MoneyCtrlPageStepDef.userNavigatesToPage(java.lang.String,java.lang.String)">
                <span>Then fetch "% Gain" for company "ONGC"</span>
      <div>Value of <b>% Gain</b> for company <b>ONGC</b> is <b>0.69</b>
      </div>
      <div>
          <div class="row mb-3"><div class="col-md-3">
    <img data-featherlight='./Screenshots/embedded10.png' src="./Screenshots/embedded10.png">
    
    </div></div>
</div>
      <div>
      </div>
              </div>
              <div class="step fail-bg" title="com.app.stepDefs.MoneyCtrlPageStepDef.userNavigatesToPage(java.lang.String,java.lang.String)">
                <span>Then fetch "High" for company "Nestle"</span>
      <div>
        <textarea disabled class="code-block">org.openqa.selenium.NoSuchElementException: no such element: Unable to locate element: {"method":"xpath","selector":"//div[@class='bsr_table hist_tbl_hm']/table/tbody//h3//a[text()='Nestle']/ancestor::tr/td[2]"}
  (Session info: chrome=123.0.6312.86)
For documentation on this error, please visit: https://www.selenium.dev/documentation/webdriver/troubleshooting/errors#no-such-element-exception
Build info: version: '4.17.0', revision: 'e52b1be057*'
System info: os.name: 'Windows 11', os.arch: 'amd64', os.version: '10.0', java.version: '17.0.9'
Driver info: org.openqa.selenium.chrome.ChromeDriver
Command: [33dd6f4939c8a0ca9579fa7f86d8180c, findElement {using=xpath, value=//div[@class='bsr_table hist_tbl_hm']/table/tbody//h3//a[text()='Nestle']/ancestor::tr/td[2]}]
Capabilities {acceptInsecureCerts: false, browserName: chrome, browserVersion: 123.0.6312.86, chrome: {chromedriverVersion: 123.0.6312.86 (9b72c47a0536..., userDataDir: C:\Users\HAMID_~1\AppData\L...}, fedcm:accounts: true, goog:chromeOptions: {debuggerAddress: localhost:59048}, networkConnectionEnabled: false, pageLoadStrategy: normal, platformName: windows, proxy: Proxy(), se:cdp: ws://localhost:59048/devtoo..., se:cdpVersion: 123.0.6312.86, setWindowRect: true, strictFileInteractability: false, timeouts: {implicit: 0, pageLoad: 300000, script: 30000}, unhandledPromptBehavior: dismiss and notify, webauthn:extension:credBlob: true, webauthn:extension:largeBlob: true, webauthn:extension:minPinLength: true, webauthn:extension:prf: true, webauthn:virtualAuthenticators: true}
Session ID: 33dd6f4939c8a0ca9579fa7f86d8180c
	at java.base/jdk.internal.reflect.NativeConstructorAccessorImpl.newInstance0(Native Method)
	at java.base/jdk.internal.reflect.NativeConstructorAccessorImpl.newInstance(NativeConstructorAccessorImpl.java:77)
	at java.base/jdk.internal.reflect.DelegatingConstructorAccessorImpl.newInstance(DelegatingConstructorAccessorImpl.java:45)
	at java.base/java.lang.reflect.Constructor.newInstanceWithCaller(Constructor.java:499)
	at java.base/java.lang.reflect.Constructor.newInstance(Constructor.java:480)
	at org.openqa.selenium.remote.codec.w3c.W3CHttpResponseCodec.createException(W3CHttpResponseCodec.java:185)
	at org.openqa.selenium.remote.codec.w3c.W3CHttpResponseCodec.decode(W3CHttpResponseCodec.java:134)
	at org.openqa.selenium.remote.codec.w3c.W3CHttpResponseCodec.decode(W3CHttpResponseCodec.java:51)
	at org.openqa.selenium.remote.HttpCommandExecutor.execute(HttpCommandExecutor.java:190)
	at org.openqa.selenium.remote.service.DriverCommandExecutor.invokeExecute(DriverCommandExecutor.java:216)
	at org.openqa.selenium.remote.service.DriverCommandExecutor.execute(DriverCommandExecutor.java:174)
	at org.openqa.selenium.remote.RemoteWebDriver.execute(RemoteWebDriver.java:519)
	at org.openqa.selenium.remote.ElementLocation$ElementFinder$2.findElement(ElementLocation.java:165)
	at org.openqa.selenium.remote.ElementLocation.findElement(ElementLocation.java:59)
	at org.openqa.selenium.remote.RemoteWebDriver.findElement(RemoteWebDriver.java:356)
	at org.openqa.selenium.remote.RemoteWebDriver.findElement(RemoteWebDriver.java:350)
	at com.app.pages.MoneyCtrlPage.fetchTodayStock(MoneyCtrlPage.java:57)
	at com.app.stepDefs.MoneyCtrlPageStepDef.userNavigatesToPage(MoneyCtrlPageStepDef.java:23)
	at ?.fetch "High" for company "Nestle"(file:///C:/GitClones/CucuTestNGReportingProProject/NewProject/src/test/resources/features/LoginPage.feature:72)
</textarea>
      
      </div>
              </div>
              <div class="step skip-bg" title="com.app.stepDefs.MoneyCtrlPageStepDef.userNavigatesToPage(java.lang.String,java.lang.String)">
                <span>Then fetch "Low" for company "Nestle"</span>
      <div>Step skipped
      </div>
              </div>
              <div class="step pass-bg" title="AFTER">
                <span>com.app.Hooks.ApplicationHooks.After_UI(io.cucumber.java.Scenario)</span>
      <div>
          <div class="row mb-3"><div class="col-md-3">
    <img data-featherlight='./Screenshots/embedded11.png' src="./Screenshots/embedded11.png">
    
    </div></div>
</div>
      <div>
      </div>
              </div>
          </div>
        </div>
  </div>
</div>
          </div>
        </li>
      </ul>
    </div>
  </div>
<div class="test-content scrollable">
<div class="test-content-tools">
<ul><li><a class="back-to-test" href="#"><i class="fa fa-arrow-left"></i></a></li></ul>
</div>
<div class="test-content-detail"><div class="detail-body"></div></div>
</div></div>
<div class="test-wrapper row view category-view attributes-view">
<div class="test-list">
<div class="test-list-tools">
<ul class="tools pull-left"><li><a href=""><span class="font-size-14">Category</span></a></li></ul>
<ul class="tools text-right"><li><a href="#"><span class="badge badge-primary">4</span></a></li></ul>
</div>
<div class="test-list-wrapper scrollable">
<ul class="test-list-item">
<li class="test-item">
<div class="test-detail">
<span class="meta">
<span class='badge log badge-danger'>1</span>
</span>
<p class="name">@tag3</p>
<p class="duration text-sm">1 tests</p>
</div>
<div class="test-contents d-none">
<div class="info">
<h4>@tag3</h4>
<span status="fail" class='badge log badge-danger'>1 failed</span>
</div>
<table class='table table-sm mt-4'>
<thead>
<tr>
<th class="status-col">Status</th>
<th class="timestamp-col">Timestamp</th>
<th>TestName</th>
</tr>
</thead>
<tbody>
<tr class="tag-test-status" status="fail">
<td><span class="badge log fail-bg">Fail</span></td>
<td>18:28:46 pm</td>
<td>
<a href="#" class="linked" test-id='1' id='142'>Logging in to the system scenrio three</a>
<div class="">
<span class="badge badge-default">Login feature.Logging in to the system scenrio three</span>
</div>
</td>
</tr>
</tbody>
</table>
</div>
</li>
<li class="test-item">
<div class="test-detail">
<span class="meta">
<span class='badge log badge-danger'>10</span>
</span>
<p class="name">@tag2</p>
<p class="duration text-sm">10 tests</p>
</div>
<div class="test-contents d-none">
<div class="info">
<h4>@tag2</h4>
<span status="fail" class='badge log badge-danger'>10 failed</span>
</div>
<table class='table table-sm mt-4'>
<thead>
<tr>
<th class="status-col">Status</th>
<th class="timestamp-col">Timestamp</th>
<th>TestName</th>
</tr>
</thead>
<tbody>
<tr class="tag-test-status" status="fail">
<td><span class="badge log fail-bg">Fail</span></td>
<td>18:28:27 pm</td>
<td>
<a href="#" class="linked" test-id='1' id='2'>Logging in to the system scenrio two</a>
<div class="">
<span class="badge badge-default">Login feature.Logging in to the system scenrio two</span>
</div>
</td>
</tr>
<tr class="tag-test-status" status="fail">
<td><span class="badge log fail-bg">Fail</span></td>
<td>18:28:27 pm</td>
<td>
<a href="#" class="linked" test-id='1' id='3'>Logging in to the system scenrio two</a>
<div class="">
<span class="badge badge-default">Login feature.Logging in to the system scenrio two</span>
</div>
</td>
</tr>
<tr class="tag-test-status" status="fail">
<td><span class="badge log fail-bg">Fail</span></td>
<td>18:28:27 pm</td>
<td>
<a href="#" class="linked" test-id='1' id='5'>Logging in to the system scenrio two</a>
<div class="">
<span class="badge badge-default">Login feature.Logging in to the system scenrio two</span>
</div>
</td>
</tr>
<tr class="tag-test-status" status="fail">
<td><span class="badge log fail-bg">Fail</span></td>
<td>18:28:27 pm</td>
<td>
<a href="#" class="linked" test-id='1' id='6'>Logging in to the system scenrio two</a>
<div class="">
<span class="badge badge-default">Login feature.Logging in to the system scenrio two</span>
</div>
</td>
</tr>
<tr class="tag-test-status" status="fail">
<td><span class="badge log fail-bg">Fail</span></td>
<td>18:28:27 pm</td>
<td>
<a href="#" class="linked" test-id='1' id='7'>Logging in to the system scenrio two</a>
<div class="">
<span class="badge badge-default">Login feature.Logging in to the system scenrio two</span>
</div>
</td>
</tr>
<tr class="tag-test-status" status="fail">
<td><span class="badge log fail-bg">Fail</span></td>
<td>18:28:27 pm</td>
<td>
<a href="#" class="linked" test-id='1' id='8'>Logging in to the system scenrio two</a>
<div class="">
<span class="badge badge-default">Login feature.Logging in to the system scenrio two</span>
</div>
</td>
</tr>
<tr class="tag-test-status" status="fail">
<td><span class="badge log fail-bg">Fail</span></td>
<td>18:28:27 pm</td>
<td>
<a href="#" class="linked" test-id='1' id='9'>Logging in to the system scenrio two</a>
<div class="">
<span class="badge badge-default">Login feature.Logging in to the system scenrio two</span>
</div>
</td>
</tr>
<tr class="tag-test-status" status="fail">
<td><span class="badge log fail-bg">Fail</span></td>
<td>18:28:27 pm</td>
<td>
<a href="#" class="linked" test-id='1' id='10'>Logging in to the system scenrio two</a>
<div class="">
<span class="badge badge-default">Login feature.Logging in to the system scenrio two</span>
</div>
</td>
</tr>
<tr class="tag-test-status" status="fail">
<td><span class="badge log fail-bg">Fail</span></td>
<td>18:28:27 pm</td>
<td>
<a href="#" class="linked" test-id='1' id='13'>Logging in to the system scenrio two</a>
<div class="">
<span class="badge badge-default">Login feature.Logging in to the system scenrio two</span>
</div>
</td>
</tr>
<tr class="tag-test-status" status="fail">
<td><span class="badge log fail-bg">Fail</span></td>
<td>18:28:46 pm</td>
<td>
<a href="#" class="linked" test-id='1' id='142'>Logging in to the system scenrio three</a>
<div class="">
<span class="badge badge-default">Login feature.Logging in to the system scenrio three</span>
</div>
</td>
</tr>
</tbody>
</table>
</div>
</li>
<li class="test-item">
<div class="test-detail">
<span class="meta">
<span class='badge log pass-bg'>1</span>
<span class='badge log badge-danger'>10</span>
</span>
<p class="name">@tag1</p>
<p class="duration text-sm">11 tests</p>
</div>
<div class="test-contents d-none">
<div class="info">
<h4>@tag1</h4>
<span status="pass" class='badge log pass-bg'>1 passed</span>
<span status="fail" class='badge log badge-danger'>10 failed</span>
</div>
<table class='table table-sm mt-4'>
<thead>
<tr>
<th class="status-col">Status</th>
<th class="timestamp-col">Timestamp</th>
<th>TestName</th>
</tr>
</thead>
<tbody>
<tr class="tag-test-status" status="fail">
<td><span class="badge log fail-bg">Fail</span></td>
<td>18:28:27 pm</td>
<td>
<a href="#" class="linked" test-id='1' id='2'>Logging in to the system scenrio two</a>
<div class="">
<span class="badge badge-default">Login feature.Logging in to the system scenrio two</span>
</div>
</td>
</tr>
<tr class="tag-test-status" status="fail">
<td><span class="badge log fail-bg">Fail</span></td>
<td>18:28:27 pm</td>
<td>
<a href="#" class="linked" test-id='1' id='3'>Logging in to the system scenrio two</a>
<div class="">
<span class="badge badge-default">Login feature.Logging in to the system scenrio two</span>
</div>
</td>
</tr>
<tr class="tag-test-status" status="pass">
<td><span class="badge log pass-bg">Pass</span></td>
<td>18:28:27 pm</td>
<td>
<a href="#" class="linked" test-id='1' id='4'>Logging in to the system scenrio one</a>
<div class="">
<span class="badge badge-default">Login feature.Logging in to the system scenrio one</span>
</div>
</td>
</tr>
<tr class="tag-test-status" status="fail">
<td><span class="badge log fail-bg">Fail</span></td>
<td>18:28:27 pm</td>
<td>
<a href="#" class="linked" test-id='1' id='5'>Logging in to the system scenrio two</a>
<div class="">
<span class="badge badge-default">Login feature.Logging in to the system scenrio two</span>
</div>
</td>
</tr>
<tr class="tag-test-status" status="fail">
<td><span class="badge log fail-bg">Fail</span></td>
<td>18:28:27 pm</td>
<td>
<a href="#" class="linked" test-id='1' id='6'>Logging in to the system scenrio two</a>
<div class="">
<span class="badge badge-default">Login feature.Logging in to the system scenrio two</span>
</div>
</td>
</tr>
<tr class="tag-test-status" status="fail">
<td><span class="badge log fail-bg">Fail</span></td>
<td>18:28:27 pm</td>
<td>
<a href="#" class="linked" test-id='1' id='7'>Logging in to the system scenrio two</a>
<div class="">
<span class="badge badge-default">Login feature.Logging in to the system scenrio two</span>
</div>
</td>
</tr>
<tr class="tag-test-status" status="fail">
<td><span class="badge log fail-bg">Fail</span></td>
<td>18:28:27 pm</td>
<td>
<a href="#" class="linked" test-id='1' id='8'>Logging in to the system scenrio two</a>
<div class="">
<span class="badge badge-default">Login feature.Logging in to the system scenrio two</span>
</div>
</td>
</tr>
<tr class="tag-test-status" status="fail">
<td><span class="badge log fail-bg">Fail</span></td>
<td>18:28:27 pm</td>
<td>
<a href="#" class="linked" test-id='1' id='9'>Logging in to the system scenrio two</a>
<div class="">
<span class="badge badge-default">Login feature.Logging in to the system scenrio two</span>
</div>
</td>
</tr>
<tr class="tag-test-status" status="fail">
<td><span class="badge log fail-bg">Fail</span></td>
<td>18:28:27 pm</td>
<td>
<a href="#" class="linked" test-id='1' id='10'>Logging in to the system scenrio two</a>
<div class="">
<span class="badge badge-default">Login feature.Logging in to the system scenrio two</span>
</div>
</td>
</tr>
<tr class="tag-test-status" status="fail">
<td><span class="badge log fail-bg">Fail</span></td>
<td>18:28:27 pm</td>
<td>
<a href="#" class="linked" test-id='1' id='13'>Logging in to the system scenrio two</a>
<div class="">
<span class="badge badge-default">Login feature.Logging in to the system scenrio two</span>
</div>
</td>
</tr>
<tr class="tag-test-status" status="fail">
<td><span class="badge log fail-bg">Fail</span></td>
<td>18:28:46 pm</td>
<td>
<a href="#" class="linked" test-id='1' id='142'>Logging in to the system scenrio three</a>
<div class="">
<span class="badge badge-default">Login feature.Logging in to the system scenrio three</span>
</div>
</td>
</tr>
</tbody>
</table>
</div>
</li>
<li class="test-item">
<div class="test-detail">
<span class="meta">
<span class='badge log pass-bg'>1</span>
<span class='badge log badge-danger'>10</span>
</span>
<p class="name">@UI</p>
<p class="duration text-sm">11 tests</p>
</div>
<div class="test-contents d-none">
<div class="info">
<h4>@UI</h4>
<span status="pass" class='badge log pass-bg'>1 passed</span>
<span status="fail" class='badge log badge-danger'>10 failed</span>
</div>
<table class='table table-sm mt-4'>
<thead>
<tr>
<th class="status-col">Status</th>
<th class="timestamp-col">Timestamp</th>
<th>TestName</th>
</tr>
</thead>
<tbody>
<tr class="tag-test-status" status="fail">
<td><span class="badge log fail-bg">Fail</span></td>
<td>18:28:27 pm</td>
<td>
<a href="#" class="linked" test-id='1' id='2'>Logging in to the system scenrio two</a>
<div class="">
<span class="badge badge-default">Login feature.Logging in to the system scenrio two</span>
</div>
</td>
</tr>
<tr class="tag-test-status" status="fail">
<td><span class="badge log fail-bg">Fail</span></td>
<td>18:28:27 pm</td>
<td>
<a href="#" class="linked" test-id='1' id='3'>Logging in to the system scenrio two</a>
<div class="">
<span class="badge badge-default">Login feature.Logging in to the system scenrio two</span>
</div>
</td>
</tr>
<tr class="tag-test-status" status="pass">
<td><span class="badge log pass-bg">Pass</span></td>
<td>18:28:27 pm</td>
<td>
<a href="#" class="linked" test-id='1' id='4'>Logging in to the system scenrio one</a>
<div class="">
<span class="badge badge-default">Login feature.Logging in to the system scenrio one</span>
</div>
</td>
</tr>
<tr class="tag-test-status" status="fail">
<td><span class="badge log fail-bg">Fail</span></td>
<td>18:28:27 pm</td>
<td>
<a href="#" class="linked" test-id='1' id='5'>Logging in to the system scenrio two</a>
<div class="">
<span class="badge badge-default">Login feature.Logging in to the system scenrio two</span>
</div>
</td>
</tr>
<tr class="tag-test-status" status="fail">
<td><span class="badge log fail-bg">Fail</span></td>
<td>18:28:27 pm</td>
<td>
<a href="#" class="linked" test-id='1' id='6'>Logging in to the system scenrio two</a>
<div class="">
<span class="badge badge-default">Login feature.Logging in to the system scenrio two</span>
</div>
</td>
</tr>
<tr class="tag-test-status" status="fail">
<td><span class="badge log fail-bg">Fail</span></td>
<td>18:28:27 pm</td>
<td>
<a href="#" class="linked" test-id='1' id='7'>Logging in to the system scenrio two</a>
<div class="">
<span class="badge badge-default">Login feature.Logging in to the system scenrio two</span>
</div>
</td>
</tr>
<tr class="tag-test-status" status="fail">
<td><span class="badge log fail-bg">Fail</span></td>
<td>18:28:27 pm</td>
<td>
<a href="#" class="linked" test-id='1' id='8'>Logging in to the system scenrio two</a>
<div class="">
<span class="badge badge-default">Login feature.Logging in to the system scenrio two</span>
</div>
</td>
</tr>
<tr class="tag-test-status" status="fail">
<td><span class="badge log fail-bg">Fail</span></td>
<td>18:28:27 pm</td>
<td>
<a href="#" class="linked" test-id='1' id='9'>Logging in to the system scenrio two</a>
<div class="">
<span class="badge badge-default">Login feature.Logging in to the system scenrio two</span>
</div>
</td>
</tr>
<tr class="tag-test-status" status="fail">
<td><span class="badge log fail-bg">Fail</span></td>
<td>18:28:27 pm</td>
<td>
<a href="#" class="linked" test-id='1' id='10'>Logging in to the system scenrio two</a>
<div class="">
<span class="badge badge-default">Login feature.Logging in to the system scenrio two</span>
</div>
</td>
</tr>
<tr class="tag-test-status" status="fail">
<td><span class="badge log fail-bg">Fail</span></td>
<td>18:28:27 pm</td>
<td>
<a href="#" class="linked" test-id='1' id='13'>Logging in to the system scenrio two</a>
<div class="">
<span class="badge badge-default">Login feature.Logging in to the system scenrio two</span>
</div>
</td>
</tr>
<tr class="tag-test-status" status="fail">
<td><span class="badge log fail-bg">Fail</span></td>
<td>18:28:46 pm</td>
<td>
<a href="#" class="linked" test-id='1' id='142'>Logging in to the system scenrio three</a>
<div class="">
<span class="badge badge-default">Login feature.Logging in to the system scenrio three</span>
</div>
</td>
</tr>
</tbody>
</table>
</div>
</li>
</ul>
</div>
</div>
<div class="test-content scrollable">
<div class="test-content-detail">
<div class="detail-body"></div>
</div>
</div>
</div><div class="test-wrapper row view exception-view attributes-view">
<div class="test-list">
<div class="test-list-tools">
<ul class="tools pull-left"><li><a href=""><span class="font-size-14">Exception</span></a></li></ul>
<ul class="tools text-right"><li><a href="#"><span class="badge badge-primary">1</span></a></li></ul>
</div>
<div class="test-list-wrapper scrollable">
<ul class="test-list-item">
<li class="test-item">
<div class="test-detail">
<span class="meta">
<span class='badge log badge-danger'>1</span>
</span>
<p class="name">org.openqa.selenium.NoSuchElementException</p>
<p class="duration text-sm">1 tests</p>
</div>
<div class="test-contents d-none">
<div class="info">
<h4>org.openqa.selenium.NoSuchElementException</h4>
<span status="fail" class='badge log badge-danger'>1 failed</span>
</div>
<table class='table table-sm mt-4'>
<thead>
<tr>
<th class="status-col">Status</th>
<th class="timestamp-col">Timestamp</th>
<th>TestName</th>
</tr>
</thead>
<tbody>
<tr class="tag-test-status" status="fail">
<td><span class="badge log fail-bg">Fail</span></td>
<td>18:28:33 pm</td>
<td>
<a href="#" class="linked" test-id='1' id='24'>Given user is on app login page "https://www.way2automation.com/angularjs-protractor/banking/#/login"</a>
<div class="">
<span class="badge badge-default">Login feature.Logging in to the system scenrio two.Given user is on app login page "https://www.way2automation.com/angularjs-protractor/banking/#/login"</span>
</div>
</td>
</tr>
<tr class="tag-test-status" status="fail">
<td><span class="badge log fail-bg">Fail</span></td>
<td>18:28:33 pm</td>
<td>
<a href="#" class="linked" test-id='1' id='27'>Given user is on app login page "https://www.way2automation.com/angularjs-protractor/banking/#/login"</a>
<div class="">
<span class="badge badge-default">Login feature.Logging in to the system scenrio two.Given user is on app login page "https://www.way2automation.com/angularjs-protractor/banking/#/login"</span>
</div>
</td>
</tr>
<tr class="tag-test-status" status="fail">
<td><span class="badge log fail-bg">Fail</span></td>
<td>18:28:36 pm</td>
<td>
<a href="#" class="linked" test-id='1' id='39'>Given user is on app login page "https://www.way2automation.com/angularjs-protractor/banking/#/login"</a>
<div class="">
<span class="badge badge-default">Login feature.Logging in to the system scenrio two.Given user is on app login page "https://www.way2automation.com/angularjs-protractor/banking/#/login"</span>
</div>
</td>
</tr>
<tr class="tag-test-status" status="fail">
<td><span class="badge log fail-bg">Fail</span></td>
<td>18:28:36 pm</td>
<td>
<a href="#" class="linked" test-id='1' id='42'>Given user is on app login page "https://www.way2automation.com/angularjs-protractor/banking/#/login"</a>
<div class="">
<span class="badge badge-default">Login feature.Logging in to the system scenrio two.Given user is on app login page "https://www.way2automation.com/angularjs-protractor/banking/#/login"</span>
</div>
</td>
</tr>
<tr class="tag-test-status" status="fail">
<td><span class="badge log fail-bg">Fail</span></td>
<td>18:28:34 pm</td>
<td>
<a href="#" class="linked" test-id='1' id='30'>Given user is on app login page "https://www.way2automation.com/angularjs-protractor/banking/#/login"</a>
<div class="">
<span class="badge badge-default">Login feature.Logging in to the system scenrio two.Given user is on app login page "https://www.way2automation.com/angularjs-protractor/banking/#/login"</span>
</div>
</td>
</tr>
<tr class="tag-test-status" status="fail">
<td><span class="badge log fail-bg">Fail</span></td>
<td>18:28:35 pm</td>
<td>
<a href="#" class="linked" test-id='1' id='33'>Given user is on app login page "https://www.way2automation.com/angularjs-protractor/banking/#/login"</a>
<div class="">
<span class="badge badge-default">Login feature.Logging in to the system scenrio two.Given user is on app login page "https://www.way2automation.com/angularjs-protractor/banking/#/login"</span>
</div>
</td>
</tr>
<tr class="tag-test-status" status="fail">
<td><span class="badge log fail-bg">Fail</span></td>
<td>18:28:36 pm</td>
<td>
<a href="#" class="linked" test-id='1' id='45'>Given user is on app login page "https://www.way2automation.com/angularjs-protractor/banking/#/login"</a>
<div class="">
<span class="badge badge-default">Login feature.Logging in to the system scenrio two.Given user is on app login page "https://www.way2automation.com/angularjs-protractor/banking/#/login"</span>
</div>
</td>
</tr>
<tr class="tag-test-status" status="fail">
<td><span class="badge log fail-bg">Fail</span></td>
<td>18:28:36 pm</td>
<td>
<a href="#" class="linked" test-id='1' id='36'>Given user is on app login page "https://www.way2automation.com/angularjs-protractor/banking/#/login"</a>
<div class="">
<span class="badge badge-default">Login feature.Logging in to the system scenrio two.Given user is on app login page "https://www.way2automation.com/angularjs-protractor/banking/#/login"</span>
</div>
</td>
</tr>
<tr class="tag-test-status" status="fail">
<td><span class="badge log fail-bg">Fail</span></td>
<td>18:28:38 pm</td>
<td>
<a href="#" class="linked" test-id='1' id='48'>Given user is on app login page "https://www.way2automation.com/angularjs-protractor/banking/#/login"</a>
<div class="">
<span class="badge badge-default">Login feature.Logging in to the system scenrio two.Given user is on app login page "https://www.way2automation.com/angularjs-protractor/banking/#/login"</span>
</div>
</td>
</tr>
<tr class="tag-test-status" status="fail">
<td><span class="badge log fail-bg">Fail</span></td>
<td>18:29:07 pm</td>
<td>
<a href="#" class="linked" test-id='1' id='165'>Then fetch "High" for company "Nestle"</a>
<div class="">
<span class="badge badge-default">Login feature.Logging in to the system scenrio three.Then fetch "High" for company "Nestle"</span>
</div>
</td>
</tr>
</tbody>
</table>
</div>
</li>
</ul>
</div>
</div>
<div class="test-content scrollable">
<div class="test-content-detail">
<div class="detail-body"></div>
</div>
</div>
</div>        </div>
      </div>
    </div>
  </div>
<script src="https://cdn.jsdelivr.net/gh/extent-framework/extent-github-cdn@14e9bb345ef7e2ed3a102f271d84e9f0267c88e7/spark/js/spark-script.js"></script>
<script type="text/javascript"></script></body>
</html>